2023-12-06 13:11:13.640001+00:00 [notice] <0.230.0> Logging: configured log handlers are now ACTIVE
2023-12-06 13:11:13.993647+00:00 [info] <0.230.0> ra: starting system quorum_queues
2023-12-06 13:11:13.993791+00:00 [info] <0.230.0> starting Ra system: quorum_queues in directory: /var/lib/rabbitmq/mnesia/rabbit@7cbf43e06d7e/quorum/rabbit@7cbf43e06d7e
2023-12-06 13:11:14.101228+00:00 [info] <0.262.0> ra system 'quorum_queues' running pre init for 0 registered servers
2023-12-06 13:11:14.117794+00:00 [info] <0.263.0> ra: meta data store initialised for system quorum_queues. 0 record(s) recovered
2023-12-06 13:11:14.136215+00:00 [notice] <0.268.0> WAL: ra_log_wal init, open tbls: ra_log_open_mem_tables, closed tbls: ra_log_closed_mem_tables
2023-12-06 13:11:14.155311+00:00 [info] <0.230.0> ra: starting system coordination
2023-12-06 13:11:14.155388+00:00 [info] <0.230.0> starting Ra system: coordination in directory: /var/lib/rabbitmq/mnesia/rabbit@7cbf43e06d7e/coordination/rabbit@7cbf43e06d7e
2023-12-06 13:11:14.168357+00:00 [info] <0.275.0> ra system 'coordination' running pre init for 0 registered servers
2023-12-06 13:11:14.172531+00:00 [info] <0.276.0> ra: meta data store initialised for system coordination. 0 record(s) recovered
2023-12-06 13:11:14.172761+00:00 [notice] <0.281.0> WAL: ra_coordination_log_wal init, open tbls: ra_coordination_log_open_mem_tables, closed tbls: ra_coordination_log_closed_mem_tables
2023-12-06 13:11:14.186345+00:00 [info] <0.230.0> 
2023-12-06 13:11:14.186345+00:00 [info] <0.230.0>  Starting RabbitMQ 3.12.9 on Erlang 25.3.2.7 [jit]
2023-12-06 13:11:14.186345+00:00 [info] <0.230.0>  Copyright (c) 2007-2023 VMware, Inc. or its affiliates.
2023-12-06 13:11:14.186345+00:00 [info] <0.230.0>  Licensed under the MPL 2.0. Website: https://rabbitmq.com
2023-12-06 13:11:14.187912+00:00 [info] <0.230.0> 
2023-12-06 13:11:14.187912+00:00 [info] <0.230.0>  node           : rabbit@7cbf43e06d7e
2023-12-06 13:11:14.187912+00:00 [info] <0.230.0>  home dir       : /var/lib/rabbitmq
2023-12-06 13:11:14.187912+00:00 [info] <0.230.0>  config file(s) : (none)
2023-12-06 13:11:14.187912+00:00 [info] <0.230.0>  cookie hash    : A7u2l7Eimxq5wfbBRxA6WQ==
2023-12-06 13:11:14.187912+00:00 [info] <0.230.0>  log(s)         : /var/log/rabbitmq/rabbit@7cbf43e06d7e.log
2023-12-06 13:11:14.187912+00:00 [info] <0.230.0>                 : <stdout>
2023-12-06 13:11:14.187912+00:00 [info] <0.230.0>  data dir       : /var/lib/rabbitmq/mnesia/rabbit@7cbf43e06d7e
2023-12-06 13:11:17.501154+00:00 [info] <0.230.0> Running boot step pre_boot defined by app rabbit
2023-12-06 13:11:17.501235+00:00 [info] <0.230.0> Running boot step rabbit_global_counters defined by app rabbit
2023-12-06 13:11:17.501672+00:00 [info] <0.230.0> Running boot step rabbit_osiris_metrics defined by app rabbit
2023-12-06 13:11:17.501758+00:00 [info] <0.230.0> Running boot step rabbit_core_metrics defined by app rabbit
2023-12-06 13:11:17.502384+00:00 [info] <0.230.0> Running boot step rabbit_alarm defined by app rabbit
2023-12-06 13:11:17.505534+00:00 [info] <0.299.0> Memory high watermark set to 3165 MiB (3319506534 bytes) of 7914 MiB (8298766336 bytes) total
2023-12-06 13:11:17.508678+00:00 [info] <0.301.0> Enabling free disk space monitoring (disk free space: 804119527424, total memory: 8298766336)
2023-12-06 13:11:17.508712+00:00 [info] <0.301.0> Disk free limit set to 50MB
2023-12-06 13:11:17.510883+00:00 [info] <0.230.0> Running boot step code_server_cache defined by app rabbit
2023-12-06 13:11:17.511002+00:00 [info] <0.230.0> Running boot step file_handle_cache defined by app rabbit
2023-12-06 13:11:17.511154+00:00 [info] <0.304.0> Limiting to approx 1048479 file handles (943629 sockets)
2023-12-06 13:11:17.511331+00:00 [info] <0.305.0> FHC read buffering: OFF
2023-12-06 13:11:17.511365+00:00 [info] <0.305.0> FHC write buffering: ON
2023-12-06 13:11:17.511837+00:00 [info] <0.230.0> Running boot step worker_pool defined by app rabbit
2023-12-06 13:11:17.511908+00:00 [info] <0.283.0> Will use 16 processes for default worker pool
2023-12-06 13:11:17.511941+00:00 [info] <0.283.0> Starting worker pool 'worker_pool' with 16 processes in it
2023-12-06 13:11:17.512741+00:00 [info] <0.230.0> Running boot step database defined by app rabbit
2023-12-06 13:11:17.515654+00:00 [info] <0.230.0> Node database directory at /var/lib/rabbitmq/mnesia/rabbit@7cbf43e06d7e is empty. Assuming we need to join an existing cluster or initialise from scratch...
2023-12-06 13:11:17.515701+00:00 [info] <0.230.0> Configured peer discovery backend: rabbit_peer_discovery_classic_config
2023-12-06 13:11:17.515771+00:00 [info] <0.230.0> Will try to lock with peer discovery backend rabbit_peer_discovery_classic_config
2023-12-06 13:11:17.515822+00:00 [info] <0.230.0> All discovered existing cluster peers:
2023-12-06 13:11:17.515834+00:00 [info] <0.230.0> Discovered no peer nodes to cluster with. Some discovery backends can filter nodes out based on a readiness criteria. Enabling debug logging might help troubleshoot.
2023-12-06 13:11:17.518726+00:00 [notice] <0.44.0> Application mnesia exited with reason: stopped
2023-12-06 13:11:18.073714+00:00 [info] <0.230.0> Waiting for Mnesia tables for 30000 ms, 9 retries left
2023-12-06 13:11:18.073911+00:00 [info] <0.230.0> Successfully synced tables from a peer
2023-12-06 13:11:18.074262+00:00 [notice] <0.284.0> Feature flags: attempt to enable `stream_sac_coordinator_unblock_group`...
2023-12-06 13:11:18.103521+00:00 [notice] <0.284.0> Feature flags: `stream_sac_coordinator_unblock_group` enabled
2023-12-06 13:11:18.103799+00:00 [notice] <0.284.0> Feature flags: attempt to enable `restart_streams`...
2023-12-06 13:11:18.134534+00:00 [notice] <0.284.0> Feature flags: `restart_streams` enabled
2023-12-06 13:11:18.134907+00:00 [info] <0.230.0> Waiting for Mnesia tables for 30000 ms, 9 retries left
2023-12-06 13:11:18.135045+00:00 [info] <0.230.0> Successfully synced tables from a peer
2023-12-06 13:11:18.165360+00:00 [info] <0.230.0> Waiting for Mnesia tables for 30000 ms, 9 retries left
2023-12-06 13:11:18.165715+00:00 [info] <0.230.0> Successfully synced tables from a peer
2023-12-06 13:11:18.165752+00:00 [info] <0.230.0> Peer discovery backend rabbit_peer_discovery_classic_config does not support registration, skipping registration.
2023-12-06 13:11:18.165773+00:00 [info] <0.230.0> Will try to unlock with peer discovery backend rabbit_peer_discovery_classic_config
2023-12-06 13:11:18.165917+00:00 [info] <0.230.0> Running boot step tracking_metadata_store defined by app rabbit
2023-12-06 13:11:18.166019+00:00 [info] <0.494.0> Setting up a table for connection tracking on this node: tracked_connection
2023-12-06 13:11:18.166090+00:00 [info] <0.494.0> Setting up a table for per-vhost connection counting on this node: tracked_connection_per_vhost
2023-12-06 13:11:18.166151+00:00 [info] <0.494.0> Setting up a table for per-user connection counting on this node: tracked_connection_per_user
2023-12-06 13:11:18.166244+00:00 [info] <0.494.0> Setting up a table for channel tracking on this node: tracked_channel
2023-12-06 13:11:18.166355+00:00 [info] <0.494.0> Setting up a table for channel tracking on this node: tracked_channel_per_user
2023-12-06 13:11:18.166477+00:00 [info] <0.230.0> Running boot step networking_metadata_store defined by app rabbit
2023-12-06 13:11:18.166679+00:00 [info] <0.230.0> Running boot step feature_flags defined by app rabbit
2023-12-06 13:11:18.169415+00:00 [info] <0.230.0> Running boot step codec_correctness_check defined by app rabbit
2023-12-06 13:11:18.169494+00:00 [info] <0.230.0> Running boot step external_infrastructure defined by app rabbit
2023-12-06 13:11:18.169551+00:00 [info] <0.230.0> Running boot step rabbit_event defined by app rabbit
2023-12-06 13:11:18.169688+00:00 [info] <0.230.0> Running boot step rabbit_registry defined by app rabbit
2023-12-06 13:11:18.169776+00:00 [info] <0.230.0> Running boot step rabbit_auth_mechanism_amqplain defined by app rabbit
2023-12-06 13:11:18.169885+00:00 [info] <0.230.0> Running boot step rabbit_auth_mechanism_cr_demo defined by app rabbit
2023-12-06 13:11:18.169928+00:00 [info] <0.230.0> Running boot step rabbit_auth_mechanism_plain defined by app rabbit
2023-12-06 13:11:18.169974+00:00 [info] <0.230.0> Running boot step rabbit_exchange_type_direct defined by app rabbit
2023-12-06 13:11:18.170015+00:00 [info] <0.230.0> Running boot step rabbit_exchange_type_fanout defined by app rabbit
2023-12-06 13:11:18.170103+00:00 [info] <0.230.0> Running boot step rabbit_exchange_type_headers defined by app rabbit
2023-12-06 13:11:18.170189+00:00 [info] <0.230.0> Running boot step rabbit_exchange_type_topic defined by app rabbit
2023-12-06 13:11:18.170290+00:00 [info] <0.230.0> Running boot step rabbit_mirror_queue_mode_all defined by app rabbit
2023-12-06 13:11:18.170381+00:00 [info] <0.230.0> Running boot step rabbit_mirror_queue_mode_exactly defined by app rabbit
2023-12-06 13:11:18.170433+00:00 [info] <0.230.0> Running boot step rabbit_mirror_queue_mode_nodes defined by app rabbit
2023-12-06 13:11:18.170496+00:00 [info] <0.230.0> Running boot step rabbit_priority_queue defined by app rabbit
2023-12-06 13:11:18.170534+00:00 [info] <0.230.0> Priority queues enabled, real BQ is rabbit_variable_queue
2023-12-06 13:11:18.170564+00:00 [info] <0.230.0> Running boot step rabbit_queue_location_client_local defined by app rabbit
2023-12-06 13:11:18.170628+00:00 [info] <0.230.0> Running boot step rabbit_queue_location_min_masters defined by app rabbit
2023-12-06 13:11:18.170660+00:00 [info] <0.230.0> Running boot step rabbit_queue_location_random defined by app rabbit
2023-12-06 13:11:18.170719+00:00 [info] <0.230.0> Running boot step kernel_ready defined by app rabbit
2023-12-06 13:11:18.170745+00:00 [info] <0.230.0> Running boot step rabbit_sysmon_minder defined by app rabbit
2023-12-06 13:11:18.170980+00:00 [info] <0.230.0> Running boot step rabbit_epmd_monitor defined by app rabbit
2023-12-06 13:11:18.172081+00:00 [info] <0.502.0> epmd monitor knows us, inter-node communication (distribution) port: 25672
2023-12-06 13:11:18.172203+00:00 [info] <0.230.0> Running boot step guid_generator defined by app rabbit
2023-12-06 13:11:18.182153+00:00 [info] <0.230.0> Running boot step rabbit_node_monitor defined by app rabbit
2023-12-06 13:11:18.182484+00:00 [info] <0.506.0> Starting rabbit_node_monitor (in ignore mode)
2023-12-06 13:11:18.182719+00:00 [info] <0.230.0> Running boot step delegate_sup defined by app rabbit
2023-12-06 13:11:18.183086+00:00 [info] <0.230.0> Running boot step rabbit_memory_monitor defined by app rabbit
2023-12-06 13:11:18.183384+00:00 [info] <0.230.0> Running boot step rabbit_fifo_dlx_sup defined by app rabbit
2023-12-06 13:11:18.183471+00:00 [info] <0.230.0> Running boot step core_initialized defined by app rabbit
2023-12-06 13:11:18.183499+00:00 [info] <0.230.0> Running boot step rabbit_channel_tracking_handler defined by app rabbit
2023-12-06 13:11:18.183553+00:00 [info] <0.230.0> Running boot step rabbit_connection_tracking_handler defined by app rabbit
2023-12-06 13:11:18.183603+00:00 [info] <0.230.0> Running boot step rabbit_definitions_hashing defined by app rabbit
2023-12-06 13:11:18.183677+00:00 [info] <0.230.0> Running boot step rabbit_exchange_parameters defined by app rabbit
2023-12-06 13:11:18.184014+00:00 [info] <0.230.0> Running boot step rabbit_mirror_queue_misc defined by app rabbit
2023-12-06 13:11:18.184874+00:00 [info] <0.230.0> Running boot step rabbit_policies defined by app rabbit
2023-12-06 13:11:18.185318+00:00 [info] <0.230.0> Running boot step rabbit_policy defined by app rabbit
2023-12-06 13:11:18.185406+00:00 [info] <0.230.0> Running boot step rabbit_queue_location_validator defined by app rabbit
2023-12-06 13:11:18.185475+00:00 [info] <0.230.0> Running boot step rabbit_quorum_memory_manager defined by app rabbit
2023-12-06 13:11:18.185553+00:00 [info] <0.230.0> Running boot step rabbit_stream_coordinator defined by app rabbit
2023-12-06 13:11:18.186011+00:00 [info] <0.230.0> Running boot step rabbit_vhost_limit defined by app rabbit
2023-12-06 13:11:18.186094+00:00 [info] <0.230.0> Running boot step recovery defined by app rabbit
2023-12-06 13:11:18.187224+00:00 [info] <0.230.0> Running boot step empty_db_check defined by app rabbit
2023-12-06 13:11:18.187295+00:00 [info] <0.230.0> Will seed default virtual host and user...
2023-12-06 13:11:18.187409+00:00 [info] <0.230.0> Adding vhost '/' (description: 'Default virtual host', tags: [])
2023-12-06 13:11:18.194636+00:00 [info] <0.230.0> Inserted a virtual host record {vhost,<<"/">>,[],
2023-12-06 13:11:18.194636+00:00 [info] <0.230.0>                                       #{description =>
2023-12-06 13:11:18.194636+00:00 [info] <0.230.0>                                             <<"Default virtual host">>,
2023-12-06 13:11:18.194636+00:00 [info] <0.230.0>                                         tags => []}}
2023-12-06 13:11:18.213626+00:00 [info] <0.547.0> Making sure data directory '/var/lib/rabbitmq/mnesia/rabbit@7cbf43e06d7e/msg_stores/vhosts/628WB79CIFDYO9LJI6DKMI09L' for vhost '/' exists
2023-12-06 13:11:18.227711+00:00 [info] <0.547.0> Setting segment_entry_count for vhost '/' with 0 queues to '2048'
2023-12-06 13:11:18.253541+00:00 [info] <0.547.0> Starting message stores for vhost '/'
2023-12-06 13:11:18.253854+00:00 [info] <0.557.0> Message store "628WB79CIFDYO9LJI6DKMI09L/msg_store_transient": using rabbit_msg_store_ets_index to provide index
2023-12-06 13:11:18.262916+00:00 [info] <0.547.0> Started message store of type transient for vhost '/'
2023-12-06 13:11:18.263088+00:00 [info] <0.561.0> Message store "628WB79CIFDYO9LJI6DKMI09L/msg_store_persistent": using rabbit_msg_store_ets_index to provide index
2023-12-06 13:11:18.270234+00:00 [warning] <0.561.0> Message store "628WB79CIFDYO9LJI6DKMI09L/msg_store_persistent": rebuilding indices from scratch
2023-12-06 13:11:18.278057+00:00 [info] <0.547.0> Started message store of type persistent for vhost '/'
2023-12-06 13:11:18.278342+00:00 [info] <0.547.0> Recovering 0 queues of type rabbit_classic_queue took 46ms
2023-12-06 13:11:18.278392+00:00 [info] <0.547.0> Recovering 0 queues of type rabbit_quorum_queue took 0ms
2023-12-06 13:11:18.278466+00:00 [info] <0.547.0> Recovering 0 queues of type rabbit_stream_queue took 0ms
2023-12-06 13:11:18.283515+00:00 [info] <0.230.0> Created user 'default_user'
2023-12-06 13:11:18.286637+00:00 [info] <0.230.0> Successfully set user tags for user 'default_user' to [administrator]
2023-12-06 13:11:18.289874+00:00 [info] <0.230.0> Successfully set permissions for user 'default_user' in virtual host '/' to '.*', '.*', '.*'
2023-12-06 13:11:18.289986+00:00 [info] <0.230.0> Running boot step rabbit_observer_cli defined by app rabbit
2023-12-06 13:11:18.290125+00:00 [info] <0.230.0> Running boot step rabbit_looking_glass defined by app rabbit
2023-12-06 13:11:18.290150+00:00 [info] <0.230.0> Running boot step rabbit_core_metrics_gc defined by app rabbit
2023-12-06 13:11:18.290408+00:00 [info] <0.230.0> Running boot step background_gc defined by app rabbit
2023-12-06 13:11:18.290660+00:00 [info] <0.230.0> Running boot step routing_ready defined by app rabbit
2023-12-06 13:11:18.290699+00:00 [info] <0.230.0> Running boot step pre_flight defined by app rabbit
2023-12-06 13:11:18.290768+00:00 [info] <0.230.0> Running boot step notify_cluster defined by app rabbit
2023-12-06 13:11:18.290870+00:00 [info] <0.230.0> Running boot step networking defined by app rabbit
2023-12-06 13:11:18.291044+00:00 [info] <0.230.0> Running boot step definition_import_worker_pool defined by app rabbit
2023-12-06 13:11:18.291144+00:00 [info] <0.283.0> Starting worker pool 'definition_import_pool' with 16 processes in it
2023-12-06 13:11:18.292500+00:00 [info] <0.230.0> Running boot step cluster_name defined by app rabbit
2023-12-06 13:11:18.292639+00:00 [info] <0.230.0> Initialising internal cluster ID to 'rabbitmq-cluster-id-4WbXP72l-6PiloHdeus1IQ'
2023-12-06 13:11:18.295707+00:00 [info] <0.230.0> Running boot step direct_client defined by app rabbit
2023-12-06 13:11:18.295843+00:00 [info] <0.230.0> Running boot step rabbit_maintenance_mode_state defined by app rabbit
2023-12-06 13:11:18.295890+00:00 [info] <0.230.0> Creating table rabbit_node_maintenance_states for maintenance mode status
2023-12-06 13:11:18.311583+00:00 [info] <0.613.0> Resetting node maintenance status
2023-12-06 13:11:18.311873+00:00 [info] <0.613.0> Ready to start client connection listeners
2023-12-06 13:11:18.313843+00:00 [info] <0.631.0> started TCP listener on [::]:5672
2023-12-06 13:11:18.428101+00:00 [info] <0.613.0> Server startup complete; 0 plugins started.
2023-12-06 13:11:18.512389+00:00 [info] <0.9.0> Time to start RabbitMQ: 8182181 us
2023-12-06 13:14:49.806396+00:00 [notice] <0.61.0> SIGTERM received - shutting down
2023-12-06 13:14:49.806396+00:00 [notice] <0.61.0> 
2023-12-06 13:14:49.808623+00:00 [info] <0.230.0> Peer discovery backend rabbit_peer_discovery_classic_config does not support registration, skipping unregistration.
2023-12-06 13:14:49.808846+00:00 [info] <0.631.0> stopped TCP listener on [::]:5672
2023-12-06 13:14:49.810684+00:00 [info] <0.655.0> Closing all connections in vhost '/' on node 'rabbit@7cbf43e06d7e' because the vhost is stopping
2023-12-06 13:14:49.810716+00:00 [info] <0.561.0> Stopping message store for directory '/var/lib/rabbitmq/mnesia/rabbit@7cbf43e06d7e/msg_stores/vhosts/628WB79CIFDYO9LJI6DKMI09L/msg_store_persistent'
2023-12-06 13:14:49.836225+00:00 [info] <0.561.0> Message store for directory '/var/lib/rabbitmq/mnesia/rabbit@7cbf43e06d7e/msg_stores/vhosts/628WB79CIFDYO9LJI6DKMI09L/msg_store_persistent' is stopped
2023-12-06 13:14:49.836418+00:00 [info] <0.557.0> Stopping message store for directory '/var/lib/rabbitmq/mnesia/rabbit@7cbf43e06d7e/msg_stores/vhosts/628WB79CIFDYO9LJI6DKMI09L/msg_store_transient'
2023-12-06 13:14:49.859702+00:00 [info] <0.557.0> Message store for directory '/var/lib/rabbitmq/mnesia/rabbit@7cbf43e06d7e/msg_stores/vhosts/628WB79CIFDYO9LJI6DKMI09L/msg_store_transient' is stopped
2023-12-06 13:14:57.003263+00:00 [notice] <0.230.0> Logging: configured log handlers are now ACTIVE
2023-12-06 13:14:57.528199+00:00 [info] <0.230.0> ra: starting system quorum_queues
2023-12-06 13:14:57.528336+00:00 [info] <0.230.0> starting Ra system: quorum_queues in directory: /var/lib/rabbitmq/mnesia/rabbit@7cbf43e06d7e/quorum/rabbit@7cbf43e06d7e
2023-12-06 13:14:57.587619+00:00 [info] <0.317.0> ra system 'quorum_queues' running pre init for 0 registered servers
2023-12-06 13:14:57.613312+00:00 [info] <0.327.0> ra: meta data store initialised for system quorum_queues. 0 record(s) recovered
2023-12-06 13:14:57.635694+00:00 [notice] <0.341.0> WAL: ra_log_wal init, open tbls: ra_log_open_mem_tables, closed tbls: ra_log_closed_mem_tables
2023-12-06 13:14:57.664407+00:00 [info] <0.230.0> ra: starting system coordination
2023-12-06 13:14:57.664536+00:00 [info] <0.230.0> starting Ra system: coordination in directory: /var/lib/rabbitmq/mnesia/rabbit@7cbf43e06d7e/coordination/rabbit@7cbf43e06d7e
2023-12-06 13:14:57.683057+00:00 [info] <0.350.0> ra system 'coordination' running pre init for 0 registered servers
2023-12-06 13:14:57.692334+00:00 [info] <0.351.0> ra: meta data store initialised for system coordination. 0 record(s) recovered
2023-12-06 13:14:57.692637+00:00 [notice] <0.356.0> WAL: ra_coordination_log_wal init, open tbls: ra_coordination_log_open_mem_tables, closed tbls: ra_coordination_log_closed_mem_tables
2023-12-06 13:14:57.713598+00:00 [info] <0.230.0> 
2023-12-06 13:14:57.713598+00:00 [info] <0.230.0>  Starting RabbitMQ 3.12.9 on Erlang 25.3.2.7 [jit]
2023-12-06 13:14:57.713598+00:00 [info] <0.230.0>  Copyright (c) 2007-2023 VMware, Inc. or its affiliates.
2023-12-06 13:14:57.713598+00:00 [info] <0.230.0>  Licensed under the MPL 2.0. Website: https://rabbitmq.com
2023-12-06 13:14:57.715459+00:00 [info] <0.230.0> 
2023-12-06 13:14:57.715459+00:00 [info] <0.230.0>  node           : rabbit@7cbf43e06d7e
2023-12-06 13:14:57.715459+00:00 [info] <0.230.0>  home dir       : /var/lib/rabbitmq
2023-12-06 13:14:57.715459+00:00 [info] <0.230.0>  config file(s) : (none)
2023-12-06 13:14:57.715459+00:00 [info] <0.230.0>  cookie hash    : A7u2l7Eimxq5wfbBRxA6WQ==
2023-12-06 13:14:57.715459+00:00 [info] <0.230.0>  log(s)         : /var/log/rabbitmq/rabbit@7cbf43e06d7e.log
2023-12-06 13:14:57.715459+00:00 [info] <0.230.0>                 : <stdout>
2023-12-06 13:14:57.715459+00:00 [info] <0.230.0>  data dir       : /var/lib/rabbitmq/mnesia/rabbit@7cbf43e06d7e
2023-12-06 13:15:00.789485+00:00 [info] <0.230.0> Running boot step pre_boot defined by app rabbit
2023-12-06 13:15:00.789586+00:00 [info] <0.230.0> Running boot step rabbit_global_counters defined by app rabbit
2023-12-06 13:15:00.790664+00:00 [info] <0.230.0> Running boot step rabbit_osiris_metrics defined by app rabbit
2023-12-06 13:15:00.790872+00:00 [info] <0.230.0> Running boot step rabbit_core_metrics defined by app rabbit
2023-12-06 13:15:00.791807+00:00 [info] <0.230.0> Running boot step rabbit_alarm defined by app rabbit
2023-12-06 13:15:00.795795+00:00 [info] <0.374.0> Memory high watermark set to 3165 MiB (3319506534 bytes) of 7914 MiB (8298766336 bytes) total
2023-12-06 13:15:00.800228+00:00 [info] <0.376.0> Enabling free disk space monitoring (disk free space: 804122959872, total memory: 8298766336)
2023-12-06 13:15:00.800320+00:00 [info] <0.376.0> Disk free limit set to 50MB
2023-12-06 13:15:00.803045+00:00 [info] <0.230.0> Running boot step code_server_cache defined by app rabbit
2023-12-06 13:15:00.803265+00:00 [info] <0.230.0> Running boot step file_handle_cache defined by app rabbit
2023-12-06 13:15:00.803591+00:00 [info] <0.379.0> Limiting to approx 1048479 file handles (943629 sockets)
2023-12-06 13:15:00.803729+00:00 [info] <0.380.0> FHC read buffering: OFF
2023-12-06 13:15:00.803798+00:00 [info] <0.380.0> FHC write buffering: ON
2023-12-06 13:15:00.804365+00:00 [info] <0.230.0> Running boot step worker_pool defined by app rabbit
2023-12-06 13:15:00.804456+00:00 [info] <0.358.0> Will use 16 processes for default worker pool
2023-12-06 13:15:00.804669+00:00 [info] <0.358.0> Starting worker pool 'worker_pool' with 16 processes in it
2023-12-06 13:15:00.805768+00:00 [info] <0.230.0> Running boot step database defined by app rabbit
2023-12-06 13:15:00.827953+00:00 [info] <0.230.0> Waiting for Mnesia tables for 30000 ms, 9 retries left
2023-12-06 13:15:00.832430+00:00 [info] <0.230.0> Successfully synced tables from a peer
2023-12-06 13:15:00.870244+00:00 [info] <0.230.0> Waiting for Mnesia tables for 30000 ms, 9 retries left
2023-12-06 13:15:00.870525+00:00 [info] <0.230.0> Successfully synced tables from a peer
2023-12-06 13:15:00.870596+00:00 [info] <0.230.0> Peer discovery backend rabbit_peer_discovery_classic_config does not support registration, skipping registration.
2023-12-06 13:15:00.870854+00:00 [info] <0.230.0> Running boot step tracking_metadata_store defined by app rabbit
2023-12-06 13:15:00.871037+00:00 [info] <0.406.0> Setting up a table for connection tracking on this node: tracked_connection
2023-12-06 13:15:00.871124+00:00 [info] <0.406.0> Setting up a table for per-vhost connection counting on this node: tracked_connection_per_vhost
2023-12-06 13:15:00.871259+00:00 [info] <0.406.0> Setting up a table for per-user connection counting on this node: tracked_connection_per_user
2023-12-06 13:15:00.871496+00:00 [info] <0.406.0> Setting up a table for channel tracking on this node: tracked_channel
2023-12-06 13:15:00.871657+00:00 [info] <0.406.0> Setting up a table for channel tracking on this node: tracked_channel_per_user
2023-12-06 13:15:00.871866+00:00 [info] <0.230.0> Running boot step networking_metadata_store defined by app rabbit
2023-12-06 13:15:00.871966+00:00 [info] <0.230.0> Running boot step feature_flags defined by app rabbit
2023-12-06 13:15:00.876046+00:00 [info] <0.230.0> Running boot step codec_correctness_check defined by app rabbit
2023-12-06 13:15:00.876132+00:00 [info] <0.230.0> Running boot step external_infrastructure defined by app rabbit
2023-12-06 13:15:00.876215+00:00 [info] <0.230.0> Running boot step rabbit_event defined by app rabbit
2023-12-06 13:15:00.876424+00:00 [info] <0.230.0> Running boot step rabbit_registry defined by app rabbit
2023-12-06 13:15:00.876534+00:00 [info] <0.230.0> Running boot step rabbit_auth_mechanism_amqplain defined by app rabbit
2023-12-06 13:15:00.876730+00:00 [info] <0.230.0> Running boot step rabbit_auth_mechanism_cr_demo defined by app rabbit
2023-12-06 13:15:00.876968+00:00 [info] <0.230.0> Running boot step rabbit_auth_mechanism_plain defined by app rabbit
2023-12-06 13:15:00.877092+00:00 [info] <0.230.0> Running boot step rabbit_exchange_type_direct defined by app rabbit
2023-12-06 13:15:00.877200+00:00 [info] <0.230.0> Running boot step rabbit_exchange_type_fanout defined by app rabbit
2023-12-06 13:15:00.877460+00:00 [info] <0.230.0> Running boot step rabbit_exchange_type_headers defined by app rabbit
2023-12-06 13:15:00.877524+00:00 [info] <0.230.0> Running boot step rabbit_exchange_type_topic defined by app rabbit
2023-12-06 13:15:00.877565+00:00 [info] <0.230.0> Running boot step rabbit_mirror_queue_mode_all defined by app rabbit
2023-12-06 13:15:00.877649+00:00 [info] <0.230.0> Running boot step rabbit_mirror_queue_mode_exactly defined by app rabbit
2023-12-06 13:15:00.877803+00:00 [info] <0.230.0> Running boot step rabbit_mirror_queue_mode_nodes defined by app rabbit
2023-12-06 13:15:00.878003+00:00 [info] <0.230.0> Running boot step rabbit_priority_queue defined by app rabbit
2023-12-06 13:15:00.878038+00:00 [info] <0.230.0> Priority queues enabled, real BQ is rabbit_variable_queue
2023-12-06 13:15:00.878173+00:00 [info] <0.230.0> Running boot step rabbit_queue_location_client_local defined by app rabbit
2023-12-06 13:15:00.878327+00:00 [info] <0.230.0> Running boot step rabbit_queue_location_min_masters defined by app rabbit
2023-12-06 13:15:00.878611+00:00 [info] <0.230.0> Running boot step rabbit_queue_location_random defined by app rabbit
2023-12-06 13:15:00.878796+00:00 [info] <0.230.0> Running boot step kernel_ready defined by app rabbit
2023-12-06 13:15:00.878839+00:00 [info] <0.230.0> Running boot step rabbit_sysmon_minder defined by app rabbit
2023-12-06 13:15:00.879338+00:00 [info] <0.230.0> Running boot step rabbit_epmd_monitor defined by app rabbit
2023-12-06 13:15:00.880694+00:00 [info] <0.414.0> epmd monitor knows us, inter-node communication (distribution) port: 25672
2023-12-06 13:15:00.880815+00:00 [info] <0.230.0> Running boot step guid_generator defined by app rabbit
2023-12-06 13:15:00.899340+00:00 [info] <0.230.0> Running boot step rabbit_node_monitor defined by app rabbit
2023-12-06 13:15:00.899688+00:00 [info] <0.418.0> Starting rabbit_node_monitor (in ignore mode)
2023-12-06 13:15:00.899933+00:00 [info] <0.230.0> Running boot step delegate_sup defined by app rabbit
2023-12-06 13:15:00.900834+00:00 [info] <0.230.0> Running boot step rabbit_memory_monitor defined by app rabbit
2023-12-06 13:15:00.901384+00:00 [info] <0.230.0> Running boot step rabbit_fifo_dlx_sup defined by app rabbit
2023-12-06 13:15:00.901590+00:00 [info] <0.230.0> Running boot step core_initialized defined by app rabbit
2023-12-06 13:15:00.901667+00:00 [info] <0.230.0> Running boot step rabbit_channel_tracking_handler defined by app rabbit
2023-12-06 13:15:00.901824+00:00 [info] <0.230.0> Running boot step rabbit_connection_tracking_handler defined by app rabbit
2023-12-06 13:15:00.901953+00:00 [info] <0.230.0> Running boot step rabbit_definitions_hashing defined by app rabbit
2023-12-06 13:15:00.902183+00:00 [info] <0.230.0> Running boot step rabbit_exchange_parameters defined by app rabbit
2023-12-06 13:15:00.902767+00:00 [info] <0.230.0> Running boot step rabbit_mirror_queue_misc defined by app rabbit
2023-12-06 13:15:00.903498+00:00 [info] <0.230.0> Running boot step rabbit_policies defined by app rabbit
2023-12-06 13:15:00.904308+00:00 [info] <0.230.0> Running boot step rabbit_policy defined by app rabbit
2023-12-06 13:15:00.904375+00:00 [info] <0.230.0> Running boot step rabbit_queue_location_validator defined by app rabbit
2023-12-06 13:15:00.904404+00:00 [info] <0.230.0> Running boot step rabbit_quorum_memory_manager defined by app rabbit
2023-12-06 13:15:00.904431+00:00 [info] <0.230.0> Running boot step rabbit_stream_coordinator defined by app rabbit
2023-12-06 13:15:00.905024+00:00 [info] <0.230.0> Running boot step rabbit_vhost_limit defined by app rabbit
2023-12-06 13:15:00.905080+00:00 [info] <0.230.0> Running boot step recovery defined by app rabbit
2023-12-06 13:15:00.906479+00:00 [info] <0.450.0> Making sure data directory '/var/lib/rabbitmq/mnesia/rabbit@7cbf43e06d7e/msg_stores/vhosts/628WB79CIFDYO9LJI6DKMI09L' for vhost '/' exists
2023-12-06 13:15:00.975537+00:00 [info] <0.450.0> Starting message stores for vhost '/'
2023-12-06 13:15:00.976002+00:00 [info] <0.460.0> Message store "628WB79CIFDYO9LJI6DKMI09L/msg_store_transient": using rabbit_msg_store_ets_index to provide index
2023-12-06 13:15:00.986935+00:00 [notice] <0.61.0> SIGTERM received - shutting down
2023-12-06 13:15:00.986935+00:00 [notice] <0.61.0> 
2023-12-06 13:15:01.033276+00:00 [info] <0.450.0> Started message store of type transient for vhost '/'
2023-12-06 13:15:01.033434+00:00 [error] <0.448.0>     supervisor: {<0.448.0>,rabbit_vhost_sup_wrapper}
2023-12-06 13:15:01.033434+00:00 [error] <0.448.0>     errorContext: start_error
2023-12-06 13:15:01.033434+00:00 [error] <0.448.0>     reason: {{badmatch,{aborted,{node_not_running,rabbit@7cbf43e06d7e}}},
2023-12-06 13:15:01.033434+00:00 [error] <0.448.0>              [{rabbit_db_queue,update_durable_in_mnesia,2,
2023-12-06 13:15:01.033434+00:00 [error] <0.448.0>                                [{file,"rabbit_db_queue.erl"},{line,457}]},
2023-12-06 13:15:01.033434+00:00 [error] <0.448.0>               {rabbit_vhost_process,init,1,
2023-12-06 13:15:01.033434+00:00 [error] <0.448.0>                                     [{file,"rabbit_vhost_process.erl"},
2023-12-06 13:15:01.033434+00:00 [error] <0.448.0>                                      {line,49}]},
2023-12-06 13:15:01.033434+00:00 [error] <0.448.0>               {gen_server2,init_it,6,[{file,"gen_server2.erl"},{line,565}]},
2023-12-06 13:15:01.033434+00:00 [error] <0.448.0>               {proc_lib,init_p_do_apply,3,
2023-12-06 13:15:01.033434+00:00 [error] <0.448.0>                         [{file,"proc_lib.erl"},{line,240}]}]}
2023-12-06 13:15:01.033434+00:00 [error] <0.448.0>     offender: [{pid,undefined},
2023-12-06 13:15:01.033434+00:00 [error] <0.448.0>                {id,rabbit_vhost_process},
2023-12-06 13:15:01.033434+00:00 [error] <0.448.0>                {mfargs,{rabbit_vhost_process,start_link,[<<"/">>]}},
2023-12-06 13:15:01.033434+00:00 [error] <0.448.0>                {restart_type,permanent},
2023-12-06 13:15:01.033434+00:00 [error] <0.448.0>                {significant,false},
2023-12-06 13:15:01.033434+00:00 [error] <0.448.0>                {shutdown,300000},
2023-12-06 13:15:01.033434+00:00 [error] <0.448.0>                {child_type,worker}]
2023-12-06 13:15:01.033434+00:00 [error] <0.448.0> 
2023-12-06 13:15:01.033811+00:00 [info] <0.460.0> Stopping message store for directory '/var/lib/rabbitmq/mnesia/rabbit@7cbf43e06d7e/msg_stores/vhosts/628WB79CIFDYO9LJI6DKMI09L/msg_store_transient'
2023-12-06 13:15:01.033693+00:00 [error] <0.450.0>   crasher:
2023-12-06 13:15:01.033693+00:00 [error] <0.450.0>     initial call: rabbit_vhost_process:init/1
2023-12-06 13:15:01.033693+00:00 [error] <0.450.0>     pid: <0.450.0>
2023-12-06 13:15:01.033693+00:00 [error] <0.450.0>     registered_name: []
2023-12-06 13:15:01.033693+00:00 [error] <0.450.0>     exception exit: {{badmatch,
2023-12-06 13:15:01.033693+00:00 [error] <0.450.0>                          {aborted,{node_not_running,rabbit@7cbf43e06d7e}}},
2023-12-06 13:15:01.033693+00:00 [error] <0.450.0>                      [{rabbit_db_queue,update_durable_in_mnesia,2,
2023-12-06 13:15:01.033693+00:00 [error] <0.450.0>                           [{file,"rabbit_db_queue.erl"},{line,457}]},
2023-12-06 13:15:01.033693+00:00 [error] <0.450.0>                       {rabbit_vhost_process,init,1,
2023-12-06 13:15:01.033693+00:00 [error] <0.450.0>                           [{file,"rabbit_vhost_process.erl"},{line,49}]},
2023-12-06 13:15:01.033693+00:00 [error] <0.450.0>                       {gen_server2,init_it,6,
2023-12-06 13:15:01.033693+00:00 [error] <0.450.0>                           [{file,"gen_server2.erl"},{line,565}]},
2023-12-06 13:15:01.033693+00:00 [error] <0.450.0>                       {proc_lib,init_p_do_apply,3,
2023-12-06 13:15:01.033693+00:00 [error] <0.450.0>                           [{file,"proc_lib.erl"},{line,240}]}]}
2023-12-06 13:15:01.033693+00:00 [error] <0.450.0>       in function  gen_server2:init_it/6 (gen_server2.erl, line 608)
2023-12-06 13:15:01.033693+00:00 [error] <0.450.0>     ancestors: [<0.448.0>,rabbit_vhost_sup_sup,rabbit_sup,<0.230.0>]
2023-12-06 13:15:01.033693+00:00 [error] <0.450.0>     message_queue_len: 0
2023-12-06 13:15:01.033693+00:00 [error] <0.450.0>     messages: []
2023-12-06 13:15:01.033693+00:00 [error] <0.450.0>     links: [<0.448.0>,<0.459.0>]
2023-12-06 13:15:01.033693+00:00 [error] <0.450.0>     dictionary: []
2023-12-06 13:15:01.033693+00:00 [error] <0.450.0>     trap_exit: true
2023-12-06 13:15:01.033693+00:00 [error] <0.450.0>     status: running
2023-12-06 13:15:01.033693+00:00 [error] <0.450.0>     heap_size: 4185
2023-12-06 13:15:01.033693+00:00 [error] <0.450.0>     stack_size: 28
2023-12-06 13:15:01.033693+00:00 [error] <0.450.0>     reductions: 9274
2023-12-06 13:15:01.033693+00:00 [error] <0.450.0>   neighbours:
2023-12-06 13:15:01.033693+00:00 [error] <0.450.0>     neighbour:
2023-12-06 13:15:01.033693+00:00 [error] <0.450.0>       pid: <0.459.0>
2023-12-06 13:15:01.033693+00:00 [error] <0.450.0>       registered_name: pg
2023-12-06 13:15:01.033693+00:00 [error] <0.450.0>       initial call: pg:init/1
2023-12-06 13:15:01.033693+00:00 [error] <0.450.0>       current_function: {gen_server,loop,7}
2023-12-06 13:15:01.033693+00:00 [error] <0.450.0>       ancestors: [<0.450.0>,<0.448.0>,rabbit_vhost_sup_sup,rabbit_sup,
2023-12-06 13:15:01.033693+00:00 [error] <0.450.0>                   <0.230.0>]
2023-12-06 13:15:01.033693+00:00 [error] <0.450.0>       message_queue_len: 0
2023-12-06 13:15:01.033693+00:00 [error] <0.450.0>       links: [<0.450.0>]
2023-12-06 13:15:01.033693+00:00 [error] <0.450.0>       trap_exit: false
2023-12-06 13:15:01.033693+00:00 [error] <0.450.0>       status: waiting
2023-12-06 13:15:01.033693+00:00 [error] <0.450.0>       heap_size: 233
2023-12-06 13:15:01.033693+00:00 [error] <0.450.0>       stack_size: 12
2023-12-06 13:15:01.033693+00:00 [error] <0.450.0>       reductions: 83
2023-12-06 13:15:01.033693+00:00 [error] <0.450.0>       current_stacktrace: [{gen_server,loop,7,[{file,"gen_server.erl"},{line,871}]},
2023-12-06 13:15:01.033693+00:00 [error] <0.450.0>                   {proc_lib,init_p_do_apply,3,
2023-12-06 13:15:01.033693+00:00 [error] <0.450.0>                             [{file,"proc_lib.erl"},{line,240}]}]
2023-12-06 13:15:01.035038+00:00 [info] <0.418.0> node rabbit@7cbf43e06d7e down: net_kernel_terminated
