2023-12-06 13:15:15.431854+00:00 [notice] <0.230.0> Logging: configured log handlers are now ACTIVE
2023-12-06 13:15:15.728441+00:00 [info] <0.230.0> ra: starting system quorum_queues
2023-12-06 13:15:15.728577+00:00 [info] <0.230.0> starting Ra system: quorum_queues in directory: /var/lib/rabbitmq/mnesia/rabbit@e8270c1b1d60/quorum/rabbit@e8270c1b1d60
2023-12-06 13:15:15.828873+00:00 [info] <0.262.0> ra system 'quorum_queues' running pre init for 0 registered servers
2023-12-06 13:15:15.844459+00:00 [info] <0.263.0> ra: meta data store initialised for system quorum_queues. 0 record(s) recovered
2023-12-06 13:15:15.861990+00:00 [notice] <0.268.0> WAL: ra_log_wal init, open tbls: ra_log_open_mem_tables, closed tbls: ra_log_closed_mem_tables
2023-12-06 13:15:15.880381+00:00 [info] <0.230.0> ra: starting system coordination
2023-12-06 13:15:15.880431+00:00 [info] <0.230.0> starting Ra system: coordination in directory: /var/lib/rabbitmq/mnesia/rabbit@e8270c1b1d60/coordination/rabbit@e8270c1b1d60
2023-12-06 13:15:15.892539+00:00 [info] <0.275.0> ra system 'coordination' running pre init for 0 registered servers
2023-12-06 13:15:15.896911+00:00 [info] <0.276.0> ra: meta data store initialised for system coordination. 0 record(s) recovered
2023-12-06 13:15:15.897119+00:00 [notice] <0.281.0> WAL: ra_coordination_log_wal init, open tbls: ra_coordination_log_open_mem_tables, closed tbls: ra_coordination_log_closed_mem_tables
2023-12-06 13:15:15.908933+00:00 [info] <0.230.0> 
2023-12-06 13:15:15.908933+00:00 [info] <0.230.0>  Starting RabbitMQ 3.12.9 on Erlang 25.3.2.7 [jit]
2023-12-06 13:15:15.908933+00:00 [info] <0.230.0>  Copyright (c) 2007-2023 VMware, Inc. or its affiliates.
2023-12-06 13:15:15.908933+00:00 [info] <0.230.0>  Licensed under the MPL 2.0. Website: https://rabbitmq.com
2023-12-06 13:15:15.910456+00:00 [info] <0.230.0> 
2023-12-06 13:15:15.910456+00:00 [info] <0.230.0>  node           : rabbit@e8270c1b1d60
2023-12-06 13:15:15.910456+00:00 [info] <0.230.0>  home dir       : /var/lib/rabbitmq
2023-12-06 13:15:15.910456+00:00 [info] <0.230.0>  config file(s) : (none)
2023-12-06 13:15:15.910456+00:00 [info] <0.230.0>  cookie hash    : A7u2l7Eimxq5wfbBRxA6WQ==
2023-12-06 13:15:15.910456+00:00 [info] <0.230.0>  log(s)         : /var/log/rabbitmq/rabbit@e8270c1b1d60.log
2023-12-06 13:15:15.910456+00:00 [info] <0.230.0>                 : <stdout>
2023-12-06 13:15:15.910456+00:00 [info] <0.230.0>  data dir       : /var/lib/rabbitmq/mnesia/rabbit@e8270c1b1d60
2023-12-06 13:15:19.137928+00:00 [info] <0.230.0> Running boot step pre_boot defined by app rabbit
2023-12-06 13:15:19.138059+00:00 [info] <0.230.0> Running boot step rabbit_global_counters defined by app rabbit
2023-12-06 13:15:19.138844+00:00 [info] <0.230.0> Running boot step rabbit_osiris_metrics defined by app rabbit
2023-12-06 13:15:19.138964+00:00 [info] <0.230.0> Running boot step rabbit_core_metrics defined by app rabbit
2023-12-06 13:15:19.139757+00:00 [info] <0.230.0> Running boot step rabbit_alarm defined by app rabbit
2023-12-06 13:15:19.143523+00:00 [info] <0.299.0> Memory high watermark set to 3165 MiB (3319506534 bytes) of 7914 MiB (8298766336 bytes) total
2023-12-06 13:15:19.147579+00:00 [info] <0.301.0> Enabling free disk space monitoring (disk free space: 804121067520, total memory: 8298766336)
2023-12-06 13:15:19.147669+00:00 [info] <0.301.0> Disk free limit set to 50MB
2023-12-06 13:15:19.150292+00:00 [info] <0.230.0> Running boot step code_server_cache defined by app rabbit
2023-12-06 13:15:19.150586+00:00 [info] <0.230.0> Running boot step file_handle_cache defined by app rabbit
2023-12-06 13:15:19.150869+00:00 [info] <0.304.0> Limiting to approx 1048479 file handles (943629 sockets)
2023-12-06 13:15:19.151036+00:00 [info] <0.305.0> FHC read buffering: OFF
2023-12-06 13:15:19.151075+00:00 [info] <0.305.0> FHC write buffering: ON
2023-12-06 13:15:19.151820+00:00 [info] <0.230.0> Running boot step worker_pool defined by app rabbit
2023-12-06 13:15:19.151952+00:00 [info] <0.283.0> Will use 16 processes for default worker pool
2023-12-06 13:15:19.151989+00:00 [info] <0.283.0> Starting worker pool 'worker_pool' with 16 processes in it
2023-12-06 13:15:19.152929+00:00 [info] <0.230.0> Running boot step database defined by app rabbit
2023-12-06 13:15:19.156691+00:00 [info] <0.230.0> Node database directory at /var/lib/rabbitmq/mnesia/rabbit@e8270c1b1d60 is empty. Assuming we need to join an existing cluster or initialise from scratch...
2023-12-06 13:15:19.156776+00:00 [info] <0.230.0> Configured peer discovery backend: rabbit_peer_discovery_classic_config
2023-12-06 13:15:19.156811+00:00 [info] <0.230.0> Will try to lock with peer discovery backend rabbit_peer_discovery_classic_config
2023-12-06 13:15:19.156870+00:00 [info] <0.230.0> All discovered existing cluster peers:
2023-12-06 13:15:19.156883+00:00 [info] <0.230.0> Discovered no peer nodes to cluster with. Some discovery backends can filter nodes out based on a readiness criteria. Enabling debug logging might help troubleshoot.
2023-12-06 13:15:19.160697+00:00 [notice] <0.44.0> Application mnesia exited with reason: stopped
2023-12-06 13:15:19.648073+00:00 [info] <0.230.0> Waiting for Mnesia tables for 30000 ms, 9 retries left
2023-12-06 13:15:19.648221+00:00 [info] <0.230.0> Successfully synced tables from a peer
2023-12-06 13:15:19.648656+00:00 [notice] <0.284.0> Feature flags: attempt to enable `stream_sac_coordinator_unblock_group`...
2023-12-06 13:15:19.677262+00:00 [notice] <0.284.0> Feature flags: `stream_sac_coordinator_unblock_group` enabled
2023-12-06 13:15:19.677416+00:00 [notice] <0.284.0> Feature flags: attempt to enable `restart_streams`...
2023-12-06 13:15:19.711570+00:00 [notice] <0.284.0> Feature flags: `restart_streams` enabled
2023-12-06 13:15:19.711920+00:00 [info] <0.230.0> Waiting for Mnesia tables for 30000 ms, 9 retries left
2023-12-06 13:15:19.712187+00:00 [info] <0.230.0> Successfully synced tables from a peer
2023-12-06 13:15:19.739416+00:00 [info] <0.230.0> Waiting for Mnesia tables for 30000 ms, 9 retries left
2023-12-06 13:15:19.739832+00:00 [info] <0.230.0> Successfully synced tables from a peer
2023-12-06 13:15:19.739945+00:00 [info] <0.230.0> Peer discovery backend rabbit_peer_discovery_classic_config does not support registration, skipping registration.
2023-12-06 13:15:19.740017+00:00 [info] <0.230.0> Will try to unlock with peer discovery backend rabbit_peer_discovery_classic_config
2023-12-06 13:15:19.740367+00:00 [info] <0.230.0> Running boot step tracking_metadata_store defined by app rabbit
2023-12-06 13:15:19.740610+00:00 [info] <0.494.0> Setting up a table for connection tracking on this node: tracked_connection
2023-12-06 13:15:19.740658+00:00 [info] <0.494.0> Setting up a table for per-vhost connection counting on this node: tracked_connection_per_vhost
2023-12-06 13:15:19.740881+00:00 [info] <0.494.0> Setting up a table for per-user connection counting on this node: tracked_connection_per_user
2023-12-06 13:15:19.741001+00:00 [info] <0.494.0> Setting up a table for channel tracking on this node: tracked_channel
2023-12-06 13:15:19.741108+00:00 [info] <0.494.0> Setting up a table for channel tracking on this node: tracked_channel_per_user
2023-12-06 13:15:19.741320+00:00 [info] <0.230.0> Running boot step networking_metadata_store defined by app rabbit
2023-12-06 13:15:19.741446+00:00 [info] <0.230.0> Running boot step feature_flags defined by app rabbit
2023-12-06 13:15:19.743782+00:00 [info] <0.230.0> Running boot step codec_correctness_check defined by app rabbit
2023-12-06 13:15:19.743853+00:00 [info] <0.230.0> Running boot step external_infrastructure defined by app rabbit
2023-12-06 13:15:19.743907+00:00 [info] <0.230.0> Running boot step rabbit_event defined by app rabbit
2023-12-06 13:15:19.744106+00:00 [info] <0.230.0> Running boot step rabbit_registry defined by app rabbit
2023-12-06 13:15:19.744197+00:00 [info] <0.230.0> Running boot step rabbit_auth_mechanism_amqplain defined by app rabbit
2023-12-06 13:15:19.744304+00:00 [info] <0.230.0> Running boot step rabbit_auth_mechanism_cr_demo defined by app rabbit
2023-12-06 13:15:19.744427+00:00 [info] <0.230.0> Running boot step rabbit_auth_mechanism_plain defined by app rabbit
2023-12-06 13:15:19.744548+00:00 [info] <0.230.0> Running boot step rabbit_exchange_type_direct defined by app rabbit
2023-12-06 13:15:19.744643+00:00 [info] <0.230.0> Running boot step rabbit_exchange_type_fanout defined by app rabbit
2023-12-06 13:15:19.744721+00:00 [info] <0.230.0> Running boot step rabbit_exchange_type_headers defined by app rabbit
2023-12-06 13:15:19.744803+00:00 [info] <0.230.0> Running boot step rabbit_exchange_type_topic defined by app rabbit
2023-12-06 13:15:19.744891+00:00 [info] <0.230.0> Running boot step rabbit_mirror_queue_mode_all defined by app rabbit
2023-12-06 13:15:19.744995+00:00 [info] <0.230.0> Running boot step rabbit_mirror_queue_mode_exactly defined by app rabbit
2023-12-06 13:15:19.745043+00:00 [info] <0.230.0> Running boot step rabbit_mirror_queue_mode_nodes defined by app rabbit
2023-12-06 13:15:19.745075+00:00 [info] <0.230.0> Running boot step rabbit_priority_queue defined by app rabbit
2023-12-06 13:15:19.745127+00:00 [info] <0.230.0> Priority queues enabled, real BQ is rabbit_variable_queue
2023-12-06 13:15:19.745215+00:00 [info] <0.230.0> Running boot step rabbit_queue_location_client_local defined by app rabbit
2023-12-06 13:15:19.745287+00:00 [info] <0.230.0> Running boot step rabbit_queue_location_min_masters defined by app rabbit
2023-12-06 13:15:19.745336+00:00 [info] <0.230.0> Running boot step rabbit_queue_location_random defined by app rabbit
2023-12-06 13:15:19.745370+00:00 [info] <0.230.0> Running boot step kernel_ready defined by app rabbit
2023-12-06 13:15:19.745385+00:00 [info] <0.230.0> Running boot step rabbit_sysmon_minder defined by app rabbit
2023-12-06 13:15:19.745530+00:00 [info] <0.230.0> Running boot step rabbit_epmd_monitor defined by app rabbit
2023-12-06 13:15:19.746528+00:00 [info] <0.502.0> epmd monitor knows us, inter-node communication (distribution) port: 25672
2023-12-06 13:15:19.746647+00:00 [info] <0.230.0> Running boot step guid_generator defined by app rabbit
2023-12-06 13:15:19.756485+00:00 [info] <0.230.0> Running boot step rabbit_node_monitor defined by app rabbit
2023-12-06 13:15:19.756811+00:00 [info] <0.506.0> Starting rabbit_node_monitor (in ignore mode)
2023-12-06 13:15:19.756980+00:00 [info] <0.230.0> Running boot step delegate_sup defined by app rabbit
2023-12-06 13:15:19.757615+00:00 [info] <0.230.0> Running boot step rabbit_memory_monitor defined by app rabbit
2023-12-06 13:15:19.758059+00:00 [info] <0.230.0> Running boot step rabbit_fifo_dlx_sup defined by app rabbit
2023-12-06 13:15:19.758132+00:00 [info] <0.230.0> Running boot step core_initialized defined by app rabbit
2023-12-06 13:15:19.758200+00:00 [info] <0.230.0> Running boot step rabbit_channel_tracking_handler defined by app rabbit
2023-12-06 13:15:19.758339+00:00 [info] <0.230.0> Running boot step rabbit_connection_tracking_handler defined by app rabbit
2023-12-06 13:15:19.758528+00:00 [info] <0.230.0> Running boot step rabbit_definitions_hashing defined by app rabbit
2023-12-06 13:15:19.758741+00:00 [info] <0.230.0> Running boot step rabbit_exchange_parameters defined by app rabbit
2023-12-06 13:15:19.759485+00:00 [info] <0.230.0> Running boot step rabbit_mirror_queue_misc defined by app rabbit
2023-12-06 13:15:19.760109+00:00 [info] <0.230.0> Running boot step rabbit_policies defined by app rabbit
2023-12-06 13:15:19.760476+00:00 [info] <0.230.0> Running boot step rabbit_policy defined by app rabbit
2023-12-06 13:15:19.760594+00:00 [info] <0.230.0> Running boot step rabbit_queue_location_validator defined by app rabbit
2023-12-06 13:15:19.760642+00:00 [info] <0.230.0> Running boot step rabbit_quorum_memory_manager defined by app rabbit
2023-12-06 13:15:19.760703+00:00 [info] <0.230.0> Running boot step rabbit_stream_coordinator defined by app rabbit
2023-12-06 13:15:19.761232+00:00 [info] <0.230.0> Running boot step rabbit_vhost_limit defined by app rabbit
2023-12-06 13:15:19.761284+00:00 [info] <0.230.0> Running boot step recovery defined by app rabbit
2023-12-06 13:15:19.762937+00:00 [info] <0.230.0> Running boot step empty_db_check defined by app rabbit
2023-12-06 13:15:19.762985+00:00 [info] <0.230.0> Will seed default virtual host and user...
2023-12-06 13:15:19.763183+00:00 [info] <0.230.0> Adding vhost '/' (description: 'Default virtual host', tags: [])
2023-12-06 13:15:19.770023+00:00 [info] <0.230.0> Inserted a virtual host record {vhost,<<"/">>,[],
2023-12-06 13:15:19.770023+00:00 [info] <0.230.0>                                       #{description =>
2023-12-06 13:15:19.770023+00:00 [info] <0.230.0>                                             <<"Default virtual host">>,
2023-12-06 13:15:19.770023+00:00 [info] <0.230.0>                                         tags => []}}
2023-12-06 13:15:19.790687+00:00 [info] <0.547.0> Making sure data directory '/var/lib/rabbitmq/mnesia/rabbit@e8270c1b1d60/msg_stores/vhosts/628WB79CIFDYO9LJI6DKMI09L' for vhost '/' exists
2023-12-06 13:15:19.804528+00:00 [info] <0.547.0> Setting segment_entry_count for vhost '/' with 0 queues to '2048'
2023-12-06 13:15:19.832025+00:00 [info] <0.547.0> Starting message stores for vhost '/'
2023-12-06 13:15:19.832528+00:00 [info] <0.557.0> Message store "628WB79CIFDYO9LJI6DKMI09L/msg_store_transient": using rabbit_msg_store_ets_index to provide index
2023-12-06 13:15:19.840675+00:00 [info] <0.547.0> Started message store of type transient for vhost '/'
2023-12-06 13:15:19.840949+00:00 [info] <0.561.0> Message store "628WB79CIFDYO9LJI6DKMI09L/msg_store_persistent": using rabbit_msg_store_ets_index to provide index
2023-12-06 13:15:19.847803+00:00 [warning] <0.561.0> Message store "628WB79CIFDYO9LJI6DKMI09L/msg_store_persistent": rebuilding indices from scratch
2023-12-06 13:15:19.854023+00:00 [info] <0.547.0> Started message store of type persistent for vhost '/'
2023-12-06 13:15:19.854251+00:00 [info] <0.547.0> Recovering 0 queues of type rabbit_classic_queue took 44ms
2023-12-06 13:15:19.854283+00:00 [info] <0.547.0> Recovering 0 queues of type rabbit_quorum_queue took 0ms
2023-12-06 13:15:19.854312+00:00 [info] <0.547.0> Recovering 0 queues of type rabbit_stream_queue took 0ms
2023-12-06 13:15:19.860164+00:00 [info] <0.230.0> Created user 'default_user'
2023-12-06 13:15:19.863245+00:00 [info] <0.230.0> Successfully set user tags for user 'default_user' to [administrator]
2023-12-06 13:15:19.866024+00:00 [info] <0.230.0> Successfully set permissions for user 'default_user' in virtual host '/' to '.*', '.*', '.*'
2023-12-06 13:15:19.866098+00:00 [info] <0.230.0> Running boot step rabbit_observer_cli defined by app rabbit
2023-12-06 13:15:19.866185+00:00 [info] <0.230.0> Running boot step rabbit_looking_glass defined by app rabbit
2023-12-06 13:15:19.866230+00:00 [info] <0.230.0> Running boot step rabbit_core_metrics_gc defined by app rabbit
2023-12-06 13:15:19.866409+00:00 [info] <0.230.0> Running boot step background_gc defined by app rabbit
2023-12-06 13:15:19.866648+00:00 [info] <0.230.0> Running boot step routing_ready defined by app rabbit
2023-12-06 13:15:19.866681+00:00 [info] <0.230.0> Running boot step pre_flight defined by app rabbit
2023-12-06 13:15:19.866768+00:00 [info] <0.230.0> Running boot step notify_cluster defined by app rabbit
2023-12-06 13:15:19.866871+00:00 [info] <0.230.0> Running boot step networking defined by app rabbit
2023-12-06 13:15:19.866955+00:00 [info] <0.230.0> Running boot step definition_import_worker_pool defined by app rabbit
2023-12-06 13:15:19.867093+00:00 [info] <0.283.0> Starting worker pool 'definition_import_pool' with 16 processes in it
2023-12-06 13:15:19.868329+00:00 [info] <0.230.0> Running boot step cluster_name defined by app rabbit
2023-12-06 13:15:19.868457+00:00 [info] <0.230.0> Initialising internal cluster ID to 'rabbitmq-cluster-id-LJgw07hH8e2_397IUhtaGw'
2023-12-06 13:15:19.871511+00:00 [info] <0.230.0> Running boot step direct_client defined by app rabbit
2023-12-06 13:15:19.871617+00:00 [info] <0.230.0> Running boot step rabbit_maintenance_mode_state defined by app rabbit
2023-12-06 13:15:19.871673+00:00 [info] <0.230.0> Creating table rabbit_node_maintenance_states for maintenance mode status
2023-12-06 13:15:19.885313+00:00 [info] <0.613.0> Resetting node maintenance status
2023-12-06 13:15:19.885483+00:00 [info] <0.613.0> Ready to start client connection listeners
2023-12-06 13:15:19.887903+00:00 [info] <0.631.0> started TCP listener on [::]:5672
2023-12-06 13:15:19.999376+00:00 [info] <0.613.0> Server startup complete; 0 plugins started.
2023-12-06 13:15:20.086167+00:00 [info] <0.9.0> Time to start RabbitMQ: 7926794 us
2023-12-06 13:17:06.403212+00:00 [notice] <0.61.0> SIGTERM received - shutting down
2023-12-06 13:17:06.403212+00:00 [notice] <0.61.0> 
2023-12-06 13:17:06.405702+00:00 [info] <0.230.0> Peer discovery backend rabbit_peer_discovery_classic_config does not support registration, skipping unregistration.
2023-12-06 13:17:06.406002+00:00 [info] <0.631.0> stopped TCP listener on [::]:5672
2023-12-06 13:17:06.407943+00:00 [info] <0.650.0> Closing all connections in vhost '/' on node 'rabbit@e8270c1b1d60' because the vhost is stopping
2023-12-06 13:17:06.408109+00:00 [info] <0.561.0> Stopping message store for directory '/var/lib/rabbitmq/mnesia/rabbit@e8270c1b1d60/msg_stores/vhosts/628WB79CIFDYO9LJI6DKMI09L/msg_store_persistent'
2023-12-06 13:17:06.436679+00:00 [info] <0.561.0> Message store for directory '/var/lib/rabbitmq/mnesia/rabbit@e8270c1b1d60/msg_stores/vhosts/628WB79CIFDYO9LJI6DKMI09L/msg_store_persistent' is stopped
2023-12-06 13:17:06.436885+00:00 [info] <0.557.0> Stopping message store for directory '/var/lib/rabbitmq/mnesia/rabbit@e8270c1b1d60/msg_stores/vhosts/628WB79CIFDYO9LJI6DKMI09L/msg_store_transient'
2023-12-06 13:17:06.463273+00:00 [info] <0.557.0> Message store for directory '/var/lib/rabbitmq/mnesia/rabbit@e8270c1b1d60/msg_stores/vhosts/628WB79CIFDYO9LJI6DKMI09L/msg_store_transient' is stopped
