2023-11-22 16:02:10.462672+00:00 [notice] <0.230.0> Logging: configured log handlers are now ACTIVE
2023-11-22 16:02:10.768975+00:00 [info] <0.230.0> ra: starting system quorum_queues
2023-11-22 16:02:10.769086+00:00 [info] <0.230.0> starting Ra system: quorum_queues in directory: /var/lib/rabbitmq/mnesia/rabbit@ee0c7c6332e7/quorum/rabbit@ee0c7c6332e7
2023-11-22 16:02:10.870388+00:00 [info] <0.262.0> ra system 'quorum_queues' running pre init for 0 registered servers
2023-11-22 16:02:10.887474+00:00 [info] <0.263.0> ra: meta data store initialised for system quorum_queues. 0 record(s) recovered
2023-11-22 16:02:10.906235+00:00 [notice] <0.268.0> WAL: ra_log_wal init, open tbls: ra_log_open_mem_tables, closed tbls: ra_log_closed_mem_tables
2023-11-22 16:02:10.927664+00:00 [info] <0.230.0> ra: starting system coordination
2023-11-22 16:02:10.927715+00:00 [info] <0.230.0> starting Ra system: coordination in directory: /var/lib/rabbitmq/mnesia/rabbit@ee0c7c6332e7/coordination/rabbit@ee0c7c6332e7
2023-11-22 16:02:10.938975+00:00 [info] <0.275.0> ra system 'coordination' running pre init for 0 registered servers
2023-11-22 16:02:10.942785+00:00 [info] <0.276.0> ra: meta data store initialised for system coordination. 0 record(s) recovered
2023-11-22 16:02:10.943048+00:00 [notice] <0.281.0> WAL: ra_coordination_log_wal init, open tbls: ra_coordination_log_open_mem_tables, closed tbls: ra_coordination_log_closed_mem_tables
2023-11-22 16:02:10.954926+00:00 [info] <0.230.0> 
2023-11-22 16:02:10.954926+00:00 [info] <0.230.0>  Starting RabbitMQ 3.12.9 on Erlang 25.3.2.7 [jit]
2023-11-22 16:02:10.954926+00:00 [info] <0.230.0>  Copyright (c) 2007-2023 VMware, Inc. or its affiliates.
2023-11-22 16:02:10.954926+00:00 [info] <0.230.0>  Licensed under the MPL 2.0. Website: https://rabbitmq.com
2023-11-22 16:02:10.956519+00:00 [info] <0.230.0> 
2023-11-22 16:02:10.956519+00:00 [info] <0.230.0>  node           : rabbit@ee0c7c6332e7
2023-11-22 16:02:10.956519+00:00 [info] <0.230.0>  home dir       : /var/lib/rabbitmq
2023-11-22 16:02:10.956519+00:00 [info] <0.230.0>  config file(s) : (none)
2023-11-22 16:02:10.956519+00:00 [info] <0.230.0>  cookie hash    : A7u2l7Eimxq5wfbBRxA6WQ==
2023-11-22 16:02:10.956519+00:00 [info] <0.230.0>  log(s)         : /var/log/rabbitmq/rabbit@ee0c7c6332e7.log
2023-11-22 16:02:10.956519+00:00 [info] <0.230.0>                 : <stdout>
2023-11-22 16:02:10.956519+00:00 [info] <0.230.0>  data dir       : /var/lib/rabbitmq/mnesia/rabbit@ee0c7c6332e7
2023-11-22 16:02:14.283290+00:00 [info] <0.230.0> Running boot step pre_boot defined by app rabbit
2023-11-22 16:02:14.283370+00:00 [info] <0.230.0> Running boot step rabbit_global_counters defined by app rabbit
2023-11-22 16:02:14.283681+00:00 [info] <0.230.0> Running boot step rabbit_osiris_metrics defined by app rabbit
2023-11-22 16:02:14.283779+00:00 [info] <0.230.0> Running boot step rabbit_core_metrics defined by app rabbit
2023-11-22 16:02:14.284401+00:00 [info] <0.230.0> Running boot step rabbit_alarm defined by app rabbit
2023-11-22 16:02:14.287771+00:00 [info] <0.299.0> Memory high watermark set to 3165 MiB (3319504896 bytes) of 7914 MiB (8298762240 bytes) total
2023-11-22 16:02:14.291202+00:00 [info] <0.301.0> Enabling free disk space monitoring (disk free space: 812959588352, total memory: 8298762240)
2023-11-22 16:02:14.291234+00:00 [info] <0.301.0> Disk free limit set to 50MB
2023-11-22 16:02:14.293353+00:00 [info] <0.230.0> Running boot step code_server_cache defined by app rabbit
2023-11-22 16:02:14.293467+00:00 [info] <0.230.0> Running boot step file_handle_cache defined by app rabbit
2023-11-22 16:02:14.293689+00:00 [info] <0.304.0> Limiting to approx 1048479 file handles (943629 sockets)
2023-11-22 16:02:14.293784+00:00 [info] <0.305.0> FHC read buffering: OFF
2023-11-22 16:02:14.293821+00:00 [info] <0.305.0> FHC write buffering: ON
2023-11-22 16:02:14.294525+00:00 [info] <0.230.0> Running boot step worker_pool defined by app rabbit
2023-11-22 16:02:14.294595+00:00 [info] <0.283.0> Will use 16 processes for default worker pool
2023-11-22 16:02:14.294646+00:00 [info] <0.283.0> Starting worker pool 'worker_pool' with 16 processes in it
2023-11-22 16:02:14.295382+00:00 [info] <0.230.0> Running boot step database defined by app rabbit
2023-11-22 16:02:14.298270+00:00 [info] <0.230.0> Node database directory at /var/lib/rabbitmq/mnesia/rabbit@ee0c7c6332e7 is empty. Assuming we need to join an existing cluster or initialise from scratch...
2023-11-22 16:02:14.298312+00:00 [info] <0.230.0> Configured peer discovery backend: rabbit_peer_discovery_classic_config
2023-11-22 16:02:14.298373+00:00 [info] <0.230.0> Will try to lock with peer discovery backend rabbit_peer_discovery_classic_config
2023-11-22 16:02:14.298453+00:00 [info] <0.230.0> All discovered existing cluster peers:
2023-11-22 16:02:14.298477+00:00 [info] <0.230.0> Discovered no peer nodes to cluster with. Some discovery backends can filter nodes out based on a readiness criteria. Enabling debug logging might help troubleshoot.
2023-11-22 16:02:14.301930+00:00 [notice] <0.44.0> Application mnesia exited with reason: stopped
2023-11-22 16:02:14.724654+00:00 [info] <0.230.0> Waiting for Mnesia tables for 30000 ms, 9 retries left
2023-11-22 16:02:14.724835+00:00 [info] <0.230.0> Successfully synced tables from a peer
2023-11-22 16:02:14.725415+00:00 [notice] <0.284.0> Feature flags: attempt to enable `stream_sac_coordinator_unblock_group`...
2023-11-22 16:02:14.759222+00:00 [notice] <0.284.0> Feature flags: `stream_sac_coordinator_unblock_group` enabled
2023-11-22 16:02:14.759494+00:00 [notice] <0.284.0> Feature flags: attempt to enable `restart_streams`...
2023-11-22 16:02:14.794074+00:00 [notice] <0.284.0> Feature flags: `restart_streams` enabled
2023-11-22 16:02:14.794585+00:00 [info] <0.230.0> Waiting for Mnesia tables for 30000 ms, 9 retries left
2023-11-22 16:02:14.794892+00:00 [info] <0.230.0> Successfully synced tables from a peer
2023-11-22 16:02:14.824423+00:00 [info] <0.230.0> Waiting for Mnesia tables for 30000 ms, 9 retries left
2023-11-22 16:02:14.824676+00:00 [info] <0.230.0> Successfully synced tables from a peer
2023-11-22 16:02:14.824729+00:00 [info] <0.230.0> Peer discovery backend rabbit_peer_discovery_classic_config does not support registration, skipping registration.
2023-11-22 16:02:14.824758+00:00 [info] <0.230.0> Will try to unlock with peer discovery backend rabbit_peer_discovery_classic_config
2023-11-22 16:02:14.825140+00:00 [info] <0.230.0> Running boot step tracking_metadata_store defined by app rabbit
2023-11-22 16:02:14.825258+00:00 [info] <0.494.0> Setting up a table for connection tracking on this node: tracked_connection
2023-11-22 16:02:14.825306+00:00 [info] <0.494.0> Setting up a table for per-vhost connection counting on this node: tracked_connection_per_vhost
2023-11-22 16:02:14.825458+00:00 [info] <0.494.0> Setting up a table for per-user connection counting on this node: tracked_connection_per_user
2023-11-22 16:02:14.825546+00:00 [info] <0.494.0> Setting up a table for channel tracking on this node: tracked_channel
2023-11-22 16:02:14.825723+00:00 [info] <0.494.0> Setting up a table for channel tracking on this node: tracked_channel_per_user
2023-11-22 16:02:14.826034+00:00 [info] <0.230.0> Running boot step networking_metadata_store defined by app rabbit
2023-11-22 16:02:14.826123+00:00 [info] <0.230.0> Running boot step feature_flags defined by app rabbit
2023-11-22 16:02:14.829310+00:00 [info] <0.230.0> Running boot step codec_correctness_check defined by app rabbit
2023-11-22 16:02:14.829385+00:00 [info] <0.230.0> Running boot step external_infrastructure defined by app rabbit
2023-11-22 16:02:14.829410+00:00 [info] <0.230.0> Running boot step rabbit_event defined by app rabbit
2023-11-22 16:02:14.829583+00:00 [info] <0.230.0> Running boot step rabbit_registry defined by app rabbit
2023-11-22 16:02:14.829696+00:00 [info] <0.230.0> Running boot step rabbit_auth_mechanism_amqplain defined by app rabbit
2023-11-22 16:02:14.829833+00:00 [info] <0.230.0> Running boot step rabbit_auth_mechanism_cr_demo defined by app rabbit
2023-11-22 16:02:14.829920+00:00 [info] <0.230.0> Running boot step rabbit_auth_mechanism_plain defined by app rabbit
2023-11-22 16:02:14.829997+00:00 [info] <0.230.0> Running boot step rabbit_exchange_type_direct defined by app rabbit
2023-11-22 16:02:14.830074+00:00 [info] <0.230.0> Running boot step rabbit_exchange_type_fanout defined by app rabbit
2023-11-22 16:02:14.830151+00:00 [info] <0.230.0> Running boot step rabbit_exchange_type_headers defined by app rabbit
2023-11-22 16:02:14.830223+00:00 [info] <0.230.0> Running boot step rabbit_exchange_type_topic defined by app rabbit
2023-11-22 16:02:14.830299+00:00 [info] <0.230.0> Running boot step rabbit_mirror_queue_mode_all defined by app rabbit
2023-11-22 16:02:14.830418+00:00 [info] <0.230.0> Running boot step rabbit_mirror_queue_mode_exactly defined by app rabbit
2023-11-22 16:02:14.830487+00:00 [info] <0.230.0> Running boot step rabbit_mirror_queue_mode_nodes defined by app rabbit
2023-11-22 16:02:14.830551+00:00 [info] <0.230.0> Running boot step rabbit_priority_queue defined by app rabbit
2023-11-22 16:02:14.830587+00:00 [info] <0.230.0> Priority queues enabled, real BQ is rabbit_variable_queue
2023-11-22 16:02:14.830707+00:00 [info] <0.230.0> Running boot step rabbit_queue_location_client_local defined by app rabbit
2023-11-22 16:02:14.830819+00:00 [info] <0.230.0> Running boot step rabbit_queue_location_min_masters defined by app rabbit
2023-11-22 16:02:14.830950+00:00 [info] <0.230.0> Running boot step rabbit_queue_location_random defined by app rabbit
2023-11-22 16:02:14.831026+00:00 [info] <0.230.0> Running boot step kernel_ready defined by app rabbit
2023-11-22 16:02:14.831055+00:00 [info] <0.230.0> Running boot step rabbit_sysmon_minder defined by app rabbit
2023-11-22 16:02:14.831271+00:00 [info] <0.230.0> Running boot step rabbit_epmd_monitor defined by app rabbit
2023-11-22 16:02:14.832360+00:00 [info] <0.502.0> epmd monitor knows us, inter-node communication (distribution) port: 25672
2023-11-22 16:02:14.832459+00:00 [info] <0.230.0> Running boot step guid_generator defined by app rabbit
2023-11-22 16:02:14.841901+00:00 [info] <0.230.0> Running boot step rabbit_node_monitor defined by app rabbit
2023-11-22 16:02:14.842162+00:00 [info] <0.506.0> Starting rabbit_node_monitor (in ignore mode)
2023-11-22 16:02:14.842327+00:00 [info] <0.230.0> Running boot step delegate_sup defined by app rabbit
2023-11-22 16:02:14.842997+00:00 [info] <0.230.0> Running boot step rabbit_memory_monitor defined by app rabbit
2023-11-22 16:02:14.843259+00:00 [info] <0.230.0> Running boot step rabbit_fifo_dlx_sup defined by app rabbit
2023-11-22 16:02:14.843382+00:00 [info] <0.230.0> Running boot step core_initialized defined by app rabbit
2023-11-22 16:02:14.843440+00:00 [info] <0.230.0> Running boot step rabbit_channel_tracking_handler defined by app rabbit
2023-11-22 16:02:14.843488+00:00 [info] <0.230.0> Running boot step rabbit_connection_tracking_handler defined by app rabbit
2023-11-22 16:02:14.843599+00:00 [info] <0.230.0> Running boot step rabbit_definitions_hashing defined by app rabbit
2023-11-22 16:02:14.843714+00:00 [info] <0.230.0> Running boot step rabbit_exchange_parameters defined by app rabbit
2023-11-22 16:02:14.844137+00:00 [info] <0.230.0> Running boot step rabbit_mirror_queue_misc defined by app rabbit
2023-11-22 16:02:14.844952+00:00 [info] <0.230.0> Running boot step rabbit_policies defined by app rabbit
2023-11-22 16:02:14.845684+00:00 [info] <0.230.0> Running boot step rabbit_policy defined by app rabbit
2023-11-22 16:02:14.845786+00:00 [info] <0.230.0> Running boot step rabbit_queue_location_validator defined by app rabbit
2023-11-22 16:02:14.845912+00:00 [info] <0.230.0> Running boot step rabbit_quorum_memory_manager defined by app rabbit
2023-11-22 16:02:14.845988+00:00 [info] <0.230.0> Running boot step rabbit_stream_coordinator defined by app rabbit
2023-11-22 16:02:14.846394+00:00 [info] <0.230.0> Running boot step rabbit_vhost_limit defined by app rabbit
2023-11-22 16:02:14.846466+00:00 [info] <0.230.0> Running boot step recovery defined by app rabbit
2023-11-22 16:02:14.847574+00:00 [info] <0.230.0> Running boot step empty_db_check defined by app rabbit
2023-11-22 16:02:14.847637+00:00 [info] <0.230.0> Will seed default virtual host and user...
2023-11-22 16:02:14.847740+00:00 [info] <0.230.0> Adding vhost '/' (description: 'Default virtual host', tags: [])
2023-11-22 16:02:14.855260+00:00 [info] <0.230.0> Inserted a virtual host record {vhost,<<"/">>,[],
2023-11-22 16:02:14.855260+00:00 [info] <0.230.0>                                       #{description =>
2023-11-22 16:02:14.855260+00:00 [info] <0.230.0>                                             <<"Default virtual host">>,
2023-11-22 16:02:14.855260+00:00 [info] <0.230.0>                                         tags => []}}
2023-11-22 16:02:14.876280+00:00 [info] <0.547.0> Making sure data directory '/var/lib/rabbitmq/mnesia/rabbit@ee0c7c6332e7/msg_stores/vhosts/628WB79CIFDYO9LJI6DKMI09L' for vhost '/' exists
2023-11-22 16:02:14.890906+00:00 [info] <0.547.0> Setting segment_entry_count for vhost '/' with 0 queues to '2048'
2023-11-22 16:02:14.922932+00:00 [info] <0.547.0> Starting message stores for vhost '/'
2023-11-22 16:02:14.923443+00:00 [info] <0.557.0> Message store "628WB79CIFDYO9LJI6DKMI09L/msg_store_transient": using rabbit_msg_store_ets_index to provide index
2023-11-22 16:02:14.933620+00:00 [info] <0.547.0> Started message store of type transient for vhost '/'
2023-11-22 16:02:14.933893+00:00 [info] <0.561.0> Message store "628WB79CIFDYO9LJI6DKMI09L/msg_store_persistent": using rabbit_msg_store_ets_index to provide index
2023-11-22 16:02:14.940114+00:00 [warning] <0.561.0> Message store "628WB79CIFDYO9LJI6DKMI09L/msg_store_persistent": rebuilding indices from scratch
2023-11-22 16:02:14.945992+00:00 [info] <0.547.0> Started message store of type persistent for vhost '/'
2023-11-22 16:02:14.946106+00:00 [info] <0.547.0> Recovering 0 queues of type rabbit_classic_queue took 50ms
2023-11-22 16:02:14.946164+00:00 [info] <0.547.0> Recovering 0 queues of type rabbit_quorum_queue took 0ms
2023-11-22 16:02:14.946227+00:00 [info] <0.547.0> Recovering 0 queues of type rabbit_stream_queue took 0ms
2023-11-22 16:02:14.950717+00:00 [info] <0.230.0> Created user 'default_user'
2023-11-22 16:02:14.953284+00:00 [info] <0.230.0> Successfully set user tags for user 'default_user' to [administrator]
2023-11-22 16:02:14.956357+00:00 [info] <0.230.0> Successfully set permissions for user 'default_user' in virtual host '/' to '.*', '.*', '.*'
2023-11-22 16:02:14.956468+00:00 [info] <0.230.0> Running boot step rabbit_observer_cli defined by app rabbit
2023-11-22 16:02:14.956568+00:00 [info] <0.230.0> Running boot step rabbit_looking_glass defined by app rabbit
2023-11-22 16:02:14.956606+00:00 [info] <0.230.0> Running boot step rabbit_core_metrics_gc defined by app rabbit
2023-11-22 16:02:14.956817+00:00 [info] <0.230.0> Running boot step background_gc defined by app rabbit
2023-11-22 16:02:14.957051+00:00 [info] <0.230.0> Running boot step routing_ready defined by app rabbit
2023-11-22 16:02:14.957082+00:00 [info] <0.230.0> Running boot step pre_flight defined by app rabbit
2023-11-22 16:02:14.957102+00:00 [info] <0.230.0> Running boot step notify_cluster defined by app rabbit
2023-11-22 16:02:14.957167+00:00 [info] <0.230.0> Running boot step networking defined by app rabbit
2023-11-22 16:02:14.957197+00:00 [info] <0.230.0> Running boot step definition_import_worker_pool defined by app rabbit
2023-11-22 16:02:14.957251+00:00 [info] <0.283.0> Starting worker pool 'definition_import_pool' with 16 processes in it
2023-11-22 16:02:14.958160+00:00 [info] <0.230.0> Running boot step cluster_name defined by app rabbit
2023-11-22 16:02:14.958248+00:00 [info] <0.230.0> Initialising internal cluster ID to 'rabbitmq-cluster-id-4TnItBBMrE2yc2Eovep2TQ'
2023-11-22 16:02:14.961222+00:00 [info] <0.230.0> Running boot step direct_client defined by app rabbit
2023-11-22 16:02:14.961335+00:00 [info] <0.230.0> Running boot step rabbit_maintenance_mode_state defined by app rabbit
2023-11-22 16:02:14.961398+00:00 [info] <0.230.0> Creating table rabbit_node_maintenance_states for maintenance mode status
2023-11-22 16:02:14.975723+00:00 [info] <0.613.0> Resetting node maintenance status
2023-11-22 16:02:14.975912+00:00 [info] <0.613.0> Ready to start client connection listeners
2023-11-22 16:02:14.978130+00:00 [info] <0.631.0> started TCP listener on [::]:5672
2023-11-22 16:02:15.089884+00:00 [info] <0.613.0> Server startup complete; 0 plugins started.
2023-11-22 16:02:15.176534+00:00 [info] <0.9.0> Time to start RabbitMQ: 8078857 us
