2023-11-29 12:57:36.635473+00:00 [notice] <0.230.0> Logging: configured log handlers are now ACTIVE
2023-11-29 12:57:36.992191+00:00 [info] <0.230.0> ra: starting system quorum_queues
2023-11-29 12:57:36.992326+00:00 [info] <0.230.0> starting Ra system: quorum_queues in directory: /var/lib/rabbitmq/mnesia/rabbit@e34208a1d48a/quorum/rabbit@e34208a1d48a
2023-11-29 12:57:37.113389+00:00 [info] <0.262.0> ra system 'quorum_queues' running pre init for 0 registered servers
2023-11-29 12:57:37.130645+00:00 [info] <0.263.0> ra: meta data store initialised for system quorum_queues. 0 record(s) recovered
2023-11-29 12:57:37.151624+00:00 [notice] <0.268.0> WAL: ra_log_wal init, open tbls: ra_log_open_mem_tables, closed tbls: ra_log_closed_mem_tables
2023-11-29 12:57:37.175313+00:00 [info] <0.230.0> ra: starting system coordination
2023-11-29 12:57:37.175398+00:00 [info] <0.230.0> starting Ra system: coordination in directory: /var/lib/rabbitmq/mnesia/rabbit@e34208a1d48a/coordination/rabbit@e34208a1d48a
2023-11-29 12:57:37.189255+00:00 [info] <0.275.0> ra system 'coordination' running pre init for 0 registered servers
2023-11-29 12:57:37.193508+00:00 [info] <0.276.0> ra: meta data store initialised for system coordination. 0 record(s) recovered
2023-11-29 12:57:37.193679+00:00 [notice] <0.281.0> WAL: ra_coordination_log_wal init, open tbls: ra_coordination_log_open_mem_tables, closed tbls: ra_coordination_log_closed_mem_tables
2023-11-29 12:57:37.208091+00:00 [info] <0.230.0> 
2023-11-29 12:57:37.208091+00:00 [info] <0.230.0>  Starting RabbitMQ 3.12.9 on Erlang 25.3.2.7 [jit]
2023-11-29 12:57:37.208091+00:00 [info] <0.230.0>  Copyright (c) 2007-2023 VMware, Inc. or its affiliates.
2023-11-29 12:57:37.208091+00:00 [info] <0.230.0>  Licensed under the MPL 2.0. Website: https://rabbitmq.com
2023-11-29 12:57:37.209769+00:00 [info] <0.230.0> 
2023-11-29 12:57:37.209769+00:00 [info] <0.230.0>  node           : rabbit@e34208a1d48a
2023-11-29 12:57:37.209769+00:00 [info] <0.230.0>  home dir       : /var/lib/rabbitmq
2023-11-29 12:57:37.209769+00:00 [info] <0.230.0>  config file(s) : (none)
2023-11-29 12:57:37.209769+00:00 [info] <0.230.0>  cookie hash    : A7u2l7Eimxq5wfbBRxA6WQ==
2023-11-29 12:57:37.209769+00:00 [info] <0.230.0>  log(s)         : /var/log/rabbitmq/rabbit@e34208a1d48a.log
2023-11-29 12:57:37.209769+00:00 [info] <0.230.0>                 : <stdout>
2023-11-29 12:57:37.209769+00:00 [info] <0.230.0>  data dir       : /var/lib/rabbitmq/mnesia/rabbit@e34208a1d48a
2023-11-29 12:57:42.292934+00:00 [info] <0.230.0> Running boot step pre_boot defined by app rabbit
2023-11-29 12:57:42.292992+00:00 [info] <0.230.0> Running boot step rabbit_global_counters defined by app rabbit
2023-11-29 12:57:42.293448+00:00 [info] <0.230.0> Running boot step rabbit_osiris_metrics defined by app rabbit
2023-11-29 12:57:42.293582+00:00 [info] <0.230.0> Running boot step rabbit_core_metrics defined by app rabbit
2023-11-29 12:57:42.295061+00:00 [info] <0.230.0> Running boot step rabbit_alarm defined by app rabbit
2023-11-29 12:57:42.315043+00:00 [info] <0.299.0> Memory high watermark set to 3165 MiB (3319504896 bytes) of 7914 MiB (8298762240 bytes) total
2023-11-29 12:57:42.318835+00:00 [info] <0.301.0> Enabling free disk space monitoring (disk free space: 809217748992, total memory: 8298762240)
2023-11-29 12:57:42.318871+00:00 [info] <0.301.0> Disk free limit set to 50MB
2023-11-29 12:57:42.321235+00:00 [info] <0.230.0> Running boot step code_server_cache defined by app rabbit
2023-11-29 12:57:42.321370+00:00 [info] <0.230.0> Running boot step file_handle_cache defined by app rabbit
2023-11-29 12:57:42.321618+00:00 [info] <0.304.0> Limiting to approx 1048479 file handles (943629 sockets)
2023-11-29 12:57:42.321743+00:00 [info] <0.305.0> FHC read buffering: OFF
2023-11-29 12:57:42.321799+00:00 [info] <0.305.0> FHC write buffering: ON
2023-11-29 12:57:42.324135+00:00 [info] <0.230.0> Running boot step worker_pool defined by app rabbit
2023-11-29 12:57:42.324171+00:00 [info] <0.283.0> Will use 16 processes for default worker pool
2023-11-29 12:57:42.324193+00:00 [info] <0.283.0> Starting worker pool 'worker_pool' with 16 processes in it
2023-11-29 12:57:42.325106+00:00 [info] <0.230.0> Running boot step database defined by app rabbit
2023-11-29 12:57:42.328084+00:00 [info] <0.230.0> Node database directory at /var/lib/rabbitmq/mnesia/rabbit@e34208a1d48a is empty. Assuming we need to join an existing cluster or initialise from scratch...
2023-11-29 12:57:42.328153+00:00 [info] <0.230.0> Configured peer discovery backend: rabbit_peer_discovery_classic_config
2023-11-29 12:57:42.328241+00:00 [info] <0.230.0> Will try to lock with peer discovery backend rabbit_peer_discovery_classic_config
2023-11-29 12:57:42.328352+00:00 [info] <0.230.0> All discovered existing cluster peers:
2023-11-29 12:57:42.328377+00:00 [info] <0.230.0> Discovered no peer nodes to cluster with. Some discovery backends can filter nodes out based on a readiness criteria. Enabling debug logging might help troubleshoot.
2023-11-29 12:57:42.331408+00:00 [notice] <0.44.0> Application mnesia exited with reason: stopped
2023-11-29 12:57:43.475861+00:00 [info] <0.230.0> Waiting for Mnesia tables for 30000 ms, 9 retries left
2023-11-29 12:57:43.476051+00:00 [info] <0.230.0> Successfully synced tables from a peer
2023-11-29 12:57:43.476622+00:00 [notice] <0.284.0> Feature flags: attempt to enable `stream_sac_coordinator_unblock_group`...
2023-11-29 12:57:43.506004+00:00 [notice] <0.284.0> Feature flags: `stream_sac_coordinator_unblock_group` enabled
2023-11-29 12:57:43.506225+00:00 [notice] <0.284.0> Feature flags: attempt to enable `restart_streams`...
2023-11-29 12:57:43.538816+00:00 [notice] <0.284.0> Feature flags: `restart_streams` enabled
2023-11-29 12:57:43.539113+00:00 [info] <0.230.0> Waiting for Mnesia tables for 30000 ms, 9 retries left
2023-11-29 12:57:43.539230+00:00 [info] <0.230.0> Successfully synced tables from a peer
2023-11-29 12:57:43.613574+00:00 [info] <0.230.0> Waiting for Mnesia tables for 30000 ms, 9 retries left
2023-11-29 12:57:43.613930+00:00 [info] <0.230.0> Successfully synced tables from a peer
2023-11-29 12:57:43.614063+00:00 [info] <0.230.0> Peer discovery backend rabbit_peer_discovery_classic_config does not support registration, skipping registration.
2023-11-29 12:57:43.614265+00:00 [info] <0.230.0> Will try to unlock with peer discovery backend rabbit_peer_discovery_classic_config
2023-11-29 12:57:43.615048+00:00 [info] <0.230.0> Running boot step tracking_metadata_store defined by app rabbit
2023-11-29 12:57:43.615206+00:00 [info] <0.494.0> Setting up a table for connection tracking on this node: tracked_connection
2023-11-29 12:57:43.615259+00:00 [info] <0.494.0> Setting up a table for per-vhost connection counting on this node: tracked_connection_per_vhost
2023-11-29 12:57:43.615534+00:00 [info] <0.494.0> Setting up a table for per-user connection counting on this node: tracked_connection_per_user
2023-11-29 12:57:43.615677+00:00 [info] <0.494.0> Setting up a table for channel tracking on this node: tracked_channel
2023-11-29 12:57:43.616120+00:00 [info] <0.494.0> Setting up a table for channel tracking on this node: tracked_channel_per_user
2023-11-29 12:57:43.616381+00:00 [info] <0.230.0> Running boot step networking_metadata_store defined by app rabbit
2023-11-29 12:57:43.616639+00:00 [info] <0.230.0> Running boot step feature_flags defined by app rabbit
2023-11-29 12:57:43.619786+00:00 [info] <0.230.0> Running boot step codec_correctness_check defined by app rabbit
2023-11-29 12:57:43.619915+00:00 [info] <0.230.0> Running boot step external_infrastructure defined by app rabbit
2023-11-29 12:57:43.619951+00:00 [info] <0.230.0> Running boot step rabbit_event defined by app rabbit
2023-11-29 12:57:43.620192+00:00 [info] <0.230.0> Running boot step rabbit_registry defined by app rabbit
2023-11-29 12:57:43.620300+00:00 [info] <0.230.0> Running boot step rabbit_auth_mechanism_amqplain defined by app rabbit
2023-11-29 12:57:43.620426+00:00 [info] <0.230.0> Running boot step rabbit_auth_mechanism_cr_demo defined by app rabbit
2023-11-29 12:57:43.620519+00:00 [info] <0.230.0> Running boot step rabbit_auth_mechanism_plain defined by app rabbit
2023-11-29 12:57:43.620603+00:00 [info] <0.230.0> Running boot step rabbit_exchange_type_direct defined by app rabbit
2023-11-29 12:57:43.620777+00:00 [info] <0.230.0> Running boot step rabbit_exchange_type_fanout defined by app rabbit
2023-11-29 12:57:43.620902+00:00 [info] <0.230.0> Running boot step rabbit_exchange_type_headers defined by app rabbit
2023-11-29 12:57:43.620997+00:00 [info] <0.230.0> Running boot step rabbit_exchange_type_topic defined by app rabbit
2023-11-29 12:57:43.621175+00:00 [info] <0.230.0> Running boot step rabbit_mirror_queue_mode_all defined by app rabbit
2023-11-29 12:57:43.621264+00:00 [info] <0.230.0> Running boot step rabbit_mirror_queue_mode_exactly defined by app rabbit
2023-11-29 12:57:43.621368+00:00 [info] <0.230.0> Running boot step rabbit_mirror_queue_mode_nodes defined by app rabbit
2023-11-29 12:57:43.621416+00:00 [info] <0.230.0> Running boot step rabbit_priority_queue defined by app rabbit
2023-11-29 12:57:43.621446+00:00 [info] <0.230.0> Priority queues enabled, real BQ is rabbit_variable_queue
2023-11-29 12:57:43.621549+00:00 [info] <0.230.0> Running boot step rabbit_queue_location_client_local defined by app rabbit
2023-11-29 12:57:43.621636+00:00 [info] <0.230.0> Running boot step rabbit_queue_location_min_masters defined by app rabbit
2023-11-29 12:57:43.621744+00:00 [info] <0.230.0> Running boot step rabbit_queue_location_random defined by app rabbit
2023-11-29 12:57:43.621825+00:00 [info] <0.230.0> Running boot step kernel_ready defined by app rabbit
2023-11-29 12:57:43.621855+00:00 [info] <0.230.0> Running boot step rabbit_sysmon_minder defined by app rabbit
2023-11-29 12:57:43.621969+00:00 [info] <0.230.0> Running boot step rabbit_epmd_monitor defined by app rabbit
2023-11-29 12:57:43.623306+00:00 [info] <0.502.0> epmd monitor knows us, inter-node communication (distribution) port: 25672
2023-11-29 12:57:43.623617+00:00 [info] <0.230.0> Running boot step guid_generator defined by app rabbit
2023-11-29 12:57:43.657035+00:00 [info] <0.230.0> Running boot step rabbit_node_monitor defined by app rabbit
2023-11-29 12:57:43.657355+00:00 [info] <0.506.0> Starting rabbit_node_monitor (in ignore mode)
2023-11-29 12:57:43.657432+00:00 [info] <0.230.0> Running boot step delegate_sup defined by app rabbit
2023-11-29 12:57:43.658001+00:00 [info] <0.230.0> Running boot step rabbit_memory_monitor defined by app rabbit
2023-11-29 12:57:43.658352+00:00 [info] <0.230.0> Running boot step rabbit_fifo_dlx_sup defined by app rabbit
2023-11-29 12:57:43.658474+00:00 [info] <0.230.0> Running boot step core_initialized defined by app rabbit
2023-11-29 12:57:43.658505+00:00 [info] <0.230.0> Running boot step rabbit_channel_tracking_handler defined by app rabbit
2023-11-29 12:57:43.658591+00:00 [info] <0.230.0> Running boot step rabbit_connection_tracking_handler defined by app rabbit
2023-11-29 12:57:43.658635+00:00 [info] <0.230.0> Running boot step rabbit_definitions_hashing defined by app rabbit
2023-11-29 12:57:43.658742+00:00 [info] <0.230.0> Running boot step rabbit_exchange_parameters defined by app rabbit
2023-11-29 12:57:43.659099+00:00 [info] <0.230.0> Running boot step rabbit_mirror_queue_misc defined by app rabbit
2023-11-29 12:57:43.659609+00:00 [info] <0.230.0> Running boot step rabbit_policies defined by app rabbit
2023-11-29 12:57:43.660212+00:00 [info] <0.230.0> Running boot step rabbit_policy defined by app rabbit
2023-11-29 12:57:43.660353+00:00 [info] <0.230.0> Running boot step rabbit_queue_location_validator defined by app rabbit
2023-11-29 12:57:43.660454+00:00 [info] <0.230.0> Running boot step rabbit_quorum_memory_manager defined by app rabbit
2023-11-29 12:57:43.660554+00:00 [info] <0.230.0> Running boot step rabbit_stream_coordinator defined by app rabbit
2023-11-29 12:57:43.661141+00:00 [info] <0.230.0> Running boot step rabbit_vhost_limit defined by app rabbit
2023-11-29 12:57:43.661329+00:00 [info] <0.230.0> Running boot step recovery defined by app rabbit
2023-11-29 12:57:43.662604+00:00 [info] <0.230.0> Running boot step empty_db_check defined by app rabbit
2023-11-29 12:57:43.662641+00:00 [info] <0.230.0> Will seed default virtual host and user...
2023-11-29 12:57:43.662715+00:00 [info] <0.230.0> Adding vhost '/' (description: 'Default virtual host', tags: [])
2023-11-29 12:57:43.679751+00:00 [info] <0.230.0> Inserted a virtual host record {vhost,<<"/">>,[],
2023-11-29 12:57:43.679751+00:00 [info] <0.230.0>                                       #{description =>
2023-11-29 12:57:43.679751+00:00 [info] <0.230.0>                                             <<"Default virtual host">>,
2023-11-29 12:57:43.679751+00:00 [info] <0.230.0>                                         tags => []}}
2023-11-29 12:57:43.769347+00:00 [info] <0.547.0> Making sure data directory '/var/lib/rabbitmq/mnesia/rabbit@e34208a1d48a/msg_stores/vhosts/628WB79CIFDYO9LJI6DKMI09L' for vhost '/' exists
2023-11-29 12:57:43.784536+00:00 [info] <0.547.0> Setting segment_entry_count for vhost '/' with 0 queues to '2048'
2023-11-29 12:57:43.822288+00:00 [info] <0.547.0> Starting message stores for vhost '/'
2023-11-29 12:57:43.822647+00:00 [info] <0.557.0> Message store "628WB79CIFDYO9LJI6DKMI09L/msg_store_transient": using rabbit_msg_store_ets_index to provide index
2023-11-29 12:57:43.831431+00:00 [info] <0.547.0> Started message store of type transient for vhost '/'
2023-11-29 12:57:43.831593+00:00 [info] <0.561.0> Message store "628WB79CIFDYO9LJI6DKMI09L/msg_store_persistent": using rabbit_msg_store_ets_index to provide index
2023-11-29 12:57:43.837731+00:00 [warning] <0.561.0> Message store "628WB79CIFDYO9LJI6DKMI09L/msg_store_persistent": rebuilding indices from scratch
2023-11-29 12:57:43.843519+00:00 [info] <0.547.0> Started message store of type persistent for vhost '/'
2023-11-29 12:57:43.843665+00:00 [info] <0.547.0> Recovering 0 queues of type rabbit_classic_queue took 54ms
2023-11-29 12:57:43.843697+00:00 [info] <0.547.0> Recovering 0 queues of type rabbit_quorum_queue took 0ms
2023-11-29 12:57:43.843721+00:00 [info] <0.547.0> Recovering 0 queues of type rabbit_stream_queue took 0ms
2023-11-29 12:57:43.853418+00:00 [info] <0.230.0> Created user 'default_user'
2023-11-29 12:57:43.866498+00:00 [info] <0.230.0> Successfully set user tags for user 'default_user' to [administrator]
2023-11-29 12:57:43.884817+00:00 [info] <0.230.0> Successfully set permissions for user 'default_user' in virtual host '/' to '.*', '.*', '.*'
2023-11-29 12:57:43.885013+00:00 [info] <0.230.0> Running boot step rabbit_observer_cli defined by app rabbit
2023-11-29 12:57:43.885160+00:00 [info] <0.230.0> Running boot step rabbit_looking_glass defined by app rabbit
2023-11-29 12:57:43.885199+00:00 [info] <0.230.0> Running boot step rabbit_core_metrics_gc defined by app rabbit
2023-11-29 12:57:43.886237+00:00 [info] <0.230.0> Running boot step background_gc defined by app rabbit
2023-11-29 12:57:43.886598+00:00 [info] <0.230.0> Running boot step routing_ready defined by app rabbit
2023-11-29 12:57:43.886631+00:00 [info] <0.230.0> Running boot step pre_flight defined by app rabbit
2023-11-29 12:57:43.886664+00:00 [info] <0.230.0> Running boot step notify_cluster defined by app rabbit
2023-11-29 12:57:43.886761+00:00 [info] <0.230.0> Running boot step networking defined by app rabbit
2023-11-29 12:57:43.886805+00:00 [info] <0.230.0> Running boot step definition_import_worker_pool defined by app rabbit
2023-11-29 12:57:43.886886+00:00 [info] <0.283.0> Starting worker pool 'definition_import_pool' with 16 processes in it
2023-11-29 12:57:43.888071+00:00 [info] <0.230.0> Running boot step cluster_name defined by app rabbit
2023-11-29 12:57:43.888192+00:00 [info] <0.230.0> Initialising internal cluster ID to 'rabbitmq-cluster-id-Nu_eLKjMvLhXJZCX8N1akg'
2023-11-29 12:57:43.897284+00:00 [info] <0.230.0> Running boot step direct_client defined by app rabbit
2023-11-29 12:57:43.897532+00:00 [info] <0.230.0> Running boot step rabbit_maintenance_mode_state defined by app rabbit
2023-11-29 12:57:43.897669+00:00 [info] <0.230.0> Creating table rabbit_node_maintenance_states for maintenance mode status
2023-11-29 12:57:43.929309+00:00 [info] <0.613.0> Resetting node maintenance status
2023-11-29 12:57:43.929565+00:00 [info] <0.613.0> Ready to start client connection listeners
2023-11-29 12:57:43.931259+00:00 [info] <0.631.0> started TCP listener on [::]:5672
2023-11-29 12:57:44.046863+00:00 [info] <0.613.0> Server startup complete; 0 plugins started.
2023-11-29 12:57:44.130332+00:00 [info] <0.9.0> Time to start RabbitMQ: 11253458 us
2023-11-29 17:51:07.438616+00:00 [notice] <0.61.0> SIGTERM received - shutting down
2023-11-29 17:51:07.438616+00:00 [notice] <0.61.0> 
2023-11-29 17:51:07.457848+00:00 [info] <0.230.0> Peer discovery backend rabbit_peer_discovery_classic_config does not support registration, skipping unregistration.
2023-11-29 17:51:07.462484+00:00 [info] <0.631.0> stopped TCP listener on [::]:5672
2023-11-29 17:51:07.474947+00:00 [info] <0.1322.0> Closing all connections in vhost '/' on node 'rabbit@e34208a1d48a' because the vhost is stopping
2023-11-29 17:51:07.476477+00:00 [info] <0.561.0> Stopping message store for directory '/var/lib/rabbitmq/mnesia/rabbit@e34208a1d48a/msg_stores/vhosts/628WB79CIFDYO9LJI6DKMI09L/msg_store_persistent'
2023-11-29 17:51:07.517121+00:00 [info] <0.561.0> Message store for directory '/var/lib/rabbitmq/mnesia/rabbit@e34208a1d48a/msg_stores/vhosts/628WB79CIFDYO9LJI6DKMI09L/msg_store_persistent' is stopped
2023-11-29 17:51:07.518092+00:00 [info] <0.557.0> Stopping message store for directory '/var/lib/rabbitmq/mnesia/rabbit@e34208a1d48a/msg_stores/vhosts/628WB79CIFDYO9LJI6DKMI09L/msg_store_transient'
2023-11-29 17:51:07.562906+00:00 [info] <0.557.0> Message store for directory '/var/lib/rabbitmq/mnesia/rabbit@e34208a1d48a/msg_stores/vhosts/628WB79CIFDYO9LJI6DKMI09L/msg_store_transient' is stopped
2023-12-01 16:34:57.676913+00:00 [notice] <0.230.0> Logging: configured log handlers are now ACTIVE
2023-12-01 16:34:58.363866+00:00 [info] <0.230.0> ra: starting system quorum_queues
2023-12-01 16:34:58.364029+00:00 [info] <0.230.0> starting Ra system: quorum_queues in directory: /var/lib/rabbitmq/mnesia/rabbit@e34208a1d48a/quorum/rabbit@e34208a1d48a
2023-12-01 16:34:58.435257+00:00 [info] <0.315.0> ra system 'quorum_queues' running pre init for 0 registered servers
2023-12-01 16:34:58.459937+00:00 [info] <0.325.0> ra: meta data store initialised for system quorum_queues. 0 record(s) recovered
2023-12-01 16:34:58.485210+00:00 [notice] <0.337.0> WAL: ra_log_wal init, open tbls: ra_log_open_mem_tables, closed tbls: ra_log_closed_mem_tables
2023-12-01 16:34:58.521178+00:00 [info] <0.230.0> ra: starting system coordination
2023-12-01 16:34:58.521264+00:00 [info] <0.230.0> starting Ra system: coordination in directory: /var/lib/rabbitmq/mnesia/rabbit@e34208a1d48a/coordination/rabbit@e34208a1d48a
2023-12-01 16:34:58.541902+00:00 [info] <0.350.0> ra system 'coordination' running pre init for 0 registered servers
2023-12-01 16:34:58.548630+00:00 [info] <0.351.0> ra: meta data store initialised for system coordination. 0 record(s) recovered
2023-12-01 16:34:58.548913+00:00 [notice] <0.356.0> WAL: ra_coordination_log_wal init, open tbls: ra_coordination_log_open_mem_tables, closed tbls: ra_coordination_log_closed_mem_tables
2023-12-01 16:34:58.564754+00:00 [info] <0.230.0> 
2023-12-01 16:34:58.564754+00:00 [info] <0.230.0>  Starting RabbitMQ 3.12.9 on Erlang 25.3.2.7 [jit]
2023-12-01 16:34:58.564754+00:00 [info] <0.230.0>  Copyright (c) 2007-2023 VMware, Inc. or its affiliates.
2023-12-01 16:34:58.564754+00:00 [info] <0.230.0>  Licensed under the MPL 2.0. Website: https://rabbitmq.com
2023-12-01 16:34:58.566308+00:00 [info] <0.230.0> 
2023-12-01 16:34:58.566308+00:00 [info] <0.230.0>  node           : rabbit@e34208a1d48a
2023-12-01 16:34:58.566308+00:00 [info] <0.230.0>  home dir       : /var/lib/rabbitmq
2023-12-01 16:34:58.566308+00:00 [info] <0.230.0>  config file(s) : (none)
2023-12-01 16:34:58.566308+00:00 [info] <0.230.0>  cookie hash    : A7u2l7Eimxq5wfbBRxA6WQ==
2023-12-01 16:34:58.566308+00:00 [info] <0.230.0>  log(s)         : /var/log/rabbitmq/rabbit@e34208a1d48a.log
2023-12-01 16:34:58.566308+00:00 [info] <0.230.0>                 : <stdout>
2023-12-01 16:34:58.566308+00:00 [info] <0.230.0>  data dir       : /var/lib/rabbitmq/mnesia/rabbit@e34208a1d48a
2023-12-01 16:35:02.097132+00:00 [info] <0.230.0> Running boot step pre_boot defined by app rabbit
2023-12-01 16:35:02.097198+00:00 [info] <0.230.0> Running boot step rabbit_global_counters defined by app rabbit
2023-12-01 16:35:02.097954+00:00 [info] <0.230.0> Running boot step rabbit_osiris_metrics defined by app rabbit
2023-12-01 16:35:02.098091+00:00 [info] <0.230.0> Running boot step rabbit_core_metrics defined by app rabbit
2023-12-01 16:35:02.098754+00:00 [info] <0.230.0> Running boot step rabbit_alarm defined by app rabbit
2023-12-01 16:35:02.102349+00:00 [info] <0.374.0> Memory high watermark set to 3165 MiB (3319506534 bytes) of 7914 MiB (8298766336 bytes) total
2023-12-01 16:35:02.105856+00:00 [info] <0.376.0> Enabling free disk space monitoring (disk free space: 808122667008, total memory: 8298766336)
2023-12-01 16:35:02.105892+00:00 [info] <0.376.0> Disk free limit set to 50MB
2023-12-01 16:35:02.108458+00:00 [info] <0.230.0> Running boot step code_server_cache defined by app rabbit
2023-12-01 16:35:02.108593+00:00 [info] <0.230.0> Running boot step file_handle_cache defined by app rabbit
2023-12-01 16:35:02.108810+00:00 [info] <0.379.0> Limiting to approx 1048479 file handles (943629 sockets)
2023-12-01 16:35:02.108908+00:00 [info] <0.380.0> FHC read buffering: OFF
2023-12-01 16:35:02.108938+00:00 [info] <0.380.0> FHC write buffering: ON
2023-12-01 16:35:02.109684+00:00 [info] <0.230.0> Running boot step worker_pool defined by app rabbit
2023-12-01 16:35:02.109746+00:00 [info] <0.358.0> Will use 16 processes for default worker pool
2023-12-01 16:35:02.109773+00:00 [info] <0.358.0> Starting worker pool 'worker_pool' with 16 processes in it
2023-12-01 16:35:02.110957+00:00 [info] <0.230.0> Running boot step database defined by app rabbit
2023-12-01 16:35:02.123215+00:00 [info] <0.230.0> Waiting for Mnesia tables for 30000 ms, 9 retries left
2023-12-01 16:35:02.127811+00:00 [info] <0.230.0> Successfully synced tables from a peer
2023-12-01 16:35:02.157368+00:00 [info] <0.230.0> Waiting for Mnesia tables for 30000 ms, 9 retries left
2023-12-01 16:35:02.157643+00:00 [info] <0.230.0> Successfully synced tables from a peer
2023-12-01 16:35:02.157706+00:00 [info] <0.230.0> Peer discovery backend rabbit_peer_discovery_classic_config does not support registration, skipping registration.
2023-12-01 16:35:02.157975+00:00 [info] <0.230.0> Running boot step tracking_metadata_store defined by app rabbit
2023-12-01 16:35:02.158167+00:00 [info] <0.406.0> Setting up a table for connection tracking on this node: tracked_connection
2023-12-01 16:35:02.158229+00:00 [info] <0.406.0> Setting up a table for per-vhost connection counting on this node: tracked_connection_per_vhost
2023-12-01 16:35:02.158357+00:00 [info] <0.406.0> Setting up a table for per-user connection counting on this node: tracked_connection_per_user
2023-12-01 16:35:02.158420+00:00 [info] <0.406.0> Setting up a table for channel tracking on this node: tracked_channel
2023-12-01 16:35:02.158524+00:00 [info] <0.406.0> Setting up a table for channel tracking on this node: tracked_channel_per_user
2023-12-01 16:35:02.158576+00:00 [info] <0.230.0> Running boot step networking_metadata_store defined by app rabbit
2023-12-01 16:35:02.158652+00:00 [info] <0.230.0> Running boot step feature_flags defined by app rabbit
2023-12-01 16:35:02.161828+00:00 [info] <0.230.0> Running boot step codec_correctness_check defined by app rabbit
2023-12-01 16:35:02.161877+00:00 [info] <0.230.0> Running boot step external_infrastructure defined by app rabbit
2023-12-01 16:35:02.161893+00:00 [info] <0.230.0> Running boot step rabbit_event defined by app rabbit
2023-12-01 16:35:02.161963+00:00 [info] <0.230.0> Running boot step rabbit_registry defined by app rabbit
2023-12-01 16:35:02.161997+00:00 [info] <0.230.0> Running boot step rabbit_auth_mechanism_amqplain defined by app rabbit
2023-12-01 16:35:02.162046+00:00 [info] <0.230.0> Running boot step rabbit_auth_mechanism_cr_demo defined by app rabbit
2023-12-01 16:35:02.162244+00:00 [info] <0.230.0> Running boot step rabbit_auth_mechanism_plain defined by app rabbit
2023-12-01 16:35:02.162324+00:00 [info] <0.230.0> Running boot step rabbit_exchange_type_direct defined by app rabbit
2023-12-01 16:35:02.162412+00:00 [info] <0.230.0> Running boot step rabbit_exchange_type_fanout defined by app rabbit
2023-12-01 16:35:02.162521+00:00 [info] <0.230.0> Running boot step rabbit_exchange_type_headers defined by app rabbit
2023-12-01 16:35:02.162573+00:00 [info] <0.230.0> Running boot step rabbit_exchange_type_topic defined by app rabbit
2023-12-01 16:35:02.162641+00:00 [info] <0.230.0> Running boot step rabbit_mirror_queue_mode_all defined by app rabbit
2023-12-01 16:35:02.162718+00:00 [info] <0.230.0> Running boot step rabbit_mirror_queue_mode_exactly defined by app rabbit
2023-12-01 16:35:02.162812+00:00 [info] <0.230.0> Running boot step rabbit_mirror_queue_mode_nodes defined by app rabbit
2023-12-01 16:35:02.162931+00:00 [info] <0.230.0> Running boot step rabbit_priority_queue defined by app rabbit
2023-12-01 16:35:02.162996+00:00 [info] <0.230.0> Priority queues enabled, real BQ is rabbit_variable_queue
2023-12-01 16:35:02.163084+00:00 [info] <0.230.0> Running boot step rabbit_queue_location_client_local defined by app rabbit
2023-12-01 16:35:02.163203+00:00 [info] <0.230.0> Running boot step rabbit_queue_location_min_masters defined by app rabbit
2023-12-01 16:35:02.163282+00:00 [info] <0.230.0> Running boot step rabbit_queue_location_random defined by app rabbit
2023-12-01 16:35:02.163359+00:00 [info] <0.230.0> Running boot step kernel_ready defined by app rabbit
2023-12-01 16:35:02.163407+00:00 [info] <0.230.0> Running boot step rabbit_sysmon_minder defined by app rabbit
2023-12-01 16:35:02.163631+00:00 [info] <0.230.0> Running boot step rabbit_epmd_monitor defined by app rabbit
2023-12-01 16:35:02.165031+00:00 [info] <0.414.0> epmd monitor knows us, inter-node communication (distribution) port: 25672
2023-12-01 16:35:02.165235+00:00 [info] <0.230.0> Running boot step guid_generator defined by app rabbit
2023-12-01 16:35:02.180760+00:00 [info] <0.230.0> Running boot step rabbit_node_monitor defined by app rabbit
2023-12-01 16:35:02.181106+00:00 [info] <0.418.0> Starting rabbit_node_monitor (in ignore mode)
2023-12-01 16:35:02.181271+00:00 [info] <0.230.0> Running boot step delegate_sup defined by app rabbit
2023-12-01 16:35:02.181845+00:00 [info] <0.230.0> Running boot step rabbit_memory_monitor defined by app rabbit
2023-12-01 16:35:02.182052+00:00 [info] <0.230.0> Running boot step rabbit_fifo_dlx_sup defined by app rabbit
2023-12-01 16:35:02.182168+00:00 [info] <0.230.0> Running boot step core_initialized defined by app rabbit
2023-12-01 16:35:02.182201+00:00 [info] <0.230.0> Running boot step rabbit_channel_tracking_handler defined by app rabbit
2023-12-01 16:35:02.182321+00:00 [info] <0.230.0> Running boot step rabbit_connection_tracking_handler defined by app rabbit
2023-12-01 16:35:02.182475+00:00 [info] <0.230.0> Running boot step rabbit_definitions_hashing defined by app rabbit
2023-12-01 16:35:02.182619+00:00 [info] <0.230.0> Running boot step rabbit_exchange_parameters defined by app rabbit
2023-12-01 16:35:02.183109+00:00 [info] <0.230.0> Running boot step rabbit_mirror_queue_misc defined by app rabbit
2023-12-01 16:35:02.183590+00:00 [info] <0.230.0> Running boot step rabbit_policies defined by app rabbit
2023-12-01 16:35:02.184217+00:00 [info] <0.230.0> Running boot step rabbit_policy defined by app rabbit
2023-12-01 16:35:02.184273+00:00 [info] <0.230.0> Running boot step rabbit_queue_location_validator defined by app rabbit
2023-12-01 16:35:02.184303+00:00 [info] <0.230.0> Running boot step rabbit_quorum_memory_manager defined by app rabbit
2023-12-01 16:35:02.184358+00:00 [info] <0.230.0> Running boot step rabbit_stream_coordinator defined by app rabbit
2023-12-01 16:35:02.184692+00:00 [info] <0.230.0> Running boot step rabbit_vhost_limit defined by app rabbit
2023-12-01 16:35:02.184792+00:00 [info] <0.230.0> Running boot step recovery defined by app rabbit
2023-12-01 16:35:02.186074+00:00 [info] <0.450.0> Making sure data directory '/var/lib/rabbitmq/mnesia/rabbit@e34208a1d48a/msg_stores/vhosts/628WB79CIFDYO9LJI6DKMI09L' for vhost '/' exists
2023-12-01 16:35:02.233952+00:00 [info] <0.450.0> Starting message stores for vhost '/'
2023-12-01 16:35:02.234303+00:00 [info] <0.460.0> Message store "628WB79CIFDYO9LJI6DKMI09L/msg_store_transient": using rabbit_msg_store_ets_index to provide index
2023-12-01 16:35:02.274705+00:00 [info] <0.450.0> Started message store of type transient for vhost '/'
2023-12-01 16:35:02.274912+00:00 [info] <0.464.0> Message store "628WB79CIFDYO9LJI6DKMI09L/msg_store_persistent": using rabbit_msg_store_ets_index to provide index
2023-12-01 16:35:02.333108+00:00 [info] <0.450.0> Started message store of type persistent for vhost '/'
2023-12-01 16:35:02.333313+00:00 [info] <0.450.0> Recovering 0 queues of type rabbit_classic_queue took 130ms
2023-12-01 16:35:02.333387+00:00 [info] <0.450.0> Recovering 0 queues of type rabbit_quorum_queue took 0ms
2023-12-01 16:35:02.333422+00:00 [info] <0.450.0> Recovering 0 queues of type rabbit_stream_queue took 0ms
2023-12-01 16:35:02.337076+00:00 [info] <0.230.0> Running boot step empty_db_check defined by app rabbit
2023-12-01 16:35:02.337176+00:00 [info] <0.230.0> Will not seed default virtual host and user: have definitions to load...
2023-12-01 16:35:02.337200+00:00 [info] <0.230.0> Running boot step rabbit_observer_cli defined by app rabbit
2023-12-01 16:35:02.337288+00:00 [info] <0.230.0> Running boot step rabbit_looking_glass defined by app rabbit
2023-12-01 16:35:02.337320+00:00 [info] <0.230.0> Running boot step rabbit_core_metrics_gc defined by app rabbit
2023-12-01 16:35:02.337480+00:00 [info] <0.230.0> Running boot step background_gc defined by app rabbit
2023-12-01 16:35:02.337633+00:00 [info] <0.230.0> Running boot step routing_ready defined by app rabbit
2023-12-01 16:35:02.337663+00:00 [info] <0.230.0> Running boot step pre_flight defined by app rabbit
2023-12-01 16:35:02.337830+00:00 [info] <0.230.0> Running boot step notify_cluster defined by app rabbit
2023-12-01 16:35:02.337951+00:00 [info] <0.230.0> Running boot step networking defined by app rabbit
2023-12-01 16:35:02.338003+00:00 [info] <0.230.0> Running boot step definition_import_worker_pool defined by app rabbit
2023-12-01 16:35:02.338053+00:00 [info] <0.358.0> Starting worker pool 'definition_import_pool' with 16 processes in it
2023-12-01 16:35:02.339020+00:00 [info] <0.230.0> Running boot step cluster_name defined by app rabbit
2023-12-01 16:35:02.339066+00:00 [info] <0.230.0> Running boot step direct_client defined by app rabbit
2023-12-01 16:35:02.339145+00:00 [info] <0.230.0> Running boot step rabbit_maintenance_mode_state defined by app rabbit
2023-12-01 16:35:02.339184+00:00 [info] <0.230.0> Creating table rabbit_node_maintenance_states for maintenance mode status
2023-12-01 16:35:02.339625+00:00 [info] <0.514.0> Resetting node maintenance status
2023-12-01 16:35:02.339993+00:00 [info] <0.514.0> Ready to start client connection listeners
2023-12-01 16:35:02.342469+00:00 [info] <0.532.0> started TCP listener on [::]:5672
2023-12-01 16:35:02.459203+00:00 [info] <0.514.0> Server startup complete; 0 plugins started.
2023-12-01 16:35:02.540531+00:00 [info] <0.9.0> Time to start RabbitMQ: 8284502 us
2023-12-01 16:42:13.772879+00:00 [notice] <0.61.0> SIGTERM received - shutting down
2023-12-01 16:42:13.772879+00:00 [notice] <0.61.0> 
2023-12-01 16:42:13.775431+00:00 [info] <0.230.0> Peer discovery backend rabbit_peer_discovery_classic_config does not support registration, skipping unregistration.
2023-12-01 16:42:13.775725+00:00 [info] <0.532.0> stopped TCP listener on [::]:5672
2023-12-01 16:42:13.777982+00:00 [info] <0.549.0> Closing all connections in vhost '/' on node 'rabbit@e34208a1d48a' because the vhost is stopping
2023-12-01 16:42:13.778026+00:00 [info] <0.464.0> Stopping message store for directory '/var/lib/rabbitmq/mnesia/rabbit@e34208a1d48a/msg_stores/vhosts/628WB79CIFDYO9LJI6DKMI09L/msg_store_persistent'
2023-12-01 16:42:13.813389+00:00 [info] <0.464.0> Message store for directory '/var/lib/rabbitmq/mnesia/rabbit@e34208a1d48a/msg_stores/vhosts/628WB79CIFDYO9LJI6DKMI09L/msg_store_persistent' is stopped
2023-12-01 16:42:13.813618+00:00 [info] <0.460.0> Stopping message store for directory '/var/lib/rabbitmq/mnesia/rabbit@e34208a1d48a/msg_stores/vhosts/628WB79CIFDYO9LJI6DKMI09L/msg_store_transient'
2023-12-01 16:42:13.838793+00:00 [info] <0.460.0> Message store for directory '/var/lib/rabbitmq/mnesia/rabbit@e34208a1d48a/msg_stores/vhosts/628WB79CIFDYO9LJI6DKMI09L/msg_store_transient' is stopped
2023-12-01 16:42:21.215936+00:00 [notice] <0.230.0> Logging: configured log handlers are now ACTIVE
2023-12-01 16:42:21.840468+00:00 [info] <0.230.0> ra: starting system quorum_queues
2023-12-01 16:42:21.840663+00:00 [info] <0.230.0> starting Ra system: quorum_queues in directory: /var/lib/rabbitmq/mnesia/rabbit@e34208a1d48a/quorum/rabbit@e34208a1d48a
2023-12-01 16:42:21.893953+00:00 [info] <0.317.0> ra system 'quorum_queues' running pre init for 0 registered servers
2023-12-01 16:42:21.911509+00:00 [info] <0.318.0> ra: meta data store initialised for system quorum_queues. 0 record(s) recovered
2023-12-01 16:42:21.929920+00:00 [notice] <0.323.0> WAL: ra_log_wal init, open tbls: ra_log_open_mem_tables, closed tbls: ra_log_closed_mem_tables
2023-12-01 16:42:21.953473+00:00 [info] <0.230.0> ra: starting system coordination
2023-12-01 16:42:21.953532+00:00 [info] <0.230.0> starting Ra system: coordination in directory: /var/lib/rabbitmq/mnesia/rabbit@e34208a1d48a/coordination/rabbit@e34208a1d48a
2023-12-01 16:42:21.972785+00:00 [info] <0.330.0> ra system 'coordination' running pre init for 0 registered servers
2023-12-01 16:42:21.978918+00:00 [info] <0.331.0> ra: meta data store initialised for system coordination. 0 record(s) recovered
2023-12-01 16:42:21.979158+00:00 [notice] <0.336.0> WAL: ra_coordination_log_wal init, open tbls: ra_coordination_log_open_mem_tables, closed tbls: ra_coordination_log_closed_mem_tables
2023-12-01 16:42:21.996935+00:00 [info] <0.230.0> 
2023-12-01 16:42:21.996935+00:00 [info] <0.230.0>  Starting RabbitMQ 3.12.9 on Erlang 25.3.2.7 [jit]
2023-12-01 16:42:21.996935+00:00 [info] <0.230.0>  Copyright (c) 2007-2023 VMware, Inc. or its affiliates.
2023-12-01 16:42:21.996935+00:00 [info] <0.230.0>  Licensed under the MPL 2.0. Website: https://rabbitmq.com
2023-12-01 16:42:21.998523+00:00 [info] <0.230.0> 
2023-12-01 16:42:21.998523+00:00 [info] <0.230.0>  node           : rabbit@e34208a1d48a
2023-12-01 16:42:21.998523+00:00 [info] <0.230.0>  home dir       : /var/lib/rabbitmq
2023-12-01 16:42:21.998523+00:00 [info] <0.230.0>  config file(s) : (none)
2023-12-01 16:42:21.998523+00:00 [info] <0.230.0>  cookie hash    : A7u2l7Eimxq5wfbBRxA6WQ==
2023-12-01 16:42:21.998523+00:00 [info] <0.230.0>  log(s)         : /var/log/rabbitmq/rabbit@e34208a1d48a.log
2023-12-01 16:42:21.998523+00:00 [info] <0.230.0>                 : <stdout>
2023-12-01 16:42:21.998523+00:00 [info] <0.230.0>  data dir       : /var/lib/rabbitmq/mnesia/rabbit@e34208a1d48a
2023-12-01 16:42:25.094477+00:00 [info] <0.230.0> Running boot step pre_boot defined by app rabbit
2023-12-01 16:42:25.094538+00:00 [info] <0.230.0> Running boot step rabbit_global_counters defined by app rabbit
2023-12-01 16:42:25.095350+00:00 [info] <0.230.0> Running boot step rabbit_osiris_metrics defined by app rabbit
2023-12-01 16:42:25.095472+00:00 [info] <0.230.0> Running boot step rabbit_core_metrics defined by app rabbit
2023-12-01 16:42:25.096210+00:00 [info] <0.230.0> Running boot step rabbit_alarm defined by app rabbit
2023-12-01 16:42:25.099373+00:00 [info] <0.354.0> Memory high watermark set to 3165 MiB (3319506534 bytes) of 7914 MiB (8298766336 bytes) total
2023-12-01 16:42:25.102846+00:00 [info] <0.356.0> Enabling free disk space monitoring (disk free space: 808126300160, total memory: 8298766336)
2023-12-01 16:42:25.102881+00:00 [info] <0.356.0> Disk free limit set to 50MB
2023-12-01 16:42:25.105343+00:00 [info] <0.230.0> Running boot step code_server_cache defined by app rabbit
2023-12-01 16:42:25.105472+00:00 [info] <0.230.0> Running boot step file_handle_cache defined by app rabbit
2023-12-01 16:42:25.105717+00:00 [info] <0.359.0> Limiting to approx 1048479 file handles (943629 sockets)
2023-12-01 16:42:25.105863+00:00 [info] <0.360.0> FHC read buffering: OFF
2023-12-01 16:42:25.105921+00:00 [info] <0.360.0> FHC write buffering: ON
2023-12-01 16:42:25.106371+00:00 [info] <0.230.0> Running boot step worker_pool defined by app rabbit
2023-12-01 16:42:25.106443+00:00 [info] <0.338.0> Will use 16 processes for default worker pool
2023-12-01 16:42:25.106508+00:00 [info] <0.338.0> Starting worker pool 'worker_pool' with 16 processes in it
2023-12-01 16:42:25.107366+00:00 [info] <0.230.0> Running boot step database defined by app rabbit
2023-12-01 16:42:25.120608+00:00 [info] <0.230.0> Waiting for Mnesia tables for 30000 ms, 9 retries left
2023-12-01 16:42:25.126299+00:00 [info] <0.230.0> Successfully synced tables from a peer
2023-12-01 16:42:25.153786+00:00 [info] <0.230.0> Waiting for Mnesia tables for 30000 ms, 9 retries left
2023-12-01 16:42:25.154049+00:00 [info] <0.230.0> Successfully synced tables from a peer
2023-12-01 16:42:25.154109+00:00 [info] <0.230.0> Peer discovery backend rabbit_peer_discovery_classic_config does not support registration, skipping registration.
2023-12-01 16:42:25.154400+00:00 [info] <0.230.0> Running boot step tracking_metadata_store defined by app rabbit
2023-12-01 16:42:25.154558+00:00 [info] <0.386.0> Setting up a table for connection tracking on this node: tracked_connection
2023-12-01 16:42:25.154608+00:00 [info] <0.386.0> Setting up a table for per-vhost connection counting on this node: tracked_connection_per_vhost
2023-12-01 16:42:25.154717+00:00 [info] <0.386.0> Setting up a table for per-user connection counting on this node: tracked_connection_per_user
2023-12-01 16:42:25.154992+00:00 [info] <0.386.0> Setting up a table for channel tracking on this node: tracked_channel
2023-12-01 16:42:25.155170+00:00 [info] <0.386.0> Setting up a table for channel tracking on this node: tracked_channel_per_user
2023-12-01 16:42:25.155348+00:00 [info] <0.230.0> Running boot step networking_metadata_store defined by app rabbit
2023-12-01 16:42:25.155477+00:00 [info] <0.230.0> Running boot step feature_flags defined by app rabbit
2023-12-01 16:42:25.158941+00:00 [info] <0.230.0> Running boot step codec_correctness_check defined by app rabbit
2023-12-01 16:42:25.159000+00:00 [info] <0.230.0> Running boot step external_infrastructure defined by app rabbit
2023-12-01 16:42:25.159030+00:00 [info] <0.230.0> Running boot step rabbit_event defined by app rabbit
2023-12-01 16:42:25.159215+00:00 [info] <0.230.0> Running boot step rabbit_registry defined by app rabbit
2023-12-01 16:42:25.159316+00:00 [info] <0.230.0> Running boot step rabbit_auth_mechanism_amqplain defined by app rabbit
2023-12-01 16:42:25.159437+00:00 [info] <0.230.0> Running boot step rabbit_auth_mechanism_cr_demo defined by app rabbit
2023-12-01 16:42:25.159538+00:00 [info] <0.230.0> Running boot step rabbit_auth_mechanism_plain defined by app rabbit
2023-12-01 16:42:25.159633+00:00 [info] <0.230.0> Running boot step rabbit_exchange_type_direct defined by app rabbit
2023-12-01 16:42:25.159751+00:00 [info] <0.230.0> Running boot step rabbit_exchange_type_fanout defined by app rabbit
2023-12-01 16:42:25.159847+00:00 [info] <0.230.0> Running boot step rabbit_exchange_type_headers defined by app rabbit
2023-12-01 16:42:25.159927+00:00 [info] <0.230.0> Running boot step rabbit_exchange_type_topic defined by app rabbit
2023-12-01 16:42:25.160024+00:00 [info] <0.230.0> Running boot step rabbit_mirror_queue_mode_all defined by app rabbit
2023-12-01 16:42:25.160119+00:00 [info] <0.230.0> Running boot step rabbit_mirror_queue_mode_exactly defined by app rabbit
2023-12-01 16:42:25.160214+00:00 [info] <0.230.0> Running boot step rabbit_mirror_queue_mode_nodes defined by app rabbit
2023-12-01 16:42:25.160313+00:00 [info] <0.230.0> Running boot step rabbit_priority_queue defined by app rabbit
2023-12-01 16:42:25.160363+00:00 [info] <0.230.0> Priority queues enabled, real BQ is rabbit_variable_queue
2023-12-01 16:42:25.160429+00:00 [info] <0.230.0> Running boot step rabbit_queue_location_client_local defined by app rabbit
2023-12-01 16:42:25.160564+00:00 [info] <0.230.0> Running boot step rabbit_queue_location_min_masters defined by app rabbit
2023-12-01 16:42:25.160762+00:00 [info] <0.230.0> Running boot step rabbit_queue_location_random defined by app rabbit
2023-12-01 16:42:25.160889+00:00 [info] <0.230.0> Running boot step kernel_ready defined by app rabbit
2023-12-01 16:42:25.160927+00:00 [info] <0.230.0> Running boot step rabbit_sysmon_minder defined by app rabbit
2023-12-01 16:42:25.161245+00:00 [info] <0.230.0> Running boot step rabbit_epmd_monitor defined by app rabbit
2023-12-01 16:42:25.162412+00:00 [info] <0.394.0> epmd monitor knows us, inter-node communication (distribution) port: 25672
2023-12-01 16:42:25.162583+00:00 [info] <0.230.0> Running boot step guid_generator defined by app rabbit
2023-12-01 16:42:25.176242+00:00 [info] <0.230.0> Running boot step rabbit_node_monitor defined by app rabbit
2023-12-01 16:42:25.176682+00:00 [info] <0.398.0> Starting rabbit_node_monitor (in ignore mode)
2023-12-01 16:42:25.176889+00:00 [info] <0.230.0> Running boot step delegate_sup defined by app rabbit
2023-12-01 16:42:25.177861+00:00 [info] <0.230.0> Running boot step rabbit_memory_monitor defined by app rabbit
2023-12-01 16:42:25.178194+00:00 [info] <0.230.0> Running boot step rabbit_fifo_dlx_sup defined by app rabbit
2023-12-01 16:42:25.178304+00:00 [info] <0.230.0> Running boot step core_initialized defined by app rabbit
2023-12-01 16:42:25.178357+00:00 [info] <0.230.0> Running boot step rabbit_channel_tracking_handler defined by app rabbit
2023-12-01 16:42:25.178448+00:00 [info] <0.230.0> Running boot step rabbit_connection_tracking_handler defined by app rabbit
2023-12-01 16:42:25.178519+00:00 [info] <0.230.0> Running boot step rabbit_definitions_hashing defined by app rabbit
2023-12-01 16:42:25.178606+00:00 [info] <0.230.0> Running boot step rabbit_exchange_parameters defined by app rabbit
2023-12-01 16:42:25.179108+00:00 [info] <0.230.0> Running boot step rabbit_mirror_queue_misc defined by app rabbit
2023-12-01 16:42:25.179700+00:00 [info] <0.230.0> Running boot step rabbit_policies defined by app rabbit
2023-12-01 16:42:25.179973+00:00 [info] <0.230.0> Running boot step rabbit_policy defined by app rabbit
2023-12-01 16:42:25.180014+00:00 [info] <0.230.0> Running boot step rabbit_queue_location_validator defined by app rabbit
2023-12-01 16:42:25.180043+00:00 [info] <0.230.0> Running boot step rabbit_quorum_memory_manager defined by app rabbit
2023-12-01 16:42:25.180075+00:00 [info] <0.230.0> Running boot step rabbit_stream_coordinator defined by app rabbit
2023-12-01 16:42:25.180520+00:00 [info] <0.230.0> Running boot step rabbit_vhost_limit defined by app rabbit
2023-12-01 16:42:25.180598+00:00 [info] <0.230.0> Running boot step recovery defined by app rabbit
2023-12-01 16:42:25.181823+00:00 [info] <0.430.0> Making sure data directory '/var/lib/rabbitmq/mnesia/rabbit@e34208a1d48a/msg_stores/vhosts/628WB79CIFDYO9LJI6DKMI09L' for vhost '/' exists
2023-12-01 16:42:25.228205+00:00 [info] <0.430.0> Starting message stores for vhost '/'
2023-12-01 16:42:25.228555+00:00 [info] <0.440.0> Message store "628WB79CIFDYO9LJI6DKMI09L/msg_store_transient": using rabbit_msg_store_ets_index to provide index
2023-12-01 16:42:25.263757+00:00 [info] <0.430.0> Started message store of type transient for vhost '/'
2023-12-01 16:42:25.264075+00:00 [info] <0.444.0> Message store "628WB79CIFDYO9LJI6DKMI09L/msg_store_persistent": using rabbit_msg_store_ets_index to provide index
2023-12-01 16:42:25.285252+00:00 [info] <0.430.0> Started message store of type persistent for vhost '/'
2023-12-01 16:42:25.285393+00:00 [info] <0.430.0> Recovering 0 queues of type rabbit_classic_queue took 85ms
2023-12-01 16:42:25.285431+00:00 [info] <0.430.0> Recovering 0 queues of type rabbit_quorum_queue took 0ms
2023-12-01 16:42:25.285456+00:00 [info] <0.430.0> Recovering 0 queues of type rabbit_stream_queue took 0ms
2023-12-01 16:42:25.287260+00:00 [info] <0.230.0> Running boot step empty_db_check defined by app rabbit
2023-12-01 16:42:25.287341+00:00 [info] <0.230.0> Will not seed default virtual host and user: have definitions to load...
2023-12-01 16:42:25.287372+00:00 [info] <0.230.0> Running boot step rabbit_observer_cli defined by app rabbit
2023-12-01 16:42:25.287407+00:00 [info] <0.230.0> Running boot step rabbit_looking_glass defined by app rabbit
2023-12-01 16:42:25.287424+00:00 [info] <0.230.0> Running boot step rabbit_core_metrics_gc defined by app rabbit
2023-12-01 16:42:25.287674+00:00 [info] <0.230.0> Running boot step background_gc defined by app rabbit
2023-12-01 16:42:25.287822+00:00 [info] <0.230.0> Running boot step routing_ready defined by app rabbit
2023-12-01 16:42:25.287850+00:00 [info] <0.230.0> Running boot step pre_flight defined by app rabbit
2023-12-01 16:42:25.287862+00:00 [info] <0.230.0> Running boot step notify_cluster defined by app rabbit
2023-12-01 16:42:25.287929+00:00 [info] <0.230.0> Running boot step networking defined by app rabbit
2023-12-01 16:42:25.287963+00:00 [info] <0.230.0> Running boot step definition_import_worker_pool defined by app rabbit
2023-12-01 16:42:25.288006+00:00 [info] <0.338.0> Starting worker pool 'definition_import_pool' with 16 processes in it
2023-12-01 16:42:25.289177+00:00 [info] <0.230.0> Running boot step cluster_name defined by app rabbit
2023-12-01 16:42:25.289240+00:00 [info] <0.230.0> Running boot step direct_client defined by app rabbit
2023-12-01 16:42:25.289324+00:00 [info] <0.230.0> Running boot step rabbit_maintenance_mode_state defined by app rabbit
2023-12-01 16:42:25.289378+00:00 [info] <0.230.0> Creating table rabbit_node_maintenance_states for maintenance mode status
2023-12-01 16:42:25.289920+00:00 [info] <0.494.0> Resetting node maintenance status
2023-12-01 16:42:25.290061+00:00 [info] <0.494.0> Ready to start client connection listeners
2023-12-01 16:42:25.292564+00:00 [info] <0.512.0> started TCP listener on [::]:5672
2023-12-01 16:42:25.405598+00:00 [info] <0.494.0> Server startup complete; 0 plugins started.
2023-12-01 16:42:25.490801+00:00 [info] <0.9.0> Time to start RabbitMQ: 7433120 us
2023-12-01 16:55:02.688465+00:00 [notice] <0.61.0> SIGTERM received - shutting down
2023-12-01 16:55:02.688465+00:00 [notice] <0.61.0> 
2023-12-01 16:55:02.691138+00:00 [info] <0.230.0> Peer discovery backend rabbit_peer_discovery_classic_config does not support registration, skipping unregistration.
2023-12-01 16:55:02.691493+00:00 [info] <0.512.0> stopped TCP listener on [::]:5672
2023-12-01 16:55:02.694121+00:00 [info] <0.545.0> Closing all connections in vhost '/' on node 'rabbit@e34208a1d48a' because the vhost is stopping
2023-12-01 16:55:02.694257+00:00 [info] <0.444.0> Stopping message store for directory '/var/lib/rabbitmq/mnesia/rabbit@e34208a1d48a/msg_stores/vhosts/628WB79CIFDYO9LJI6DKMI09L/msg_store_persistent'
2023-12-01 16:55:02.725197+00:00 [info] <0.444.0> Message store for directory '/var/lib/rabbitmq/mnesia/rabbit@e34208a1d48a/msg_stores/vhosts/628WB79CIFDYO9LJI6DKMI09L/msg_store_persistent' is stopped
2023-12-01 16:55:02.725495+00:00 [info] <0.440.0> Stopping message store for directory '/var/lib/rabbitmq/mnesia/rabbit@e34208a1d48a/msg_stores/vhosts/628WB79CIFDYO9LJI6DKMI09L/msg_store_transient'
2023-12-01 16:55:02.748212+00:00 [info] <0.440.0> Message store for directory '/var/lib/rabbitmq/mnesia/rabbit@e34208a1d48a/msg_stores/vhosts/628WB79CIFDYO9LJI6DKMI09L/msg_store_transient' is stopped
2023-12-01 16:55:09.528749+00:00 [notice] <0.230.0> Logging: configured log handlers are now ACTIVE
2023-12-01 16:55:10.046832+00:00 [info] <0.230.0> ra: starting system quorum_queues
2023-12-01 16:55:10.046938+00:00 [info] <0.230.0> starting Ra system: quorum_queues in directory: /var/lib/rabbitmq/mnesia/rabbit@e34208a1d48a/quorum/rabbit@e34208a1d48a
2023-12-01 16:55:10.095362+00:00 [info] <0.317.0> ra system 'quorum_queues' running pre init for 0 registered servers
2023-12-01 16:55:10.112579+00:00 [info] <0.318.0> ra: meta data store initialised for system quorum_queues. 0 record(s) recovered
2023-12-01 16:55:10.130201+00:00 [notice] <0.323.0> WAL: ra_log_wal init, open tbls: ra_log_open_mem_tables, closed tbls: ra_log_closed_mem_tables
2023-12-01 16:55:10.151812+00:00 [info] <0.230.0> ra: starting system coordination
2023-12-01 16:55:10.151886+00:00 [info] <0.230.0> starting Ra system: coordination in directory: /var/lib/rabbitmq/mnesia/rabbit@e34208a1d48a/coordination/rabbit@e34208a1d48a
2023-12-01 16:55:10.167803+00:00 [info] <0.330.0> ra system 'coordination' running pre init for 0 registered servers
2023-12-01 16:55:10.173532+00:00 [info] <0.331.0> ra: meta data store initialised for system coordination. 0 record(s) recovered
2023-12-01 16:55:10.173716+00:00 [notice] <0.336.0> WAL: ra_coordination_log_wal init, open tbls: ra_coordination_log_open_mem_tables, closed tbls: ra_coordination_log_closed_mem_tables
2023-12-01 16:55:10.188506+00:00 [info] <0.230.0> 
2023-12-01 16:55:10.188506+00:00 [info] <0.230.0>  Starting RabbitMQ 3.12.9 on Erlang 25.3.2.7 [jit]
2023-12-01 16:55:10.188506+00:00 [info] <0.230.0>  Copyright (c) 2007-2023 VMware, Inc. or its affiliates.
2023-12-01 16:55:10.188506+00:00 [info] <0.230.0>  Licensed under the MPL 2.0. Website: https://rabbitmq.com
2023-12-01 16:55:10.190330+00:00 [info] <0.230.0> 
2023-12-01 16:55:10.190330+00:00 [info] <0.230.0>  node           : rabbit@e34208a1d48a
2023-12-01 16:55:10.190330+00:00 [info] <0.230.0>  home dir       : /var/lib/rabbitmq
2023-12-01 16:55:10.190330+00:00 [info] <0.230.0>  config file(s) : (none)
2023-12-01 16:55:10.190330+00:00 [info] <0.230.0>  cookie hash    : A7u2l7Eimxq5wfbBRxA6WQ==
2023-12-01 16:55:10.190330+00:00 [info] <0.230.0>  log(s)         : /var/log/rabbitmq/rabbit@e34208a1d48a.log
2023-12-01 16:55:10.190330+00:00 [info] <0.230.0>                 : <stdout>
2023-12-01 16:55:10.190330+00:00 [info] <0.230.0>  data dir       : /var/lib/rabbitmq/mnesia/rabbit@e34208a1d48a
2023-12-01 16:55:13.427868+00:00 [info] <0.230.0> Running boot step pre_boot defined by app rabbit
2023-12-01 16:55:13.427957+00:00 [info] <0.230.0> Running boot step rabbit_global_counters defined by app rabbit
2023-12-01 16:55:13.428498+00:00 [info] <0.230.0> Running boot step rabbit_osiris_metrics defined by app rabbit
2023-12-01 16:55:13.428628+00:00 [info] <0.230.0> Running boot step rabbit_core_metrics defined by app rabbit
2023-12-01 16:55:13.429259+00:00 [info] <0.230.0> Running boot step rabbit_alarm defined by app rabbit
2023-12-01 16:55:13.432525+00:00 [info] <0.354.0> Memory high watermark set to 3165 MiB (3319506534 bytes) of 7914 MiB (8298766336 bytes) total
2023-12-01 16:55:13.435759+00:00 [info] <0.356.0> Enabling free disk space monitoring (disk free space: 808113086464, total memory: 8298766336)
2023-12-01 16:55:13.435793+00:00 [info] <0.356.0> Disk free limit set to 50MB
2023-12-01 16:55:13.438063+00:00 [info] <0.230.0> Running boot step code_server_cache defined by app rabbit
2023-12-01 16:55:13.438175+00:00 [info] <0.230.0> Running boot step file_handle_cache defined by app rabbit
2023-12-01 16:55:13.438368+00:00 [info] <0.359.0> Limiting to approx 1048479 file handles (943629 sockets)
2023-12-01 16:55:13.438434+00:00 [info] <0.360.0> FHC read buffering: OFF
2023-12-01 16:55:13.438468+00:00 [info] <0.360.0> FHC write buffering: ON
2023-12-01 16:55:13.438919+00:00 [info] <0.230.0> Running boot step worker_pool defined by app rabbit
2023-12-01 16:55:13.438985+00:00 [info] <0.338.0> Will use 16 processes for default worker pool
2023-12-01 16:55:13.439020+00:00 [info] <0.338.0> Starting worker pool 'worker_pool' with 16 processes in it
2023-12-01 16:55:13.439921+00:00 [info] <0.230.0> Running boot step database defined by app rabbit
2023-12-01 16:55:13.451750+00:00 [info] <0.230.0> Waiting for Mnesia tables for 30000 ms, 9 retries left
2023-12-01 16:55:13.456784+00:00 [info] <0.230.0> Successfully synced tables from a peer
2023-12-01 16:55:13.490073+00:00 [info] <0.230.0> Waiting for Mnesia tables for 30000 ms, 9 retries left
2023-12-01 16:55:13.490412+00:00 [info] <0.230.0> Successfully synced tables from a peer
2023-12-01 16:55:13.490453+00:00 [info] <0.230.0> Peer discovery backend rabbit_peer_discovery_classic_config does not support registration, skipping registration.
2023-12-01 16:55:13.490813+00:00 [info] <0.230.0> Running boot step tracking_metadata_store defined by app rabbit
2023-12-01 16:55:13.491031+00:00 [info] <0.386.0> Setting up a table for connection tracking on this node: tracked_connection
2023-12-01 16:55:13.491080+00:00 [info] <0.386.0> Setting up a table for per-vhost connection counting on this node: tracked_connection_per_vhost
2023-12-01 16:55:13.491323+00:00 [info] <0.386.0> Setting up a table for per-user connection counting on this node: tracked_connection_per_user
2023-12-01 16:55:13.491472+00:00 [info] <0.386.0> Setting up a table for channel tracking on this node: tracked_channel
2023-12-01 16:55:13.491688+00:00 [info] <0.386.0> Setting up a table for channel tracking on this node: tracked_channel_per_user
2023-12-01 16:55:13.491966+00:00 [info] <0.230.0> Running boot step networking_metadata_store defined by app rabbit
2023-12-01 16:55:13.492110+00:00 [info] <0.230.0> Running boot step feature_flags defined by app rabbit
2023-12-01 16:55:13.496026+00:00 [info] <0.230.0> Running boot step codec_correctness_check defined by app rabbit
2023-12-01 16:55:13.496076+00:00 [info] <0.230.0> Running boot step external_infrastructure defined by app rabbit
2023-12-01 16:55:13.496154+00:00 [info] <0.230.0> Running boot step rabbit_event defined by app rabbit
2023-12-01 16:55:13.496263+00:00 [info] <0.230.0> Running boot step rabbit_registry defined by app rabbit
2023-12-01 16:55:13.496305+00:00 [info] <0.230.0> Running boot step rabbit_auth_mechanism_amqplain defined by app rabbit
2023-12-01 16:55:13.496370+00:00 [info] <0.230.0> Running boot step rabbit_auth_mechanism_cr_demo defined by app rabbit
2023-12-01 16:55:13.496434+00:00 [info] <0.230.0> Running boot step rabbit_auth_mechanism_plain defined by app rabbit
2023-12-01 16:55:13.496467+00:00 [info] <0.230.0> Running boot step rabbit_exchange_type_direct defined by app rabbit
2023-12-01 16:55:13.496559+00:00 [info] <0.230.0> Running boot step rabbit_exchange_type_fanout defined by app rabbit
2023-12-01 16:55:13.496645+00:00 [info] <0.230.0> Running boot step rabbit_exchange_type_headers defined by app rabbit
2023-12-01 16:55:13.496735+00:00 [info] <0.230.0> Running boot step rabbit_exchange_type_topic defined by app rabbit
2023-12-01 16:55:13.496821+00:00 [info] <0.230.0> Running boot step rabbit_mirror_queue_mode_all defined by app rabbit
2023-12-01 16:55:13.496956+00:00 [info] <0.230.0> Running boot step rabbit_mirror_queue_mode_exactly defined by app rabbit
2023-12-01 16:55:13.497146+00:00 [info] <0.230.0> Running boot step rabbit_mirror_queue_mode_nodes defined by app rabbit
2023-12-01 16:55:13.497314+00:00 [info] <0.230.0> Running boot step rabbit_priority_queue defined by app rabbit
2023-12-01 16:55:13.497352+00:00 [info] <0.230.0> Priority queues enabled, real BQ is rabbit_variable_queue
2023-12-01 16:55:13.497574+00:00 [info] <0.230.0> Running boot step rabbit_queue_location_client_local defined by app rabbit
2023-12-01 16:55:13.497677+00:00 [info] <0.230.0> Running boot step rabbit_queue_location_min_masters defined by app rabbit
2023-12-01 16:55:13.497808+00:00 [info] <0.230.0> Running boot step rabbit_queue_location_random defined by app rabbit
2023-12-01 16:55:13.497900+00:00 [info] <0.230.0> Running boot step kernel_ready defined by app rabbit
2023-12-01 16:55:13.497964+00:00 [info] <0.230.0> Running boot step rabbit_sysmon_minder defined by app rabbit
2023-12-01 16:55:13.498363+00:00 [info] <0.230.0> Running boot step rabbit_epmd_monitor defined by app rabbit
2023-12-01 16:55:13.499857+00:00 [info] <0.394.0> epmd monitor knows us, inter-node communication (distribution) port: 25672
2023-12-01 16:55:13.499992+00:00 [info] <0.230.0> Running boot step guid_generator defined by app rabbit
2023-12-01 16:55:13.516039+00:00 [info] <0.230.0> Running boot step rabbit_node_monitor defined by app rabbit
2023-12-01 16:55:13.516355+00:00 [info] <0.398.0> Starting rabbit_node_monitor (in ignore mode)
2023-12-01 16:55:13.516532+00:00 [info] <0.230.0> Running boot step delegate_sup defined by app rabbit
2023-12-01 16:55:13.517033+00:00 [info] <0.230.0> Running boot step rabbit_memory_monitor defined by app rabbit
2023-12-01 16:55:13.517224+00:00 [info] <0.230.0> Running boot step rabbit_fifo_dlx_sup defined by app rabbit
2023-12-01 16:55:13.517318+00:00 [info] <0.230.0> Running boot step core_initialized defined by app rabbit
2023-12-01 16:55:13.517347+00:00 [info] <0.230.0> Running boot step rabbit_channel_tracking_handler defined by app rabbit
2023-12-01 16:55:13.517512+00:00 [info] <0.230.0> Running boot step rabbit_connection_tracking_handler defined by app rabbit
2023-12-01 16:55:13.517602+00:00 [info] <0.230.0> Running boot step rabbit_definitions_hashing defined by app rabbit
2023-12-01 16:55:13.517698+00:00 [info] <0.230.0> Running boot step rabbit_exchange_parameters defined by app rabbit
2023-12-01 16:55:13.518098+00:00 [info] <0.230.0> Running boot step rabbit_mirror_queue_misc defined by app rabbit
2023-12-01 16:55:13.518338+00:00 [info] <0.230.0> Running boot step rabbit_policies defined by app rabbit
2023-12-01 16:55:13.518732+00:00 [info] <0.230.0> Running boot step rabbit_policy defined by app rabbit
2023-12-01 16:55:13.518790+00:00 [info] <0.230.0> Running boot step rabbit_queue_location_validator defined by app rabbit
2023-12-01 16:55:13.518880+00:00 [info] <0.230.0> Running boot step rabbit_quorum_memory_manager defined by app rabbit
2023-12-01 16:55:13.518983+00:00 [info] <0.230.0> Running boot step rabbit_stream_coordinator defined by app rabbit
2023-12-01 16:55:13.519478+00:00 [info] <0.230.0> Running boot step rabbit_vhost_limit defined by app rabbit
2023-12-01 16:55:13.519581+00:00 [info] <0.230.0> Running boot step recovery defined by app rabbit
2023-12-01 16:55:13.520486+00:00 [info] <0.430.0> Making sure data directory '/var/lib/rabbitmq/mnesia/rabbit@e34208a1d48a/msg_stores/vhosts/628WB79CIFDYO9LJI6DKMI09L' for vhost '/' exists
2023-12-01 16:55:13.567288+00:00 [info] <0.430.0> Starting message stores for vhost '/'
2023-12-01 16:55:13.567742+00:00 [info] <0.440.0> Message store "628WB79CIFDYO9LJI6DKMI09L/msg_store_transient": using rabbit_msg_store_ets_index to provide index
2023-12-01 16:55:13.606924+00:00 [info] <0.430.0> Started message store of type transient for vhost '/'
2023-12-01 16:55:13.607203+00:00 [info] <0.444.0> Message store "628WB79CIFDYO9LJI6DKMI09L/msg_store_persistent": using rabbit_msg_store_ets_index to provide index
2023-12-01 16:55:13.631815+00:00 [info] <0.430.0> Started message store of type persistent for vhost '/'
2023-12-01 16:55:13.632000+00:00 [info] <0.430.0> Recovering 0 queues of type rabbit_classic_queue took 94ms
2023-12-01 16:55:13.632049+00:00 [info] <0.430.0> Recovering 0 queues of type rabbit_quorum_queue took 0ms
2023-12-01 16:55:13.632084+00:00 [info] <0.430.0> Recovering 0 queues of type rabbit_stream_queue took 0ms
2023-12-01 16:55:13.634995+00:00 [info] <0.230.0> Running boot step empty_db_check defined by app rabbit
2023-12-01 16:55:13.635072+00:00 [info] <0.230.0> Will not seed default virtual host and user: have definitions to load...
2023-12-01 16:55:13.635101+00:00 [info] <0.230.0> Running boot step rabbit_observer_cli defined by app rabbit
2023-12-01 16:55:13.635151+00:00 [info] <0.230.0> Running boot step rabbit_looking_glass defined by app rabbit
2023-12-01 16:55:13.635193+00:00 [info] <0.230.0> Running boot step rabbit_core_metrics_gc defined by app rabbit
2023-12-01 16:55:13.635345+00:00 [info] <0.230.0> Running boot step background_gc defined by app rabbit
2023-12-01 16:55:13.635801+00:00 [info] <0.230.0> Running boot step routing_ready defined by app rabbit
2023-12-01 16:55:13.635876+00:00 [info] <0.230.0> Running boot step pre_flight defined by app rabbit
2023-12-01 16:55:13.635889+00:00 [info] <0.230.0> Running boot step notify_cluster defined by app rabbit
2023-12-01 16:55:13.635946+00:00 [info] <0.230.0> Running boot step networking defined by app rabbit
2023-12-01 16:55:13.635963+00:00 [info] <0.230.0> Running boot step definition_import_worker_pool defined by app rabbit
2023-12-01 16:55:13.636007+00:00 [info] <0.338.0> Starting worker pool 'definition_import_pool' with 16 processes in it
2023-12-01 16:55:13.636714+00:00 [info] <0.230.0> Running boot step cluster_name defined by app rabbit
2023-12-01 16:55:13.636762+00:00 [info] <0.230.0> Running boot step direct_client defined by app rabbit
2023-12-01 16:55:13.636805+00:00 [info] <0.230.0> Running boot step rabbit_maintenance_mode_state defined by app rabbit
2023-12-01 16:55:13.636831+00:00 [info] <0.230.0> Creating table rabbit_node_maintenance_states for maintenance mode status
2023-12-01 16:55:13.637339+00:00 [info] <0.494.0> Resetting node maintenance status
2023-12-01 16:55:13.637445+00:00 [info] <0.494.0> Ready to start client connection listeners
2023-12-01 16:55:13.640180+00:00 [info] <0.512.0> started TCP listener on [::]:5672
2023-12-01 16:55:13.767235+00:00 [info] <0.494.0> Server startup complete; 0 plugins started.
2023-12-01 16:55:13.838315+00:00 [info] <0.9.0> Time to start RabbitMQ: 7393820 us
2023-12-01 16:56:11.980117+00:00 [notice] <0.61.0> SIGTERM received - shutting down
2023-12-01 16:56:11.980117+00:00 [notice] <0.61.0> 
2023-12-01 16:56:11.982964+00:00 [info] <0.230.0> Peer discovery backend rabbit_peer_discovery_classic_config does not support registration, skipping unregistration.
2023-12-01 16:56:11.983237+00:00 [info] <0.512.0> stopped TCP listener on [::]:5672
2023-12-01 16:56:11.985036+00:00 [info] <0.513.0> Closing all connections in vhost '/' on node 'rabbit@e34208a1d48a' because the vhost is stopping
2023-12-01 16:56:11.985096+00:00 [info] <0.444.0> Stopping message store for directory '/var/lib/rabbitmq/mnesia/rabbit@e34208a1d48a/msg_stores/vhosts/628WB79CIFDYO9LJI6DKMI09L/msg_store_persistent'
2023-12-01 16:56:12.016592+00:00 [info] <0.444.0> Message store for directory '/var/lib/rabbitmq/mnesia/rabbit@e34208a1d48a/msg_stores/vhosts/628WB79CIFDYO9LJI6DKMI09L/msg_store_persistent' is stopped
2023-12-01 16:56:12.016946+00:00 [info] <0.440.0> Stopping message store for directory '/var/lib/rabbitmq/mnesia/rabbit@e34208a1d48a/msg_stores/vhosts/628WB79CIFDYO9LJI6DKMI09L/msg_store_transient'
2023-12-01 16:56:12.044200+00:00 [info] <0.440.0> Message store for directory '/var/lib/rabbitmq/mnesia/rabbit@e34208a1d48a/msg_stores/vhosts/628WB79CIFDYO9LJI6DKMI09L/msg_store_transient' is stopped
