2023-11-22 16:04:27.989414+00:00 [notice] <0.230.0> Logging: configured log handlers are now ACTIVE
2023-11-22 16:04:28.625844+00:00 [info] <0.230.0> ra: starting system quorum_queues
2023-11-22 16:04:28.625978+00:00 [info] <0.230.0> starting Ra system: quorum_queues in directory: /var/lib/rabbitmq/mnesia/rabbit@f346ad68ff15/quorum/rabbit@f346ad68ff15
2023-11-22 16:04:28.837751+00:00 [info] <0.262.0> ra system 'quorum_queues' running pre init for 0 registered servers
2023-11-22 16:04:28.884487+00:00 [info] <0.263.0> ra: meta data store initialised for system quorum_queues. 0 record(s) recovered
2023-11-22 16:04:28.921336+00:00 [notice] <0.268.0> WAL: ra_log_wal init, open tbls: ra_log_open_mem_tables, closed tbls: ra_log_closed_mem_tables
2023-11-22 16:04:28.958416+00:00 [info] <0.230.0> ra: starting system coordination
2023-11-22 16:04:28.958521+00:00 [info] <0.230.0> starting Ra system: coordination in directory: /var/lib/rabbitmq/mnesia/rabbit@f346ad68ff15/coordination/rabbit@f346ad68ff15
2023-11-22 16:04:28.983896+00:00 [info] <0.275.0> ra system 'coordination' running pre init for 0 registered servers
2023-11-22 16:04:28.992676+00:00 [info] <0.276.0> ra: meta data store initialised for system coordination. 0 record(s) recovered
2023-11-22 16:04:28.993182+00:00 [notice] <0.281.0> WAL: ra_coordination_log_wal init, open tbls: ra_coordination_log_open_mem_tables, closed tbls: ra_coordination_log_closed_mem_tables
2023-11-22 16:04:29.015030+00:00 [info] <0.230.0> 
2023-11-22 16:04:29.015030+00:00 [info] <0.230.0>  Starting RabbitMQ 3.12.9 on Erlang 25.3.2.7 [jit]
2023-11-22 16:04:29.015030+00:00 [info] <0.230.0>  Copyright (c) 2007-2023 VMware, Inc. or its affiliates.
2023-11-22 16:04:29.015030+00:00 [info] <0.230.0>  Licensed under the MPL 2.0. Website: https://rabbitmq.com
2023-11-22 16:04:29.019144+00:00 [info] <0.230.0> 
2023-11-22 16:04:29.019144+00:00 [info] <0.230.0>  node           : rabbit@f346ad68ff15
2023-11-22 16:04:29.019144+00:00 [info] <0.230.0>  home dir       : /var/lib/rabbitmq
2023-11-22 16:04:29.019144+00:00 [info] <0.230.0>  config file(s) : (none)
2023-11-22 16:04:29.019144+00:00 [info] <0.230.0>  cookie hash    : A7u2l7Eimxq5wfbBRxA6WQ==
2023-11-22 16:04:29.019144+00:00 [info] <0.230.0>  log(s)         : /var/log/rabbitmq/rabbit@f346ad68ff15.log
2023-11-22 16:04:29.019144+00:00 [info] <0.230.0>                 : <stdout>
2023-11-22 16:04:29.019144+00:00 [info] <0.230.0>  data dir       : /var/lib/rabbitmq/mnesia/rabbit@f346ad68ff15
2023-11-22 16:04:30.918668+00:00 [notice] <0.61.0> SIGTERM received - shutting down
2023-11-22 16:04:30.918668+00:00 [notice] <0.61.0> 
