2023-11-23 13:13:10.807580+00:00 [notice] <0.230.0> Logging: configured log handlers are now ACTIVE
2023-11-23 13:13:11.107790+00:00 [info] <0.230.0> ra: starting system quorum_queues
2023-11-23 13:13:11.107912+00:00 [info] <0.230.0> starting Ra system: quorum_queues in directory: /var/lib/rabbitmq/mnesia/rabbit@f77a41a9ede8/quorum/rabbit@f77a41a9ede8
2023-11-23 13:13:11.220558+00:00 [info] <0.262.0> ra system 'quorum_queues' running pre init for 0 registered servers
2023-11-23 13:13:11.238915+00:00 [info] <0.263.0> ra: meta data store initialised for system quorum_queues. 0 record(s) recovered
2023-11-23 13:13:11.258072+00:00 [notice] <0.268.0> WAL: ra_log_wal init, open tbls: ra_log_open_mem_tables, closed tbls: ra_log_closed_mem_tables
2023-11-23 13:13:11.276487+00:00 [info] <0.230.0> ra: starting system coordination
2023-11-23 13:13:11.276590+00:00 [info] <0.230.0> starting Ra system: coordination in directory: /var/lib/rabbitmq/mnesia/rabbit@f77a41a9ede8/coordination/rabbit@f77a41a9ede8
2023-11-23 13:13:11.288739+00:00 [info] <0.275.0> ra system 'coordination' running pre init for 0 registered servers
2023-11-23 13:13:11.292582+00:00 [info] <0.276.0> ra: meta data store initialised for system coordination. 0 record(s) recovered
2023-11-23 13:13:11.292779+00:00 [notice] <0.281.0> WAL: ra_coordination_log_wal init, open tbls: ra_coordination_log_open_mem_tables, closed tbls: ra_coordination_log_closed_mem_tables
2023-11-23 13:13:11.304616+00:00 [info] <0.230.0> 
2023-11-23 13:13:11.304616+00:00 [info] <0.230.0>  Starting RabbitMQ 3.12.9 on Erlang 25.3.2.7 [jit]
2023-11-23 13:13:11.304616+00:00 [info] <0.230.0>  Copyright (c) 2007-2023 VMware, Inc. or its affiliates.
2023-11-23 13:13:11.304616+00:00 [info] <0.230.0>  Licensed under the MPL 2.0. Website: https://rabbitmq.com
2023-11-23 13:13:11.306041+00:00 [info] <0.230.0> 
2023-11-23 13:13:11.306041+00:00 [info] <0.230.0>  node           : rabbit@f77a41a9ede8
2023-11-23 13:13:11.306041+00:00 [info] <0.230.0>  home dir       : /var/lib/rabbitmq
2023-11-23 13:13:11.306041+00:00 [info] <0.230.0>  config file(s) : (none)
2023-11-23 13:13:11.306041+00:00 [info] <0.230.0>  cookie hash    : A7u2l7Eimxq5wfbBRxA6WQ==
2023-11-23 13:13:11.306041+00:00 [info] <0.230.0>  log(s)         : /var/log/rabbitmq/rabbit@f77a41a9ede8.log
2023-11-23 13:13:11.306041+00:00 [info] <0.230.0>                 : <stdout>
2023-11-23 13:13:11.306041+00:00 [info] <0.230.0>  data dir       : /var/lib/rabbitmq/mnesia/rabbit@f77a41a9ede8
2023-11-23 13:13:14.768843+00:00 [info] <0.230.0> Running boot step pre_boot defined by app rabbit
2023-11-23 13:13:14.768931+00:00 [info] <0.230.0> Running boot step rabbit_global_counters defined by app rabbit
2023-11-23 13:13:14.769535+00:00 [info] <0.230.0> Running boot step rabbit_osiris_metrics defined by app rabbit
2023-11-23 13:13:14.769679+00:00 [info] <0.230.0> Running boot step rabbit_core_metrics defined by app rabbit
2023-11-23 13:13:14.770434+00:00 [info] <0.230.0> Running boot step rabbit_alarm defined by app rabbit
2023-11-23 13:13:14.773879+00:00 [info] <0.299.0> Memory high watermark set to 3165 MiB (3319506534 bytes) of 7914 MiB (8298766336 bytes) total
2023-11-23 13:13:14.777335+00:00 [info] <0.301.0> Enabling free disk space monitoring (disk free space: 812456542208, total memory: 8298766336)
2023-11-23 13:13:14.777388+00:00 [info] <0.301.0> Disk free limit set to 50MB
2023-11-23 13:13:14.779546+00:00 [info] <0.230.0> Running boot step code_server_cache defined by app rabbit
2023-11-23 13:13:14.779687+00:00 [info] <0.230.0> Running boot step file_handle_cache defined by app rabbit
2023-11-23 13:13:14.779898+00:00 [info] <0.304.0> Limiting to approx 1048479 file handles (943629 sockets)
2023-11-23 13:13:14.779960+00:00 [info] <0.305.0> FHC read buffering: OFF
2023-11-23 13:13:14.780003+00:00 [info] <0.305.0> FHC write buffering: ON
2023-11-23 13:13:14.780423+00:00 [info] <0.230.0> Running boot step worker_pool defined by app rabbit
2023-11-23 13:13:14.780469+00:00 [info] <0.283.0> Will use 16 processes for default worker pool
2023-11-23 13:13:14.780530+00:00 [info] <0.283.0> Starting worker pool 'worker_pool' with 16 processes in it
2023-11-23 13:13:14.781604+00:00 [info] <0.230.0> Running boot step database defined by app rabbit
2023-11-23 13:13:14.785087+00:00 [info] <0.230.0> Node database directory at /var/lib/rabbitmq/mnesia/rabbit@f77a41a9ede8 is empty. Assuming we need to join an existing cluster or initialise from scratch...
2023-11-23 13:13:14.785166+00:00 [info] <0.230.0> Configured peer discovery backend: rabbit_peer_discovery_classic_config
2023-11-23 13:13:14.785235+00:00 [info] <0.230.0> Will try to lock with peer discovery backend rabbit_peer_discovery_classic_config
2023-11-23 13:13:14.785300+00:00 [info] <0.230.0> All discovered existing cluster peers:
2023-11-23 13:13:14.785352+00:00 [info] <0.230.0> Discovered no peer nodes to cluster with. Some discovery backends can filter nodes out based on a readiness criteria. Enabling debug logging might help troubleshoot.
2023-11-23 13:13:14.788648+00:00 [notice] <0.44.0> Application mnesia exited with reason: stopped
2023-11-23 13:13:15.260597+00:00 [info] <0.230.0> Waiting for Mnesia tables for 30000 ms, 9 retries left
2023-11-23 13:13:15.260792+00:00 [info] <0.230.0> Successfully synced tables from a peer
2023-11-23 13:13:15.261310+00:00 [notice] <0.284.0> Feature flags: attempt to enable `stream_sac_coordinator_unblock_group`...
2023-11-23 13:13:15.291188+00:00 [notice] <0.284.0> Feature flags: `stream_sac_coordinator_unblock_group` enabled
2023-11-23 13:13:15.291360+00:00 [notice] <0.284.0> Feature flags: attempt to enable `restart_streams`...
2023-11-23 13:13:15.328163+00:00 [notice] <0.284.0> Feature flags: `restart_streams` enabled
2023-11-23 13:13:15.328603+00:00 [info] <0.230.0> Waiting for Mnesia tables for 30000 ms, 9 retries left
2023-11-23 13:13:15.328844+00:00 [info] <0.230.0> Successfully synced tables from a peer
2023-11-23 13:13:15.355708+00:00 [info] <0.230.0> Waiting for Mnesia tables for 30000 ms, 9 retries left
2023-11-23 13:13:15.356023+00:00 [info] <0.230.0> Successfully synced tables from a peer
2023-11-23 13:13:15.356054+00:00 [info] <0.230.0> Peer discovery backend rabbit_peer_discovery_classic_config does not support registration, skipping registration.
2023-11-23 13:13:15.356088+00:00 [info] <0.230.0> Will try to unlock with peer discovery backend rabbit_peer_discovery_classic_config
2023-11-23 13:13:15.356453+00:00 [info] <0.230.0> Running boot step tracking_metadata_store defined by app rabbit
2023-11-23 13:13:15.356549+00:00 [info] <0.494.0> Setting up a table for connection tracking on this node: tracked_connection
2023-11-23 13:13:15.356593+00:00 [info] <0.494.0> Setting up a table for per-vhost connection counting on this node: tracked_connection_per_vhost
2023-11-23 13:13:15.356813+00:00 [info] <0.494.0> Setting up a table for per-user connection counting on this node: tracked_connection_per_user
2023-11-23 13:13:15.357024+00:00 [info] <0.494.0> Setting up a table for channel tracking on this node: tracked_channel
2023-11-23 13:13:15.357183+00:00 [info] <0.494.0> Setting up a table for channel tracking on this node: tracked_channel_per_user
2023-11-23 13:13:15.357407+00:00 [info] <0.230.0> Running boot step networking_metadata_store defined by app rabbit
2023-11-23 13:13:15.357507+00:00 [info] <0.230.0> Running boot step feature_flags defined by app rabbit
2023-11-23 13:13:15.360133+00:00 [info] <0.230.0> Running boot step codec_correctness_check defined by app rabbit
2023-11-23 13:13:15.360173+00:00 [info] <0.230.0> Running boot step external_infrastructure defined by app rabbit
2023-11-23 13:13:15.360251+00:00 [info] <0.230.0> Running boot step rabbit_event defined by app rabbit
2023-11-23 13:13:15.360422+00:00 [info] <0.230.0> Running boot step rabbit_registry defined by app rabbit
2023-11-23 13:13:15.360533+00:00 [info] <0.230.0> Running boot step rabbit_auth_mechanism_amqplain defined by app rabbit
2023-11-23 13:13:15.360659+00:00 [info] <0.230.0> Running boot step rabbit_auth_mechanism_cr_demo defined by app rabbit
2023-11-23 13:13:15.360764+00:00 [info] <0.230.0> Running boot step rabbit_auth_mechanism_plain defined by app rabbit
2023-11-23 13:13:15.360844+00:00 [info] <0.230.0> Running boot step rabbit_exchange_type_direct defined by app rabbit
2023-11-23 13:13:15.360949+00:00 [info] <0.230.0> Running boot step rabbit_exchange_type_fanout defined by app rabbit
2023-11-23 13:13:15.361027+00:00 [info] <0.230.0> Running boot step rabbit_exchange_type_headers defined by app rabbit
2023-11-23 13:13:15.361068+00:00 [info] <0.230.0> Running boot step rabbit_exchange_type_topic defined by app rabbit
2023-11-23 13:13:15.361090+00:00 [info] <0.230.0> Running boot step rabbit_mirror_queue_mode_all defined by app rabbit
2023-11-23 13:13:15.361112+00:00 [info] <0.230.0> Running boot step rabbit_mirror_queue_mode_exactly defined by app rabbit
2023-11-23 13:13:15.361167+00:00 [info] <0.230.0> Running boot step rabbit_mirror_queue_mode_nodes defined by app rabbit
2023-11-23 13:13:15.361237+00:00 [info] <0.230.0> Running boot step rabbit_priority_queue defined by app rabbit
2023-11-23 13:13:15.361292+00:00 [info] <0.230.0> Priority queues enabled, real BQ is rabbit_variable_queue
2023-11-23 13:13:15.361403+00:00 [info] <0.230.0> Running boot step rabbit_queue_location_client_local defined by app rabbit
2023-11-23 13:13:15.361503+00:00 [info] <0.230.0> Running boot step rabbit_queue_location_min_masters defined by app rabbit
2023-11-23 13:13:15.361598+00:00 [info] <0.230.0> Running boot step rabbit_queue_location_random defined by app rabbit
2023-11-23 13:13:15.361704+00:00 [info] <0.230.0> Running boot step kernel_ready defined by app rabbit
2023-11-23 13:13:15.361754+00:00 [info] <0.230.0> Running boot step rabbit_sysmon_minder defined by app rabbit
2023-11-23 13:13:15.361970+00:00 [info] <0.230.0> Running boot step rabbit_epmd_monitor defined by app rabbit
2023-11-23 13:13:15.363081+00:00 [info] <0.502.0> epmd monitor knows us, inter-node communication (distribution) port: 25672
2023-11-23 13:13:15.363197+00:00 [info] <0.230.0> Running boot step guid_generator defined by app rabbit
2023-11-23 13:13:15.372269+00:00 [info] <0.230.0> Running boot step rabbit_node_monitor defined by app rabbit
2023-11-23 13:13:15.372536+00:00 [info] <0.506.0> Starting rabbit_node_monitor (in ignore mode)
2023-11-23 13:13:15.372703+00:00 [info] <0.230.0> Running boot step delegate_sup defined by app rabbit
2023-11-23 13:13:15.373466+00:00 [info] <0.230.0> Running boot step rabbit_memory_monitor defined by app rabbit
2023-11-23 13:13:15.373873+00:00 [info] <0.230.0> Running boot step rabbit_fifo_dlx_sup defined by app rabbit
2023-11-23 13:13:15.374113+00:00 [info] <0.230.0> Running boot step core_initialized defined by app rabbit
2023-11-23 13:13:15.374203+00:00 [info] <0.230.0> Running boot step rabbit_channel_tracking_handler defined by app rabbit
2023-11-23 13:13:15.374387+00:00 [info] <0.230.0> Running boot step rabbit_connection_tracking_handler defined by app rabbit
2023-11-23 13:13:15.374475+00:00 [info] <0.230.0> Running boot step rabbit_definitions_hashing defined by app rabbit
2023-11-23 13:13:15.374584+00:00 [info] <0.230.0> Running boot step rabbit_exchange_parameters defined by app rabbit
2023-11-23 13:13:15.375086+00:00 [info] <0.230.0> Running boot step rabbit_mirror_queue_misc defined by app rabbit
2023-11-23 13:13:15.375902+00:00 [info] <0.230.0> Running boot step rabbit_policies defined by app rabbit
2023-11-23 13:13:15.376335+00:00 [info] <0.230.0> Running boot step rabbit_policy defined by app rabbit
2023-11-23 13:13:15.376456+00:00 [info] <0.230.0> Running boot step rabbit_queue_location_validator defined by app rabbit
2023-11-23 13:13:15.376572+00:00 [info] <0.230.0> Running boot step rabbit_quorum_memory_manager defined by app rabbit
2023-11-23 13:13:15.376643+00:00 [info] <0.230.0> Running boot step rabbit_stream_coordinator defined by app rabbit
2023-11-23 13:13:15.377093+00:00 [info] <0.230.0> Running boot step rabbit_vhost_limit defined by app rabbit
2023-11-23 13:13:15.377227+00:00 [info] <0.230.0> Running boot step recovery defined by app rabbit
2023-11-23 13:13:15.378601+00:00 [info] <0.230.0> Running boot step empty_db_check defined by app rabbit
2023-11-23 13:13:15.378684+00:00 [info] <0.230.0> Will seed default virtual host and user...
2023-11-23 13:13:15.378848+00:00 [info] <0.230.0> Adding vhost '/' (description: 'Default virtual host', tags: [])
2023-11-23 13:13:15.387203+00:00 [info] <0.230.0> Inserted a virtual host record {vhost,<<"/">>,[],
2023-11-23 13:13:15.387203+00:00 [info] <0.230.0>                                       #{description =>
2023-11-23 13:13:15.387203+00:00 [info] <0.230.0>                                             <<"Default virtual host">>,
2023-11-23 13:13:15.387203+00:00 [info] <0.230.0>                                         tags => []}}
2023-11-23 13:13:15.415105+00:00 [info] <0.547.0> Making sure data directory '/var/lib/rabbitmq/mnesia/rabbit@f77a41a9ede8/msg_stores/vhosts/628WB79CIFDYO9LJI6DKMI09L' for vhost '/' exists
2023-11-23 13:13:15.438514+00:00 [info] <0.547.0> Setting segment_entry_count for vhost '/' with 0 queues to '2048'
2023-11-23 13:13:15.471762+00:00 [info] <0.547.0> Starting message stores for vhost '/'
2023-11-23 13:13:15.472148+00:00 [info] <0.557.0> Message store "628WB79CIFDYO9LJI6DKMI09L/msg_store_transient": using rabbit_msg_store_ets_index to provide index
2023-11-23 13:13:15.481333+00:00 [info] <0.547.0> Started message store of type transient for vhost '/'
2023-11-23 13:13:15.481698+00:00 [info] <0.561.0> Message store "628WB79CIFDYO9LJI6DKMI09L/msg_store_persistent": using rabbit_msg_store_ets_index to provide index
2023-11-23 13:13:15.488279+00:00 [warning] <0.561.0> Message store "628WB79CIFDYO9LJI6DKMI09L/msg_store_persistent": rebuilding indices from scratch
2023-11-23 13:13:15.495038+00:00 [info] <0.547.0> Started message store of type persistent for vhost '/'
2023-11-23 13:13:15.495236+00:00 [info] <0.547.0> Recovering 0 queues of type rabbit_classic_queue took 50ms
2023-11-23 13:13:15.495271+00:00 [info] <0.547.0> Recovering 0 queues of type rabbit_quorum_queue took 0ms
2023-11-23 13:13:15.495300+00:00 [info] <0.547.0> Recovering 0 queues of type rabbit_stream_queue took 0ms
2023-11-23 13:13:15.500172+00:00 [info] <0.230.0> Created user 'default_user'
2023-11-23 13:13:15.502913+00:00 [info] <0.230.0> Successfully set user tags for user 'default_user' to [administrator]
2023-11-23 13:13:15.505855+00:00 [info] <0.230.0> Successfully set permissions for user 'default_user' in virtual host '/' to '.*', '.*', '.*'
2023-11-23 13:13:15.505922+00:00 [info] <0.230.0> Running boot step rabbit_observer_cli defined by app rabbit
2023-11-23 13:13:15.506047+00:00 [info] <0.230.0> Running boot step rabbit_looking_glass defined by app rabbit
2023-11-23 13:13:15.506079+00:00 [info] <0.230.0> Running boot step rabbit_core_metrics_gc defined by app rabbit
2023-11-23 13:13:15.506739+00:00 [info] <0.230.0> Running boot step background_gc defined by app rabbit
2023-11-23 13:13:15.507040+00:00 [info] <0.230.0> Running boot step routing_ready defined by app rabbit
2023-11-23 13:13:15.507072+00:00 [info] <0.230.0> Running boot step pre_flight defined by app rabbit
2023-11-23 13:13:15.507169+00:00 [info] <0.230.0> Running boot step notify_cluster defined by app rabbit
2023-11-23 13:13:15.507226+00:00 [info] <0.230.0> Running boot step networking defined by app rabbit
2023-11-23 13:13:15.507270+00:00 [info] <0.230.0> Running boot step definition_import_worker_pool defined by app rabbit
2023-11-23 13:13:15.507351+00:00 [info] <0.283.0> Starting worker pool 'definition_import_pool' with 16 processes in it
2023-11-23 13:13:15.508788+00:00 [info] <0.230.0> Running boot step cluster_name defined by app rabbit
2023-11-23 13:13:15.508970+00:00 [info] <0.230.0> Initialising internal cluster ID to 'rabbitmq-cluster-id-gtDZdE7CIDkqPuoD5W9nlQ'
2023-11-23 13:13:15.512552+00:00 [info] <0.230.0> Running boot step direct_client defined by app rabbit
2023-11-23 13:13:15.512784+00:00 [info] <0.230.0> Running boot step rabbit_maintenance_mode_state defined by app rabbit
2023-11-23 13:13:15.512818+00:00 [info] <0.230.0> Creating table rabbit_node_maintenance_states for maintenance mode status
2023-11-23 13:13:15.526454+00:00 [info] <0.613.0> Resetting node maintenance status
2023-11-23 13:13:15.526588+00:00 [info] <0.613.0> Ready to start client connection listeners
2023-11-23 13:13:15.529112+00:00 [info] <0.631.0> started TCP listener on [::]:5672
2023-11-23 13:13:15.655491+00:00 [info] <0.613.0> Server startup complete; 0 plugins started.
2023-11-23 13:13:15.726808+00:00 [info] <0.9.0> Time to start RabbitMQ: 8291764 us
2023-11-23 13:16:37.120856+00:00 [notice] <0.61.0> SIGTERM received - shutting down
2023-11-23 13:16:37.120856+00:00 [notice] <0.61.0> 
2023-11-23 13:16:37.122941+00:00 [info] <0.230.0> Peer discovery backend rabbit_peer_discovery_classic_config does not support registration, skipping unregistration.
2023-11-23 13:16:37.123164+00:00 [info] <0.631.0> stopped TCP listener on [::]:5672
2023-11-23 13:16:37.125177+00:00 [info] <0.655.0> Closing all connections in vhost '/' on node 'rabbit@f77a41a9ede8' because the vhost is stopping
2023-11-23 13:16:37.125300+00:00 [info] <0.561.0> Stopping message store for directory '/var/lib/rabbitmq/mnesia/rabbit@f77a41a9ede8/msg_stores/vhosts/628WB79CIFDYO9LJI6DKMI09L/msg_store_persistent'
2023-11-23 13:16:37.149347+00:00 [info] <0.561.0> Message store for directory '/var/lib/rabbitmq/mnesia/rabbit@f77a41a9ede8/msg_stores/vhosts/628WB79CIFDYO9LJI6DKMI09L/msg_store_persistent' is stopped
2023-11-23 13:16:37.149542+00:00 [info] <0.557.0> Stopping message store for directory '/var/lib/rabbitmq/mnesia/rabbit@f77a41a9ede8/msg_stores/vhosts/628WB79CIFDYO9LJI6DKMI09L/msg_store_transient'
2023-11-23 13:16:37.172514+00:00 [info] <0.557.0> Message store for directory '/var/lib/rabbitmq/mnesia/rabbit@f77a41a9ede8/msg_stores/vhosts/628WB79CIFDYO9LJI6DKMI09L/msg_store_transient' is stopped
