2023-11-23 12:50:27.355607+00:00 [notice] <0.230.0> Logging: configured log handlers are now ACTIVE
2023-11-23 12:50:27.672509+00:00 [info] <0.230.0> ra: starting system quorum_queues
2023-11-23 12:50:27.672626+00:00 [info] <0.230.0> starting Ra system: quorum_queues in directory: /var/lib/rabbitmq/mnesia/rabbit@63084ab3b36c/quorum/rabbit@63084ab3b36c
2023-11-23 12:50:27.771377+00:00 [info] <0.262.0> ra system 'quorum_queues' running pre init for 0 registered servers
2023-11-23 12:50:27.786789+00:00 [info] <0.263.0> ra: meta data store initialised for system quorum_queues. 0 record(s) recovered
2023-11-23 12:50:27.804336+00:00 [notice] <0.268.0> WAL: ra_log_wal init, open tbls: ra_log_open_mem_tables, closed tbls: ra_log_closed_mem_tables
2023-11-23 12:50:27.823402+00:00 [info] <0.230.0> ra: starting system coordination
2023-11-23 12:50:27.823485+00:00 [info] <0.230.0> starting Ra system: coordination in directory: /var/lib/rabbitmq/mnesia/rabbit@63084ab3b36c/coordination/rabbit@63084ab3b36c
2023-11-23 12:50:27.836301+00:00 [info] <0.275.0> ra system 'coordination' running pre init for 0 registered servers
2023-11-23 12:50:27.840297+00:00 [info] <0.276.0> ra: meta data store initialised for system coordination. 0 record(s) recovered
2023-11-23 12:50:27.840434+00:00 [notice] <0.281.0> WAL: ra_coordination_log_wal init, open tbls: ra_coordination_log_open_mem_tables, closed tbls: ra_coordination_log_closed_mem_tables
2023-11-23 12:50:27.853325+00:00 [info] <0.230.0> 
2023-11-23 12:50:27.853325+00:00 [info] <0.230.0>  Starting RabbitMQ 3.12.9 on Erlang 25.3.2.7 [jit]
2023-11-23 12:50:27.853325+00:00 [info] <0.230.0>  Copyright (c) 2007-2023 VMware, Inc. or its affiliates.
2023-11-23 12:50:27.853325+00:00 [info] <0.230.0>  Licensed under the MPL 2.0. Website: https://rabbitmq.com
2023-11-23 12:50:27.855223+00:00 [info] <0.230.0> 
2023-11-23 12:50:27.855223+00:00 [info] <0.230.0>  node           : rabbit@63084ab3b36c
2023-11-23 12:50:27.855223+00:00 [info] <0.230.0>  home dir       : /var/lib/rabbitmq
2023-11-23 12:50:27.855223+00:00 [info] <0.230.0>  config file(s) : (none)
2023-11-23 12:50:27.855223+00:00 [info] <0.230.0>  cookie hash    : A7u2l7Eimxq5wfbBRxA6WQ==
2023-11-23 12:50:27.855223+00:00 [info] <0.230.0>  log(s)         : /var/log/rabbitmq/rabbit@63084ab3b36c.log
2023-11-23 12:50:27.855223+00:00 [info] <0.230.0>                 : <stdout>
2023-11-23 12:50:27.855223+00:00 [info] <0.230.0>  data dir       : /var/lib/rabbitmq/mnesia/rabbit@63084ab3b36c
2023-11-23 12:50:31.233855+00:00 [info] <0.230.0> Running boot step pre_boot defined by app rabbit
2023-11-23 12:50:31.233962+00:00 [info] <0.230.0> Running boot step rabbit_global_counters defined by app rabbit
2023-11-23 12:50:31.234820+00:00 [info] <0.230.0> Running boot step rabbit_osiris_metrics defined by app rabbit
2023-11-23 12:50:31.235271+00:00 [info] <0.230.0> Running boot step rabbit_core_metrics defined by app rabbit
2023-11-23 12:50:31.236136+00:00 [info] <0.230.0> Running boot step rabbit_alarm defined by app rabbit
2023-11-23 12:50:31.239488+00:00 [info] <0.299.0> Memory high watermark set to 3165 MiB (3319506534 bytes) of 7914 MiB (8298766336 bytes) total
2023-11-23 12:50:31.242843+00:00 [info] <0.301.0> Enabling free disk space monitoring (disk free space: 812462534656, total memory: 8298766336)
2023-11-23 12:50:31.242879+00:00 [info] <0.301.0> Disk free limit set to 50MB
2023-11-23 12:50:31.245128+00:00 [info] <0.230.0> Running boot step code_server_cache defined by app rabbit
2023-11-23 12:50:31.245323+00:00 [info] <0.230.0> Running boot step file_handle_cache defined by app rabbit
2023-11-23 12:50:31.245557+00:00 [info] <0.304.0> Limiting to approx 1048479 file handles (943629 sockets)
2023-11-23 12:50:31.245687+00:00 [info] <0.305.0> FHC read buffering: OFF
2023-11-23 12:50:31.245719+00:00 [info] <0.305.0> FHC write buffering: ON
2023-11-23 12:50:31.246291+00:00 [info] <0.230.0> Running boot step worker_pool defined by app rabbit
2023-11-23 12:50:31.246362+00:00 [info] <0.283.0> Will use 16 processes for default worker pool
2023-11-23 12:50:31.246394+00:00 [info] <0.283.0> Starting worker pool 'worker_pool' with 16 processes in it
2023-11-23 12:50:31.247328+00:00 [info] <0.230.0> Running boot step database defined by app rabbit
2023-11-23 12:50:31.251126+00:00 [info] <0.230.0> Node database directory at /var/lib/rabbitmq/mnesia/rabbit@63084ab3b36c is empty. Assuming we need to join an existing cluster or initialise from scratch...
2023-11-23 12:50:31.251184+00:00 [info] <0.230.0> Configured peer discovery backend: rabbit_peer_discovery_classic_config
2023-11-23 12:50:31.251280+00:00 [info] <0.230.0> Will try to lock with peer discovery backend rabbit_peer_discovery_classic_config
2023-11-23 12:50:31.251331+00:00 [info] <0.230.0> All discovered existing cluster peers:
2023-11-23 12:50:31.251393+00:00 [info] <0.230.0> Discovered no peer nodes to cluster with. Some discovery backends can filter nodes out based on a readiness criteria. Enabling debug logging might help troubleshoot.
2023-11-23 12:50:31.255293+00:00 [notice] <0.44.0> Application mnesia exited with reason: stopped
2023-11-23 12:50:31.712242+00:00 [info] <0.230.0> Waiting for Mnesia tables for 30000 ms, 9 retries left
2023-11-23 12:50:31.712430+00:00 [info] <0.230.0> Successfully synced tables from a peer
2023-11-23 12:50:31.712915+00:00 [notice] <0.284.0> Feature flags: attempt to enable `stream_sac_coordinator_unblock_group`...
2023-11-23 12:50:31.739956+00:00 [notice] <0.284.0> Feature flags: `stream_sac_coordinator_unblock_group` enabled
2023-11-23 12:50:31.740118+00:00 [notice] <0.284.0> Feature flags: attempt to enable `restart_streams`...
2023-11-23 12:50:31.774065+00:00 [notice] <0.284.0> Feature flags: `restart_streams` enabled
2023-11-23 12:50:31.774373+00:00 [info] <0.230.0> Waiting for Mnesia tables for 30000 ms, 9 retries left
2023-11-23 12:50:31.774516+00:00 [info] <0.230.0> Successfully synced tables from a peer
2023-11-23 12:50:31.800342+00:00 [info] <0.230.0> Waiting for Mnesia tables for 30000 ms, 9 retries left
2023-11-23 12:50:31.800518+00:00 [info] <0.230.0> Successfully synced tables from a peer
2023-11-23 12:50:31.800571+00:00 [info] <0.230.0> Peer discovery backend rabbit_peer_discovery_classic_config does not support registration, skipping registration.
2023-11-23 12:50:31.800626+00:00 [info] <0.230.0> Will try to unlock with peer discovery backend rabbit_peer_discovery_classic_config
2023-11-23 12:50:31.800826+00:00 [info] <0.230.0> Running boot step tracking_metadata_store defined by app rabbit
2023-11-23 12:50:31.800930+00:00 [info] <0.494.0> Setting up a table for connection tracking on this node: tracked_connection
2023-11-23 12:50:31.800975+00:00 [info] <0.494.0> Setting up a table for per-vhost connection counting on this node: tracked_connection_per_vhost
2023-11-23 12:50:31.801066+00:00 [info] <0.494.0> Setting up a table for per-user connection counting on this node: tracked_connection_per_user
2023-11-23 12:50:31.801111+00:00 [info] <0.494.0> Setting up a table for channel tracking on this node: tracked_channel
2023-11-23 12:50:31.801175+00:00 [info] <0.494.0> Setting up a table for channel tracking on this node: tracked_channel_per_user
2023-11-23 12:50:31.801405+00:00 [info] <0.230.0> Running boot step networking_metadata_store defined by app rabbit
2023-11-23 12:50:31.801487+00:00 [info] <0.230.0> Running boot step feature_flags defined by app rabbit
2023-11-23 12:50:31.804319+00:00 [info] <0.230.0> Running boot step codec_correctness_check defined by app rabbit
2023-11-23 12:50:31.804389+00:00 [info] <0.230.0> Running boot step external_infrastructure defined by app rabbit
2023-11-23 12:50:31.804468+00:00 [info] <0.230.0> Running boot step rabbit_event defined by app rabbit
2023-11-23 12:50:31.804642+00:00 [info] <0.230.0> Running boot step rabbit_registry defined by app rabbit
2023-11-23 12:50:31.804722+00:00 [info] <0.230.0> Running boot step rabbit_auth_mechanism_amqplain defined by app rabbit
2023-11-23 12:50:31.804834+00:00 [info] <0.230.0> Running boot step rabbit_auth_mechanism_cr_demo defined by app rabbit
2023-11-23 12:50:31.804941+00:00 [info] <0.230.0> Running boot step rabbit_auth_mechanism_plain defined by app rabbit
2023-11-23 12:50:31.805014+00:00 [info] <0.230.0> Running boot step rabbit_exchange_type_direct defined by app rabbit
2023-11-23 12:50:31.805130+00:00 [info] <0.230.0> Running boot step rabbit_exchange_type_fanout defined by app rabbit
2023-11-23 12:50:31.805177+00:00 [info] <0.230.0> Running boot step rabbit_exchange_type_headers defined by app rabbit
2023-11-23 12:50:31.805202+00:00 [info] <0.230.0> Running boot step rabbit_exchange_type_topic defined by app rabbit
2023-11-23 12:50:31.805229+00:00 [info] <0.230.0> Running boot step rabbit_mirror_queue_mode_all defined by app rabbit
2023-11-23 12:50:31.805253+00:00 [info] <0.230.0> Running boot step rabbit_mirror_queue_mode_exactly defined by app rabbit
2023-11-23 12:50:31.805279+00:00 [info] <0.230.0> Running boot step rabbit_mirror_queue_mode_nodes defined by app rabbit
2023-11-23 12:50:31.805364+00:00 [info] <0.230.0> Running boot step rabbit_priority_queue defined by app rabbit
2023-11-23 12:50:31.805433+00:00 [info] <0.230.0> Priority queues enabled, real BQ is rabbit_variable_queue
2023-11-23 12:50:31.805512+00:00 [info] <0.230.0> Running boot step rabbit_queue_location_client_local defined by app rabbit
2023-11-23 12:50:31.805611+00:00 [info] <0.230.0> Running boot step rabbit_queue_location_min_masters defined by app rabbit
2023-11-23 12:50:31.805736+00:00 [info] <0.230.0> Running boot step rabbit_queue_location_random defined by app rabbit
2023-11-23 12:50:31.805832+00:00 [info] <0.230.0> Running boot step kernel_ready defined by app rabbit
2023-11-23 12:50:31.805867+00:00 [info] <0.230.0> Running boot step rabbit_sysmon_minder defined by app rabbit
2023-11-23 12:50:31.806070+00:00 [info] <0.230.0> Running boot step rabbit_epmd_monitor defined by app rabbit
2023-11-23 12:50:31.807118+00:00 [info] <0.502.0> epmd monitor knows us, inter-node communication (distribution) port: 25672
2023-11-23 12:50:31.807184+00:00 [info] <0.230.0> Running boot step guid_generator defined by app rabbit
2023-11-23 12:50:31.817185+00:00 [info] <0.230.0> Running boot step rabbit_node_monitor defined by app rabbit
2023-11-23 12:50:31.817471+00:00 [info] <0.506.0> Starting rabbit_node_monitor (in ignore mode)
2023-11-23 12:50:31.817587+00:00 [info] <0.230.0> Running boot step delegate_sup defined by app rabbit
2023-11-23 12:50:31.818320+00:00 [info] <0.230.0> Running boot step rabbit_memory_monitor defined by app rabbit
2023-11-23 12:50:31.818732+00:00 [info] <0.230.0> Running boot step rabbit_fifo_dlx_sup defined by app rabbit
2023-11-23 12:50:31.818852+00:00 [info] <0.230.0> Running boot step core_initialized defined by app rabbit
2023-11-23 12:50:31.818876+00:00 [info] <0.230.0> Running boot step rabbit_channel_tracking_handler defined by app rabbit
2023-11-23 12:50:31.819032+00:00 [info] <0.230.0> Running boot step rabbit_connection_tracking_handler defined by app rabbit
2023-11-23 12:50:31.819138+00:00 [info] <0.230.0> Running boot step rabbit_definitions_hashing defined by app rabbit
2023-11-23 12:50:31.819233+00:00 [info] <0.230.0> Running boot step rabbit_exchange_parameters defined by app rabbit
2023-11-23 12:50:31.819672+00:00 [info] <0.230.0> Running boot step rabbit_mirror_queue_misc defined by app rabbit
2023-11-23 12:50:31.820139+00:00 [info] <0.230.0> Running boot step rabbit_policies defined by app rabbit
2023-11-23 12:50:31.820553+00:00 [info] <0.230.0> Running boot step rabbit_policy defined by app rabbit
2023-11-23 12:50:31.820640+00:00 [info] <0.230.0> Running boot step rabbit_queue_location_validator defined by app rabbit
2023-11-23 12:50:31.820720+00:00 [info] <0.230.0> Running boot step rabbit_quorum_memory_manager defined by app rabbit
2023-11-23 12:50:31.820792+00:00 [info] <0.230.0> Running boot step rabbit_stream_coordinator defined by app rabbit
2023-11-23 12:50:31.821228+00:00 [info] <0.230.0> Running boot step rabbit_vhost_limit defined by app rabbit
2023-11-23 12:50:31.821312+00:00 [info] <0.230.0> Running boot step recovery defined by app rabbit
2023-11-23 12:50:31.822293+00:00 [info] <0.230.0> Running boot step empty_db_check defined by app rabbit
2023-11-23 12:50:31.822371+00:00 [info] <0.230.0> Will seed default virtual host and user...
2023-11-23 12:50:31.822474+00:00 [info] <0.230.0> Adding vhost '/' (description: 'Default virtual host', tags: [])
2023-11-23 12:50:31.829146+00:00 [info] <0.230.0> Inserted a virtual host record {vhost,<<"/">>,[],
2023-11-23 12:50:31.829146+00:00 [info] <0.230.0>                                       #{description =>
2023-11-23 12:50:31.829146+00:00 [info] <0.230.0>                                             <<"Default virtual host">>,
2023-11-23 12:50:31.829146+00:00 [info] <0.230.0>                                         tags => []}}
2023-11-23 12:50:31.849817+00:00 [info] <0.547.0> Making sure data directory '/var/lib/rabbitmq/mnesia/rabbit@63084ab3b36c/msg_stores/vhosts/628WB79CIFDYO9LJI6DKMI09L' for vhost '/' exists
2023-11-23 12:50:31.862903+00:00 [info] <0.547.0> Setting segment_entry_count for vhost '/' with 0 queues to '2048'
2023-11-23 12:50:31.888105+00:00 [info] <0.547.0> Starting message stores for vhost '/'
2023-11-23 12:50:31.888596+00:00 [info] <0.557.0> Message store "628WB79CIFDYO9LJI6DKMI09L/msg_store_transient": using rabbit_msg_store_ets_index to provide index
2023-11-23 12:50:31.897357+00:00 [info] <0.547.0> Started message store of type transient for vhost '/'
2023-11-23 12:50:31.897699+00:00 [info] <0.561.0> Message store "628WB79CIFDYO9LJI6DKMI09L/msg_store_persistent": using rabbit_msg_store_ets_index to provide index
2023-11-23 12:50:31.903755+00:00 [warning] <0.561.0> Message store "628WB79CIFDYO9LJI6DKMI09L/msg_store_persistent": rebuilding indices from scratch
2023-11-23 12:50:31.909821+00:00 [info] <0.547.0> Started message store of type persistent for vhost '/'
2023-11-23 12:50:31.910017+00:00 [info] <0.547.0> Recovering 0 queues of type rabbit_classic_queue took 43ms
2023-11-23 12:50:31.910050+00:00 [info] <0.547.0> Recovering 0 queues of type rabbit_quorum_queue took 0ms
2023-11-23 12:50:31.910115+00:00 [info] <0.547.0> Recovering 0 queues of type rabbit_stream_queue took 0ms
2023-11-23 12:50:31.915196+00:00 [info] <0.230.0> Created user 'default_user'
2023-11-23 12:50:31.917813+00:00 [info] <0.230.0> Successfully set user tags for user 'default_user' to [administrator]
2023-11-23 12:50:31.921145+00:00 [info] <0.230.0> Successfully set permissions for user 'default_user' in virtual host '/' to '.*', '.*', '.*'
2023-11-23 12:50:31.921231+00:00 [info] <0.230.0> Running boot step rabbit_observer_cli defined by app rabbit
2023-11-23 12:50:31.921292+00:00 [info] <0.230.0> Running boot step rabbit_looking_glass defined by app rabbit
2023-11-23 12:50:31.921323+00:00 [info] <0.230.0> Running boot step rabbit_core_metrics_gc defined by app rabbit
2023-11-23 12:50:31.921612+00:00 [info] <0.230.0> Running boot step background_gc defined by app rabbit
2023-11-23 12:50:31.921801+00:00 [info] <0.230.0> Running boot step routing_ready defined by app rabbit
2023-11-23 12:50:31.921850+00:00 [info] <0.230.0> Running boot step pre_flight defined by app rabbit
2023-11-23 12:50:31.921898+00:00 [info] <0.230.0> Running boot step notify_cluster defined by app rabbit
2023-11-23 12:50:31.921936+00:00 [info] <0.230.0> Running boot step networking defined by app rabbit
2023-11-23 12:50:31.921969+00:00 [info] <0.230.0> Running boot step definition_import_worker_pool defined by app rabbit
2023-11-23 12:50:31.922130+00:00 [info] <0.283.0> Starting worker pool 'definition_import_pool' with 16 processes in it
2023-11-23 12:50:31.923255+00:00 [info] <0.230.0> Running boot step cluster_name defined by app rabbit
2023-11-23 12:50:31.923335+00:00 [info] <0.230.0> Initialising internal cluster ID to 'rabbitmq-cluster-id-MAg3qNZiV4US-hXkrUvoRw'
2023-11-23 12:50:31.926793+00:00 [info] <0.230.0> Running boot step direct_client defined by app rabbit
2023-11-23 12:50:31.926890+00:00 [info] <0.230.0> Running boot step rabbit_maintenance_mode_state defined by app rabbit
2023-11-23 12:50:31.926919+00:00 [info] <0.230.0> Creating table rabbit_node_maintenance_states for maintenance mode status
2023-11-23 12:50:31.941467+00:00 [info] <0.613.0> Resetting node maintenance status
2023-11-23 12:50:31.941817+00:00 [info] <0.613.0> Ready to start client connection listeners
2023-11-23 12:50:31.944222+00:00 [info] <0.631.0> started TCP listener on [::]:5672
2023-11-23 12:50:32.060223+00:00 [info] <0.613.0> Server startup complete; 0 plugins started.
2023-11-23 12:50:32.142260+00:00 [info] <0.9.0> Time to start RabbitMQ: 7889740 us
2023-11-23 13:07:31.604053+00:00 [notice] <0.61.0> SIGTERM received - shutting down
2023-11-23 13:07:31.604053+00:00 [notice] <0.61.0> 
2023-11-23 13:07:31.607830+00:00 [info] <0.230.0> Peer discovery backend rabbit_peer_discovery_classic_config does not support registration, skipping unregistration.
2023-11-23 13:07:31.608237+00:00 [info] <0.631.0> stopped TCP listener on [::]:5672
2023-11-23 13:07:31.611570+00:00 [info] <0.692.0> Closing all connections in vhost '/' on node 'rabbit@63084ab3b36c' because the vhost is stopping
2023-11-23 13:07:31.611607+00:00 [info] <0.561.0> Stopping message store for directory '/var/lib/rabbitmq/mnesia/rabbit@63084ab3b36c/msg_stores/vhosts/628WB79CIFDYO9LJI6DKMI09L/msg_store_persistent'
2023-11-23 13:07:31.637103+00:00 [info] <0.561.0> Message store for directory '/var/lib/rabbitmq/mnesia/rabbit@63084ab3b36c/msg_stores/vhosts/628WB79CIFDYO9LJI6DKMI09L/msg_store_persistent' is stopped
2023-11-23 13:07:31.637285+00:00 [info] <0.557.0> Stopping message store for directory '/var/lib/rabbitmq/mnesia/rabbit@63084ab3b36c/msg_stores/vhosts/628WB79CIFDYO9LJI6DKMI09L/msg_store_transient'
2023-11-23 13:07:31.661879+00:00 [info] <0.557.0> Message store for directory '/var/lib/rabbitmq/mnesia/rabbit@63084ab3b36c/msg_stores/vhosts/628WB79CIFDYO9LJI6DKMI09L/msg_store_transient' is stopped
2023-11-23 13:07:38.991270+00:00 [notice] <0.230.0> Logging: configured log handlers are now ACTIVE
2023-11-23 13:07:39.516717+00:00 [info] <0.230.0> ra: starting system quorum_queues
2023-11-23 13:07:39.516990+00:00 [info] <0.230.0> starting Ra system: quorum_queues in directory: /var/lib/rabbitmq/mnesia/rabbit@63084ab3b36c/quorum/rabbit@63084ab3b36c
2023-11-23 13:07:39.580831+00:00 [info] <0.316.0> ra system 'quorum_queues' running pre init for 0 registered servers
2023-11-23 13:07:39.603301+00:00 [info] <0.325.0> ra: meta data store initialised for system quorum_queues. 0 record(s) recovered
2023-11-23 13:07:39.633715+00:00 [notice] <0.339.0> WAL: ra_log_wal init, open tbls: ra_log_open_mem_tables, closed tbls: ra_log_closed_mem_tables
2023-11-23 13:07:39.669500+00:00 [info] <0.230.0> ra: starting system coordination
2023-11-23 13:07:39.669632+00:00 [info] <0.230.0> starting Ra system: coordination in directory: /var/lib/rabbitmq/mnesia/rabbit@63084ab3b36c/coordination/rabbit@63084ab3b36c
2023-11-23 13:07:39.696719+00:00 [info] <0.350.0> ra system 'coordination' running pre init for 0 registered servers
2023-11-23 13:07:39.703649+00:00 [info] <0.351.0> ra: meta data store initialised for system coordination. 0 record(s) recovered
2023-11-23 13:07:39.703984+00:00 [notice] <0.356.0> WAL: ra_coordination_log_wal init, open tbls: ra_coordination_log_open_mem_tables, closed tbls: ra_coordination_log_closed_mem_tables
2023-11-23 13:07:39.721208+00:00 [info] <0.230.0> 
2023-11-23 13:07:39.721208+00:00 [info] <0.230.0>  Starting RabbitMQ 3.12.9 on Erlang 25.3.2.7 [jit]
2023-11-23 13:07:39.721208+00:00 [info] <0.230.0>  Copyright (c) 2007-2023 VMware, Inc. or its affiliates.
2023-11-23 13:07:39.721208+00:00 [info] <0.230.0>  Licensed under the MPL 2.0. Website: https://rabbitmq.com
2023-11-23 13:07:39.722752+00:00 [info] <0.230.0> 
2023-11-23 13:07:39.722752+00:00 [info] <0.230.0>  node           : rabbit@63084ab3b36c
2023-11-23 13:07:39.722752+00:00 [info] <0.230.0>  home dir       : /var/lib/rabbitmq
2023-11-23 13:07:39.722752+00:00 [info] <0.230.0>  config file(s) : (none)
2023-11-23 13:07:39.722752+00:00 [info] <0.230.0>  cookie hash    : A7u2l7Eimxq5wfbBRxA6WQ==
2023-11-23 13:07:39.722752+00:00 [info] <0.230.0>  log(s)         : /var/log/rabbitmq/rabbit@63084ab3b36c.log
2023-11-23 13:07:39.722752+00:00 [info] <0.230.0>                 : <stdout>
2023-11-23 13:07:39.722752+00:00 [info] <0.230.0>  data dir       : /var/lib/rabbitmq/mnesia/rabbit@63084ab3b36c
2023-11-23 13:07:43.075406+00:00 [info] <0.230.0> Running boot step pre_boot defined by app rabbit
2023-11-23 13:07:43.075474+00:00 [info] <0.230.0> Running boot step rabbit_global_counters defined by app rabbit
2023-11-23 13:07:43.076066+00:00 [info] <0.230.0> Running boot step rabbit_osiris_metrics defined by app rabbit
2023-11-23 13:07:43.076148+00:00 [info] <0.230.0> Running boot step rabbit_core_metrics defined by app rabbit
2023-11-23 13:07:43.078373+00:00 [info] <0.230.0> Running boot step rabbit_alarm defined by app rabbit
2023-11-23 13:07:43.082016+00:00 [info] <0.374.0> Memory high watermark set to 3165 MiB (3319506534 bytes) of 7914 MiB (8298766336 bytes) total
2023-11-23 13:07:43.085510+00:00 [info] <0.376.0> Enabling free disk space monitoring (disk free space: 812462354432, total memory: 8298766336)
2023-11-23 13:07:43.085555+00:00 [info] <0.376.0> Disk free limit set to 50MB
2023-11-23 13:07:43.087811+00:00 [info] <0.230.0> Running boot step code_server_cache defined by app rabbit
2023-11-23 13:07:43.087947+00:00 [info] <0.230.0> Running boot step file_handle_cache defined by app rabbit
2023-11-23 13:07:43.088212+00:00 [info] <0.379.0> Limiting to approx 1048479 file handles (943629 sockets)
2023-11-23 13:07:43.088351+00:00 [info] <0.380.0> FHC read buffering: OFF
2023-11-23 13:07:43.088381+00:00 [info] <0.380.0> FHC write buffering: ON
2023-11-23 13:07:43.088801+00:00 [info] <0.230.0> Running boot step worker_pool defined by app rabbit
2023-11-23 13:07:43.088873+00:00 [info] <0.358.0> Will use 16 processes for default worker pool
2023-11-23 13:07:43.088904+00:00 [info] <0.358.0> Starting worker pool 'worker_pool' with 16 processes in it
2023-11-23 13:07:43.090026+00:00 [info] <0.230.0> Running boot step database defined by app rabbit
2023-11-23 13:07:43.102959+00:00 [info] <0.230.0> Waiting for Mnesia tables for 30000 ms, 9 retries left
2023-11-23 13:07:43.108623+00:00 [info] <0.230.0> Successfully synced tables from a peer
2023-11-23 13:07:43.137868+00:00 [info] <0.230.0> Waiting for Mnesia tables for 30000 ms, 9 retries left
2023-11-23 13:07:43.138095+00:00 [info] <0.230.0> Successfully synced tables from a peer
2023-11-23 13:07:43.138160+00:00 [info] <0.230.0> Peer discovery backend rabbit_peer_discovery_classic_config does not support registration, skipping registration.
2023-11-23 13:07:43.138454+00:00 [info] <0.230.0> Running boot step tracking_metadata_store defined by app rabbit
2023-11-23 13:07:43.138699+00:00 [info] <0.406.0> Setting up a table for connection tracking on this node: tracked_connection
2023-11-23 13:07:43.138747+00:00 [info] <0.406.0> Setting up a table for per-vhost connection counting on this node: tracked_connection_per_vhost
2023-11-23 13:07:43.138967+00:00 [info] <0.406.0> Setting up a table for per-user connection counting on this node: tracked_connection_per_user
2023-11-23 13:07:43.139047+00:00 [info] <0.406.0> Setting up a table for channel tracking on this node: tracked_channel
2023-11-23 13:07:43.139194+00:00 [info] <0.406.0> Setting up a table for channel tracking on this node: tracked_channel_per_user
2023-11-23 13:07:43.139414+00:00 [info] <0.230.0> Running boot step networking_metadata_store defined by app rabbit
2023-11-23 13:07:43.139587+00:00 [info] <0.230.0> Running boot step feature_flags defined by app rabbit
2023-11-23 13:07:43.142139+00:00 [info] <0.230.0> Running boot step codec_correctness_check defined by app rabbit
2023-11-23 13:07:43.142233+00:00 [info] <0.230.0> Running boot step external_infrastructure defined by app rabbit
2023-11-23 13:07:43.142297+00:00 [info] <0.230.0> Running boot step rabbit_event defined by app rabbit
2023-11-23 13:07:43.142652+00:00 [info] <0.230.0> Running boot step rabbit_registry defined by app rabbit
2023-11-23 13:07:43.142839+00:00 [info] <0.230.0> Running boot step rabbit_auth_mechanism_amqplain defined by app rabbit
2023-11-23 13:07:43.142973+00:00 [info] <0.230.0> Running boot step rabbit_auth_mechanism_cr_demo defined by app rabbit
2023-11-23 13:07:43.143118+00:00 [info] <0.230.0> Running boot step rabbit_auth_mechanism_plain defined by app rabbit
2023-11-23 13:07:43.143215+00:00 [info] <0.230.0> Running boot step rabbit_exchange_type_direct defined by app rabbit
2023-11-23 13:07:43.143349+00:00 [info] <0.230.0> Running boot step rabbit_exchange_type_fanout defined by app rabbit
2023-11-23 13:07:43.143484+00:00 [info] <0.230.0> Running boot step rabbit_exchange_type_headers defined by app rabbit
2023-11-23 13:07:43.143587+00:00 [info] <0.230.0> Running boot step rabbit_exchange_type_topic defined by app rabbit
2023-11-23 13:07:43.143640+00:00 [info] <0.230.0> Running boot step rabbit_mirror_queue_mode_all defined by app rabbit
2023-11-23 13:07:43.143760+00:00 [info] <0.230.0> Running boot step rabbit_mirror_queue_mode_exactly defined by app rabbit
2023-11-23 13:07:43.143892+00:00 [info] <0.230.0> Running boot step rabbit_mirror_queue_mode_nodes defined by app rabbit
2023-11-23 13:07:43.143988+00:00 [info] <0.230.0> Running boot step rabbit_priority_queue defined by app rabbit
2023-11-23 13:07:43.144041+00:00 [info] <0.230.0> Priority queues enabled, real BQ is rabbit_variable_queue
2023-11-23 13:07:43.144148+00:00 [info] <0.230.0> Running boot step rabbit_queue_location_client_local defined by app rabbit
2023-11-23 13:07:43.144234+00:00 [info] <0.230.0> Running boot step rabbit_queue_location_min_masters defined by app rabbit
2023-11-23 13:07:43.144274+00:00 [info] <0.230.0> Running boot step rabbit_queue_location_random defined by app rabbit
2023-11-23 13:07:43.144347+00:00 [info] <0.230.0> Running boot step kernel_ready defined by app rabbit
2023-11-23 13:07:43.144400+00:00 [info] <0.230.0> Running boot step rabbit_sysmon_minder defined by app rabbit
2023-11-23 13:07:43.144748+00:00 [info] <0.230.0> Running boot step rabbit_epmd_monitor defined by app rabbit
2023-11-23 13:07:43.145986+00:00 [info] <0.414.0> epmd monitor knows us, inter-node communication (distribution) port: 25672
2023-11-23 13:07:43.146104+00:00 [info] <0.230.0> Running boot step guid_generator defined by app rabbit
2023-11-23 13:07:43.160212+00:00 [info] <0.230.0> Running boot step rabbit_node_monitor defined by app rabbit
2023-11-23 13:07:43.160707+00:00 [info] <0.418.0> Starting rabbit_node_monitor (in ignore mode)
2023-11-23 13:07:43.160990+00:00 [info] <0.230.0> Running boot step delegate_sup defined by app rabbit
2023-11-23 13:07:43.161892+00:00 [info] <0.230.0> Running boot step rabbit_memory_monitor defined by app rabbit
2023-11-23 13:07:43.162098+00:00 [info] <0.230.0> Running boot step rabbit_fifo_dlx_sup defined by app rabbit
2023-11-23 13:07:43.162239+00:00 [info] <0.230.0> Running boot step core_initialized defined by app rabbit
2023-11-23 13:07:43.162312+00:00 [info] <0.230.0> Running boot step rabbit_channel_tracking_handler defined by app rabbit
2023-11-23 13:07:43.162356+00:00 [info] <0.230.0> Running boot step rabbit_connection_tracking_handler defined by app rabbit
2023-11-23 13:07:43.162387+00:00 [info] <0.230.0> Running boot step rabbit_definitions_hashing defined by app rabbit
2023-11-23 13:07:43.162600+00:00 [info] <0.230.0> Running boot step rabbit_exchange_parameters defined by app rabbit
2023-11-23 13:07:43.163090+00:00 [info] <0.230.0> Running boot step rabbit_mirror_queue_misc defined by app rabbit
2023-11-23 13:07:43.163519+00:00 [info] <0.230.0> Running boot step rabbit_policies defined by app rabbit
2023-11-23 13:07:43.164415+00:00 [info] <0.230.0> Running boot step rabbit_policy defined by app rabbit
2023-11-23 13:07:43.164498+00:00 [info] <0.230.0> Running boot step rabbit_queue_location_validator defined by app rabbit
2023-11-23 13:07:43.164622+00:00 [info] <0.230.0> Running boot step rabbit_quorum_memory_manager defined by app rabbit
2023-11-23 13:07:43.164702+00:00 [info] <0.230.0> Running boot step rabbit_stream_coordinator defined by app rabbit
2023-11-23 13:07:43.165132+00:00 [info] <0.230.0> Running boot step rabbit_vhost_limit defined by app rabbit
2023-11-23 13:07:43.165250+00:00 [info] <0.230.0> Running boot step recovery defined by app rabbit
2023-11-23 13:07:43.166521+00:00 [info] <0.450.0> Making sure data directory '/var/lib/rabbitmq/mnesia/rabbit@63084ab3b36c/msg_stores/vhosts/628WB79CIFDYO9LJI6DKMI09L' for vhost '/' exists
2023-11-23 13:07:43.218236+00:00 [info] <0.450.0> Starting message stores for vhost '/'
2023-11-23 13:07:43.218755+00:00 [info] <0.460.0> Message store "628WB79CIFDYO9LJI6DKMI09L/msg_store_transient": using rabbit_msg_store_ets_index to provide index
2023-11-23 13:07:43.259004+00:00 [info] <0.450.0> Started message store of type transient for vhost '/'
2023-11-23 13:07:43.259304+00:00 [info] <0.464.0> Message store "628WB79CIFDYO9LJI6DKMI09L/msg_store_persistent": using rabbit_msg_store_ets_index to provide index
2023-11-23 13:07:43.289502+00:00 [info] <0.450.0> Started message store of type persistent for vhost '/'
2023-11-23 13:07:43.289767+00:00 [info] <0.450.0> Recovering 0 queues of type rabbit_classic_queue took 106ms
2023-11-23 13:07:43.289842+00:00 [info] <0.450.0> Recovering 0 queues of type rabbit_quorum_queue took 0ms
2023-11-23 13:07:43.289911+00:00 [info] <0.450.0> Recovering 0 queues of type rabbit_stream_queue took 0ms
2023-11-23 13:07:43.293278+00:00 [info] <0.230.0> Running boot step empty_db_check defined by app rabbit
2023-11-23 13:07:43.293369+00:00 [info] <0.230.0> Will not seed default virtual host and user: have definitions to load...
2023-11-23 13:07:43.293396+00:00 [info] <0.230.0> Running boot step rabbit_observer_cli defined by app rabbit
2023-11-23 13:07:43.293488+00:00 [info] <0.230.0> Running boot step rabbit_looking_glass defined by app rabbit
2023-11-23 13:07:43.293516+00:00 [info] <0.230.0> Running boot step rabbit_core_metrics_gc defined by app rabbit
2023-11-23 13:07:43.293758+00:00 [info] <0.230.0> Running boot step background_gc defined by app rabbit
2023-11-23 13:07:43.293960+00:00 [info] <0.230.0> Running boot step routing_ready defined by app rabbit
2023-11-23 13:07:43.293987+00:00 [info] <0.230.0> Running boot step pre_flight defined by app rabbit
2023-11-23 13:07:43.294080+00:00 [info] <0.230.0> Running boot step notify_cluster defined by app rabbit
2023-11-23 13:07:43.294202+00:00 [info] <0.230.0> Running boot step networking defined by app rabbit
2023-11-23 13:07:43.294246+00:00 [info] <0.230.0> Running boot step definition_import_worker_pool defined by app rabbit
2023-11-23 13:07:43.294278+00:00 [info] <0.358.0> Starting worker pool 'definition_import_pool' with 16 processes in it
2023-11-23 13:07:43.295284+00:00 [info] <0.230.0> Running boot step cluster_name defined by app rabbit
2023-11-23 13:07:43.295335+00:00 [info] <0.230.0> Running boot step direct_client defined by app rabbit
2023-11-23 13:07:43.295442+00:00 [info] <0.230.0> Running boot step rabbit_maintenance_mode_state defined by app rabbit
2023-11-23 13:07:43.295468+00:00 [info] <0.230.0> Creating table rabbit_node_maintenance_states for maintenance mode status
2023-11-23 13:07:43.296069+00:00 [info] <0.514.0> Resetting node maintenance status
2023-11-23 13:07:43.296243+00:00 [info] <0.514.0> Ready to start client connection listeners
2023-11-23 13:07:43.299796+00:00 [info] <0.532.0> started TCP listener on [::]:5672
2023-11-23 13:07:43.426248+00:00 [info] <0.514.0> Server startup complete; 0 plugins started.
2023-11-23 13:07:43.496845+00:00 [info] <0.9.0> Time to start RabbitMQ: 7627167 us
2023-11-23 13:13:02.860161+00:00 [notice] <0.61.0> SIGTERM received - shutting down
2023-11-23 13:13:02.860161+00:00 [notice] <0.61.0> 
2023-11-23 13:13:02.862138+00:00 [info] <0.230.0> Peer discovery backend rabbit_peer_discovery_classic_config does not support registration, skipping unregistration.
2023-11-23 13:13:02.862454+00:00 [info] <0.532.0> stopped TCP listener on [::]:5672
2023-11-23 13:13:02.864672+00:00 [info] <0.544.0> Closing all connections in vhost '/' on node 'rabbit@63084ab3b36c' because the vhost is stopping
2023-11-23 13:13:02.864907+00:00 [info] <0.464.0> Stopping message store for directory '/var/lib/rabbitmq/mnesia/rabbit@63084ab3b36c/msg_stores/vhosts/628WB79CIFDYO9LJI6DKMI09L/msg_store_persistent'
2023-11-23 13:13:02.889722+00:00 [info] <0.464.0> Message store for directory '/var/lib/rabbitmq/mnesia/rabbit@63084ab3b36c/msg_stores/vhosts/628WB79CIFDYO9LJI6DKMI09L/msg_store_persistent' is stopped
2023-11-23 13:13:02.889936+00:00 [info] <0.460.0> Stopping message store for directory '/var/lib/rabbitmq/mnesia/rabbit@63084ab3b36c/msg_stores/vhosts/628WB79CIFDYO9LJI6DKMI09L/msg_store_transient'
2023-11-23 13:13:02.914663+00:00 [info] <0.460.0> Message store for directory '/var/lib/rabbitmq/mnesia/rabbit@63084ab3b36c/msg_stores/vhosts/628WB79CIFDYO9LJI6DKMI09L/msg_store_transient' is stopped
