2023-11-22 16:09:17.657114+00:00 [notice] <0.230.0> Logging: configured log handlers are now ACTIVE
2023-11-22 16:09:17.985819+00:00 [info] <0.230.0> ra: starting system quorum_queues
2023-11-22 16:09:17.985945+00:00 [info] <0.230.0> starting Ra system: quorum_queues in directory: /var/lib/rabbitmq/mnesia/rabbit@e465dbb61898/quorum/rabbit@e465dbb61898
2023-11-22 16:09:18.094699+00:00 [info] <0.262.0> ra system 'quorum_queues' running pre init for 0 registered servers
2023-11-22 16:09:18.110898+00:00 [info] <0.263.0> ra: meta data store initialised for system quorum_queues. 0 record(s) recovered
2023-11-22 16:09:18.129633+00:00 [notice] <0.268.0> WAL: ra_log_wal init, open tbls: ra_log_open_mem_tables, closed tbls: ra_log_closed_mem_tables
2023-11-22 16:09:18.149173+00:00 [info] <0.230.0> ra: starting system coordination
2023-11-22 16:09:18.149231+00:00 [info] <0.230.0> starting Ra system: coordination in directory: /var/lib/rabbitmq/mnesia/rabbit@e465dbb61898/coordination/rabbit@e465dbb61898
2023-11-22 16:09:18.162042+00:00 [info] <0.275.0> ra system 'coordination' running pre init for 0 registered servers
2023-11-22 16:09:18.166464+00:00 [info] <0.276.0> ra: meta data store initialised for system coordination. 0 record(s) recovered
2023-11-22 16:09:18.166647+00:00 [notice] <0.281.0> WAL: ra_coordination_log_wal init, open tbls: ra_coordination_log_open_mem_tables, closed tbls: ra_coordination_log_closed_mem_tables
2023-11-22 16:09:18.179918+00:00 [info] <0.230.0> 
2023-11-22 16:09:18.179918+00:00 [info] <0.230.0>  Starting RabbitMQ 3.12.9 on Erlang 25.3.2.7 [jit]
2023-11-22 16:09:18.179918+00:00 [info] <0.230.0>  Copyright (c) 2007-2023 VMware, Inc. or its affiliates.
2023-11-22 16:09:18.179918+00:00 [info] <0.230.0>  Licensed under the MPL 2.0. Website: https://rabbitmq.com
2023-11-22 16:09:18.181730+00:00 [info] <0.230.0> 
2023-11-22 16:09:18.181730+00:00 [info] <0.230.0>  node           : rabbit@e465dbb61898
2023-11-22 16:09:18.181730+00:00 [info] <0.230.0>  home dir       : /var/lib/rabbitmq
2023-11-22 16:09:18.181730+00:00 [info] <0.230.0>  config file(s) : (none)
2023-11-22 16:09:18.181730+00:00 [info] <0.230.0>  cookie hash    : A7u2l7Eimxq5wfbBRxA6WQ==
2023-11-22 16:09:18.181730+00:00 [info] <0.230.0>  log(s)         : /var/log/rabbitmq/rabbit@e465dbb61898.log
2023-11-22 16:09:18.181730+00:00 [info] <0.230.0>                 : <stdout>
2023-11-22 16:09:18.181730+00:00 [info] <0.230.0>  data dir       : /var/lib/rabbitmq/mnesia/rabbit@e465dbb61898
2023-11-22 16:09:21.522415+00:00 [info] <0.230.0> Running boot step pre_boot defined by app rabbit
2023-11-22 16:09:21.522507+00:00 [info] <0.230.0> Running boot step rabbit_global_counters defined by app rabbit
2023-11-22 16:09:21.523276+00:00 [info] <0.230.0> Running boot step rabbit_osiris_metrics defined by app rabbit
2023-11-22 16:09:21.523398+00:00 [info] <0.230.0> Running boot step rabbit_core_metrics defined by app rabbit
2023-11-22 16:09:21.524074+00:00 [info] <0.230.0> Running boot step rabbit_alarm defined by app rabbit
2023-11-22 16:09:21.527414+00:00 [info] <0.299.0> Memory high watermark set to 3165 MiB (3319504896 bytes) of 7914 MiB (8298762240 bytes) total
2023-11-22 16:09:21.530838+00:00 [info] <0.301.0> Enabling free disk space monitoring (disk free space: 811786309632, total memory: 8298762240)
2023-11-22 16:09:21.530906+00:00 [info] <0.301.0> Disk free limit set to 50MB
2023-11-22 16:09:21.533202+00:00 [info] <0.230.0> Running boot step code_server_cache defined by app rabbit
2023-11-22 16:09:21.533336+00:00 [info] <0.230.0> Running boot step file_handle_cache defined by app rabbit
2023-11-22 16:09:21.533536+00:00 [info] <0.304.0> Limiting to approx 1048479 file handles (943629 sockets)
2023-11-22 16:09:21.533595+00:00 [info] <0.305.0> FHC read buffering: OFF
2023-11-22 16:09:21.533638+00:00 [info] <0.305.0> FHC write buffering: ON
2023-11-22 16:09:21.534103+00:00 [info] <0.230.0> Running boot step worker_pool defined by app rabbit
2023-11-22 16:09:21.534189+00:00 [info] <0.283.0> Will use 16 processes for default worker pool
2023-11-22 16:09:21.534224+00:00 [info] <0.283.0> Starting worker pool 'worker_pool' with 16 processes in it
2023-11-22 16:09:21.534959+00:00 [info] <0.230.0> Running boot step database defined by app rabbit
2023-11-22 16:09:21.538341+00:00 [info] <0.230.0> Node database directory at /var/lib/rabbitmq/mnesia/rabbit@e465dbb61898 is empty. Assuming we need to join an existing cluster or initialise from scratch...
2023-11-22 16:09:21.538409+00:00 [info] <0.230.0> Configured peer discovery backend: rabbit_peer_discovery_classic_config
2023-11-22 16:09:21.538481+00:00 [info] <0.230.0> Will try to lock with peer discovery backend rabbit_peer_discovery_classic_config
2023-11-22 16:09:21.538579+00:00 [info] <0.230.0> All discovered existing cluster peers:
2023-11-22 16:09:21.538634+00:00 [info] <0.230.0> Discovered no peer nodes to cluster with. Some discovery backends can filter nodes out based on a readiness criteria. Enabling debug logging might help troubleshoot.
2023-11-22 16:09:21.542308+00:00 [notice] <0.44.0> Application mnesia exited with reason: stopped
2023-11-22 16:09:22.011507+00:00 [info] <0.230.0> Waiting for Mnesia tables for 30000 ms, 9 retries left
2023-11-22 16:09:22.011690+00:00 [info] <0.230.0> Successfully synced tables from a peer
2023-11-22 16:09:22.012194+00:00 [notice] <0.284.0> Feature flags: attempt to enable `stream_sac_coordinator_unblock_group`...
2023-11-22 16:09:22.044934+00:00 [notice] <0.284.0> Feature flags: `stream_sac_coordinator_unblock_group` enabled
2023-11-22 16:09:22.045126+00:00 [notice] <0.284.0> Feature flags: attempt to enable `restart_streams`...
2023-11-22 16:09:22.083731+00:00 [notice] <0.284.0> Feature flags: `restart_streams` enabled
2023-11-22 16:09:22.084353+00:00 [info] <0.230.0> Waiting for Mnesia tables for 30000 ms, 9 retries left
2023-11-22 16:09:22.084549+00:00 [info] <0.230.0> Successfully synced tables from a peer
2023-11-22 16:09:22.115714+00:00 [info] <0.230.0> Waiting for Mnesia tables for 30000 ms, 9 retries left
2023-11-22 16:09:22.116007+00:00 [info] <0.230.0> Successfully synced tables from a peer
2023-11-22 16:09:22.116047+00:00 [info] <0.230.0> Peer discovery backend rabbit_peer_discovery_classic_config does not support registration, skipping registration.
2023-11-22 16:09:22.116071+00:00 [info] <0.230.0> Will try to unlock with peer discovery backend rabbit_peer_discovery_classic_config
2023-11-22 16:09:22.116518+00:00 [info] <0.230.0> Running boot step tracking_metadata_store defined by app rabbit
2023-11-22 16:09:22.116732+00:00 [info] <0.494.0> Setting up a table for connection tracking on this node: tracked_connection
2023-11-22 16:09:22.116810+00:00 [info] <0.494.0> Setting up a table for per-vhost connection counting on this node: tracked_connection_per_vhost
2023-11-22 16:09:22.116916+00:00 [info] <0.494.0> Setting up a table for per-user connection counting on this node: tracked_connection_per_user
2023-11-22 16:09:22.116955+00:00 [info] <0.494.0> Setting up a table for channel tracking on this node: tracked_channel
2023-11-22 16:09:22.117075+00:00 [info] <0.494.0> Setting up a table for channel tracking on this node: tracked_channel_per_user
2023-11-22 16:09:22.117211+00:00 [info] <0.230.0> Running boot step networking_metadata_store defined by app rabbit
2023-11-22 16:09:22.117331+00:00 [info] <0.230.0> Running boot step feature_flags defined by app rabbit
2023-11-22 16:09:22.120475+00:00 [info] <0.230.0> Running boot step codec_correctness_check defined by app rabbit
2023-11-22 16:09:22.120562+00:00 [info] <0.230.0> Running boot step external_infrastructure defined by app rabbit
2023-11-22 16:09:22.120594+00:00 [info] <0.230.0> Running boot step rabbit_event defined by app rabbit
2023-11-22 16:09:22.120803+00:00 [info] <0.230.0> Running boot step rabbit_registry defined by app rabbit
2023-11-22 16:09:22.121121+00:00 [info] <0.230.0> Running boot step rabbit_auth_mechanism_amqplain defined by app rabbit
2023-11-22 16:09:22.121242+00:00 [info] <0.230.0> Running boot step rabbit_auth_mechanism_cr_demo defined by app rabbit
2023-11-22 16:09:22.121424+00:00 [info] <0.230.0> Running boot step rabbit_auth_mechanism_plain defined by app rabbit
2023-11-22 16:09:22.121524+00:00 [info] <0.230.0> Running boot step rabbit_exchange_type_direct defined by app rabbit
2023-11-22 16:09:22.121638+00:00 [info] <0.230.0> Running boot step rabbit_exchange_type_fanout defined by app rabbit
2023-11-22 16:09:22.121708+00:00 [info] <0.230.0> Running boot step rabbit_exchange_type_headers defined by app rabbit
2023-11-22 16:09:22.121781+00:00 [info] <0.230.0> Running boot step rabbit_exchange_type_topic defined by app rabbit
2023-11-22 16:09:22.121882+00:00 [info] <0.230.0> Running boot step rabbit_mirror_queue_mode_all defined by app rabbit
2023-11-22 16:09:22.121970+00:00 [info] <0.230.0> Running boot step rabbit_mirror_queue_mode_exactly defined by app rabbit
2023-11-22 16:09:22.122038+00:00 [info] <0.230.0> Running boot step rabbit_mirror_queue_mode_nodes defined by app rabbit
2023-11-22 16:09:22.122082+00:00 [info] <0.230.0> Running boot step rabbit_priority_queue defined by app rabbit
2023-11-22 16:09:22.122108+00:00 [info] <0.230.0> Priority queues enabled, real BQ is rabbit_variable_queue
2023-11-22 16:09:22.122241+00:00 [info] <0.230.0> Running boot step rabbit_queue_location_client_local defined by app rabbit
2023-11-22 16:09:22.122323+00:00 [info] <0.230.0> Running boot step rabbit_queue_location_min_masters defined by app rabbit
2023-11-22 16:09:22.122424+00:00 [info] <0.230.0> Running boot step rabbit_queue_location_random defined by app rabbit
2023-11-22 16:09:22.122535+00:00 [info] <0.230.0> Running boot step kernel_ready defined by app rabbit
2023-11-22 16:09:22.122562+00:00 [info] <0.230.0> Running boot step rabbit_sysmon_minder defined by app rabbit
2023-11-22 16:09:22.122721+00:00 [info] <0.230.0> Running boot step rabbit_epmd_monitor defined by app rabbit
2023-11-22 16:09:22.123823+00:00 [info] <0.502.0> epmd monitor knows us, inter-node communication (distribution) port: 25672
2023-11-22 16:09:22.123942+00:00 [info] <0.230.0> Running boot step guid_generator defined by app rabbit
2023-11-22 16:09:22.134137+00:00 [info] <0.230.0> Running boot step rabbit_node_monitor defined by app rabbit
2023-11-22 16:09:22.134513+00:00 [info] <0.506.0> Starting rabbit_node_monitor (in ignore mode)
2023-11-22 16:09:22.134694+00:00 [info] <0.230.0> Running boot step delegate_sup defined by app rabbit
2023-11-22 16:09:22.135205+00:00 [info] <0.230.0> Running boot step rabbit_memory_monitor defined by app rabbit
2023-11-22 16:09:22.135494+00:00 [info] <0.230.0> Running boot step rabbit_fifo_dlx_sup defined by app rabbit
2023-11-22 16:09:22.135622+00:00 [info] <0.230.0> Running boot step core_initialized defined by app rabbit
2023-11-22 16:09:22.135692+00:00 [info] <0.230.0> Running boot step rabbit_channel_tracking_handler defined by app rabbit
2023-11-22 16:09:22.135807+00:00 [info] <0.230.0> Running boot step rabbit_connection_tracking_handler defined by app rabbit
2023-11-22 16:09:22.135945+00:00 [info] <0.230.0> Running boot step rabbit_definitions_hashing defined by app rabbit
2023-11-22 16:09:22.136046+00:00 [info] <0.230.0> Running boot step rabbit_exchange_parameters defined by app rabbit
2023-11-22 16:09:22.136442+00:00 [info] <0.230.0> Running boot step rabbit_mirror_queue_misc defined by app rabbit
2023-11-22 16:09:22.137374+00:00 [info] <0.230.0> Running boot step rabbit_policies defined by app rabbit
2023-11-22 16:09:22.137893+00:00 [info] <0.230.0> Running boot step rabbit_policy defined by app rabbit
2023-11-22 16:09:22.138036+00:00 [info] <0.230.0> Running boot step rabbit_queue_location_validator defined by app rabbit
2023-11-22 16:09:22.138143+00:00 [info] <0.230.0> Running boot step rabbit_quorum_memory_manager defined by app rabbit
2023-11-22 16:09:22.138253+00:00 [info] <0.230.0> Running boot step rabbit_stream_coordinator defined by app rabbit
2023-11-22 16:09:22.138674+00:00 [info] <0.230.0> Running boot step rabbit_vhost_limit defined by app rabbit
2023-11-22 16:09:22.138801+00:00 [info] <0.230.0> Running boot step recovery defined by app rabbit
2023-11-22 16:09:22.139917+00:00 [info] <0.230.0> Running boot step empty_db_check defined by app rabbit
2023-11-22 16:09:22.139990+00:00 [info] <0.230.0> Will seed default virtual host and user...
2023-11-22 16:09:22.140068+00:00 [info] <0.230.0> Adding vhost '/' (description: 'Default virtual host', tags: [])
2023-11-22 16:09:22.148892+00:00 [info] <0.230.0> Inserted a virtual host record {vhost,<<"/">>,[],
2023-11-22 16:09:22.148892+00:00 [info] <0.230.0>                                       #{description =>
2023-11-22 16:09:22.148892+00:00 [info] <0.230.0>                                             <<"Default virtual host">>,
2023-11-22 16:09:22.148892+00:00 [info] <0.230.0>                                         tags => []}}
2023-11-22 16:09:22.172784+00:00 [info] <0.547.0> Making sure data directory '/var/lib/rabbitmq/mnesia/rabbit@e465dbb61898/msg_stores/vhosts/628WB79CIFDYO9LJI6DKMI09L' for vhost '/' exists
2023-11-22 16:09:22.186680+00:00 [info] <0.547.0> Setting segment_entry_count for vhost '/' with 0 queues to '2048'
2023-11-22 16:09:22.217743+00:00 [info] <0.547.0> Starting message stores for vhost '/'
2023-11-22 16:09:22.218155+00:00 [info] <0.557.0> Message store "628WB79CIFDYO9LJI6DKMI09L/msg_store_transient": using rabbit_msg_store_ets_index to provide index
2023-11-22 16:09:22.228703+00:00 [info] <0.547.0> Started message store of type transient for vhost '/'
2023-11-22 16:09:22.228960+00:00 [info] <0.561.0> Message store "628WB79CIFDYO9LJI6DKMI09L/msg_store_persistent": using rabbit_msg_store_ets_index to provide index
2023-11-22 16:09:22.236590+00:00 [warning] <0.561.0> Message store "628WB79CIFDYO9LJI6DKMI09L/msg_store_persistent": rebuilding indices from scratch
2023-11-22 16:09:22.243728+00:00 [info] <0.547.0> Started message store of type persistent for vhost '/'
2023-11-22 16:09:22.243995+00:00 [info] <0.547.0> Recovering 0 queues of type rabbit_classic_queue took 50ms
2023-11-22 16:09:22.244060+00:00 [info] <0.547.0> Recovering 0 queues of type rabbit_quorum_queue took 0ms
2023-11-22 16:09:22.244124+00:00 [info] <0.547.0> Recovering 0 queues of type rabbit_stream_queue took 0ms
2023-11-22 16:09:22.249679+00:00 [info] <0.230.0> Created user 'default_user'
2023-11-22 16:09:22.252463+00:00 [info] <0.230.0> Successfully set user tags for user 'default_user' to [administrator]
2023-11-22 16:09:22.255297+00:00 [info] <0.230.0> Successfully set permissions for user 'default_user' in virtual host '/' to '.*', '.*', '.*'
2023-11-22 16:09:22.255368+00:00 [info] <0.230.0> Running boot step rabbit_observer_cli defined by app rabbit
2023-11-22 16:09:22.255605+00:00 [info] <0.230.0> Running boot step rabbit_looking_glass defined by app rabbit
2023-11-22 16:09:22.255646+00:00 [info] <0.230.0> Running boot step rabbit_core_metrics_gc defined by app rabbit
2023-11-22 16:09:22.256017+00:00 [info] <0.230.0> Running boot step background_gc defined by app rabbit
2023-11-22 16:09:22.256422+00:00 [info] <0.230.0> Running boot step routing_ready defined by app rabbit
2023-11-22 16:09:22.256460+00:00 [info] <0.230.0> Running boot step pre_flight defined by app rabbit
2023-11-22 16:09:22.256519+00:00 [info] <0.230.0> Running boot step notify_cluster defined by app rabbit
2023-11-22 16:09:22.256576+00:00 [info] <0.230.0> Running boot step networking defined by app rabbit
2023-11-22 16:09:22.256612+00:00 [info] <0.230.0> Running boot step definition_import_worker_pool defined by app rabbit
2023-11-22 16:09:22.256710+00:00 [info] <0.283.0> Starting worker pool 'definition_import_pool' with 16 processes in it
2023-11-22 16:09:22.258030+00:00 [info] <0.230.0> Running boot step cluster_name defined by app rabbit
2023-11-22 16:09:22.258090+00:00 [info] <0.230.0> Initialising internal cluster ID to 'rabbitmq-cluster-id-CW-OYNsJ_S-j_lNhJZ2eBw'
2023-11-22 16:09:22.261015+00:00 [info] <0.230.0> Running boot step direct_client defined by app rabbit
2023-11-22 16:09:22.261186+00:00 [info] <0.230.0> Running boot step rabbit_maintenance_mode_state defined by app rabbit
2023-11-22 16:09:22.261260+00:00 [info] <0.230.0> Creating table rabbit_node_maintenance_states for maintenance mode status
2023-11-22 16:09:22.276808+00:00 [info] <0.613.0> Resetting node maintenance status
2023-11-22 16:09:22.277097+00:00 [info] <0.613.0> Ready to start client connection listeners
2023-11-22 16:09:22.279532+00:00 [info] <0.631.0> started TCP listener on [::]:5672
2023-11-22 16:09:22.401063+00:00 [info] <0.613.0> Server startup complete; 0 plugins started.
2023-11-22 16:09:22.477157+00:00 [info] <0.9.0> Time to start RabbitMQ: 8724903 us
2023-11-22 16:13:22.445798+00:00 [notice] <0.61.0> SIGTERM received - shutting down
2023-11-22 16:13:22.445798+00:00 [notice] <0.61.0> 
2023-11-22 16:13:22.448245+00:00 [info] <0.230.0> Peer discovery backend rabbit_peer_discovery_classic_config does not support registration, skipping unregistration.
2023-11-22 16:13:22.448668+00:00 [info] <0.631.0> stopped TCP listener on [::]:5672
2023-11-22 16:13:22.450715+00:00 [info] <0.659.0> Closing all connections in vhost '/' on node 'rabbit@e465dbb61898' because the vhost is stopping
2023-11-22 16:13:22.450815+00:00 [info] <0.561.0> Stopping message store for directory '/var/lib/rabbitmq/mnesia/rabbit@e465dbb61898/msg_stores/vhosts/628WB79CIFDYO9LJI6DKMI09L/msg_store_persistent'
2023-11-22 16:13:22.485881+00:00 [info] <0.561.0> Message store for directory '/var/lib/rabbitmq/mnesia/rabbit@e465dbb61898/msg_stores/vhosts/628WB79CIFDYO9LJI6DKMI09L/msg_store_persistent' is stopped
2023-11-22 16:13:22.486201+00:00 [info] <0.557.0> Stopping message store for directory '/var/lib/rabbitmq/mnesia/rabbit@e465dbb61898/msg_stores/vhosts/628WB79CIFDYO9LJI6DKMI09L/msg_store_transient'
2023-11-22 16:13:22.512963+00:00 [info] <0.557.0> Message store for directory '/var/lib/rabbitmq/mnesia/rabbit@e465dbb61898/msg_stores/vhosts/628WB79CIFDYO9LJI6DKMI09L/msg_store_transient' is stopped
2023-11-22 16:13:28.909395+00:00 [notice] <0.230.0> Logging: configured log handlers are now ACTIVE
2023-11-22 16:13:29.420749+00:00 [info] <0.230.0> ra: starting system quorum_queues
2023-11-22 16:13:29.420903+00:00 [info] <0.230.0> starting Ra system: quorum_queues in directory: /var/lib/rabbitmq/mnesia/rabbit@e465dbb61898/quorum/rabbit@e465dbb61898
2023-11-22 16:13:29.486748+00:00 [info] <0.319.0> ra system 'quorum_queues' running pre init for 0 registered servers
2023-11-22 16:13:29.509582+00:00 [info] <0.327.0> ra: meta data store initialised for system quorum_queues. 0 record(s) recovered
2023-11-22 16:13:29.532366+00:00 [notice] <0.341.0> WAL: ra_log_wal init, open tbls: ra_log_open_mem_tables, closed tbls: ra_log_closed_mem_tables
2023-11-22 16:13:29.561236+00:00 [info] <0.230.0> ra: starting system coordination
2023-11-22 16:13:29.561313+00:00 [info] <0.230.0> starting Ra system: coordination in directory: /var/lib/rabbitmq/mnesia/rabbit@e465dbb61898/coordination/rabbit@e465dbb61898
2023-11-22 16:13:29.575473+00:00 [info] <0.350.0> ra system 'coordination' running pre init for 0 registered servers
2023-11-22 16:13:29.580813+00:00 [info] <0.351.0> ra: meta data store initialised for system coordination. 0 record(s) recovered
2023-11-22 16:13:29.581013+00:00 [notice] <0.356.0> WAL: ra_coordination_log_wal init, open tbls: ra_coordination_log_open_mem_tables, closed tbls: ra_coordination_log_closed_mem_tables
2023-11-22 16:13:29.595921+00:00 [info] <0.230.0> 
2023-11-22 16:13:29.595921+00:00 [info] <0.230.0>  Starting RabbitMQ 3.12.9 on Erlang 25.3.2.7 [jit]
2023-11-22 16:13:29.595921+00:00 [info] <0.230.0>  Copyright (c) 2007-2023 VMware, Inc. or its affiliates.
2023-11-22 16:13:29.595921+00:00 [info] <0.230.0>  Licensed under the MPL 2.0. Website: https://rabbitmq.com
2023-11-22 16:13:29.597378+00:00 [info] <0.230.0> 
2023-11-22 16:13:29.597378+00:00 [info] <0.230.0>  node           : rabbit@e465dbb61898
2023-11-22 16:13:29.597378+00:00 [info] <0.230.0>  home dir       : /var/lib/rabbitmq
2023-11-22 16:13:29.597378+00:00 [info] <0.230.0>  config file(s) : (none)
2023-11-22 16:13:29.597378+00:00 [info] <0.230.0>  cookie hash    : A7u2l7Eimxq5wfbBRxA6WQ==
2023-11-22 16:13:29.597378+00:00 [info] <0.230.0>  log(s)         : /var/log/rabbitmq/rabbit@e465dbb61898.log
2023-11-22 16:13:29.597378+00:00 [info] <0.230.0>                 : <stdout>
2023-11-22 16:13:29.597378+00:00 [info] <0.230.0>  data dir       : /var/lib/rabbitmq/mnesia/rabbit@e465dbb61898
2023-11-22 16:13:32.561690+00:00 [info] <0.230.0> Running boot step pre_boot defined by app rabbit
2023-11-22 16:13:32.561750+00:00 [info] <0.230.0> Running boot step rabbit_global_counters defined by app rabbit
2023-11-22 16:13:32.562665+00:00 [info] <0.230.0> Running boot step rabbit_osiris_metrics defined by app rabbit
2023-11-22 16:13:32.562808+00:00 [info] <0.230.0> Running boot step rabbit_core_metrics defined by app rabbit
2023-11-22 16:13:32.563475+00:00 [info] <0.230.0> Running boot step rabbit_alarm defined by app rabbit
2023-11-22 16:13:32.566701+00:00 [info] <0.374.0> Memory high watermark set to 3165 MiB (3319504896 bytes) of 7914 MiB (8298762240 bytes) total
2023-11-22 16:13:32.570191+00:00 [info] <0.376.0> Enabling free disk space monitoring (disk free space: 813818966016, total memory: 8298762240)
2023-11-22 16:13:32.570224+00:00 [info] <0.376.0> Disk free limit set to 50MB
2023-11-22 16:13:32.572311+00:00 [info] <0.230.0> Running boot step code_server_cache defined by app rabbit
2023-11-22 16:13:32.572423+00:00 [info] <0.230.0> Running boot step file_handle_cache defined by app rabbit
2023-11-22 16:13:32.572669+00:00 [info] <0.379.0> Limiting to approx 1048479 file handles (943629 sockets)
2023-11-22 16:13:32.572788+00:00 [info] <0.380.0> FHC read buffering: OFF
2023-11-22 16:13:32.572844+00:00 [info] <0.380.0> FHC write buffering: ON
2023-11-22 16:13:32.573330+00:00 [info] <0.230.0> Running boot step worker_pool defined by app rabbit
2023-11-22 16:13:32.573373+00:00 [info] <0.358.0> Will use 16 processes for default worker pool
2023-11-22 16:13:32.573413+00:00 [info] <0.358.0> Starting worker pool 'worker_pool' with 16 processes in it
2023-11-22 16:13:32.574604+00:00 [info] <0.230.0> Running boot step database defined by app rabbit
2023-11-22 16:13:32.585865+00:00 [info] <0.230.0> Waiting for Mnesia tables for 30000 ms, 9 retries left
2023-11-22 16:13:32.591345+00:00 [info] <0.230.0> Successfully synced tables from a peer
2023-11-22 16:13:32.618642+00:00 [info] <0.230.0> Waiting for Mnesia tables for 30000 ms, 9 retries left
2023-11-22 16:13:32.618815+00:00 [info] <0.230.0> Successfully synced tables from a peer
2023-11-22 16:13:32.618877+00:00 [info] <0.230.0> Peer discovery backend rabbit_peer_discovery_classic_config does not support registration, skipping registration.
2023-11-22 16:13:32.619116+00:00 [info] <0.230.0> Running boot step tracking_metadata_store defined by app rabbit
2023-11-22 16:13:32.619279+00:00 [info] <0.406.0> Setting up a table for connection tracking on this node: tracked_connection
2023-11-22 16:13:32.619319+00:00 [info] <0.406.0> Setting up a table for per-vhost connection counting on this node: tracked_connection_per_vhost
2023-11-22 16:13:32.619425+00:00 [info] <0.406.0> Setting up a table for per-user connection counting on this node: tracked_connection_per_user
2023-11-22 16:13:32.619579+00:00 [info] <0.406.0> Setting up a table for channel tracking on this node: tracked_channel
2023-11-22 16:13:32.619782+00:00 [info] <0.406.0> Setting up a table for channel tracking on this node: tracked_channel_per_user
2023-11-22 16:13:32.619974+00:00 [info] <0.230.0> Running boot step networking_metadata_store defined by app rabbit
2023-11-22 16:13:32.620035+00:00 [info] <0.230.0> Running boot step feature_flags defined by app rabbit
2023-11-22 16:13:32.622284+00:00 [info] <0.230.0> Running boot step codec_correctness_check defined by app rabbit
2023-11-22 16:13:32.622314+00:00 [info] <0.230.0> Running boot step external_infrastructure defined by app rabbit
2023-11-22 16:13:32.622329+00:00 [info] <0.230.0> Running boot step rabbit_event defined by app rabbit
2023-11-22 16:13:32.622384+00:00 [info] <0.230.0> Running boot step rabbit_registry defined by app rabbit
2023-11-22 16:13:32.622416+00:00 [info] <0.230.0> Running boot step rabbit_auth_mechanism_amqplain defined by app rabbit
2023-11-22 16:13:32.622463+00:00 [info] <0.230.0> Running boot step rabbit_auth_mechanism_cr_demo defined by app rabbit
2023-11-22 16:13:32.622625+00:00 [info] <0.230.0> Running boot step rabbit_auth_mechanism_plain defined by app rabbit
2023-11-22 16:13:32.622703+00:00 [info] <0.230.0> Running boot step rabbit_exchange_type_direct defined by app rabbit
2023-11-22 16:13:32.622818+00:00 [info] <0.230.0> Running boot step rabbit_exchange_type_fanout defined by app rabbit
2023-11-22 16:13:32.622898+00:00 [info] <0.230.0> Running boot step rabbit_exchange_type_headers defined by app rabbit
2023-11-22 16:13:32.622990+00:00 [info] <0.230.0> Running boot step rabbit_exchange_type_topic defined by app rabbit
2023-11-22 16:13:32.623123+00:00 [info] <0.230.0> Running boot step rabbit_mirror_queue_mode_all defined by app rabbit
2023-11-22 16:13:32.623257+00:00 [info] <0.230.0> Running boot step rabbit_mirror_queue_mode_exactly defined by app rabbit
2023-11-22 16:13:32.623331+00:00 [info] <0.230.0> Running boot step rabbit_mirror_queue_mode_nodes defined by app rabbit
2023-11-22 16:13:32.623360+00:00 [info] <0.230.0> Running boot step rabbit_priority_queue defined by app rabbit
2023-11-22 16:13:32.623379+00:00 [info] <0.230.0> Priority queues enabled, real BQ is rabbit_variable_queue
2023-11-22 16:13:32.623483+00:00 [info] <0.230.0> Running boot step rabbit_queue_location_client_local defined by app rabbit
2023-11-22 16:13:32.623593+00:00 [info] <0.230.0> Running boot step rabbit_queue_location_min_masters defined by app rabbit
2023-11-22 16:13:32.623686+00:00 [info] <0.230.0> Running boot step rabbit_queue_location_random defined by app rabbit
2023-11-22 16:13:32.623772+00:00 [info] <0.230.0> Running boot step kernel_ready defined by app rabbit
2023-11-22 16:13:32.623803+00:00 [info] <0.230.0> Running boot step rabbit_sysmon_minder defined by app rabbit
2023-11-22 16:13:32.624169+00:00 [info] <0.230.0> Running boot step rabbit_epmd_monitor defined by app rabbit
2023-11-22 16:13:32.625084+00:00 [info] <0.414.0> epmd monitor knows us, inter-node communication (distribution) port: 25672
2023-11-22 16:13:32.625170+00:00 [info] <0.230.0> Running boot step guid_generator defined by app rabbit
2023-11-22 16:13:32.637497+00:00 [info] <0.230.0> Running boot step rabbit_node_monitor defined by app rabbit
2023-11-22 16:13:32.637763+00:00 [info] <0.418.0> Starting rabbit_node_monitor (in ignore mode)
2023-11-22 16:13:32.637896+00:00 [info] <0.230.0> Running boot step delegate_sup defined by app rabbit
2023-11-22 16:13:32.638542+00:00 [info] <0.230.0> Running boot step rabbit_memory_monitor defined by app rabbit
2023-11-22 16:13:32.638716+00:00 [info] <0.230.0> Running boot step rabbit_fifo_dlx_sup defined by app rabbit
2023-11-22 16:13:32.638837+00:00 [info] <0.230.0> Running boot step core_initialized defined by app rabbit
2023-11-22 16:13:32.638867+00:00 [info] <0.230.0> Running boot step rabbit_channel_tracking_handler defined by app rabbit
2023-11-22 16:13:32.639008+00:00 [info] <0.230.0> Running boot step rabbit_connection_tracking_handler defined by app rabbit
2023-11-22 16:13:32.639086+00:00 [info] <0.230.0> Running boot step rabbit_definitions_hashing defined by app rabbit
2023-11-22 16:13:32.639256+00:00 [info] <0.230.0> Running boot step rabbit_exchange_parameters defined by app rabbit
2023-11-22 16:13:32.639657+00:00 [info] <0.230.0> Running boot step rabbit_mirror_queue_misc defined by app rabbit
2023-11-22 16:13:32.640492+00:00 [info] <0.230.0> Running boot step rabbit_policies defined by app rabbit
2023-11-22 16:13:32.641073+00:00 [info] <0.230.0> Running boot step rabbit_policy defined by app rabbit
2023-11-22 16:13:32.641159+00:00 [info] <0.230.0> Running boot step rabbit_queue_location_validator defined by app rabbit
2023-11-22 16:13:32.641228+00:00 [info] <0.230.0> Running boot step rabbit_quorum_memory_manager defined by app rabbit
2023-11-22 16:13:32.641308+00:00 [info] <0.230.0> Running boot step rabbit_stream_coordinator defined by app rabbit
2023-11-22 16:13:32.641682+00:00 [info] <0.230.0> Running boot step rabbit_vhost_limit defined by app rabbit
2023-11-22 16:13:32.641734+00:00 [info] <0.230.0> Running boot step recovery defined by app rabbit
2023-11-22 16:13:32.642846+00:00 [info] <0.450.0> Making sure data directory '/var/lib/rabbitmq/mnesia/rabbit@e465dbb61898/msg_stores/vhosts/628WB79CIFDYO9LJI6DKMI09L' for vhost '/' exists
2023-11-22 16:13:32.685196+00:00 [info] <0.450.0> Starting message stores for vhost '/'
2023-11-22 16:13:32.685546+00:00 [info] <0.460.0> Message store "628WB79CIFDYO9LJI6DKMI09L/msg_store_transient": using rabbit_msg_store_ets_index to provide index
2023-11-22 16:13:32.719330+00:00 [info] <0.450.0> Started message store of type transient for vhost '/'
2023-11-22 16:13:32.719516+00:00 [info] <0.464.0> Message store "628WB79CIFDYO9LJI6DKMI09L/msg_store_persistent": using rabbit_msg_store_ets_index to provide index
2023-11-22 16:13:32.739837+00:00 [info] <0.450.0> Started message store of type persistent for vhost '/'
2023-11-22 16:13:32.740016+00:00 [info] <0.450.0> Recovering 0 queues of type rabbit_classic_queue took 82ms
2023-11-22 16:13:32.740083+00:00 [info] <0.450.0> Recovering 0 queues of type rabbit_quorum_queue took 0ms
2023-11-22 16:13:32.740135+00:00 [info] <0.450.0> Recovering 0 queues of type rabbit_stream_queue took 0ms
2023-11-22 16:13:32.742401+00:00 [info] <0.230.0> Running boot step empty_db_check defined by app rabbit
2023-11-22 16:13:32.742478+00:00 [info] <0.230.0> Will not seed default virtual host and user: have definitions to load...
2023-11-22 16:13:32.742502+00:00 [info] <0.230.0> Running boot step rabbit_observer_cli defined by app rabbit
2023-11-22 16:13:32.742601+00:00 [info] <0.230.0> Running boot step rabbit_looking_glass defined by app rabbit
2023-11-22 16:13:32.742632+00:00 [info] <0.230.0> Running boot step rabbit_core_metrics_gc defined by app rabbit
2023-11-22 16:13:32.742926+00:00 [info] <0.230.0> Running boot step background_gc defined by app rabbit
2023-11-22 16:13:32.743267+00:00 [info] <0.230.0> Running boot step routing_ready defined by app rabbit
2023-11-22 16:13:32.743298+00:00 [info] <0.230.0> Running boot step pre_flight defined by app rabbit
2023-11-22 16:13:32.743393+00:00 [info] <0.230.0> Running boot step notify_cluster defined by app rabbit
2023-11-22 16:13:32.743451+00:00 [info] <0.230.0> Running boot step networking defined by app rabbit
2023-11-22 16:13:32.743544+00:00 [info] <0.230.0> Running boot step definition_import_worker_pool defined by app rabbit
2023-11-22 16:13:32.743587+00:00 [info] <0.358.0> Starting worker pool 'definition_import_pool' with 16 processes in it
2023-11-22 16:13:32.744543+00:00 [info] <0.230.0> Running boot step cluster_name defined by app rabbit
2023-11-22 16:13:32.744612+00:00 [info] <0.230.0> Running boot step direct_client defined by app rabbit
2023-11-22 16:13:32.744702+00:00 [info] <0.230.0> Running boot step rabbit_maintenance_mode_state defined by app rabbit
2023-11-22 16:13:32.744735+00:00 [info] <0.230.0> Creating table rabbit_node_maintenance_states for maintenance mode status
2023-11-22 16:13:32.745228+00:00 [info] <0.514.0> Resetting node maintenance status
2023-11-22 16:13:32.745489+00:00 [info] <0.514.0> Ready to start client connection listeners
2023-11-22 16:13:32.748205+00:00 [info] <0.532.0> started TCP listener on [::]:5672
2023-11-22 16:13:32.857754+00:00 [info] <0.514.0> Server startup complete; 0 plugins started.
2023-11-22 16:13:32.945783+00:00 [info] <0.9.0> Time to start RabbitMQ: 6935136 us
2023-11-22 16:13:38.871382+00:00 [notice] <0.61.0> SIGTERM received - shutting down
2023-11-22 16:13:38.871382+00:00 [notice] <0.61.0> 
2023-11-22 16:13:38.874290+00:00 [info] <0.230.0> Peer discovery backend rabbit_peer_discovery_classic_config does not support registration, skipping unregistration.
2023-11-22 16:13:38.874574+00:00 [info] <0.532.0> stopped TCP listener on [::]:5672
2023-11-22 16:13:38.876552+00:00 [info] <0.533.0> Closing all connections in vhost '/' on node 'rabbit@e465dbb61898' because the vhost is stopping
2023-11-22 16:13:38.876587+00:00 [info] <0.464.0> Stopping message store for directory '/var/lib/rabbitmq/mnesia/rabbit@e465dbb61898/msg_stores/vhosts/628WB79CIFDYO9LJI6DKMI09L/msg_store_persistent'
2023-11-22 16:13:38.901094+00:00 [info] <0.464.0> Message store for directory '/var/lib/rabbitmq/mnesia/rabbit@e465dbb61898/msg_stores/vhosts/628WB79CIFDYO9LJI6DKMI09L/msg_store_persistent' is stopped
2023-11-22 16:13:38.901280+00:00 [info] <0.460.0> Stopping message store for directory '/var/lib/rabbitmq/mnesia/rabbit@e465dbb61898/msg_stores/vhosts/628WB79CIFDYO9LJI6DKMI09L/msg_store_transient'
2023-11-22 16:13:38.924838+00:00 [info] <0.460.0> Message store for directory '/var/lib/rabbitmq/mnesia/rabbit@e465dbb61898/msg_stores/vhosts/628WB79CIFDYO9LJI6DKMI09L/msg_store_transient' is stopped
