2023-11-22 16:14:06.526609+00:00 [notice] <0.230.0> Logging: configured log handlers are now ACTIVE
2023-11-22 16:14:06.917706+00:00 [info] <0.230.0> ra: starting system quorum_queues
2023-11-22 16:14:06.917845+00:00 [info] <0.230.0> starting Ra system: quorum_queues in directory: /var/lib/rabbitmq/mnesia/rabbit@d23c273559f8/quorum/rabbit@d23c273559f8
2023-11-22 16:14:07.047800+00:00 [info] <0.262.0> ra system 'quorum_queues' running pre init for 0 registered servers
2023-11-22 16:14:07.066542+00:00 [info] <0.263.0> ra: meta data store initialised for system quorum_queues. 0 record(s) recovered
2023-11-22 16:14:07.088055+00:00 [notice] <0.268.0> WAL: ra_log_wal init, open tbls: ra_log_open_mem_tables, closed tbls: ra_log_closed_mem_tables
2023-11-22 16:14:07.110690+00:00 [info] <0.230.0> ra: starting system coordination
2023-11-22 16:14:07.110752+00:00 [info] <0.230.0> starting Ra system: coordination in directory: /var/lib/rabbitmq/mnesia/rabbit@d23c273559f8/coordination/rabbit@d23c273559f8
2023-11-22 16:14:07.128273+00:00 [info] <0.275.0> ra system 'coordination' running pre init for 0 registered servers
2023-11-22 16:14:07.134463+00:00 [info] <0.276.0> ra: meta data store initialised for system coordination. 0 record(s) recovered
2023-11-22 16:14:07.134721+00:00 [notice] <0.281.0> WAL: ra_coordination_log_wal init, open tbls: ra_coordination_log_open_mem_tables, closed tbls: ra_coordination_log_closed_mem_tables
2023-11-22 16:14:07.151478+00:00 [info] <0.230.0> 
2023-11-22 16:14:07.151478+00:00 [info] <0.230.0>  Starting RabbitMQ 3.12.9 on Erlang 25.3.2.7 [jit]
2023-11-22 16:14:07.151478+00:00 [info] <0.230.0>  Copyright (c) 2007-2023 VMware, Inc. or its affiliates.
2023-11-22 16:14:07.151478+00:00 [info] <0.230.0>  Licensed under the MPL 2.0. Website: https://rabbitmq.com
2023-11-22 16:14:07.153578+00:00 [info] <0.230.0> 
2023-11-22 16:14:07.153578+00:00 [info] <0.230.0>  node           : rabbit@d23c273559f8
2023-11-22 16:14:07.153578+00:00 [info] <0.230.0>  home dir       : /var/lib/rabbitmq
2023-11-22 16:14:07.153578+00:00 [info] <0.230.0>  config file(s) : (none)
2023-11-22 16:14:07.153578+00:00 [info] <0.230.0>  cookie hash    : A7u2l7Eimxq5wfbBRxA6WQ==
2023-11-22 16:14:07.153578+00:00 [info] <0.230.0>  log(s)         : /var/log/rabbitmq/rabbit@d23c273559f8.log
2023-11-22 16:14:07.153578+00:00 [info] <0.230.0>                 : <stdout>
2023-11-22 16:14:07.153578+00:00 [info] <0.230.0>  data dir       : /var/lib/rabbitmq/mnesia/rabbit@d23c273559f8
2023-11-22 16:14:13.745069+00:00 [info] <0.230.0> Running boot step pre_boot defined by app rabbit
2023-11-22 16:14:13.745241+00:00 [info] <0.230.0> Running boot step rabbit_global_counters defined by app rabbit
2023-11-22 16:14:13.747120+00:00 [info] <0.230.0> Running boot step rabbit_osiris_metrics defined by app rabbit
2023-11-22 16:14:13.747399+00:00 [info] <0.230.0> Running boot step rabbit_core_metrics defined by app rabbit
2023-11-22 16:14:13.748714+00:00 [info] <0.230.0> Running boot step rabbit_alarm defined by app rabbit
2023-11-22 16:14:13.754349+00:00 [info] <0.299.0> Memory high watermark set to 3165 MiB (3319504896 bytes) of 7914 MiB (8298762240 bytes) total
2023-11-22 16:14:13.760953+00:00 [info] <0.301.0> Enabling free disk space monitoring (disk free space: 813223141376, total memory: 8298762240)
2023-11-22 16:14:13.761056+00:00 [info] <0.301.0> Disk free limit set to 50MB
2023-11-22 16:14:13.764796+00:00 [info] <0.230.0> Running boot step code_server_cache defined by app rabbit
2023-11-22 16:14:13.765232+00:00 [info] <0.230.0> Running boot step file_handle_cache defined by app rabbit
2023-11-22 16:14:13.765646+00:00 [info] <0.304.0> Limiting to approx 1048479 file handles (943629 sockets)
2023-11-22 16:14:13.765849+00:00 [info] <0.305.0> FHC read buffering: OFF
2023-11-22 16:14:13.765894+00:00 [info] <0.305.0> FHC write buffering: ON
2023-11-22 16:14:13.766805+00:00 [info] <0.230.0> Running boot step worker_pool defined by app rabbit
2023-11-22 16:14:13.766865+00:00 [info] <0.283.0> Will use 16 processes for default worker pool
2023-11-22 16:14:13.766904+00:00 [info] <0.283.0> Starting worker pool 'worker_pool' with 16 processes in it
2023-11-22 16:14:13.768994+00:00 [info] <0.230.0> Running boot step database defined by app rabbit
2023-11-22 16:14:13.776510+00:00 [info] <0.230.0> Node database directory at /var/lib/rabbitmq/mnesia/rabbit@d23c273559f8 is empty. Assuming we need to join an existing cluster or initialise from scratch...
2023-11-22 16:14:13.776664+00:00 [info] <0.230.0> Configured peer discovery backend: rabbit_peer_discovery_classic_config
2023-11-22 16:14:13.776775+00:00 [info] <0.230.0> Will try to lock with peer discovery backend rabbit_peer_discovery_classic_config
2023-11-22 16:14:13.776934+00:00 [info] <0.230.0> All discovered existing cluster peers:
2023-11-22 16:14:13.776990+00:00 [info] <0.230.0> Discovered no peer nodes to cluster with. Some discovery backends can filter nodes out based on a readiness criteria. Enabling debug logging might help troubleshoot.
2023-11-22 16:14:13.786868+00:00 [notice] <0.44.0> Application mnesia exited with reason: stopped
2023-11-22 16:14:14.650781+00:00 [info] <0.230.0> Waiting for Mnesia tables for 30000 ms, 9 retries left
2023-11-22 16:14:14.651127+00:00 [info] <0.230.0> Successfully synced tables from a peer
2023-11-22 16:14:14.652205+00:00 [notice] <0.284.0> Feature flags: attempt to enable `stream_sac_coordinator_unblock_group`...
2023-11-22 16:14:14.702893+00:00 [notice] <0.284.0> Feature flags: `stream_sac_coordinator_unblock_group` enabled
2023-11-22 16:14:14.703095+00:00 [notice] <0.284.0> Feature flags: attempt to enable `restart_streams`...
2023-11-22 16:14:14.761648+00:00 [notice] <0.284.0> Feature flags: `restart_streams` enabled
2023-11-22 16:14:14.762282+00:00 [info] <0.230.0> Waiting for Mnesia tables for 30000 ms, 9 retries left
2023-11-22 16:14:14.762555+00:00 [info] <0.230.0> Successfully synced tables from a peer
2023-11-22 16:14:14.808113+00:00 [info] <0.230.0> Waiting for Mnesia tables for 30000 ms, 9 retries left
2023-11-22 16:14:14.808669+00:00 [info] <0.230.0> Successfully synced tables from a peer
2023-11-22 16:14:14.808810+00:00 [info] <0.230.0> Peer discovery backend rabbit_peer_discovery_classic_config does not support registration, skipping registration.
2023-11-22 16:14:14.808909+00:00 [info] <0.230.0> Will try to unlock with peer discovery backend rabbit_peer_discovery_classic_config
2023-11-22 16:14:14.809403+00:00 [info] <0.230.0> Running boot step tracking_metadata_store defined by app rabbit
2023-11-22 16:14:14.809512+00:00 [info] <0.494.0> Setting up a table for connection tracking on this node: tracked_connection
2023-11-22 16:14:14.809586+00:00 [info] <0.494.0> Setting up a table for per-vhost connection counting on this node: tracked_connection_per_vhost
2023-11-22 16:14:14.809687+00:00 [info] <0.494.0> Setting up a table for per-user connection counting on this node: tracked_connection_per_user
2023-11-22 16:14:14.809819+00:00 [info] <0.494.0> Setting up a table for channel tracking on this node: tracked_channel
2023-11-22 16:14:14.809916+00:00 [info] <0.494.0> Setting up a table for channel tracking on this node: tracked_channel_per_user
2023-11-22 16:14:14.809990+00:00 [info] <0.230.0> Running boot step networking_metadata_store defined by app rabbit
2023-11-22 16:14:14.810175+00:00 [info] <0.230.0> Running boot step feature_flags defined by app rabbit
2023-11-22 16:14:14.814122+00:00 [info] <0.230.0> Running boot step codec_correctness_check defined by app rabbit
2023-11-22 16:14:14.814282+00:00 [info] <0.230.0> Running boot step external_infrastructure defined by app rabbit
2023-11-22 16:14:14.814327+00:00 [info] <0.230.0> Running boot step rabbit_event defined by app rabbit
2023-11-22 16:14:14.814548+00:00 [info] <0.230.0> Running boot step rabbit_registry defined by app rabbit
2023-11-22 16:14:14.814742+00:00 [info] <0.230.0> Running boot step rabbit_auth_mechanism_amqplain defined by app rabbit
2023-11-22 16:14:14.814891+00:00 [info] <0.230.0> Running boot step rabbit_auth_mechanism_cr_demo defined by app rabbit
2023-11-22 16:14:14.815052+00:00 [info] <0.230.0> Running boot step rabbit_auth_mechanism_plain defined by app rabbit
2023-11-22 16:14:14.815175+00:00 [info] <0.230.0> Running boot step rabbit_exchange_type_direct defined by app rabbit
2023-11-22 16:14:14.815294+00:00 [info] <0.230.0> Running boot step rabbit_exchange_type_fanout defined by app rabbit
2023-11-22 16:14:14.815416+00:00 [info] <0.230.0> Running boot step rabbit_exchange_type_headers defined by app rabbit
2023-11-22 16:14:14.815549+00:00 [info] <0.230.0> Running boot step rabbit_exchange_type_topic defined by app rabbit
2023-11-22 16:14:14.815647+00:00 [info] <0.230.0> Running boot step rabbit_mirror_queue_mode_all defined by app rabbit
2023-11-22 16:14:14.815752+00:00 [info] <0.230.0> Running boot step rabbit_mirror_queue_mode_exactly defined by app rabbit
2023-11-22 16:14:14.815840+00:00 [info] <0.230.0> Running boot step rabbit_mirror_queue_mode_nodes defined by app rabbit
2023-11-22 16:14:14.815989+00:00 [info] <0.230.0> Running boot step rabbit_priority_queue defined by app rabbit
2023-11-22 16:14:14.816037+00:00 [info] <0.230.0> Priority queues enabled, real BQ is rabbit_variable_queue
2023-11-22 16:14:14.816150+00:00 [info] <0.230.0> Running boot step rabbit_queue_location_client_local defined by app rabbit
2023-11-22 16:14:14.816357+00:00 [info] <0.230.0> Running boot step rabbit_queue_location_min_masters defined by app rabbit
2023-11-22 16:14:14.816556+00:00 [info] <0.230.0> Running boot step rabbit_queue_location_random defined by app rabbit
2023-11-22 16:14:14.816664+00:00 [info] <0.230.0> Running boot step kernel_ready defined by app rabbit
2023-11-22 16:14:14.816740+00:00 [info] <0.230.0> Running boot step rabbit_sysmon_minder defined by app rabbit
2023-11-22 16:14:14.817039+00:00 [info] <0.230.0> Running boot step rabbit_epmd_monitor defined by app rabbit
2023-11-22 16:14:14.818879+00:00 [info] <0.502.0> epmd monitor knows us, inter-node communication (distribution) port: 25672
2023-11-22 16:14:14.819174+00:00 [info] <0.230.0> Running boot step guid_generator defined by app rabbit
2023-11-22 16:14:14.836727+00:00 [info] <0.230.0> Running boot step rabbit_node_monitor defined by app rabbit
2023-11-22 16:14:14.837355+00:00 [info] <0.506.0> Starting rabbit_node_monitor (in ignore mode)
2023-11-22 16:14:14.837712+00:00 [info] <0.230.0> Running boot step delegate_sup defined by app rabbit
2023-11-22 16:14:14.838554+00:00 [info] <0.230.0> Running boot step rabbit_memory_monitor defined by app rabbit
2023-11-22 16:14:14.838929+00:00 [info] <0.230.0> Running boot step rabbit_fifo_dlx_sup defined by app rabbit
2023-11-22 16:14:14.839106+00:00 [info] <0.230.0> Running boot step core_initialized defined by app rabbit
2023-11-22 16:14:14.839159+00:00 [info] <0.230.0> Running boot step rabbit_channel_tracking_handler defined by app rabbit
2023-11-22 16:14:14.839260+00:00 [info] <0.230.0> Running boot step rabbit_connection_tracking_handler defined by app rabbit
2023-11-22 16:14:14.839472+00:00 [info] <0.230.0> Running boot step rabbit_definitions_hashing defined by app rabbit
2023-11-22 16:14:14.839621+00:00 [info] <0.230.0> Running boot step rabbit_exchange_parameters defined by app rabbit
2023-11-22 16:14:14.840341+00:00 [info] <0.230.0> Running boot step rabbit_mirror_queue_misc defined by app rabbit
2023-11-22 16:14:14.841067+00:00 [info] <0.230.0> Running boot step rabbit_policies defined by app rabbit
2023-11-22 16:14:14.841748+00:00 [info] <0.230.0> Running boot step rabbit_policy defined by app rabbit
2023-11-22 16:14:14.841847+00:00 [info] <0.230.0> Running boot step rabbit_queue_location_validator defined by app rabbit
2023-11-22 16:14:14.841986+00:00 [info] <0.230.0> Running boot step rabbit_quorum_memory_manager defined by app rabbit
2023-11-22 16:14:14.842101+00:00 [info] <0.230.0> Running boot step rabbit_stream_coordinator defined by app rabbit
2023-11-22 16:14:14.842789+00:00 [info] <0.230.0> Running boot step rabbit_vhost_limit defined by app rabbit
2023-11-22 16:14:14.843036+00:00 [info] <0.230.0> Running boot step recovery defined by app rabbit
2023-11-22 16:14:14.844651+00:00 [info] <0.230.0> Running boot step empty_db_check defined by app rabbit
2023-11-22 16:14:14.844737+00:00 [info] <0.230.0> Will seed default virtual host and user...
2023-11-22 16:14:14.844875+00:00 [info] <0.230.0> Adding vhost '/' (description: 'Default virtual host', tags: [])
2023-11-22 16:14:14.857037+00:00 [info] <0.230.0> Inserted a virtual host record {vhost,<<"/">>,[],
2023-11-22 16:14:14.857037+00:00 [info] <0.230.0>                                       #{description =>
2023-11-22 16:14:14.857037+00:00 [info] <0.230.0>                                             <<"Default virtual host">>,
2023-11-22 16:14:14.857037+00:00 [info] <0.230.0>                                         tags => []}}
2023-11-22 16:14:14.885083+00:00 [info] <0.547.0> Making sure data directory '/var/lib/rabbitmq/mnesia/rabbit@d23c273559f8/msg_stores/vhosts/628WB79CIFDYO9LJI6DKMI09L' for vhost '/' exists
2023-11-22 16:14:14.913211+00:00 [info] <0.547.0> Setting segment_entry_count for vhost '/' with 0 queues to '2048'
2023-11-22 16:14:14.965760+00:00 [info] <0.547.0> Starting message stores for vhost '/'
2023-11-22 16:14:14.966629+00:00 [info] <0.557.0> Message store "628WB79CIFDYO9LJI6DKMI09L/msg_store_transient": using rabbit_msg_store_ets_index to provide index
2023-11-22 16:14:14.985793+00:00 [info] <0.547.0> Started message store of type transient for vhost '/'
2023-11-22 16:14:14.986156+00:00 [info] <0.561.0> Message store "628WB79CIFDYO9LJI6DKMI09L/msg_store_persistent": using rabbit_msg_store_ets_index to provide index
2023-11-22 16:14:15.000023+00:00 [warning] <0.561.0> Message store "628WB79CIFDYO9LJI6DKMI09L/msg_store_persistent": rebuilding indices from scratch
2023-11-22 16:14:15.015611+00:00 [info] <0.547.0> Started message store of type persistent for vhost '/'
2023-11-22 16:14:15.016058+00:00 [info] <0.547.0> Recovering 0 queues of type rabbit_classic_queue took 94ms
2023-11-22 16:14:15.016176+00:00 [info] <0.547.0> Recovering 0 queues of type rabbit_quorum_queue took 0ms
2023-11-22 16:14:15.016297+00:00 [info] <0.547.0> Recovering 0 queues of type rabbit_stream_queue took 0ms
2023-11-22 16:14:15.023234+00:00 [info] <0.230.0> Created user 'default_user'
2023-11-22 16:14:15.027744+00:00 [info] <0.230.0> Successfully set user tags for user 'default_user' to [administrator]
2023-11-22 16:14:15.032586+00:00 [info] <0.230.0> Successfully set permissions for user 'default_user' in virtual host '/' to '.*', '.*', '.*'
2023-11-22 16:14:15.032927+00:00 [info] <0.230.0> Running boot step rabbit_observer_cli defined by app rabbit
2023-11-22 16:14:15.033042+00:00 [info] <0.230.0> Running boot step rabbit_looking_glass defined by app rabbit
2023-11-22 16:14:15.033131+00:00 [info] <0.230.0> Running boot step rabbit_core_metrics_gc defined by app rabbit
2023-11-22 16:14:15.033460+00:00 [info] <0.230.0> Running boot step background_gc defined by app rabbit
2023-11-22 16:14:15.033751+00:00 [info] <0.230.0> Running boot step routing_ready defined by app rabbit
2023-11-22 16:14:15.033804+00:00 [info] <0.230.0> Running boot step pre_flight defined by app rabbit
2023-11-22 16:14:15.033934+00:00 [info] <0.230.0> Running boot step notify_cluster defined by app rabbit
2023-11-22 16:14:15.034008+00:00 [info] <0.230.0> Running boot step networking defined by app rabbit
2023-11-22 16:14:15.034063+00:00 [info] <0.230.0> Running boot step definition_import_worker_pool defined by app rabbit
2023-11-22 16:14:15.034260+00:00 [info] <0.283.0> Starting worker pool 'definition_import_pool' with 16 processes in it
2023-11-22 16:14:15.036243+00:00 [info] <0.230.0> Running boot step cluster_name defined by app rabbit
2023-11-22 16:14:15.036349+00:00 [info] <0.230.0> Initialising internal cluster ID to 'rabbitmq-cluster-id-rBKDOMZlfu4IVK6ne2fFCg'
2023-11-22 16:14:15.041122+00:00 [info] <0.230.0> Running boot step direct_client defined by app rabbit
2023-11-22 16:14:15.041339+00:00 [info] <0.230.0> Running boot step rabbit_maintenance_mode_state defined by app rabbit
2023-11-22 16:14:15.041388+00:00 [info] <0.230.0> Creating table rabbit_node_maintenance_states for maintenance mode status
2023-11-22 16:14:15.069048+00:00 [info] <0.613.0> Resetting node maintenance status
2023-11-22 16:14:15.069389+00:00 [info] <0.613.0> Ready to start client connection listeners
2023-11-22 16:14:15.072602+00:00 [info] <0.631.0> started TCP listener on [::]:5672
2023-11-22 16:14:15.319492+00:00 [info] <0.613.0> Server startup complete; 0 plugins started.
2023-11-22 16:14:15.470685+00:00 [info] <0.9.0> Time to start RabbitMQ: 12381307 us
2023-11-22 16:14:48.108821+00:00 [notice] <0.61.0> SIGTERM received - shutting down
2023-11-22 16:14:48.108821+00:00 [notice] <0.61.0> 
2023-11-22 16:14:48.112573+00:00 [info] <0.230.0> Peer discovery backend rabbit_peer_discovery_classic_config does not support registration, skipping unregistration.
2023-11-22 16:14:48.113079+00:00 [info] <0.631.0> stopped TCP listener on [::]:5672
2023-11-22 16:14:48.115451+00:00 [info] <0.632.0> Closing all connections in vhost '/' on node 'rabbit@d23c273559f8' because the vhost is stopping
2023-11-22 16:14:48.115573+00:00 [info] <0.561.0> Stopping message store for directory '/var/lib/rabbitmq/mnesia/rabbit@d23c273559f8/msg_stores/vhosts/628WB79CIFDYO9LJI6DKMI09L/msg_store_persistent'
2023-11-22 16:14:48.166487+00:00 [info] <0.561.0> Message store for directory '/var/lib/rabbitmq/mnesia/rabbit@d23c273559f8/msg_stores/vhosts/628WB79CIFDYO9LJI6DKMI09L/msg_store_persistent' is stopped
2023-11-22 16:14:48.166922+00:00 [info] <0.557.0> Stopping message store for directory '/var/lib/rabbitmq/mnesia/rabbit@d23c273559f8/msg_stores/vhosts/628WB79CIFDYO9LJI6DKMI09L/msg_store_transient'
2023-11-22 16:14:48.215267+00:00 [info] <0.557.0> Message store for directory '/var/lib/rabbitmq/mnesia/rabbit@d23c273559f8/msg_stores/vhosts/628WB79CIFDYO9LJI6DKMI09L/msg_store_transient' is stopped
2023-11-22 16:14:56.512604+00:00 [notice] <0.230.0> Logging: configured log handlers are now ACTIVE
2023-11-22 16:14:57.228653+00:00 [info] <0.230.0> ra: starting system quorum_queues
2023-11-22 16:14:57.228807+00:00 [info] <0.230.0> starting Ra system: quorum_queues in directory: /var/lib/rabbitmq/mnesia/rabbit@d23c273559f8/quorum/rabbit@d23c273559f8
2023-11-22 16:14:57.299830+00:00 [info] <0.318.0> ra system 'quorum_queues' running pre init for 0 registered servers
2023-11-22 16:14:57.328033+00:00 [info] <0.325.0> ra: meta data store initialised for system quorum_queues. 0 record(s) recovered
2023-11-22 16:14:57.352453+00:00 [notice] <0.346.0> WAL: ra_log_wal init, open tbls: ra_log_open_mem_tables, closed tbls: ra_log_closed_mem_tables
2023-11-22 16:14:57.378854+00:00 [info] <0.230.0> ra: starting system coordination
2023-11-22 16:14:57.378910+00:00 [info] <0.230.0> starting Ra system: coordination in directory: /var/lib/rabbitmq/mnesia/rabbit@d23c273559f8/coordination/rabbit@d23c273559f8
2023-11-22 16:14:57.401193+00:00 [info] <0.361.0> ra system 'coordination' running pre init for 0 registered servers
2023-11-22 16:14:57.407226+00:00 [info] <0.362.0> ra: meta data store initialised for system coordination. 0 record(s) recovered
2023-11-22 16:14:57.407459+00:00 [notice] <0.367.0> WAL: ra_coordination_log_wal init, open tbls: ra_coordination_log_open_mem_tables, closed tbls: ra_coordination_log_closed_mem_tables
2023-11-22 16:14:57.423261+00:00 [info] <0.230.0> 
2023-11-22 16:14:57.423261+00:00 [info] <0.230.0>  Starting RabbitMQ 3.12.9 on Erlang 25.3.2.7 [jit]
2023-11-22 16:14:57.423261+00:00 [info] <0.230.0>  Copyright (c) 2007-2023 VMware, Inc. or its affiliates.
2023-11-22 16:14:57.423261+00:00 [info] <0.230.0>  Licensed under the MPL 2.0. Website: https://rabbitmq.com
2023-11-22 16:14:57.424905+00:00 [info] <0.230.0> 
2023-11-22 16:14:57.424905+00:00 [info] <0.230.0>  node           : rabbit@d23c273559f8
2023-11-22 16:14:57.424905+00:00 [info] <0.230.0>  home dir       : /var/lib/rabbitmq
2023-11-22 16:14:57.424905+00:00 [info] <0.230.0>  config file(s) : (none)
2023-11-22 16:14:57.424905+00:00 [info] <0.230.0>  cookie hash    : A7u2l7Eimxq5wfbBRxA6WQ==
2023-11-22 16:14:57.424905+00:00 [info] <0.230.0>  log(s)         : /var/log/rabbitmq/rabbit@d23c273559f8.log
2023-11-22 16:14:57.424905+00:00 [info] <0.230.0>                 : <stdout>
2023-11-22 16:14:57.424905+00:00 [info] <0.230.0>  data dir       : /var/lib/rabbitmq/mnesia/rabbit@d23c273559f8
2023-11-22 16:15:00.948814+00:00 [info] <0.230.0> Running boot step pre_boot defined by app rabbit
2023-11-22 16:15:00.948887+00:00 [info] <0.230.0> Running boot step rabbit_global_counters defined by app rabbit
2023-11-22 16:15:00.949120+00:00 [info] <0.230.0> Running boot step rabbit_osiris_metrics defined by app rabbit
2023-11-22 16:15:00.949189+00:00 [info] <0.230.0> Running boot step rabbit_core_metrics defined by app rabbit
2023-11-22 16:15:00.949854+00:00 [info] <0.230.0> Running boot step rabbit_alarm defined by app rabbit
2023-11-22 16:15:00.953458+00:00 [info] <0.385.0> Memory high watermark set to 3165 MiB (3319504896 bytes) of 7914 MiB (8298762240 bytes) total
2023-11-22 16:15:00.956904+00:00 [info] <0.387.0> Enabling free disk space monitoring (disk free space: 807781605376, total memory: 8298762240)
2023-11-22 16:15:00.956939+00:00 [info] <0.387.0> Disk free limit set to 50MB
2023-11-22 16:15:00.959276+00:00 [info] <0.230.0> Running boot step code_server_cache defined by app rabbit
2023-11-22 16:15:00.959412+00:00 [info] <0.230.0> Running boot step file_handle_cache defined by app rabbit
2023-11-22 16:15:00.959599+00:00 [info] <0.390.0> Limiting to approx 1048479 file handles (943629 sockets)
2023-11-22 16:15:00.959662+00:00 [info] <0.391.0> FHC read buffering: OFF
2023-11-22 16:15:00.959681+00:00 [info] <0.391.0> FHC write buffering: ON
2023-11-22 16:15:00.960124+00:00 [info] <0.230.0> Running boot step worker_pool defined by app rabbit
2023-11-22 16:15:00.960202+00:00 [info] <0.369.0> Will use 16 processes for default worker pool
2023-11-22 16:15:00.960235+00:00 [info] <0.369.0> Starting worker pool 'worker_pool' with 16 processes in it
2023-11-22 16:15:00.961063+00:00 [info] <0.230.0> Running boot step database defined by app rabbit
2023-11-22 16:15:00.974931+00:00 [info] <0.230.0> Waiting for Mnesia tables for 30000 ms, 9 retries left
2023-11-22 16:15:00.981119+00:00 [info] <0.230.0> Successfully synced tables from a peer
2023-11-22 16:15:01.010923+00:00 [info] <0.230.0> Waiting for Mnesia tables for 30000 ms, 9 retries left
2023-11-22 16:15:01.011121+00:00 [info] <0.230.0> Successfully synced tables from a peer
2023-11-22 16:15:01.011163+00:00 [info] <0.230.0> Peer discovery backend rabbit_peer_discovery_classic_config does not support registration, skipping registration.
2023-11-22 16:15:01.011311+00:00 [info] <0.230.0> Running boot step tracking_metadata_store defined by app rabbit
2023-11-22 16:15:01.011516+00:00 [info] <0.417.0> Setting up a table for connection tracking on this node: tracked_connection
2023-11-22 16:15:01.011567+00:00 [info] <0.417.0> Setting up a table for per-vhost connection counting on this node: tracked_connection_per_vhost
2023-11-22 16:15:01.011672+00:00 [info] <0.417.0> Setting up a table for per-user connection counting on this node: tracked_connection_per_user
2023-11-22 16:15:01.011749+00:00 [info] <0.417.0> Setting up a table for channel tracking on this node: tracked_channel
2023-11-22 16:15:01.011833+00:00 [info] <0.417.0> Setting up a table for channel tracking on this node: tracked_channel_per_user
2023-11-22 16:15:01.011999+00:00 [info] <0.230.0> Running boot step networking_metadata_store defined by app rabbit
2023-11-22 16:15:01.012130+00:00 [info] <0.230.0> Running boot step feature_flags defined by app rabbit
2023-11-22 16:15:01.016230+00:00 [info] <0.230.0> Running boot step codec_correctness_check defined by app rabbit
2023-11-22 16:15:01.016398+00:00 [info] <0.230.0> Running boot step external_infrastructure defined by app rabbit
2023-11-22 16:15:01.016462+00:00 [info] <0.230.0> Running boot step rabbit_event defined by app rabbit
2023-11-22 16:15:01.016595+00:00 [info] <0.230.0> Running boot step rabbit_registry defined by app rabbit
2023-11-22 16:15:01.016678+00:00 [info] <0.230.0> Running boot step rabbit_auth_mechanism_amqplain defined by app rabbit
2023-11-22 16:15:01.016781+00:00 [info] <0.230.0> Running boot step rabbit_auth_mechanism_cr_demo defined by app rabbit
2023-11-22 16:15:01.016889+00:00 [info] <0.230.0> Running boot step rabbit_auth_mechanism_plain defined by app rabbit
2023-11-22 16:15:01.016990+00:00 [info] <0.230.0> Running boot step rabbit_exchange_type_direct defined by app rabbit
2023-11-22 16:15:01.017077+00:00 [info] <0.230.0> Running boot step rabbit_exchange_type_fanout defined by app rabbit
2023-11-22 16:15:01.017165+00:00 [info] <0.230.0> Running boot step rabbit_exchange_type_headers defined by app rabbit
2023-11-22 16:15:01.017258+00:00 [info] <0.230.0> Running boot step rabbit_exchange_type_topic defined by app rabbit
2023-11-22 16:15:01.017384+00:00 [info] <0.230.0> Running boot step rabbit_mirror_queue_mode_all defined by app rabbit
2023-11-22 16:15:01.017475+00:00 [info] <0.230.0> Running boot step rabbit_mirror_queue_mode_exactly defined by app rabbit
2023-11-22 16:15:01.017576+00:00 [info] <0.230.0> Running boot step rabbit_mirror_queue_mode_nodes defined by app rabbit
2023-11-22 16:15:01.017654+00:00 [info] <0.230.0> Running boot step rabbit_priority_queue defined by app rabbit
2023-11-22 16:15:01.017706+00:00 [info] <0.230.0> Priority queues enabled, real BQ is rabbit_variable_queue
2023-11-22 16:15:01.017826+00:00 [info] <0.230.0> Running boot step rabbit_queue_location_client_local defined by app rabbit
2023-11-22 16:15:01.017925+00:00 [info] <0.230.0> Running boot step rabbit_queue_location_min_masters defined by app rabbit
2023-11-22 16:15:01.018080+00:00 [info] <0.230.0> Running boot step rabbit_queue_location_random defined by app rabbit
2023-11-22 16:15:01.018195+00:00 [info] <0.230.0> Running boot step kernel_ready defined by app rabbit
2023-11-22 16:15:01.018232+00:00 [info] <0.230.0> Running boot step rabbit_sysmon_minder defined by app rabbit
2023-11-22 16:15:01.018477+00:00 [info] <0.230.0> Running boot step rabbit_epmd_monitor defined by app rabbit
2023-11-22 16:15:01.019726+00:00 [info] <0.425.0> epmd monitor knows us, inter-node communication (distribution) port: 25672
2023-11-22 16:15:01.019851+00:00 [info] <0.230.0> Running boot step guid_generator defined by app rabbit
2023-11-22 16:15:01.035771+00:00 [info] <0.230.0> Running boot step rabbit_node_monitor defined by app rabbit
2023-11-22 16:15:01.036094+00:00 [info] <0.429.0> Starting rabbit_node_monitor (in ignore mode)
2023-11-22 16:15:01.036223+00:00 [info] <0.230.0> Running boot step delegate_sup defined by app rabbit
2023-11-22 16:15:01.036965+00:00 [info] <0.230.0> Running boot step rabbit_memory_monitor defined by app rabbit
2023-11-22 16:15:01.037236+00:00 [info] <0.230.0> Running boot step rabbit_fifo_dlx_sup defined by app rabbit
2023-11-22 16:15:01.037301+00:00 [info] <0.230.0> Running boot step core_initialized defined by app rabbit
2023-11-22 16:15:01.037316+00:00 [info] <0.230.0> Running boot step rabbit_channel_tracking_handler defined by app rabbit
2023-11-22 16:15:01.037369+00:00 [info] <0.230.0> Running boot step rabbit_connection_tracking_handler defined by app rabbit
2023-11-22 16:15:01.037423+00:00 [info] <0.230.0> Running boot step rabbit_definitions_hashing defined by app rabbit
2023-11-22 16:15:01.037518+00:00 [info] <0.230.0> Running boot step rabbit_exchange_parameters defined by app rabbit
2023-11-22 16:15:01.037882+00:00 [info] <0.230.0> Running boot step rabbit_mirror_queue_misc defined by app rabbit
2023-11-22 16:15:01.038251+00:00 [info] <0.230.0> Running boot step rabbit_policies defined by app rabbit
2023-11-22 16:15:01.039088+00:00 [info] <0.230.0> Running boot step rabbit_policy defined by app rabbit
2023-11-22 16:15:01.039179+00:00 [info] <0.230.0> Running boot step rabbit_queue_location_validator defined by app rabbit
2023-11-22 16:15:01.039257+00:00 [info] <0.230.0> Running boot step rabbit_quorum_memory_manager defined by app rabbit
2023-11-22 16:15:01.039372+00:00 [info] <0.230.0> Running boot step rabbit_stream_coordinator defined by app rabbit
2023-11-22 16:15:01.039891+00:00 [info] <0.230.0> Running boot step rabbit_vhost_limit defined by app rabbit
2023-11-22 16:15:01.039992+00:00 [info] <0.230.0> Running boot step recovery defined by app rabbit
2023-11-22 16:15:01.041026+00:00 [info] <0.461.0> Making sure data directory '/var/lib/rabbitmq/mnesia/rabbit@d23c273559f8/msg_stores/vhosts/628WB79CIFDYO9LJI6DKMI09L' for vhost '/' exists
2023-11-22 16:15:01.086202+00:00 [info] <0.461.0> Starting message stores for vhost '/'
2023-11-22 16:15:01.086563+00:00 [info] <0.471.0> Message store "628WB79CIFDYO9LJI6DKMI09L/msg_store_transient": using rabbit_msg_store_ets_index to provide index
2023-11-22 16:15:01.121180+00:00 [info] <0.461.0> Started message store of type transient for vhost '/'
2023-11-22 16:15:01.121416+00:00 [info] <0.475.0> Message store "628WB79CIFDYO9LJI6DKMI09L/msg_store_persistent": using rabbit_msg_store_ets_index to provide index
2023-11-22 16:15:01.146540+00:00 [info] <0.461.0> Started message store of type persistent for vhost '/'
2023-11-22 16:15:01.146696+00:00 [info] <0.461.0> Recovering 0 queues of type rabbit_classic_queue took 89ms
2023-11-22 16:15:01.146738+00:00 [info] <0.461.0> Recovering 0 queues of type rabbit_quorum_queue took 0ms
2023-11-22 16:15:01.146764+00:00 [info] <0.461.0> Recovering 0 queues of type rabbit_stream_queue took 0ms
2023-11-22 16:15:01.149384+00:00 [info] <0.230.0> Running boot step empty_db_check defined by app rabbit
2023-11-22 16:15:01.149439+00:00 [info] <0.230.0> Will not seed default virtual host and user: have definitions to load...
2023-11-22 16:15:01.149529+00:00 [info] <0.230.0> Running boot step rabbit_observer_cli defined by app rabbit
2023-11-22 16:15:01.149648+00:00 [info] <0.230.0> Running boot step rabbit_looking_glass defined by app rabbit
2023-11-22 16:15:01.149678+00:00 [info] <0.230.0> Running boot step rabbit_core_metrics_gc defined by app rabbit
2023-11-22 16:15:01.149943+00:00 [info] <0.230.0> Running boot step background_gc defined by app rabbit
2023-11-22 16:15:01.150243+00:00 [info] <0.230.0> Running boot step routing_ready defined by app rabbit
2023-11-22 16:15:01.150273+00:00 [info] <0.230.0> Running boot step pre_flight defined by app rabbit
2023-11-22 16:15:01.150342+00:00 [info] <0.230.0> Running boot step notify_cluster defined by app rabbit
2023-11-22 16:15:01.150456+00:00 [info] <0.230.0> Running boot step networking defined by app rabbit
2023-11-22 16:15:01.150641+00:00 [info] <0.230.0> Running boot step definition_import_worker_pool defined by app rabbit
2023-11-22 16:15:01.150795+00:00 [info] <0.369.0> Starting worker pool 'definition_import_pool' with 16 processes in it
2023-11-22 16:15:01.151668+00:00 [info] <0.230.0> Running boot step cluster_name defined by app rabbit
2023-11-22 16:15:01.151710+00:00 [info] <0.230.0> Running boot step direct_client defined by app rabbit
2023-11-22 16:15:01.151752+00:00 [info] <0.230.0> Running boot step rabbit_maintenance_mode_state defined by app rabbit
2023-11-22 16:15:01.151770+00:00 [info] <0.230.0> Creating table rabbit_node_maintenance_states for maintenance mode status
2023-11-22 16:15:01.152164+00:00 [info] <0.525.0> Resetting node maintenance status
2023-11-22 16:15:01.152259+00:00 [info] <0.525.0> Ready to start client connection listeners
2023-11-22 16:15:01.154684+00:00 [info] <0.543.0> started TCP listener on [::]:5672
2023-11-22 16:15:01.275898+00:00 [info] <0.525.0> Server startup complete; 0 plugins started.
2023-11-22 16:15:01.352484+00:00 [info] <0.9.0> Time to start RabbitMQ: 9234267 us
2023-11-22 16:15:19.086375+00:00 [notice] <0.61.0> SIGTERM received - shutting down
2023-11-22 16:15:19.086375+00:00 [notice] <0.61.0> 
2023-11-22 16:15:19.088542+00:00 [info] <0.230.0> Peer discovery backend rabbit_peer_discovery_classic_config does not support registration, skipping unregistration.
2023-11-22 16:15:19.088828+00:00 [info] <0.543.0> stopped TCP listener on [::]:5672
2023-11-22 16:15:19.090624+00:00 [info] <0.475.0> Stopping message store for directory '/var/lib/rabbitmq/mnesia/rabbit@d23c273559f8/msg_stores/vhosts/628WB79CIFDYO9LJI6DKMI09L/msg_store_persistent'
2023-11-22 16:15:19.090591+00:00 [info] <0.544.0> Closing all connections in vhost '/' on node 'rabbit@d23c273559f8' because the vhost is stopping
2023-11-22 16:15:19.115440+00:00 [info] <0.475.0> Message store for directory '/var/lib/rabbitmq/mnesia/rabbit@d23c273559f8/msg_stores/vhosts/628WB79CIFDYO9LJI6DKMI09L/msg_store_persistent' is stopped
2023-11-22 16:15:19.115640+00:00 [info] <0.471.0> Stopping message store for directory '/var/lib/rabbitmq/mnesia/rabbit@d23c273559f8/msg_stores/vhosts/628WB79CIFDYO9LJI6DKMI09L/msg_store_transient'
2023-11-22 16:15:19.140642+00:00 [info] <0.471.0> Message store for directory '/var/lib/rabbitmq/mnesia/rabbit@d23c273559f8/msg_stores/vhosts/628WB79CIFDYO9LJI6DKMI09L/msg_store_transient' is stopped
