2023-11-22 16:43:58.478110+00:00 [notice] <0.230.0> Logging: configured log handlers are now ACTIVE
2023-11-22 16:43:59.010293+00:00 [info] <0.230.0> ra: starting system quorum_queues
2023-11-22 16:43:59.010470+00:00 [info] <0.230.0> starting Ra system: quorum_queues in directory: /var/lib/rabbitmq/mnesia/rabbit@60eb19a53ae4/quorum/rabbit@60eb19a53ae4
2023-11-22 16:43:59.133488+00:00 [info] <0.262.0> ra system 'quorum_queues' running pre init for 0 registered servers
2023-11-22 16:43:59.152304+00:00 [info] <0.263.0> ra: meta data store initialised for system quorum_queues. 0 record(s) recovered
2023-11-22 16:43:59.174901+00:00 [notice] <0.268.0> WAL: ra_log_wal init, open tbls: ra_log_open_mem_tables, closed tbls: ra_log_closed_mem_tables
2023-11-22 16:43:59.200641+00:00 [info] <0.230.0> ra: starting system coordination
2023-11-22 16:43:59.200713+00:00 [info] <0.230.0> starting Ra system: coordination in directory: /var/lib/rabbitmq/mnesia/rabbit@60eb19a53ae4/coordination/rabbit@60eb19a53ae4
2023-11-22 16:43:59.218288+00:00 [info] <0.275.0> ra system 'coordination' running pre init for 0 registered servers
2023-11-22 16:43:59.223655+00:00 [info] <0.276.0> ra: meta data store initialised for system coordination. 0 record(s) recovered
2023-11-22 16:43:59.224037+00:00 [notice] <0.281.0> WAL: ra_coordination_log_wal init, open tbls: ra_coordination_log_open_mem_tables, closed tbls: ra_coordination_log_closed_mem_tables
2023-11-22 16:43:59.240156+00:00 [info] <0.230.0> 
2023-11-22 16:43:59.240156+00:00 [info] <0.230.0>  Starting RabbitMQ 3.12.9 on Erlang 25.3.2.7 [jit]
2023-11-22 16:43:59.240156+00:00 [info] <0.230.0>  Copyright (c) 2007-2023 VMware, Inc. or its affiliates.
2023-11-22 16:43:59.240156+00:00 [info] <0.230.0>  Licensed under the MPL 2.0. Website: https://rabbitmq.com
2023-11-22 16:43:59.241800+00:00 [info] <0.230.0> 
2023-11-22 16:43:59.241800+00:00 [info] <0.230.0>  node           : rabbit@60eb19a53ae4
2023-11-22 16:43:59.241800+00:00 [info] <0.230.0>  home dir       : /var/lib/rabbitmq
2023-11-22 16:43:59.241800+00:00 [info] <0.230.0>  config file(s) : (none)
2023-11-22 16:43:59.241800+00:00 [info] <0.230.0>  cookie hash    : A7u2l7Eimxq5wfbBRxA6WQ==
2023-11-22 16:43:59.241800+00:00 [info] <0.230.0>  log(s)         : /var/log/rabbitmq/rabbit@60eb19a53ae4.log
2023-11-22 16:43:59.241800+00:00 [info] <0.230.0>                 : <stdout>
2023-11-22 16:43:59.241800+00:00 [info] <0.230.0>  data dir       : /var/lib/rabbitmq/mnesia/rabbit@60eb19a53ae4
2023-11-22 16:44:02.953894+00:00 [info] <0.230.0> Running boot step pre_boot defined by app rabbit
2023-11-22 16:44:02.953952+00:00 [info] <0.230.0> Running boot step rabbit_global_counters defined by app rabbit
2023-11-22 16:44:02.954413+00:00 [info] <0.230.0> Running boot step rabbit_osiris_metrics defined by app rabbit
2023-11-22 16:44:02.954547+00:00 [info] <0.230.0> Running boot step rabbit_core_metrics defined by app rabbit
2023-11-22 16:44:02.955204+00:00 [info] <0.230.0> Running boot step rabbit_alarm defined by app rabbit
2023-11-22 16:44:02.975312+00:00 [info] <0.299.0> Memory high watermark set to 3165 MiB (3319504896 bytes) of 7914 MiB (8298762240 bytes) total
2023-11-22 16:44:02.978959+00:00 [info] <0.301.0> Enabling free disk space monitoring (disk free space: 807066181632, total memory: 8298762240)
2023-11-22 16:44:02.979002+00:00 [info] <0.301.0> Disk free limit set to 50MB
2023-11-22 16:44:02.981467+00:00 [info] <0.230.0> Running boot step code_server_cache defined by app rabbit
2023-11-22 16:44:02.981604+00:00 [info] <0.230.0> Running boot step file_handle_cache defined by app rabbit
2023-11-22 16:44:02.981821+00:00 [info] <0.304.0> Limiting to approx 1048479 file handles (943629 sockets)
2023-11-22 16:44:02.981917+00:00 [info] <0.305.0> FHC read buffering: OFF
2023-11-22 16:44:02.981948+00:00 [info] <0.305.0> FHC write buffering: ON
2023-11-22 16:44:02.982440+00:00 [info] <0.230.0> Running boot step worker_pool defined by app rabbit
2023-11-22 16:44:02.982502+00:00 [info] <0.283.0> Will use 16 processes for default worker pool
2023-11-22 16:44:02.982609+00:00 [info] <0.283.0> Starting worker pool 'worker_pool' with 16 processes in it
2023-11-22 16:44:02.983494+00:00 [info] <0.230.0> Running boot step database defined by app rabbit
2023-11-22 16:44:02.987252+00:00 [info] <0.230.0> Node database directory at /var/lib/rabbitmq/mnesia/rabbit@60eb19a53ae4 is empty. Assuming we need to join an existing cluster or initialise from scratch...
2023-11-22 16:44:02.987322+00:00 [info] <0.230.0> Configured peer discovery backend: rabbit_peer_discovery_classic_config
2023-11-22 16:44:02.987421+00:00 [info] <0.230.0> Will try to lock with peer discovery backend rabbit_peer_discovery_classic_config
2023-11-22 16:44:02.987501+00:00 [info] <0.230.0> All discovered existing cluster peers:
2023-11-22 16:44:02.987557+00:00 [info] <0.230.0> Discovered no peer nodes to cluster with. Some discovery backends can filter nodes out based on a readiness criteria. Enabling debug logging might help troubleshoot.
2023-11-22 16:44:02.991801+00:00 [notice] <0.44.0> Application mnesia exited with reason: stopped
2023-11-22 16:44:03.550713+00:00 [info] <0.230.0> Waiting for Mnesia tables for 30000 ms, 9 retries left
2023-11-22 16:44:03.550872+00:00 [info] <0.230.0> Successfully synced tables from a peer
2023-11-22 16:44:03.551610+00:00 [notice] <0.284.0> Feature flags: attempt to enable `stream_sac_coordinator_unblock_group`...
2023-11-22 16:44:03.584009+00:00 [notice] <0.284.0> Feature flags: `stream_sac_coordinator_unblock_group` enabled
2023-11-22 16:44:03.584196+00:00 [notice] <0.284.0> Feature flags: attempt to enable `restart_streams`...
2023-11-22 16:44:03.622949+00:00 [notice] <0.284.0> Feature flags: `restart_streams` enabled
2023-11-22 16:44:03.623787+00:00 [info] <0.230.0> Waiting for Mnesia tables for 30000 ms, 9 retries left
2023-11-22 16:44:03.623974+00:00 [info] <0.230.0> Successfully synced tables from a peer
2023-11-22 16:44:03.652547+00:00 [info] <0.230.0> Waiting for Mnesia tables for 30000 ms, 9 retries left
2023-11-22 16:44:03.652905+00:00 [info] <0.230.0> Successfully synced tables from a peer
2023-11-22 16:44:03.652952+00:00 [info] <0.230.0> Peer discovery backend rabbit_peer_discovery_classic_config does not support registration, skipping registration.
2023-11-22 16:44:03.652980+00:00 [info] <0.230.0> Will try to unlock with peer discovery backend rabbit_peer_discovery_classic_config
2023-11-22 16:44:03.653458+00:00 [info] <0.230.0> Running boot step tracking_metadata_store defined by app rabbit
2023-11-22 16:44:03.653655+00:00 [info] <0.494.0> Setting up a table for connection tracking on this node: tracked_connection
2023-11-22 16:44:03.653796+00:00 [info] <0.494.0> Setting up a table for per-vhost connection counting on this node: tracked_connection_per_vhost
2023-11-22 16:44:03.653897+00:00 [info] <0.494.0> Setting up a table for per-user connection counting on this node: tracked_connection_per_user
2023-11-22 16:44:03.654006+00:00 [info] <0.494.0> Setting up a table for channel tracking on this node: tracked_channel
2023-11-22 16:44:03.654169+00:00 [info] <0.494.0> Setting up a table for channel tracking on this node: tracked_channel_per_user
2023-11-22 16:44:03.654435+00:00 [info] <0.230.0> Running boot step networking_metadata_store defined by app rabbit
2023-11-22 16:44:03.654654+00:00 [info] <0.230.0> Running boot step feature_flags defined by app rabbit
2023-11-22 16:44:03.658264+00:00 [info] <0.230.0> Running boot step codec_correctness_check defined by app rabbit
2023-11-22 16:44:03.658322+00:00 [info] <0.230.0> Running boot step external_infrastructure defined by app rabbit
2023-11-22 16:44:03.658414+00:00 [info] <0.230.0> Running boot step rabbit_event defined by app rabbit
2023-11-22 16:44:03.658713+00:00 [info] <0.230.0> Running boot step rabbit_registry defined by app rabbit
2023-11-22 16:44:03.658870+00:00 [info] <0.230.0> Running boot step rabbit_auth_mechanism_amqplain defined by app rabbit
2023-11-22 16:44:03.658996+00:00 [info] <0.230.0> Running boot step rabbit_auth_mechanism_cr_demo defined by app rabbit
2023-11-22 16:44:03.659089+00:00 [info] <0.230.0> Running boot step rabbit_auth_mechanism_plain defined by app rabbit
2023-11-22 16:44:03.659239+00:00 [info] <0.230.0> Running boot step rabbit_exchange_type_direct defined by app rabbit
2023-11-22 16:44:03.659416+00:00 [info] <0.230.0> Running boot step rabbit_exchange_type_fanout defined by app rabbit
2023-11-22 16:44:03.659540+00:00 [info] <0.230.0> Running boot step rabbit_exchange_type_headers defined by app rabbit
2023-11-22 16:44:03.659796+00:00 [info] <0.230.0> Running boot step rabbit_exchange_type_topic defined by app rabbit
2023-11-22 16:44:03.659924+00:00 [info] <0.230.0> Running boot step rabbit_mirror_queue_mode_all defined by app rabbit
2023-11-22 16:44:03.660046+00:00 [info] <0.230.0> Running boot step rabbit_mirror_queue_mode_exactly defined by app rabbit
2023-11-22 16:44:03.660124+00:00 [info] <0.230.0> Running boot step rabbit_mirror_queue_mode_nodes defined by app rabbit
2023-11-22 16:44:03.660198+00:00 [info] <0.230.0> Running boot step rabbit_priority_queue defined by app rabbit
2023-11-22 16:44:03.660232+00:00 [info] <0.230.0> Priority queues enabled, real BQ is rabbit_variable_queue
2023-11-22 16:44:03.660387+00:00 [info] <0.230.0> Running boot step rabbit_queue_location_client_local defined by app rabbit
2023-11-22 16:44:03.660450+00:00 [info] <0.230.0> Running boot step rabbit_queue_location_min_masters defined by app rabbit
2023-11-22 16:44:03.660487+00:00 [info] <0.230.0> Running boot step rabbit_queue_location_random defined by app rabbit
2023-11-22 16:44:03.660511+00:00 [info] <0.230.0> Running boot step kernel_ready defined by app rabbit
2023-11-22 16:44:03.660521+00:00 [info] <0.230.0> Running boot step rabbit_sysmon_minder defined by app rabbit
2023-11-22 16:44:03.660662+00:00 [info] <0.230.0> Running boot step rabbit_epmd_monitor defined by app rabbit
2023-11-22 16:44:03.661849+00:00 [info] <0.502.0> epmd monitor knows us, inter-node communication (distribution) port: 25672
2023-11-22 16:44:03.662150+00:00 [info] <0.230.0> Running boot step guid_generator defined by app rabbit
2023-11-22 16:44:03.674607+00:00 [info] <0.230.0> Running boot step rabbit_node_monitor defined by app rabbit
2023-11-22 16:44:03.675014+00:00 [info] <0.506.0> Starting rabbit_node_monitor (in ignore mode)
2023-11-22 16:44:03.675216+00:00 [info] <0.230.0> Running boot step delegate_sup defined by app rabbit
2023-11-22 16:44:03.676063+00:00 [info] <0.230.0> Running boot step rabbit_memory_monitor defined by app rabbit
2023-11-22 16:44:03.676266+00:00 [info] <0.230.0> Running boot step rabbit_fifo_dlx_sup defined by app rabbit
2023-11-22 16:44:03.676342+00:00 [info] <0.230.0> Running boot step core_initialized defined by app rabbit
2023-11-22 16:44:03.676388+00:00 [info] <0.230.0> Running boot step rabbit_channel_tracking_handler defined by app rabbit
2023-11-22 16:44:03.676451+00:00 [info] <0.230.0> Running boot step rabbit_connection_tracking_handler defined by app rabbit
2023-11-22 16:44:03.676506+00:00 [info] <0.230.0> Running boot step rabbit_definitions_hashing defined by app rabbit
2023-11-22 16:44:03.676708+00:00 [info] <0.230.0> Running boot step rabbit_exchange_parameters defined by app rabbit
2023-11-22 16:44:03.677079+00:00 [info] <0.230.0> Running boot step rabbit_mirror_queue_misc defined by app rabbit
2023-11-22 16:44:03.678052+00:00 [info] <0.230.0> Running boot step rabbit_policies defined by app rabbit
2023-11-22 16:44:03.678888+00:00 [info] <0.230.0> Running boot step rabbit_policy defined by app rabbit
2023-11-22 16:44:03.678985+00:00 [info] <0.230.0> Running boot step rabbit_queue_location_validator defined by app rabbit
2023-11-22 16:44:03.679062+00:00 [info] <0.230.0> Running boot step rabbit_quorum_memory_manager defined by app rabbit
2023-11-22 16:44:03.679095+00:00 [info] <0.230.0> Running boot step rabbit_stream_coordinator defined by app rabbit
2023-11-22 16:44:03.679454+00:00 [info] <0.230.0> Running boot step rabbit_vhost_limit defined by app rabbit
2023-11-22 16:44:03.679535+00:00 [info] <0.230.0> Running boot step recovery defined by app rabbit
2023-11-22 16:44:03.680742+00:00 [info] <0.230.0> Running boot step empty_db_check defined by app rabbit
2023-11-22 16:44:03.680816+00:00 [info] <0.230.0> Will seed default virtual host and user...
2023-11-22 16:44:03.680919+00:00 [info] <0.230.0> Adding vhost '/' (description: 'Default virtual host', tags: [])
2023-11-22 16:44:03.688001+00:00 [info] <0.230.0> Inserted a virtual host record {vhost,<<"/">>,[],
2023-11-22 16:44:03.688001+00:00 [info] <0.230.0>                                       #{description =>
2023-11-22 16:44:03.688001+00:00 [info] <0.230.0>                                             <<"Default virtual host">>,
2023-11-22 16:44:03.688001+00:00 [info] <0.230.0>                                         tags => []}}
2023-11-22 16:44:03.712334+00:00 [info] <0.547.0> Making sure data directory '/var/lib/rabbitmq/mnesia/rabbit@60eb19a53ae4/msg_stores/vhosts/628WB79CIFDYO9LJI6DKMI09L' for vhost '/' exists
2023-11-22 16:44:03.729945+00:00 [info] <0.547.0> Setting segment_entry_count for vhost '/' with 0 queues to '2048'
2023-11-22 16:44:03.758455+00:00 [info] <0.547.0> Starting message stores for vhost '/'
2023-11-22 16:44:03.758855+00:00 [info] <0.557.0> Message store "628WB79CIFDYO9LJI6DKMI09L/msg_store_transient": using rabbit_msg_store_ets_index to provide index
2023-11-22 16:44:03.768723+00:00 [info] <0.547.0> Started message store of type transient for vhost '/'
2023-11-22 16:44:03.769061+00:00 [info] <0.561.0> Message store "628WB79CIFDYO9LJI6DKMI09L/msg_store_persistent": using rabbit_msg_store_ets_index to provide index
2023-11-22 16:44:03.778069+00:00 [warning] <0.561.0> Message store "628WB79CIFDYO9LJI6DKMI09L/msg_store_persistent": rebuilding indices from scratch
2023-11-22 16:44:03.785903+00:00 [info] <0.547.0> Started message store of type persistent for vhost '/'
2023-11-22 16:44:03.786159+00:00 [info] <0.547.0> Recovering 0 queues of type rabbit_classic_queue took 51ms
2023-11-22 16:44:03.786192+00:00 [info] <0.547.0> Recovering 0 queues of type rabbit_quorum_queue took 0ms
2023-11-22 16:44:03.786225+00:00 [info] <0.547.0> Recovering 0 queues of type rabbit_stream_queue took 0ms
2023-11-22 16:44:03.790533+00:00 [info] <0.230.0> Created user 'default_user'
2023-11-22 16:44:03.793261+00:00 [info] <0.230.0> Successfully set user tags for user 'default_user' to [administrator]
2023-11-22 16:44:03.795983+00:00 [info] <0.230.0> Successfully set permissions for user 'default_user' in virtual host '/' to '.*', '.*', '.*'
2023-11-22 16:44:03.796059+00:00 [info] <0.230.0> Running boot step rabbit_observer_cli defined by app rabbit
2023-11-22 16:44:03.796247+00:00 [info] <0.230.0> Running boot step rabbit_looking_glass defined by app rabbit
2023-11-22 16:44:03.796308+00:00 [info] <0.230.0> Running boot step rabbit_core_metrics_gc defined by app rabbit
2023-11-22 16:44:03.796513+00:00 [info] <0.230.0> Running boot step background_gc defined by app rabbit
2023-11-22 16:44:03.796838+00:00 [info] <0.230.0> Running boot step routing_ready defined by app rabbit
2023-11-22 16:44:03.796893+00:00 [info] <0.230.0> Running boot step pre_flight defined by app rabbit
2023-11-22 16:44:03.796942+00:00 [info] <0.230.0> Running boot step notify_cluster defined by app rabbit
2023-11-22 16:44:03.797066+00:00 [info] <0.230.0> Running boot step networking defined by app rabbit
2023-11-22 16:44:03.797304+00:00 [info] <0.230.0> Running boot step definition_import_worker_pool defined by app rabbit
2023-11-22 16:44:03.797410+00:00 [info] <0.283.0> Starting worker pool 'definition_import_pool' with 16 processes in it
2023-11-22 16:44:03.798406+00:00 [info] <0.230.0> Running boot step cluster_name defined by app rabbit
2023-11-22 16:44:03.798504+00:00 [info] <0.230.0> Initialising internal cluster ID to 'rabbitmq-cluster-id-SD77wxjHdP0Oa4pGU6wleA'
2023-11-22 16:44:03.801760+00:00 [info] <0.230.0> Running boot step direct_client defined by app rabbit
2023-11-22 16:44:03.801861+00:00 [info] <0.230.0> Running boot step rabbit_maintenance_mode_state defined by app rabbit
2023-11-22 16:44:03.801890+00:00 [info] <0.230.0> Creating table rabbit_node_maintenance_states for maintenance mode status
2023-11-22 16:44:03.817357+00:00 [info] <0.613.0> Resetting node maintenance status
2023-11-22 16:44:03.817573+00:00 [info] <0.613.0> Ready to start client connection listeners
2023-11-22 16:44:03.819959+00:00 [info] <0.631.0> started TCP listener on [::]:5672
2023-11-22 16:44:03.959137+00:00 [info] <0.613.0> Server startup complete; 0 plugins started.
2023-11-22 16:44:04.017646+00:00 [info] <0.9.0> Time to start RabbitMQ: 11436844 us
2023-11-22 16:46:33.511774+00:00 [notice] <0.61.0> SIGTERM received - shutting down
2023-11-22 16:46:33.511774+00:00 [notice] <0.61.0> 
2023-11-22 16:46:33.515175+00:00 [info] <0.230.0> Peer discovery backend rabbit_peer_discovery_classic_config does not support registration, skipping unregistration.
2023-11-22 16:46:33.515482+00:00 [info] <0.631.0> stopped TCP listener on [::]:5672
2023-11-22 16:46:33.517185+00:00 [info] <0.654.0> Closing all connections in vhost '/' on node 'rabbit@60eb19a53ae4' because the vhost is stopping
2023-11-22 16:46:33.517257+00:00 [info] <0.561.0> Stopping message store for directory '/var/lib/rabbitmq/mnesia/rabbit@60eb19a53ae4/msg_stores/vhosts/628WB79CIFDYO9LJI6DKMI09L/msg_store_persistent'
2023-11-22 16:46:33.550636+00:00 [info] <0.561.0> Message store for directory '/var/lib/rabbitmq/mnesia/rabbit@60eb19a53ae4/msg_stores/vhosts/628WB79CIFDYO9LJI6DKMI09L/msg_store_persistent' is stopped
2023-11-22 16:46:33.550887+00:00 [info] <0.557.0> Stopping message store for directory '/var/lib/rabbitmq/mnesia/rabbit@60eb19a53ae4/msg_stores/vhosts/628WB79CIFDYO9LJI6DKMI09L/msg_store_transient'
2023-11-22 16:46:33.579033+00:00 [info] <0.557.0> Message store for directory '/var/lib/rabbitmq/mnesia/rabbit@60eb19a53ae4/msg_stores/vhosts/628WB79CIFDYO9LJI6DKMI09L/msg_store_transient' is stopped
