2023-11-22 12:11:44.203298+00:00 [notice] <0.230.0> Logging: configured log handlers are now ACTIVE
2023-11-22 12:11:44.830344+00:00 [info] <0.230.0> ra: starting system quorum_queues
2023-11-22 12:11:44.830550+00:00 [info] <0.230.0> starting Ra system: quorum_queues in directory: /var/lib/rabbitmq/mnesia/rabbit@b468c619b4c8/quorum/rabbit@b468c619b4c8
2023-11-22 12:11:45.071768+00:00 [info] <0.262.0> ra system 'quorum_queues' running pre init for 0 registered servers
2023-11-22 12:11:45.108507+00:00 [info] <0.263.0> ra: meta data store initialised for system quorum_queues. 0 record(s) recovered
2023-11-22 12:11:45.143778+00:00 [notice] <0.268.0> WAL: ra_log_wal init, open tbls: ra_log_open_mem_tables, closed tbls: ra_log_closed_mem_tables
2023-11-22 12:11:45.186014+00:00 [info] <0.230.0> ra: starting system coordination
2023-11-22 12:11:45.186141+00:00 [info] <0.230.0> starting Ra system: coordination in directory: /var/lib/rabbitmq/mnesia/rabbit@b468c619b4c8/coordination/rabbit@b468c619b4c8
2023-11-22 12:11:45.212673+00:00 [info] <0.275.0> ra system 'coordination' running pre init for 0 registered servers
2023-11-22 12:11:45.221244+00:00 [info] <0.276.0> ra: meta data store initialised for system coordination. 0 record(s) recovered
2023-11-22 12:11:45.222213+00:00 [notice] <0.281.0> WAL: ra_coordination_log_wal init, open tbls: ra_coordination_log_open_mem_tables, closed tbls: ra_coordination_log_closed_mem_tables
2023-11-22 12:11:45.247676+00:00 [info] <0.230.0> 
2023-11-22 12:11:45.247676+00:00 [info] <0.230.0>  Starting RabbitMQ 3.12.9 on Erlang 25.3.2.7 [jit]
2023-11-22 12:11:45.247676+00:00 [info] <0.230.0>  Copyright (c) 2007-2023 VMware, Inc. or its affiliates.
2023-11-22 12:11:45.247676+00:00 [info] <0.230.0>  Licensed under the MPL 2.0. Website: https://rabbitmq.com
2023-11-22 12:11:45.250687+00:00 [info] <0.230.0> 
2023-11-22 12:11:45.250687+00:00 [info] <0.230.0>  node           : rabbit@b468c619b4c8
2023-11-22 12:11:45.250687+00:00 [info] <0.230.0>  home dir       : /var/lib/rabbitmq
2023-11-22 12:11:45.250687+00:00 [info] <0.230.0>  config file(s) : (none)
2023-11-22 12:11:45.250687+00:00 [info] <0.230.0>  cookie hash    : A7u2l7Eimxq5wfbBRxA6WQ==
2023-11-22 12:11:45.250687+00:00 [info] <0.230.0>  log(s)         : /var/log/rabbitmq/rabbit@b468c619b4c8.log
2023-11-22 12:11:45.250687+00:00 [info] <0.230.0>                 : <stdout>
2023-11-22 12:11:45.250687+00:00 [info] <0.230.0>  data dir       : /var/lib/rabbitmq/mnesia/rabbit@b468c619b4c8
2023-11-22 12:11:51.498345+00:00 [info] <0.230.0> Running boot step pre_boot defined by app rabbit
2023-11-22 12:11:51.498430+00:00 [info] <0.230.0> Running boot step rabbit_global_counters defined by app rabbit
2023-11-22 12:11:51.499167+00:00 [info] <0.230.0> Running boot step rabbit_osiris_metrics defined by app rabbit
2023-11-22 12:11:51.499268+00:00 [info] <0.230.0> Running boot step rabbit_core_metrics defined by app rabbit
2023-11-22 12:11:51.505648+00:00 [info] <0.230.0> Running boot step rabbit_alarm defined by app rabbit
2023-11-22 12:11:51.509241+00:00 [info] <0.299.0> Memory high watermark set to 3165 MiB (3319506534 bytes) of 7914 MiB (8298766336 bytes) total
2023-11-22 12:11:51.512767+00:00 [info] <0.301.0> Enabling free disk space monitoring (disk free space: 817040998400, total memory: 8298766336)
2023-11-22 12:11:51.512826+00:00 [info] <0.301.0> Disk free limit set to 50MB
2023-11-22 12:11:51.515216+00:00 [info] <0.230.0> Running boot step code_server_cache defined by app rabbit
2023-11-22 12:11:51.515347+00:00 [info] <0.230.0> Running boot step file_handle_cache defined by app rabbit
2023-11-22 12:11:51.515588+00:00 [info] <0.304.0> Limiting to approx 1048479 file handles (943629 sockets)
2023-11-22 12:11:51.515721+00:00 [info] <0.305.0> FHC read buffering: OFF
2023-11-22 12:11:51.515776+00:00 [info] <0.305.0> FHC write buffering: ON
2023-11-22 12:11:51.516275+00:00 [info] <0.230.0> Running boot step worker_pool defined by app rabbit
2023-11-22 12:11:51.516345+00:00 [info] <0.283.0> Will use 16 processes for default worker pool
2023-11-22 12:11:51.516404+00:00 [info] <0.283.0> Starting worker pool 'worker_pool' with 16 processes in it
2023-11-22 12:11:51.517427+00:00 [info] <0.230.0> Running boot step database defined by app rabbit
2023-11-22 12:11:51.520455+00:00 [info] <0.230.0> Node database directory at /var/lib/rabbitmq/mnesia/rabbit@b468c619b4c8 is empty. Assuming we need to join an existing cluster or initialise from scratch...
2023-11-22 12:11:51.520539+00:00 [info] <0.230.0> Configured peer discovery backend: rabbit_peer_discovery_classic_config
2023-11-22 12:11:51.520629+00:00 [info] <0.230.0> Will try to lock with peer discovery backend rabbit_peer_discovery_classic_config
2023-11-22 12:11:51.520799+00:00 [info] <0.230.0> All discovered existing cluster peers:
2023-11-22 12:11:51.520832+00:00 [info] <0.230.0> Discovered no peer nodes to cluster with. Some discovery backends can filter nodes out based on a readiness criteria. Enabling debug logging might help troubleshoot.
2023-11-22 12:11:51.524887+00:00 [notice] <0.44.0> Application mnesia exited with reason: stopped
2023-11-22 12:11:52.037053+00:00 [info] <0.230.0> Waiting for Mnesia tables for 30000 ms, 9 retries left
2023-11-22 12:11:52.037266+00:00 [info] <0.230.0> Successfully synced tables from a peer
2023-11-22 12:11:52.038000+00:00 [notice] <0.284.0> Feature flags: attempt to enable `stream_sac_coordinator_unblock_group`...
2023-11-22 12:11:52.078735+00:00 [notice] <0.284.0> Feature flags: `stream_sac_coordinator_unblock_group` enabled
2023-11-22 12:11:52.078914+00:00 [notice] <0.284.0> Feature flags: attempt to enable `restart_streams`...
2023-11-22 12:11:52.139803+00:00 [notice] <0.284.0> Feature flags: `restart_streams` enabled
2023-11-22 12:11:52.140446+00:00 [info] <0.230.0> Waiting for Mnesia tables for 30000 ms, 9 retries left
2023-11-22 12:11:52.140698+00:00 [info] <0.230.0> Successfully synced tables from a peer
2023-11-22 12:11:52.174289+00:00 [info] <0.230.0> Waiting for Mnesia tables for 30000 ms, 9 retries left
2023-11-22 12:11:52.174783+00:00 [info] <0.230.0> Successfully synced tables from a peer
2023-11-22 12:11:52.174819+00:00 [info] <0.230.0> Peer discovery backend rabbit_peer_discovery_classic_config does not support registration, skipping registration.
2023-11-22 12:11:52.175040+00:00 [info] <0.230.0> Will try to unlock with peer discovery backend rabbit_peer_discovery_classic_config
2023-11-22 12:11:52.175624+00:00 [info] <0.230.0> Running boot step tracking_metadata_store defined by app rabbit
2023-11-22 12:11:52.175815+00:00 [info] <0.494.0> Setting up a table for connection tracking on this node: tracked_connection
2023-11-22 12:11:52.175894+00:00 [info] <0.494.0> Setting up a table for per-vhost connection counting on this node: tracked_connection_per_vhost
2023-11-22 12:11:52.175958+00:00 [info] <0.494.0> Setting up a table for per-user connection counting on this node: tracked_connection_per_user
2023-11-22 12:11:52.175976+00:00 [info] <0.494.0> Setting up a table for channel tracking on this node: tracked_channel
2023-11-22 12:11:52.176092+00:00 [info] <0.494.0> Setting up a table for channel tracking on this node: tracked_channel_per_user
2023-11-22 12:11:52.176231+00:00 [info] <0.230.0> Running boot step networking_metadata_store defined by app rabbit
2023-11-22 12:11:52.176505+00:00 [info] <0.230.0> Running boot step feature_flags defined by app rabbit
2023-11-22 12:11:52.180862+00:00 [info] <0.230.0> Running boot step codec_correctness_check defined by app rabbit
2023-11-22 12:11:52.181001+00:00 [info] <0.230.0> Running boot step external_infrastructure defined by app rabbit
2023-11-22 12:11:52.181036+00:00 [info] <0.230.0> Running boot step rabbit_event defined by app rabbit
2023-11-22 12:11:52.181381+00:00 [info] <0.230.0> Running boot step rabbit_registry defined by app rabbit
2023-11-22 12:11:52.181495+00:00 [info] <0.230.0> Running boot step rabbit_auth_mechanism_amqplain defined by app rabbit
2023-11-22 12:11:52.181642+00:00 [info] <0.230.0> Running boot step rabbit_auth_mechanism_cr_demo defined by app rabbit
2023-11-22 12:11:52.181817+00:00 [info] <0.230.0> Running boot step rabbit_auth_mechanism_plain defined by app rabbit
2023-11-22 12:11:52.181979+00:00 [info] <0.230.0> Running boot step rabbit_exchange_type_direct defined by app rabbit
2023-11-22 12:11:52.182098+00:00 [info] <0.230.0> Running boot step rabbit_exchange_type_fanout defined by app rabbit
2023-11-22 12:11:52.182224+00:00 [info] <0.230.0> Running boot step rabbit_exchange_type_headers defined by app rabbit
2023-11-22 12:11:52.182300+00:00 [info] <0.230.0> Running boot step rabbit_exchange_type_topic defined by app rabbit
2023-11-22 12:11:52.182439+00:00 [info] <0.230.0> Running boot step rabbit_mirror_queue_mode_all defined by app rabbit
2023-11-22 12:11:52.182662+00:00 [info] <0.230.0> Running boot step rabbit_mirror_queue_mode_exactly defined by app rabbit
2023-11-22 12:11:52.182858+00:00 [info] <0.230.0> Running boot step rabbit_mirror_queue_mode_nodes defined by app rabbit
2023-11-22 12:11:52.182976+00:00 [info] <0.230.0> Running boot step rabbit_priority_queue defined by app rabbit
2023-11-22 12:11:52.183027+00:00 [info] <0.230.0> Priority queues enabled, real BQ is rabbit_variable_queue
2023-11-22 12:11:52.183209+00:00 [info] <0.230.0> Running boot step rabbit_queue_location_client_local defined by app rabbit
2023-11-22 12:11:52.183325+00:00 [info] <0.230.0> Running boot step rabbit_queue_location_min_masters defined by app rabbit
2023-11-22 12:11:52.183389+00:00 [info] <0.230.0> Running boot step rabbit_queue_location_random defined by app rabbit
2023-11-22 12:11:52.183494+00:00 [info] <0.230.0> Running boot step kernel_ready defined by app rabbit
2023-11-22 12:11:52.183528+00:00 [info] <0.230.0> Running boot step rabbit_sysmon_minder defined by app rabbit
2023-11-22 12:11:52.183913+00:00 [info] <0.230.0> Running boot step rabbit_epmd_monitor defined by app rabbit
2023-11-22 12:11:52.185349+00:00 [info] <0.502.0> epmd monitor knows us, inter-node communication (distribution) port: 25672
2023-11-22 12:11:52.185528+00:00 [info] <0.230.0> Running boot step guid_generator defined by app rabbit
2023-11-22 12:11:52.198090+00:00 [info] <0.230.0> Running boot step rabbit_node_monitor defined by app rabbit
2023-11-22 12:11:52.198476+00:00 [info] <0.506.0> Starting rabbit_node_monitor (in ignore mode)
2023-11-22 12:11:52.198644+00:00 [info] <0.230.0> Running boot step delegate_sup defined by app rabbit
2023-11-22 12:11:52.199541+00:00 [info] <0.230.0> Running boot step rabbit_memory_monitor defined by app rabbit
2023-11-22 12:11:52.199911+00:00 [info] <0.230.0> Running boot step rabbit_fifo_dlx_sup defined by app rabbit
2023-11-22 12:11:52.200129+00:00 [info] <0.230.0> Running boot step core_initialized defined by app rabbit
2023-11-22 12:11:52.200185+00:00 [info] <0.230.0> Running boot step rabbit_channel_tracking_handler defined by app rabbit
2023-11-22 12:11:52.200270+00:00 [info] <0.230.0> Running boot step rabbit_connection_tracking_handler defined by app rabbit
2023-11-22 12:11:52.200397+00:00 [info] <0.230.0> Running boot step rabbit_definitions_hashing defined by app rabbit
2023-11-22 12:11:52.200504+00:00 [info] <0.230.0> Running boot step rabbit_exchange_parameters defined by app rabbit
2023-11-22 12:11:52.201027+00:00 [info] <0.230.0> Running boot step rabbit_mirror_queue_misc defined by app rabbit
2023-11-22 12:11:52.201814+00:00 [info] <0.230.0> Running boot step rabbit_policies defined by app rabbit
2023-11-22 12:11:52.202153+00:00 [info] <0.230.0> Running boot step rabbit_policy defined by app rabbit
2023-11-22 12:11:52.202279+00:00 [info] <0.230.0> Running boot step rabbit_queue_location_validator defined by app rabbit
2023-11-22 12:11:52.202366+00:00 [info] <0.230.0> Running boot step rabbit_quorum_memory_manager defined by app rabbit
2023-11-22 12:11:52.202501+00:00 [info] <0.230.0> Running boot step rabbit_stream_coordinator defined by app rabbit
2023-11-22 12:11:52.202985+00:00 [info] <0.230.0> Running boot step rabbit_vhost_limit defined by app rabbit
2023-11-22 12:11:52.203125+00:00 [info] <0.230.0> Running boot step recovery defined by app rabbit
2023-11-22 12:11:52.204479+00:00 [info] <0.230.0> Running boot step empty_db_check defined by app rabbit
2023-11-22 12:11:52.204520+00:00 [info] <0.230.0> Will seed default virtual host and user...
2023-11-22 12:11:52.204615+00:00 [info] <0.230.0> Adding vhost '/' (description: 'Default virtual host', tags: [])
2023-11-22 12:11:52.212002+00:00 [info] <0.230.0> Inserted a virtual host record {vhost,<<"/">>,[],
2023-11-22 12:11:52.212002+00:00 [info] <0.230.0>                                       #{description =>
2023-11-22 12:11:52.212002+00:00 [info] <0.230.0>                                             <<"Default virtual host">>,
2023-11-22 12:11:52.212002+00:00 [info] <0.230.0>                                         tags => []}}
2023-11-22 12:11:52.235779+00:00 [info] <0.547.0> Making sure data directory '/var/lib/rabbitmq/mnesia/rabbit@b468c619b4c8/msg_stores/vhosts/628WB79CIFDYO9LJI6DKMI09L' for vhost '/' exists
2023-11-22 12:11:52.255972+00:00 [info] <0.547.0> Setting segment_entry_count for vhost '/' with 0 queues to '2048'
2023-11-22 12:11:52.292687+00:00 [info] <0.547.0> Starting message stores for vhost '/'
2023-11-22 12:11:52.293228+00:00 [info] <0.557.0> Message store "628WB79CIFDYO9LJI6DKMI09L/msg_store_transient": using rabbit_msg_store_ets_index to provide index
2023-11-22 12:11:52.304011+00:00 [info] <0.547.0> Started message store of type transient for vhost '/'
2023-11-22 12:11:52.304571+00:00 [info] <0.561.0> Message store "628WB79CIFDYO9LJI6DKMI09L/msg_store_persistent": using rabbit_msg_store_ets_index to provide index
2023-11-22 12:11:52.312548+00:00 [warning] <0.561.0> Message store "628WB79CIFDYO9LJI6DKMI09L/msg_store_persistent": rebuilding indices from scratch
2023-11-22 12:11:52.320586+00:00 [info] <0.547.0> Started message store of type persistent for vhost '/'
2023-11-22 12:11:52.320935+00:00 [info] <0.547.0> Recovering 0 queues of type rabbit_classic_queue took 58ms
2023-11-22 12:11:52.320989+00:00 [info] <0.547.0> Recovering 0 queues of type rabbit_quorum_queue took 0ms
2023-11-22 12:11:52.321070+00:00 [info] <0.547.0> Recovering 0 queues of type rabbit_stream_queue took 0ms
2023-11-22 12:11:52.326945+00:00 [info] <0.230.0> Created user 'default_user'
2023-11-22 12:11:52.330293+00:00 [info] <0.230.0> Successfully set user tags for user 'default_user' to [administrator]
2023-11-22 12:11:52.333740+00:00 [info] <0.230.0> Successfully set permissions for user 'default_user' in virtual host '/' to '.*', '.*', '.*'
2023-11-22 12:11:52.333853+00:00 [info] <0.230.0> Running boot step rabbit_observer_cli defined by app rabbit
2023-11-22 12:11:52.333929+00:00 [info] <0.230.0> Running boot step rabbit_looking_glass defined by app rabbit
2023-11-22 12:11:52.333972+00:00 [info] <0.230.0> Running boot step rabbit_core_metrics_gc defined by app rabbit
2023-11-22 12:11:52.334502+00:00 [info] <0.230.0> Running boot step background_gc defined by app rabbit
2023-11-22 12:11:52.334838+00:00 [info] <0.230.0> Running boot step routing_ready defined by app rabbit
2023-11-22 12:11:52.334904+00:00 [info] <0.230.0> Running boot step pre_flight defined by app rabbit
2023-11-22 12:11:52.334963+00:00 [info] <0.230.0> Running boot step notify_cluster defined by app rabbit
2023-11-22 12:11:52.335061+00:00 [info] <0.230.0> Running boot step networking defined by app rabbit
2023-11-22 12:11:52.335167+00:00 [info] <0.230.0> Running boot step definition_import_worker_pool defined by app rabbit
2023-11-22 12:11:52.335276+00:00 [info] <0.283.0> Starting worker pool 'definition_import_pool' with 16 processes in it
2023-11-22 12:11:52.336906+00:00 [info] <0.230.0> Running boot step cluster_name defined by app rabbit
2023-11-22 12:11:52.337040+00:00 [info] <0.230.0> Initialising internal cluster ID to 'rabbitmq-cluster-id-sEXIGVbhW9Ptw1-QFk5ckw'
2023-11-22 12:11:52.340687+00:00 [info] <0.230.0> Running boot step direct_client defined by app rabbit
2023-11-22 12:11:52.340867+00:00 [info] <0.230.0> Running boot step rabbit_maintenance_mode_state defined by app rabbit
2023-11-22 12:11:52.340937+00:00 [info] <0.230.0> Creating table rabbit_node_maintenance_states for maintenance mode status
2023-11-22 12:11:52.361497+00:00 [info] <0.613.0> Resetting node maintenance status
2023-11-22 12:11:52.361819+00:00 [info] <0.613.0> Ready to start client connection listeners
2023-11-22 12:11:52.364513+00:00 [info] <0.631.0> started TCP listener on [::]:5672
2023-11-22 12:11:52.508699+00:00 [info] <0.613.0> Server startup complete; 0 plugins started.
2023-11-22 12:11:52.561930+00:00 [info] <0.9.0> Time to start RabbitMQ: 13542032 us
2023-11-22 12:11:58.644779+00:00 [notice] <0.61.0> SIGTERM received - shutting down
2023-11-22 12:11:58.644779+00:00 [notice] <0.61.0> 
2023-11-22 12:11:58.648388+00:00 [info] <0.230.0> Peer discovery backend rabbit_peer_discovery_classic_config does not support registration, skipping unregistration.
2023-11-22 12:11:58.648765+00:00 [info] <0.631.0> stopped TCP listener on [::]:5672
2023-11-22 12:11:58.651268+00:00 [info] <0.632.0> Closing all connections in vhost '/' on node 'rabbit@b468c619b4c8' because the vhost is stopping
2023-11-22 12:11:58.651450+00:00 [info] <0.561.0> Stopping message store for directory '/var/lib/rabbitmq/mnesia/rabbit@b468c619b4c8/msg_stores/vhosts/628WB79CIFDYO9LJI6DKMI09L/msg_store_persistent'
2023-11-22 12:11:58.688353+00:00 [info] <0.561.0> Message store for directory '/var/lib/rabbitmq/mnesia/rabbit@b468c619b4c8/msg_stores/vhosts/628WB79CIFDYO9LJI6DKMI09L/msg_store_persistent' is stopped
2023-11-22 12:11:58.688632+00:00 [info] <0.557.0> Stopping message store for directory '/var/lib/rabbitmq/mnesia/rabbit@b468c619b4c8/msg_stores/vhosts/628WB79CIFDYO9LJI6DKMI09L/msg_store_transient'
2023-11-22 12:11:58.721412+00:00 [info] <0.557.0> Message store for directory '/var/lib/rabbitmq/mnesia/rabbit@b468c619b4c8/msg_stores/vhosts/628WB79CIFDYO9LJI6DKMI09L/msg_store_transient' is stopped
