2023-11-22 16:47:43.437941+00:00 [notice] <0.230.0> Logging: configured log handlers are now ACTIVE
2023-11-22 16:47:43.763046+00:00 [info] <0.230.0> ra: starting system quorum_queues
2023-11-22 16:47:43.763174+00:00 [info] <0.230.0> starting Ra system: quorum_queues in directory: /var/lib/rabbitmq/mnesia/rabbit@88b89746b626/quorum/rabbit@88b89746b626
2023-11-22 16:47:43.900012+00:00 [info] <0.262.0> ra system 'quorum_queues' running pre init for 0 registered servers
2023-11-22 16:47:43.915958+00:00 [info] <0.263.0> ra: meta data store initialised for system quorum_queues. 0 record(s) recovered
2023-11-22 16:47:43.934598+00:00 [notice] <0.268.0> WAL: ra_log_wal init, open tbls: ra_log_open_mem_tables, closed tbls: ra_log_closed_mem_tables
2023-11-22 16:47:43.953255+00:00 [info] <0.230.0> ra: starting system coordination
2023-11-22 16:47:43.953314+00:00 [info] <0.230.0> starting Ra system: coordination in directory: /var/lib/rabbitmq/mnesia/rabbit@88b89746b626/coordination/rabbit@88b89746b626
2023-11-22 16:47:43.964622+00:00 [info] <0.275.0> ra system 'coordination' running pre init for 0 registered servers
2023-11-22 16:47:43.968708+00:00 [info] <0.276.0> ra: meta data store initialised for system coordination. 0 record(s) recovered
2023-11-22 16:47:43.968885+00:00 [notice] <0.281.0> WAL: ra_coordination_log_wal init, open tbls: ra_coordination_log_open_mem_tables, closed tbls: ra_coordination_log_closed_mem_tables
2023-11-22 16:47:43.980868+00:00 [info] <0.230.0> 
2023-11-22 16:47:43.980868+00:00 [info] <0.230.0>  Starting RabbitMQ 3.12.9 on Erlang 25.3.2.7 [jit]
2023-11-22 16:47:43.980868+00:00 [info] <0.230.0>  Copyright (c) 2007-2023 VMware, Inc. or its affiliates.
2023-11-22 16:47:43.980868+00:00 [info] <0.230.0>  Licensed under the MPL 2.0. Website: https://rabbitmq.com
2023-11-22 16:47:43.982646+00:00 [info] <0.230.0> 
2023-11-22 16:47:43.982646+00:00 [info] <0.230.0>  node           : rabbit@88b89746b626
2023-11-22 16:47:43.982646+00:00 [info] <0.230.0>  home dir       : /var/lib/rabbitmq
2023-11-22 16:47:43.982646+00:00 [info] <0.230.0>  config file(s) : (none)
2023-11-22 16:47:43.982646+00:00 [info] <0.230.0>  cookie hash    : A7u2l7Eimxq5wfbBRxA6WQ==
2023-11-22 16:47:43.982646+00:00 [info] <0.230.0>  log(s)         : /var/log/rabbitmq/rabbit@88b89746b626.log
2023-11-22 16:47:43.982646+00:00 [info] <0.230.0>                 : <stdout>
2023-11-22 16:47:43.982646+00:00 [info] <0.230.0>  data dir       : /var/lib/rabbitmq/mnesia/rabbit@88b89746b626
2023-11-22 16:47:47.050530+00:00 [info] <0.230.0> Running boot step pre_boot defined by app rabbit
2023-11-22 16:47:47.050587+00:00 [info] <0.230.0> Running boot step rabbit_global_counters defined by app rabbit
2023-11-22 16:47:47.051285+00:00 [info] <0.230.0> Running boot step rabbit_osiris_metrics defined by app rabbit
2023-11-22 16:47:47.051408+00:00 [info] <0.230.0> Running boot step rabbit_core_metrics defined by app rabbit
2023-11-22 16:47:47.052045+00:00 [info] <0.230.0> Running boot step rabbit_alarm defined by app rabbit
2023-11-22 16:47:47.055209+00:00 [info] <0.299.0> Memory high watermark set to 3165 MiB (3319504896 bytes) of 7914 MiB (8298762240 bytes) total
2023-11-22 16:47:47.058474+00:00 [info] <0.301.0> Enabling free disk space monitoring (disk free space: 810771845120, total memory: 8298762240)
2023-11-22 16:47:47.058510+00:00 [info] <0.301.0> Disk free limit set to 50MB
2023-11-22 16:47:47.060630+00:00 [info] <0.230.0> Running boot step code_server_cache defined by app rabbit
2023-11-22 16:47:47.060746+00:00 [info] <0.230.0> Running boot step file_handle_cache defined by app rabbit
2023-11-22 16:47:47.060911+00:00 [info] <0.304.0> Limiting to approx 1048479 file handles (943629 sockets)
2023-11-22 16:47:47.061004+00:00 [info] <0.305.0> FHC read buffering: OFF
2023-11-22 16:47:47.061032+00:00 [info] <0.305.0> FHC write buffering: ON
2023-11-22 16:47:47.061557+00:00 [info] <0.230.0> Running boot step worker_pool defined by app rabbit
2023-11-22 16:47:47.061588+00:00 [info] <0.283.0> Will use 16 processes for default worker pool
2023-11-22 16:47:47.061635+00:00 [info] <0.283.0> Starting worker pool 'worker_pool' with 16 processes in it
2023-11-22 16:47:47.062476+00:00 [info] <0.230.0> Running boot step database defined by app rabbit
2023-11-22 16:47:47.065374+00:00 [info] <0.230.0> Node database directory at /var/lib/rabbitmq/mnesia/rabbit@88b89746b626 is empty. Assuming we need to join an existing cluster or initialise from scratch...
2023-11-22 16:47:47.065467+00:00 [info] <0.230.0> Configured peer discovery backend: rabbit_peer_discovery_classic_config
2023-11-22 16:47:47.065561+00:00 [info] <0.230.0> Will try to lock with peer discovery backend rabbit_peer_discovery_classic_config
2023-11-22 16:47:47.065681+00:00 [info] <0.230.0> All discovered existing cluster peers:
2023-11-22 16:47:47.065754+00:00 [info] <0.230.0> Discovered no peer nodes to cluster with. Some discovery backends can filter nodes out based on a readiness criteria. Enabling debug logging might help troubleshoot.
2023-11-22 16:47:47.068873+00:00 [notice] <0.44.0> Application mnesia exited with reason: stopped
2023-11-22 16:47:47.523896+00:00 [info] <0.230.0> Waiting for Mnesia tables for 30000 ms, 9 retries left
2023-11-22 16:47:47.524108+00:00 [info] <0.230.0> Successfully synced tables from a peer
2023-11-22 16:47:47.524789+00:00 [notice] <0.284.0> Feature flags: attempt to enable `stream_sac_coordinator_unblock_group`...
2023-11-22 16:47:47.555756+00:00 [notice] <0.284.0> Feature flags: `stream_sac_coordinator_unblock_group` enabled
2023-11-22 16:47:47.556132+00:00 [notice] <0.284.0> Feature flags: attempt to enable `restart_streams`...
2023-11-22 16:47:47.594261+00:00 [notice] <0.284.0> Feature flags: `restart_streams` enabled
2023-11-22 16:47:47.594879+00:00 [info] <0.230.0> Waiting for Mnesia tables for 30000 ms, 9 retries left
2023-11-22 16:47:47.595116+00:00 [info] <0.230.0> Successfully synced tables from a peer
2023-11-22 16:47:47.627008+00:00 [info] <0.230.0> Waiting for Mnesia tables for 30000 ms, 9 retries left
2023-11-22 16:47:47.627453+00:00 [info] <0.230.0> Successfully synced tables from a peer
2023-11-22 16:47:47.627518+00:00 [info] <0.230.0> Peer discovery backend rabbit_peer_discovery_classic_config does not support registration, skipping registration.
2023-11-22 16:47:47.627665+00:00 [info] <0.230.0> Will try to unlock with peer discovery backend rabbit_peer_discovery_classic_config
2023-11-22 16:47:47.628023+00:00 [info] <0.230.0> Running boot step tracking_metadata_store defined by app rabbit
2023-11-22 16:47:47.628143+00:00 [info] <0.494.0> Setting up a table for connection tracking on this node: tracked_connection
2023-11-22 16:47:47.628200+00:00 [info] <0.494.0> Setting up a table for per-vhost connection counting on this node: tracked_connection_per_vhost
2023-11-22 16:47:47.628251+00:00 [info] <0.494.0> Setting up a table for per-user connection counting on this node: tracked_connection_per_user
2023-11-22 16:47:47.628282+00:00 [info] <0.494.0> Setting up a table for channel tracking on this node: tracked_channel
2023-11-22 16:47:47.628386+00:00 [info] <0.494.0> Setting up a table for channel tracking on this node: tracked_channel_per_user
2023-11-22 16:47:47.628551+00:00 [info] <0.230.0> Running boot step networking_metadata_store defined by app rabbit
2023-11-22 16:47:47.628635+00:00 [info] <0.230.0> Running boot step feature_flags defined by app rabbit
2023-11-22 16:47:47.631797+00:00 [info] <0.230.0> Running boot step codec_correctness_check defined by app rabbit
2023-11-22 16:47:47.631861+00:00 [info] <0.230.0> Running boot step external_infrastructure defined by app rabbit
2023-11-22 16:47:47.631953+00:00 [info] <0.230.0> Running boot step rabbit_event defined by app rabbit
2023-11-22 16:47:47.632348+00:00 [info] <0.230.0> Running boot step rabbit_registry defined by app rabbit
2023-11-22 16:47:47.632565+00:00 [info] <0.230.0> Running boot step rabbit_auth_mechanism_amqplain defined by app rabbit
2023-11-22 16:47:47.632752+00:00 [info] <0.230.0> Running boot step rabbit_auth_mechanism_cr_demo defined by app rabbit
2023-11-22 16:47:47.632871+00:00 [info] <0.230.0> Running boot step rabbit_auth_mechanism_plain defined by app rabbit
2023-11-22 16:47:47.633036+00:00 [info] <0.230.0> Running boot step rabbit_exchange_type_direct defined by app rabbit
2023-11-22 16:47:47.633229+00:00 [info] <0.230.0> Running boot step rabbit_exchange_type_fanout defined by app rabbit
2023-11-22 16:47:47.633344+00:00 [info] <0.230.0> Running boot step rabbit_exchange_type_headers defined by app rabbit
2023-11-22 16:47:47.633428+00:00 [info] <0.230.0> Running boot step rabbit_exchange_type_topic defined by app rabbit
2023-11-22 16:47:47.633512+00:00 [info] <0.230.0> Running boot step rabbit_mirror_queue_mode_all defined by app rabbit
2023-11-22 16:47:47.633603+00:00 [info] <0.230.0> Running boot step rabbit_mirror_queue_mode_exactly defined by app rabbit
2023-11-22 16:47:47.633687+00:00 [info] <0.230.0> Running boot step rabbit_mirror_queue_mode_nodes defined by app rabbit
2023-11-22 16:47:47.633762+00:00 [info] <0.230.0> Running boot step rabbit_priority_queue defined by app rabbit
2023-11-22 16:47:47.633828+00:00 [info] <0.230.0> Priority queues enabled, real BQ is rabbit_variable_queue
2023-11-22 16:47:47.633932+00:00 [info] <0.230.0> Running boot step rabbit_queue_location_client_local defined by app rabbit
2023-11-22 16:47:47.634065+00:00 [info] <0.230.0> Running boot step rabbit_queue_location_min_masters defined by app rabbit
2023-11-22 16:47:47.634125+00:00 [info] <0.230.0> Running boot step rabbit_queue_location_random defined by app rabbit
2023-11-22 16:47:47.634203+00:00 [info] <0.230.0> Running boot step kernel_ready defined by app rabbit
2023-11-22 16:47:47.634230+00:00 [info] <0.230.0> Running boot step rabbit_sysmon_minder defined by app rabbit
2023-11-22 16:47:47.634491+00:00 [info] <0.230.0> Running boot step rabbit_epmd_monitor defined by app rabbit
2023-11-22 16:47:47.635700+00:00 [info] <0.502.0> epmd monitor knows us, inter-node communication (distribution) port: 25672
2023-11-22 16:47:47.635814+00:00 [info] <0.230.0> Running boot step guid_generator defined by app rabbit
2023-11-22 16:47:47.648360+00:00 [info] <0.230.0> Running boot step rabbit_node_monitor defined by app rabbit
2023-11-22 16:47:47.648851+00:00 [info] <0.506.0> Starting rabbit_node_monitor (in ignore mode)
2023-11-22 16:47:47.649154+00:00 [info] <0.230.0> Running boot step delegate_sup defined by app rabbit
2023-11-22 16:47:47.649927+00:00 [info] <0.230.0> Running boot step rabbit_memory_monitor defined by app rabbit
2023-11-22 16:47:47.650603+00:00 [info] <0.230.0> Running boot step rabbit_fifo_dlx_sup defined by app rabbit
2023-11-22 16:47:47.650846+00:00 [info] <0.230.0> Running boot step core_initialized defined by app rabbit
2023-11-22 16:47:47.650894+00:00 [info] <0.230.0> Running boot step rabbit_channel_tracking_handler defined by app rabbit
2023-11-22 16:47:47.651062+00:00 [info] <0.230.0> Running boot step rabbit_connection_tracking_handler defined by app rabbit
2023-11-22 16:47:47.651169+00:00 [info] <0.230.0> Running boot step rabbit_definitions_hashing defined by app rabbit
2023-11-22 16:47:47.651329+00:00 [info] <0.230.0> Running boot step rabbit_exchange_parameters defined by app rabbit
2023-11-22 16:47:47.651736+00:00 [info] <0.230.0> Running boot step rabbit_mirror_queue_misc defined by app rabbit
2023-11-22 16:47:47.652517+00:00 [info] <0.230.0> Running boot step rabbit_policies defined by app rabbit
2023-11-22 16:47:47.653438+00:00 [info] <0.230.0> Running boot step rabbit_policy defined by app rabbit
2023-11-22 16:47:47.653500+00:00 [info] <0.230.0> Running boot step rabbit_queue_location_validator defined by app rabbit
2023-11-22 16:47:47.653578+00:00 [info] <0.230.0> Running boot step rabbit_quorum_memory_manager defined by app rabbit
2023-11-22 16:47:47.653670+00:00 [info] <0.230.0> Running boot step rabbit_stream_coordinator defined by app rabbit
2023-11-22 16:47:47.654398+00:00 [info] <0.230.0> Running boot step rabbit_vhost_limit defined by app rabbit
2023-11-22 16:47:47.654564+00:00 [info] <0.230.0> Running boot step recovery defined by app rabbit
2023-11-22 16:47:47.656300+00:00 [info] <0.230.0> Running boot step empty_db_check defined by app rabbit
2023-11-22 16:47:47.656396+00:00 [info] <0.230.0> Will seed default virtual host and user...
2023-11-22 16:47:47.656560+00:00 [info] <0.230.0> Adding vhost '/' (description: 'Default virtual host', tags: [])
2023-11-22 16:47:47.664820+00:00 [info] <0.230.0> Inserted a virtual host record {vhost,<<"/">>,[],
2023-11-22 16:47:47.664820+00:00 [info] <0.230.0>                                       #{description =>
2023-11-22 16:47:47.664820+00:00 [info] <0.230.0>                                             <<"Default virtual host">>,
2023-11-22 16:47:47.664820+00:00 [info] <0.230.0>                                         tags => []}}
2023-11-22 16:47:47.688278+00:00 [info] <0.547.0> Making sure data directory '/var/lib/rabbitmq/mnesia/rabbit@88b89746b626/msg_stores/vhosts/628WB79CIFDYO9LJI6DKMI09L' for vhost '/' exists
2023-11-22 16:47:47.706424+00:00 [info] <0.547.0> Setting segment_entry_count for vhost '/' with 0 queues to '2048'
2023-11-22 16:47:47.741908+00:00 [info] <0.547.0> Starting message stores for vhost '/'
2023-11-22 16:47:47.742379+00:00 [info] <0.557.0> Message store "628WB79CIFDYO9LJI6DKMI09L/msg_store_transient": using rabbit_msg_store_ets_index to provide index
2023-11-22 16:47:47.754752+00:00 [info] <0.547.0> Started message store of type transient for vhost '/'
2023-11-22 16:47:47.755188+00:00 [info] <0.561.0> Message store "628WB79CIFDYO9LJI6DKMI09L/msg_store_persistent": using rabbit_msg_store_ets_index to provide index
2023-11-22 16:47:47.764204+00:00 [warning] <0.561.0> Message store "628WB79CIFDYO9LJI6DKMI09L/msg_store_persistent": rebuilding indices from scratch
2023-11-22 16:47:47.773095+00:00 [info] <0.547.0> Started message store of type persistent for vhost '/'
2023-11-22 16:47:47.773427+00:00 [info] <0.547.0> Recovering 0 queues of type rabbit_classic_queue took 61ms
2023-11-22 16:47:47.773478+00:00 [info] <0.547.0> Recovering 0 queues of type rabbit_quorum_queue took 0ms
2023-11-22 16:47:47.773568+00:00 [info] <0.547.0> Recovering 0 queues of type rabbit_stream_queue took 0ms
2023-11-22 16:47:47.779404+00:00 [info] <0.230.0> Created user 'default_user'
2023-11-22 16:47:47.782291+00:00 [info] <0.230.0> Successfully set user tags for user 'default_user' to [administrator]
2023-11-22 16:47:47.785785+00:00 [info] <0.230.0> Successfully set permissions for user 'default_user' in virtual host '/' to '.*', '.*', '.*'
2023-11-22 16:47:47.785909+00:00 [info] <0.230.0> Running boot step rabbit_observer_cli defined by app rabbit
2023-11-22 16:47:47.786015+00:00 [info] <0.230.0> Running boot step rabbit_looking_glass defined by app rabbit
2023-11-22 16:47:47.786047+00:00 [info] <0.230.0> Running boot step rabbit_core_metrics_gc defined by app rabbit
2023-11-22 16:47:47.786353+00:00 [info] <0.230.0> Running boot step background_gc defined by app rabbit
2023-11-22 16:47:47.786586+00:00 [info] <0.230.0> Running boot step routing_ready defined by app rabbit
2023-11-22 16:47:47.786645+00:00 [info] <0.230.0> Running boot step pre_flight defined by app rabbit
2023-11-22 16:47:47.786723+00:00 [info] <0.230.0> Running boot step notify_cluster defined by app rabbit
2023-11-22 16:47:47.786783+00:00 [info] <0.230.0> Running boot step networking defined by app rabbit
2023-11-22 16:47:47.786815+00:00 [info] <0.230.0> Running boot step definition_import_worker_pool defined by app rabbit
2023-11-22 16:47:47.786910+00:00 [info] <0.283.0> Starting worker pool 'definition_import_pool' with 16 processes in it
2023-11-22 16:47:47.788165+00:00 [info] <0.230.0> Running boot step cluster_name defined by app rabbit
2023-11-22 16:47:47.788349+00:00 [info] <0.230.0> Initialising internal cluster ID to 'rabbitmq-cluster-id-TXL1BKhZH6YqxnGIRr0-6Q'
2023-11-22 16:47:47.792522+00:00 [info] <0.230.0> Running boot step direct_client defined by app rabbit
2023-11-22 16:47:47.792771+00:00 [info] <0.230.0> Running boot step rabbit_maintenance_mode_state defined by app rabbit
2023-11-22 16:47:47.792805+00:00 [info] <0.230.0> Creating table rabbit_node_maintenance_states for maintenance mode status
2023-11-22 16:47:47.812605+00:00 [info] <0.613.0> Resetting node maintenance status
2023-11-22 16:47:47.812830+00:00 [info] <0.613.0> Ready to start client connection listeners
2023-11-22 16:47:47.815503+00:00 [info] <0.631.0> started TCP listener on [::]:5672
2023-11-22 16:47:47.964596+00:00 [info] <0.613.0> Server startup complete; 0 plugins started.
2023-11-22 16:47:48.013227+00:00 [info] <0.9.0> Time to start RabbitMQ: 7849688 us
2023-11-22 23:13:58.136144+00:00 [notice] <0.61.0> SIGTERM received - shutting down
2023-11-22 23:13:58.136144+00:00 [notice] <0.61.0> 
2023-11-22 23:13:58.138447+00:00 [info] <0.230.0> Peer discovery backend rabbit_peer_discovery_classic_config does not support registration, skipping unregistration.
2023-11-22 23:13:58.138767+00:00 [info] <0.631.0> stopped TCP listener on [::]:5672
2023-11-22 23:13:58.141071+00:00 [info] <0.756.0> Closing all connections in vhost '/' on node 'rabbit@88b89746b626' because the vhost is stopping
2023-11-22 23:13:58.141311+00:00 [info] <0.561.0> Stopping message store for directory '/var/lib/rabbitmq/mnesia/rabbit@88b89746b626/msg_stores/vhosts/628WB79CIFDYO9LJI6DKMI09L/msg_store_persistent'
2023-11-22 23:13:58.169670+00:00 [info] <0.561.0> Message store for directory '/var/lib/rabbitmq/mnesia/rabbit@88b89746b626/msg_stores/vhosts/628WB79CIFDYO9LJI6DKMI09L/msg_store_persistent' is stopped
2023-11-22 23:13:58.170082+00:00 [info] <0.557.0> Stopping message store for directory '/var/lib/rabbitmq/mnesia/rabbit@88b89746b626/msg_stores/vhosts/628WB79CIFDYO9LJI6DKMI09L/msg_store_transient'
2023-11-22 23:13:58.195716+00:00 [info] <0.557.0> Message store for directory '/var/lib/rabbitmq/mnesia/rabbit@88b89746b626/msg_stores/vhosts/628WB79CIFDYO9LJI6DKMI09L/msg_store_transient' is stopped
2023-11-23 12:37:02.473962+00:00 [notice] <0.230.0> Logging: configured log handlers are now ACTIVE
2023-11-23 12:37:03.038335+00:00 [info] <0.230.0> ra: starting system quorum_queues
2023-11-23 12:37:03.038449+00:00 [info] <0.230.0> starting Ra system: quorum_queues in directory: /var/lib/rabbitmq/mnesia/rabbit@88b89746b626/quorum/rabbit@88b89746b626
2023-11-23 12:37:03.107235+00:00 [info] <0.310.0> ra system 'quorum_queues' running pre init for 0 registered servers
2023-11-23 12:37:03.134179+00:00 [info] <0.323.0> ra: meta data store initialised for system quorum_queues. 0 record(s) recovered
2023-11-23 12:37:03.160640+00:00 [notice] <0.336.0> WAL: ra_log_wal init, open tbls: ra_log_open_mem_tables, closed tbls: ra_log_closed_mem_tables
2023-11-23 12:37:03.195450+00:00 [info] <0.230.0> ra: starting system coordination
2023-11-23 12:37:03.195499+00:00 [info] <0.230.0> starting Ra system: coordination in directory: /var/lib/rabbitmq/mnesia/rabbit@88b89746b626/coordination/rabbit@88b89746b626
2023-11-23 12:37:03.219228+00:00 [info] <0.350.0> ra system 'coordination' running pre init for 0 registered servers
2023-11-23 12:37:03.227349+00:00 [info] <0.351.0> ra: meta data store initialised for system coordination. 0 record(s) recovered
2023-11-23 12:37:03.227572+00:00 [notice] <0.356.0> WAL: ra_coordination_log_wal init, open tbls: ra_coordination_log_open_mem_tables, closed tbls: ra_coordination_log_closed_mem_tables
2023-11-23 12:37:03.242494+00:00 [info] <0.230.0> 
2023-11-23 12:37:03.242494+00:00 [info] <0.230.0>  Starting RabbitMQ 3.12.9 on Erlang 25.3.2.7 [jit]
2023-11-23 12:37:03.242494+00:00 [info] <0.230.0>  Copyright (c) 2007-2023 VMware, Inc. or its affiliates.
2023-11-23 12:37:03.242494+00:00 [info] <0.230.0>  Licensed under the MPL 2.0. Website: https://rabbitmq.com
2023-11-23 12:37:03.243962+00:00 [info] <0.230.0> 
2023-11-23 12:37:03.243962+00:00 [info] <0.230.0>  node           : rabbit@88b89746b626
2023-11-23 12:37:03.243962+00:00 [info] <0.230.0>  home dir       : /var/lib/rabbitmq
2023-11-23 12:37:03.243962+00:00 [info] <0.230.0>  config file(s) : (none)
2023-11-23 12:37:03.243962+00:00 [info] <0.230.0>  cookie hash    : A7u2l7Eimxq5wfbBRxA6WQ==
2023-11-23 12:37:03.243962+00:00 [info] <0.230.0>  log(s)         : /var/log/rabbitmq/rabbit@88b89746b626.log
2023-11-23 12:37:03.243962+00:00 [info] <0.230.0>                 : <stdout>
2023-11-23 12:37:03.243962+00:00 [info] <0.230.0>  data dir       : /var/lib/rabbitmq/mnesia/rabbit@88b89746b626
2023-11-23 12:37:06.426909+00:00 [info] <0.230.0> Running boot step pre_boot defined by app rabbit
2023-11-23 12:37:06.426965+00:00 [info] <0.230.0> Running boot step rabbit_global_counters defined by app rabbit
2023-11-23 12:37:06.427186+00:00 [info] <0.230.0> Running boot step rabbit_osiris_metrics defined by app rabbit
2023-11-23 12:37:06.427276+00:00 [info] <0.230.0> Running boot step rabbit_core_metrics defined by app rabbit
2023-11-23 12:37:06.427909+00:00 [info] <0.230.0> Running boot step rabbit_alarm defined by app rabbit
2023-11-23 12:37:06.431724+00:00 [info] <0.374.0> Memory high watermark set to 3165 MiB (3319506534 bytes) of 7914 MiB (8298766336 bytes) total
2023-11-23 12:37:06.435051+00:00 [info] <0.376.0> Enabling free disk space monitoring (disk free space: 812478767104, total memory: 8298766336)
2023-11-23 12:37:06.435106+00:00 [info] <0.376.0> Disk free limit set to 50MB
2023-11-23 12:37:06.437376+00:00 [info] <0.230.0> Running boot step code_server_cache defined by app rabbit
2023-11-23 12:37:06.437509+00:00 [info] <0.230.0> Running boot step file_handle_cache defined by app rabbit
2023-11-23 12:37:06.437647+00:00 [info] <0.379.0> Limiting to approx 1048479 file handles (943629 sockets)
2023-11-23 12:37:06.437734+00:00 [info] <0.380.0> FHC read buffering: OFF
2023-11-23 12:37:06.437767+00:00 [info] <0.380.0> FHC write buffering: ON
2023-11-23 12:37:06.438418+00:00 [info] <0.230.0> Running boot step worker_pool defined by app rabbit
2023-11-23 12:37:06.438485+00:00 [info] <0.358.0> Will use 16 processes for default worker pool
2023-11-23 12:37:06.438516+00:00 [info] <0.358.0> Starting worker pool 'worker_pool' with 16 processes in it
2023-11-23 12:37:06.439444+00:00 [info] <0.230.0> Running boot step database defined by app rabbit
2023-11-23 12:37:06.451633+00:00 [info] <0.230.0> Waiting for Mnesia tables for 30000 ms, 9 retries left
2023-11-23 12:37:06.455829+00:00 [info] <0.230.0> Successfully synced tables from a peer
2023-11-23 12:37:06.482826+00:00 [info] <0.230.0> Waiting for Mnesia tables for 30000 ms, 9 retries left
2023-11-23 12:37:06.483114+00:00 [info] <0.230.0> Successfully synced tables from a peer
2023-11-23 12:37:06.483146+00:00 [info] <0.230.0> Peer discovery backend rabbit_peer_discovery_classic_config does not support registration, skipping registration.
2023-11-23 12:37:06.483664+00:00 [info] <0.230.0> Running boot step tracking_metadata_store defined by app rabbit
2023-11-23 12:37:06.483838+00:00 [info] <0.406.0> Setting up a table for connection tracking on this node: tracked_connection
2023-11-23 12:37:06.483885+00:00 [info] <0.406.0> Setting up a table for per-vhost connection counting on this node: tracked_connection_per_vhost
2023-11-23 12:37:06.484066+00:00 [info] <0.406.0> Setting up a table for per-user connection counting on this node: tracked_connection_per_user
2023-11-23 12:37:06.484210+00:00 [info] <0.406.0> Setting up a table for channel tracking on this node: tracked_channel
2023-11-23 12:37:06.484331+00:00 [info] <0.406.0> Setting up a table for channel tracking on this node: tracked_channel_per_user
2023-11-23 12:37:06.484520+00:00 [info] <0.230.0> Running boot step networking_metadata_store defined by app rabbit
2023-11-23 12:37:06.484648+00:00 [info] <0.230.0> Running boot step feature_flags defined by app rabbit
2023-11-23 12:37:06.487150+00:00 [info] <0.230.0> Running boot step codec_correctness_check defined by app rabbit
2023-11-23 12:37:06.487221+00:00 [info] <0.230.0> Running boot step external_infrastructure defined by app rabbit
2023-11-23 12:37:06.487348+00:00 [info] <0.230.0> Running boot step rabbit_event defined by app rabbit
2023-11-23 12:37:06.487677+00:00 [info] <0.230.0> Running boot step rabbit_registry defined by app rabbit
2023-11-23 12:37:06.487903+00:00 [info] <0.230.0> Running boot step rabbit_auth_mechanism_amqplain defined by app rabbit
2023-11-23 12:37:06.488036+00:00 [info] <0.230.0> Running boot step rabbit_auth_mechanism_cr_demo defined by app rabbit
2023-11-23 12:37:06.488152+00:00 [info] <0.230.0> Running boot step rabbit_auth_mechanism_plain defined by app rabbit
2023-11-23 12:37:06.488370+00:00 [info] <0.230.0> Running boot step rabbit_exchange_type_direct defined by app rabbit
2023-11-23 12:37:06.488486+00:00 [info] <0.230.0> Running boot step rabbit_exchange_type_fanout defined by app rabbit
2023-11-23 12:37:06.488641+00:00 [info] <0.230.0> Running boot step rabbit_exchange_type_headers defined by app rabbit
2023-11-23 12:37:06.488733+00:00 [info] <0.230.0> Running boot step rabbit_exchange_type_topic defined by app rabbit
2023-11-23 12:37:06.488816+00:00 [info] <0.230.0> Running boot step rabbit_mirror_queue_mode_all defined by app rabbit
2023-11-23 12:37:06.488908+00:00 [info] <0.230.0> Running boot step rabbit_mirror_queue_mode_exactly defined by app rabbit
2023-11-23 12:37:06.489012+00:00 [info] <0.230.0> Running boot step rabbit_mirror_queue_mode_nodes defined by app rabbit
2023-11-23 12:37:06.489121+00:00 [info] <0.230.0> Running boot step rabbit_priority_queue defined by app rabbit
2023-11-23 12:37:06.489155+00:00 [info] <0.230.0> Priority queues enabled, real BQ is rabbit_variable_queue
2023-11-23 12:37:06.489320+00:00 [info] <0.230.0> Running boot step rabbit_queue_location_client_local defined by app rabbit
2023-11-23 12:37:06.489407+00:00 [info] <0.230.0> Running boot step rabbit_queue_location_min_masters defined by app rabbit
2023-11-23 12:37:06.489519+00:00 [info] <0.230.0> Running boot step rabbit_queue_location_random defined by app rabbit
2023-11-23 12:37:06.489610+00:00 [info] <0.230.0> Running boot step kernel_ready defined by app rabbit
2023-11-23 12:37:06.489646+00:00 [info] <0.230.0> Running boot step rabbit_sysmon_minder defined by app rabbit
2023-11-23 12:37:06.490074+00:00 [info] <0.230.0> Running boot step rabbit_epmd_monitor defined by app rabbit
2023-11-23 12:37:06.491123+00:00 [info] <0.414.0> epmd monitor knows us, inter-node communication (distribution) port: 25672
2023-11-23 12:37:06.491300+00:00 [info] <0.230.0> Running boot step guid_generator defined by app rabbit
2023-11-23 12:37:06.504930+00:00 [info] <0.230.0> Running boot step rabbit_node_monitor defined by app rabbit
2023-11-23 12:37:06.505323+00:00 [info] <0.418.0> Starting rabbit_node_monitor (in ignore mode)
2023-11-23 12:37:06.505452+00:00 [info] <0.230.0> Running boot step delegate_sup defined by app rabbit
2023-11-23 12:37:06.506320+00:00 [info] <0.230.0> Running boot step rabbit_memory_monitor defined by app rabbit
2023-11-23 12:37:06.506598+00:00 [info] <0.230.0> Running boot step rabbit_fifo_dlx_sup defined by app rabbit
2023-11-23 12:37:06.506748+00:00 [info] <0.230.0> Running boot step core_initialized defined by app rabbit
2023-11-23 12:37:06.506771+00:00 [info] <0.230.0> Running boot step rabbit_channel_tracking_handler defined by app rabbit
2023-11-23 12:37:06.506876+00:00 [info] <0.230.0> Running boot step rabbit_connection_tracking_handler defined by app rabbit
2023-11-23 12:37:06.506992+00:00 [info] <0.230.0> Running boot step rabbit_definitions_hashing defined by app rabbit
2023-11-23 12:37:06.507099+00:00 [info] <0.230.0> Running boot step rabbit_exchange_parameters defined by app rabbit
2023-11-23 12:37:06.507719+00:00 [info] <0.230.0> Running boot step rabbit_mirror_queue_misc defined by app rabbit
2023-11-23 12:37:06.508221+00:00 [info] <0.230.0> Running boot step rabbit_policies defined by app rabbit
2023-11-23 12:37:06.508498+00:00 [info] <0.230.0> Running boot step rabbit_policy defined by app rabbit
2023-11-23 12:37:06.508547+00:00 [info] <0.230.0> Running boot step rabbit_queue_location_validator defined by app rabbit
2023-11-23 12:37:06.508572+00:00 [info] <0.230.0> Running boot step rabbit_quorum_memory_manager defined by app rabbit
2023-11-23 12:37:06.508641+00:00 [info] <0.230.0> Running boot step rabbit_stream_coordinator defined by app rabbit
2023-11-23 12:37:06.508992+00:00 [info] <0.230.0> Running boot step rabbit_vhost_limit defined by app rabbit
2023-11-23 12:37:06.509040+00:00 [info] <0.230.0> Running boot step recovery defined by app rabbit
2023-11-23 12:37:06.510007+00:00 [info] <0.450.0> Making sure data directory '/var/lib/rabbitmq/mnesia/rabbit@88b89746b626/msg_stores/vhosts/628WB79CIFDYO9LJI6DKMI09L' for vhost '/' exists
2023-11-23 12:37:06.557462+00:00 [info] <0.450.0> Starting message stores for vhost '/'
2023-11-23 12:37:06.557860+00:00 [info] <0.460.0> Message store "628WB79CIFDYO9LJI6DKMI09L/msg_store_transient": using rabbit_msg_store_ets_index to provide index
2023-11-23 12:37:06.600273+00:00 [info] <0.450.0> Started message store of type transient for vhost '/'
2023-11-23 12:37:06.600560+00:00 [info] <0.464.0> Message store "628WB79CIFDYO9LJI6DKMI09L/msg_store_persistent": using rabbit_msg_store_ets_index to provide index
2023-11-23 12:37:06.642272+00:00 [info] <0.450.0> Started message store of type persistent for vhost '/'
2023-11-23 12:37:06.642446+00:00 [info] <0.450.0> Recovering 0 queues of type rabbit_classic_queue took 115ms
2023-11-23 12:37:06.642510+00:00 [info] <0.450.0> Recovering 0 queues of type rabbit_quorum_queue took 0ms
2023-11-23 12:37:06.642568+00:00 [info] <0.450.0> Recovering 0 queues of type rabbit_stream_queue took 0ms
2023-11-23 12:37:06.645374+00:00 [info] <0.230.0> Running boot step empty_db_check defined by app rabbit
2023-11-23 12:37:06.645450+00:00 [info] <0.230.0> Will not seed default virtual host and user: have definitions to load...
2023-11-23 12:37:06.645481+00:00 [info] <0.230.0> Running boot step rabbit_observer_cli defined by app rabbit
2023-11-23 12:37:06.645593+00:00 [info] <0.230.0> Running boot step rabbit_looking_glass defined by app rabbit
2023-11-23 12:37:06.645657+00:00 [info] <0.230.0> Running boot step rabbit_core_metrics_gc defined by app rabbit
2023-11-23 12:37:06.645802+00:00 [info] <0.230.0> Running boot step background_gc defined by app rabbit
2023-11-23 12:37:06.645951+00:00 [info] <0.230.0> Running boot step routing_ready defined by app rabbit
2023-11-23 12:37:06.646004+00:00 [info] <0.230.0> Running boot step pre_flight defined by app rabbit
2023-11-23 12:37:06.646066+00:00 [info] <0.230.0> Running boot step notify_cluster defined by app rabbit
2023-11-23 12:37:06.646146+00:00 [info] <0.230.0> Running boot step networking defined by app rabbit
2023-11-23 12:37:06.646431+00:00 [info] <0.230.0> Running boot step definition_import_worker_pool defined by app rabbit
2023-11-23 12:37:06.646513+00:00 [info] <0.358.0> Starting worker pool 'definition_import_pool' with 16 processes in it
2023-11-23 12:37:06.647812+00:00 [info] <0.230.0> Running boot step cluster_name defined by app rabbit
2023-11-23 12:37:06.647865+00:00 [info] <0.230.0> Running boot step direct_client defined by app rabbit
2023-11-23 12:37:06.647988+00:00 [info] <0.230.0> Running boot step rabbit_maintenance_mode_state defined by app rabbit
2023-11-23 12:37:06.648045+00:00 [info] <0.230.0> Creating table rabbit_node_maintenance_states for maintenance mode status
2023-11-23 12:37:06.648510+00:00 [info] <0.514.0> Resetting node maintenance status
2023-11-23 12:37:06.648761+00:00 [info] <0.514.0> Ready to start client connection listeners
2023-11-23 12:37:06.651838+00:00 [info] <0.532.0> started TCP listener on [::]:5672
2023-11-23 12:37:06.763334+00:00 [info] <0.514.0> Server startup complete; 0 plugins started.
2023-11-23 12:37:06.849151+00:00 [info] <0.9.0> Time to start RabbitMQ: 7543290 us
2023-11-23 12:50:10.012575+00:00 [notice] <0.61.0> SIGTERM received - shutting down
2023-11-23 12:50:10.012575+00:00 [notice] <0.61.0> 
2023-11-23 12:50:10.015488+00:00 [info] <0.230.0> Peer discovery backend rabbit_peer_discovery_classic_config does not support registration, skipping unregistration.
2023-11-23 12:50:10.015739+00:00 [info] <0.532.0> stopped TCP listener on [::]:5672
2023-11-23 12:50:10.017673+00:00 [info] <0.565.0> Closing all connections in vhost '/' on node 'rabbit@88b89746b626' because the vhost is stopping
2023-11-23 12:50:10.017800+00:00 [info] <0.464.0> Stopping message store for directory '/var/lib/rabbitmq/mnesia/rabbit@88b89746b626/msg_stores/vhosts/628WB79CIFDYO9LJI6DKMI09L/msg_store_persistent'
2023-11-23 12:50:10.044797+00:00 [info] <0.464.0> Message store for directory '/var/lib/rabbitmq/mnesia/rabbit@88b89746b626/msg_stores/vhosts/628WB79CIFDYO9LJI6DKMI09L/msg_store_persistent' is stopped
2023-11-23 12:50:10.045022+00:00 [info] <0.460.0> Stopping message store for directory '/var/lib/rabbitmq/mnesia/rabbit@88b89746b626/msg_stores/vhosts/628WB79CIFDYO9LJI6DKMI09L/msg_store_transient'
2023-11-23 12:50:10.067894+00:00 [info] <0.460.0> Message store for directory '/var/lib/rabbitmq/mnesia/rabbit@88b89746b626/msg_stores/vhosts/628WB79CIFDYO9LJI6DKMI09L/msg_store_transient' is stopped
