2023-11-22 16:46:44.479524+00:00 [notice] <0.230.0> Logging: configured log handlers are now ACTIVE
2023-11-22 16:46:45.054960+00:00 [info] <0.230.0> ra: starting system quorum_queues
2023-11-22 16:46:45.055296+00:00 [info] <0.230.0> starting Ra system: quorum_queues in directory: /var/lib/rabbitmq/mnesia/rabbit@d87af2d5a1d7/quorum/rabbit@d87af2d5a1d7
2023-11-22 16:46:45.266051+00:00 [info] <0.262.0> ra system 'quorum_queues' running pre init for 0 registered servers
2023-11-22 16:46:45.312936+00:00 [info] <0.263.0> ra: meta data store initialised for system quorum_queues. 0 record(s) recovered
2023-11-22 16:46:45.341458+00:00 [notice] <0.268.0> WAL: ra_log_wal init, open tbls: ra_log_open_mem_tables, closed tbls: ra_log_closed_mem_tables
2023-11-22 16:46:45.413424+00:00 [info] <0.230.0> ra: starting system coordination
2023-11-22 16:46:45.413505+00:00 [info] <0.230.0> starting Ra system: coordination in directory: /var/lib/rabbitmq/mnesia/rabbit@d87af2d5a1d7/coordination/rabbit@d87af2d5a1d7
2023-11-22 16:46:45.433872+00:00 [info] <0.275.0> ra system 'coordination' running pre init for 0 registered servers
2023-11-22 16:46:45.438254+00:00 [info] <0.276.0> ra: meta data store initialised for system coordination. 0 record(s) recovered
2023-11-22 16:46:45.438466+00:00 [notice] <0.281.0> WAL: ra_coordination_log_wal init, open tbls: ra_coordination_log_open_mem_tables, closed tbls: ra_coordination_log_closed_mem_tables
2023-11-22 16:46:45.471954+00:00 [info] <0.230.0> 
2023-11-22 16:46:45.471954+00:00 [info] <0.230.0>  Starting RabbitMQ 3.12.9 on Erlang 25.3.2.7 [jit]
2023-11-22 16:46:45.471954+00:00 [info] <0.230.0>  Copyright (c) 2007-2023 VMware, Inc. or its affiliates.
2023-11-22 16:46:45.471954+00:00 [info] <0.230.0>  Licensed under the MPL 2.0. Website: https://rabbitmq.com
2023-11-22 16:46:45.474900+00:00 [info] <0.230.0> 
2023-11-22 16:46:45.474900+00:00 [info] <0.230.0>  node           : rabbit@d87af2d5a1d7
2023-11-22 16:46:45.474900+00:00 [info] <0.230.0>  home dir       : /var/lib/rabbitmq
2023-11-22 16:46:45.474900+00:00 [info] <0.230.0>  config file(s) : (none)
2023-11-22 16:46:45.474900+00:00 [info] <0.230.0>  cookie hash    : A7u2l7Eimxq5wfbBRxA6WQ==
2023-11-22 16:46:45.474900+00:00 [info] <0.230.0>  log(s)         : /var/log/rabbitmq/rabbit@d87af2d5a1d7.log
2023-11-22 16:46:45.474900+00:00 [info] <0.230.0>                 : <stdout>
2023-11-22 16:46:45.474900+00:00 [info] <0.230.0>  data dir       : /var/lib/rabbitmq/mnesia/rabbit@d87af2d5a1d7
2023-11-22 16:46:51.865743+00:00 [info] <0.230.0> Running boot step pre_boot defined by app rabbit
2023-11-22 16:46:51.865894+00:00 [info] <0.230.0> Running boot step rabbit_global_counters defined by app rabbit
2023-11-22 16:46:51.866584+00:00 [info] <0.230.0> Running boot step rabbit_osiris_metrics defined by app rabbit
2023-11-22 16:46:51.866880+00:00 [info] <0.230.0> Running boot step rabbit_core_metrics defined by app rabbit
2023-11-22 16:46:51.867880+00:00 [info] <0.230.0> Running boot step rabbit_alarm defined by app rabbit
2023-11-22 16:46:51.873698+00:00 [info] <0.299.0> Memory high watermark set to 3165 MiB (3319504896 bytes) of 7914 MiB (8298762240 bytes) total
2023-11-22 16:46:51.879943+00:00 [info] <0.301.0> Enabling free disk space monitoring (disk free space: 806090334208, total memory: 8298762240)
2023-11-22 16:46:51.880050+00:00 [info] <0.301.0> Disk free limit set to 50MB
2023-11-22 16:46:51.888690+00:00 [info] <0.230.0> Running boot step code_server_cache defined by app rabbit
2023-11-22 16:46:51.889032+00:00 [info] <0.230.0> Running boot step file_handle_cache defined by app rabbit
2023-11-22 16:46:51.889355+00:00 [info] <0.304.0> Limiting to approx 1048479 file handles (943629 sockets)
2023-11-22 16:46:51.889463+00:00 [info] <0.305.0> FHC read buffering: OFF
2023-11-22 16:46:51.889491+00:00 [info] <0.305.0> FHC write buffering: ON
2023-11-22 16:46:51.890428+00:00 [info] <0.230.0> Running boot step worker_pool defined by app rabbit
2023-11-22 16:46:51.890690+00:00 [info] <0.283.0> Will use 16 processes for default worker pool
2023-11-22 16:46:51.890866+00:00 [info] <0.283.0> Starting worker pool 'worker_pool' with 16 processes in it
2023-11-22 16:46:51.892118+00:00 [info] <0.230.0> Running boot step database defined by app rabbit
2023-11-22 16:46:51.899123+00:00 [info] <0.230.0> Node database directory at /var/lib/rabbitmq/mnesia/rabbit@d87af2d5a1d7 is empty. Assuming we need to join an existing cluster or initialise from scratch...
2023-11-22 16:46:51.899315+00:00 [info] <0.230.0> Configured peer discovery backend: rabbit_peer_discovery_classic_config
2023-11-22 16:46:51.899449+00:00 [info] <0.230.0> Will try to lock with peer discovery backend rabbit_peer_discovery_classic_config
2023-11-22 16:46:51.899572+00:00 [info] <0.230.0> All discovered existing cluster peers:
2023-11-22 16:46:51.899603+00:00 [info] <0.230.0> Discovered no peer nodes to cluster with. Some discovery backends can filter nodes out based on a readiness criteria. Enabling debug logging might help troubleshoot.
2023-11-22 16:46:51.905586+00:00 [notice] <0.44.0> Application mnesia exited with reason: stopped
2023-11-22 16:46:52.538791+00:00 [info] <0.230.0> Waiting for Mnesia tables for 30000 ms, 9 retries left
2023-11-22 16:46:52.539024+00:00 [info] <0.230.0> Successfully synced tables from a peer
2023-11-22 16:46:52.539667+00:00 [notice] <0.284.0> Feature flags: attempt to enable `stream_sac_coordinator_unblock_group`...
2023-11-22 16:46:52.572286+00:00 [notice] <0.284.0> Feature flags: `stream_sac_coordinator_unblock_group` enabled
2023-11-22 16:46:52.572680+00:00 [notice] <0.284.0> Feature flags: attempt to enable `restart_streams`...
2023-11-22 16:46:52.608795+00:00 [notice] <0.284.0> Feature flags: `restart_streams` enabled
2023-11-22 16:46:52.609252+00:00 [info] <0.230.0> Waiting for Mnesia tables for 30000 ms, 9 retries left
2023-11-22 16:46:52.609564+00:00 [info] <0.230.0> Successfully synced tables from a peer
2023-11-22 16:46:52.640815+00:00 [info] <0.230.0> Waiting for Mnesia tables for 30000 ms, 9 retries left
2023-11-22 16:46:52.641262+00:00 [info] <0.230.0> Successfully synced tables from a peer
2023-11-22 16:46:52.641299+00:00 [info] <0.230.0> Peer discovery backend rabbit_peer_discovery_classic_config does not support registration, skipping registration.
2023-11-22 16:46:52.641533+00:00 [info] <0.230.0> Will try to unlock with peer discovery backend rabbit_peer_discovery_classic_config
2023-11-22 16:46:52.641972+00:00 [info] <0.230.0> Running boot step tracking_metadata_store defined by app rabbit
2023-11-22 16:46:52.642166+00:00 [info] <0.494.0> Setting up a table for connection tracking on this node: tracked_connection
2023-11-22 16:46:52.642247+00:00 [info] <0.494.0> Setting up a table for per-vhost connection counting on this node: tracked_connection_per_vhost
2023-11-22 16:46:52.642295+00:00 [info] <0.494.0> Setting up a table for per-user connection counting on this node: tracked_connection_per_user
2023-11-22 16:46:52.642337+00:00 [info] <0.494.0> Setting up a table for channel tracking on this node: tracked_channel
2023-11-22 16:46:52.642372+00:00 [info] <0.494.0> Setting up a table for channel tracking on this node: tracked_channel_per_user
2023-11-22 16:46:52.642479+00:00 [info] <0.230.0> Running boot step networking_metadata_store defined by app rabbit
2023-11-22 16:46:52.642650+00:00 [info] <0.230.0> Running boot step feature_flags defined by app rabbit
2023-11-22 16:46:52.646249+00:00 [info] <0.230.0> Running boot step codec_correctness_check defined by app rabbit
2023-11-22 16:46:52.646305+00:00 [info] <0.230.0> Running boot step external_infrastructure defined by app rabbit
2023-11-22 16:46:52.646329+00:00 [info] <0.230.0> Running boot step rabbit_event defined by app rabbit
2023-11-22 16:46:52.646593+00:00 [info] <0.230.0> Running boot step rabbit_registry defined by app rabbit
2023-11-22 16:46:52.646687+00:00 [info] <0.230.0> Running boot step rabbit_auth_mechanism_amqplain defined by app rabbit
2023-11-22 16:46:52.646799+00:00 [info] <0.230.0> Running boot step rabbit_auth_mechanism_cr_demo defined by app rabbit
2023-11-22 16:46:52.646934+00:00 [info] <0.230.0> Running boot step rabbit_auth_mechanism_plain defined by app rabbit
2023-11-22 16:46:52.647056+00:00 [info] <0.230.0> Running boot step rabbit_exchange_type_direct defined by app rabbit
2023-11-22 16:46:52.647185+00:00 [info] <0.230.0> Running boot step rabbit_exchange_type_fanout defined by app rabbit
2023-11-22 16:46:52.647281+00:00 [info] <0.230.0> Running boot step rabbit_exchange_type_headers defined by app rabbit
2023-11-22 16:46:52.647372+00:00 [info] <0.230.0> Running boot step rabbit_exchange_type_topic defined by app rabbit
2023-11-22 16:46:52.647505+00:00 [info] <0.230.0> Running boot step rabbit_mirror_queue_mode_all defined by app rabbit
2023-11-22 16:46:52.647669+00:00 [info] <0.230.0> Running boot step rabbit_mirror_queue_mode_exactly defined by app rabbit
2023-11-22 16:46:52.647808+00:00 [info] <0.230.0> Running boot step rabbit_mirror_queue_mode_nodes defined by app rabbit
2023-11-22 16:46:52.647899+00:00 [info] <0.230.0> Running boot step rabbit_priority_queue defined by app rabbit
2023-11-22 16:46:52.647936+00:00 [info] <0.230.0> Priority queues enabled, real BQ is rabbit_variable_queue
2023-11-22 16:46:52.648096+00:00 [info] <0.230.0> Running boot step rabbit_queue_location_client_local defined by app rabbit
2023-11-22 16:46:52.648152+00:00 [info] <0.230.0> Running boot step rabbit_queue_location_min_masters defined by app rabbit
2023-11-22 16:46:52.648188+00:00 [info] <0.230.0> Running boot step rabbit_queue_location_random defined by app rabbit
2023-11-22 16:46:52.648313+00:00 [info] <0.230.0> Running boot step kernel_ready defined by app rabbit
2023-11-22 16:46:52.648375+00:00 [info] <0.230.0> Running boot step rabbit_sysmon_minder defined by app rabbit
2023-11-22 16:46:52.648646+00:00 [info] <0.230.0> Running boot step rabbit_epmd_monitor defined by app rabbit
2023-11-22 16:46:52.650179+00:00 [info] <0.502.0> epmd monitor knows us, inter-node communication (distribution) port: 25672
2023-11-22 16:46:52.650302+00:00 [info] <0.230.0> Running boot step guid_generator defined by app rabbit
2023-11-22 16:46:52.660792+00:00 [info] <0.230.0> Running boot step rabbit_node_monitor defined by app rabbit
2023-11-22 16:46:52.661128+00:00 [info] <0.506.0> Starting rabbit_node_monitor (in ignore mode)
2023-11-22 16:46:52.661290+00:00 [info] <0.230.0> Running boot step delegate_sup defined by app rabbit
2023-11-22 16:46:52.662114+00:00 [info] <0.230.0> Running boot step rabbit_memory_monitor defined by app rabbit
2023-11-22 16:46:52.662464+00:00 [info] <0.230.0> Running boot step rabbit_fifo_dlx_sup defined by app rabbit
2023-11-22 16:46:52.662607+00:00 [info] <0.230.0> Running boot step core_initialized defined by app rabbit
2023-11-22 16:46:52.662632+00:00 [info] <0.230.0> Running boot step rabbit_channel_tracking_handler defined by app rabbit
2023-11-22 16:46:52.662806+00:00 [info] <0.230.0> Running boot step rabbit_connection_tracking_handler defined by app rabbit
2023-11-22 16:46:52.662917+00:00 [info] <0.230.0> Running boot step rabbit_definitions_hashing defined by app rabbit
2023-11-22 16:46:52.663000+00:00 [info] <0.230.0> Running boot step rabbit_exchange_parameters defined by app rabbit
2023-11-22 16:46:52.663514+00:00 [info] <0.230.0> Running boot step rabbit_mirror_queue_misc defined by app rabbit
2023-11-22 16:46:52.664215+00:00 [info] <0.230.0> Running boot step rabbit_policies defined by app rabbit
2023-11-22 16:46:52.664858+00:00 [info] <0.230.0> Running boot step rabbit_policy defined by app rabbit
2023-11-22 16:46:52.664908+00:00 [info] <0.230.0> Running boot step rabbit_queue_location_validator defined by app rabbit
2023-11-22 16:46:52.665036+00:00 [info] <0.230.0> Running boot step rabbit_quorum_memory_manager defined by app rabbit
2023-11-22 16:46:52.665154+00:00 [info] <0.230.0> Running boot step rabbit_stream_coordinator defined by app rabbit
2023-11-22 16:46:52.665807+00:00 [info] <0.230.0> Running boot step rabbit_vhost_limit defined by app rabbit
2023-11-22 16:46:52.665880+00:00 [info] <0.230.0> Running boot step recovery defined by app rabbit
2023-11-22 16:46:52.667736+00:00 [info] <0.230.0> Running boot step empty_db_check defined by app rabbit
2023-11-22 16:46:52.667790+00:00 [info] <0.230.0> Will seed default virtual host and user...
2023-11-22 16:46:52.667886+00:00 [info] <0.230.0> Adding vhost '/' (description: 'Default virtual host', tags: [])
2023-11-22 16:46:52.676301+00:00 [info] <0.230.0> Inserted a virtual host record {vhost,<<"/">>,[],
2023-11-22 16:46:52.676301+00:00 [info] <0.230.0>                                       #{description =>
2023-11-22 16:46:52.676301+00:00 [info] <0.230.0>                                             <<"Default virtual host">>,
2023-11-22 16:46:52.676301+00:00 [info] <0.230.0>                                         tags => []}}
2023-11-22 16:46:52.698507+00:00 [info] <0.547.0> Making sure data directory '/var/lib/rabbitmq/mnesia/rabbit@d87af2d5a1d7/msg_stores/vhosts/628WB79CIFDYO9LJI6DKMI09L' for vhost '/' exists
2023-11-22 16:46:52.719352+00:00 [info] <0.547.0> Setting segment_entry_count for vhost '/' with 0 queues to '2048'
2023-11-22 16:46:52.779344+00:00 [info] <0.547.0> Starting message stores for vhost '/'
2023-11-22 16:46:52.779935+00:00 [info] <0.557.0> Message store "628WB79CIFDYO9LJI6DKMI09L/msg_store_transient": using rabbit_msg_store_ets_index to provide index
2023-11-22 16:46:52.811690+00:00 [info] <0.547.0> Started message store of type transient for vhost '/'
2023-11-22 16:46:52.812192+00:00 [info] <0.561.0> Message store "628WB79CIFDYO9LJI6DKMI09L/msg_store_persistent": using rabbit_msg_store_ets_index to provide index
2023-11-22 16:46:52.824894+00:00 [warning] <0.561.0> Message store "628WB79CIFDYO9LJI6DKMI09L/msg_store_persistent": rebuilding indices from scratch
2023-11-22 16:46:52.837861+00:00 [info] <0.547.0> Started message store of type persistent for vhost '/'
2023-11-22 16:46:52.838131+00:00 [info] <0.547.0> Recovering 0 queues of type rabbit_classic_queue took 112ms
2023-11-22 16:46:52.838170+00:00 [info] <0.547.0> Recovering 0 queues of type rabbit_quorum_queue took 0ms
2023-11-22 16:46:52.838220+00:00 [info] <0.547.0> Recovering 0 queues of type rabbit_stream_queue took 0ms
2023-11-22 16:46:52.844318+00:00 [info] <0.230.0> Created user 'default_user'
2023-11-22 16:46:52.848514+00:00 [info] <0.230.0> Successfully set user tags for user 'default_user' to [administrator]
2023-11-22 16:46:52.852117+00:00 [info] <0.230.0> Successfully set permissions for user 'default_user' in virtual host '/' to '.*', '.*', '.*'
2023-11-22 16:46:52.852213+00:00 [info] <0.230.0> Running boot step rabbit_observer_cli defined by app rabbit
2023-11-22 16:46:52.852335+00:00 [info] <0.230.0> Running boot step rabbit_looking_glass defined by app rabbit
2023-11-22 16:46:52.852378+00:00 [info] <0.230.0> Running boot step rabbit_core_metrics_gc defined by app rabbit
2023-11-22 16:46:52.852723+00:00 [info] <0.230.0> Running boot step background_gc defined by app rabbit
2023-11-22 16:46:52.852917+00:00 [info] <0.230.0> Running boot step routing_ready defined by app rabbit
2023-11-22 16:46:52.852967+00:00 [info] <0.230.0> Running boot step pre_flight defined by app rabbit
2023-11-22 16:46:52.853016+00:00 [info] <0.230.0> Running boot step notify_cluster defined by app rabbit
2023-11-22 16:46:52.853094+00:00 [info] <0.230.0> Running boot step networking defined by app rabbit
2023-11-22 16:46:52.853142+00:00 [info] <0.230.0> Running boot step definition_import_worker_pool defined by app rabbit
2023-11-22 16:46:52.853233+00:00 [info] <0.283.0> Starting worker pool 'definition_import_pool' with 16 processes in it
2023-11-22 16:46:52.854981+00:00 [info] <0.230.0> Running boot step cluster_name defined by app rabbit
2023-11-22 16:46:52.855189+00:00 [info] <0.230.0> Initialising internal cluster ID to 'rabbitmq-cluster-id-IID3t0nUBV6viXxzZoXetQ'
2023-11-22 16:46:52.859455+00:00 [info] <0.230.0> Running boot step direct_client defined by app rabbit
2023-11-22 16:46:52.859772+00:00 [info] <0.230.0> Running boot step rabbit_maintenance_mode_state defined by app rabbit
2023-11-22 16:46:52.859831+00:00 [info] <0.230.0> Creating table rabbit_node_maintenance_states for maintenance mode status
2023-11-22 16:46:52.884540+00:00 [info] <0.613.0> Resetting node maintenance status
2023-11-22 16:46:52.884931+00:00 [info] <0.613.0> Ready to start client connection listeners
2023-11-22 16:46:52.888201+00:00 [info] <0.631.0> started TCP listener on [::]:5672
2023-11-22 16:46:53.088681+00:00 [info] <0.613.0> Server startup complete; 0 plugins started.
2023-11-22 16:46:53.286771+00:00 [info] <0.9.0> Time to start RabbitMQ: 13904253 us
2023-11-22 16:46:56.695938+00:00 [notice] <0.61.0> SIGTERM received - shutting down
2023-11-22 16:46:56.695938+00:00 [notice] <0.61.0> 
2023-11-22 16:46:56.697934+00:00 [info] <0.230.0> Peer discovery backend rabbit_peer_discovery_classic_config does not support registration, skipping unregistration.
2023-11-22 16:46:56.698277+00:00 [info] <0.631.0> stopped TCP listener on [::]:5672
2023-11-22 16:46:56.700031+00:00 [info] <0.632.0> Closing all connections in vhost '/' on node 'rabbit@d87af2d5a1d7' because the vhost is stopping
2023-11-22 16:46:56.700143+00:00 [info] <0.561.0> Stopping message store for directory '/var/lib/rabbitmq/mnesia/rabbit@d87af2d5a1d7/msg_stores/vhosts/628WB79CIFDYO9LJI6DKMI09L/msg_store_persistent'
2023-11-22 16:46:56.733164+00:00 [info] <0.561.0> Message store for directory '/var/lib/rabbitmq/mnesia/rabbit@d87af2d5a1d7/msg_stores/vhosts/628WB79CIFDYO9LJI6DKMI09L/msg_store_persistent' is stopped
2023-11-22 16:46:56.733539+00:00 [info] <0.557.0> Stopping message store for directory '/var/lib/rabbitmq/mnesia/rabbit@d87af2d5a1d7/msg_stores/vhosts/628WB79CIFDYO9LJI6DKMI09L/msg_store_transient'
2023-11-22 16:46:56.759242+00:00 [info] <0.557.0> Message store for directory '/var/lib/rabbitmq/mnesia/rabbit@d87af2d5a1d7/msg_stores/vhosts/628WB79CIFDYO9LJI6DKMI09L/msg_store_transient' is stopped
