2023-11-23 13:17:31.132397+00:00 [notice] <0.230.0> Logging: configured log handlers are now ACTIVE
2023-11-23 13:17:31.458184+00:00 [info] <0.230.0> ra: starting system quorum_queues
2023-11-23 13:17:31.458343+00:00 [info] <0.230.0> starting Ra system: quorum_queues in directory: /var/lib/rabbitmq/mnesia/rabbit@f148d28eaaee/quorum/rabbit@f148d28eaaee
2023-11-23 13:17:31.569796+00:00 [info] <0.262.0> ra system 'quorum_queues' running pre init for 0 registered servers
2023-11-23 13:17:31.585541+00:00 [info] <0.263.0> ra: meta data store initialised for system quorum_queues. 0 record(s) recovered
2023-11-23 13:17:31.604770+00:00 [notice] <0.268.0> WAL: ra_log_wal init, open tbls: ra_log_open_mem_tables, closed tbls: ra_log_closed_mem_tables
2023-11-23 13:17:31.623122+00:00 [info] <0.230.0> ra: starting system coordination
2023-11-23 13:17:31.623175+00:00 [info] <0.230.0> starting Ra system: coordination in directory: /var/lib/rabbitmq/mnesia/rabbit@f148d28eaaee/coordination/rabbit@f148d28eaaee
2023-11-23 13:17:31.635223+00:00 [info] <0.275.0> ra system 'coordination' running pre init for 0 registered servers
2023-11-23 13:17:31.639082+00:00 [info] <0.276.0> ra: meta data store initialised for system coordination. 0 record(s) recovered
2023-11-23 13:17:31.639308+00:00 [notice] <0.281.0> WAL: ra_coordination_log_wal init, open tbls: ra_coordination_log_open_mem_tables, closed tbls: ra_coordination_log_closed_mem_tables
2023-11-23 13:17:31.651892+00:00 [info] <0.230.0> 
2023-11-23 13:17:31.651892+00:00 [info] <0.230.0>  Starting RabbitMQ 3.12.9 on Erlang 25.3.2.7 [jit]
2023-11-23 13:17:31.651892+00:00 [info] <0.230.0>  Copyright (c) 2007-2023 VMware, Inc. or its affiliates.
2023-11-23 13:17:31.651892+00:00 [info] <0.230.0>  Licensed under the MPL 2.0. Website: https://rabbitmq.com
2023-11-23 13:17:31.653460+00:00 [info] <0.230.0> 
2023-11-23 13:17:31.653460+00:00 [info] <0.230.0>  node           : rabbit@f148d28eaaee
2023-11-23 13:17:31.653460+00:00 [info] <0.230.0>  home dir       : /var/lib/rabbitmq
2023-11-23 13:17:31.653460+00:00 [info] <0.230.0>  config file(s) : (none)
2023-11-23 13:17:31.653460+00:00 [info] <0.230.0>  cookie hash    : A7u2l7Eimxq5wfbBRxA6WQ==
2023-11-23 13:17:31.653460+00:00 [info] <0.230.0>  log(s)         : /var/log/rabbitmq/rabbit@f148d28eaaee.log
2023-11-23 13:17:31.653460+00:00 [info] <0.230.0>                 : <stdout>
2023-11-23 13:17:31.653460+00:00 [info] <0.230.0>  data dir       : /var/lib/rabbitmq/mnesia/rabbit@f148d28eaaee
2023-11-23 13:17:35.270302+00:00 [info] <0.230.0> Running boot step pre_boot defined by app rabbit
2023-11-23 13:17:35.270388+00:00 [info] <0.230.0> Running boot step rabbit_global_counters defined by app rabbit
2023-11-23 13:17:35.270933+00:00 [info] <0.230.0> Running boot step rabbit_osiris_metrics defined by app rabbit
2023-11-23 13:17:35.271081+00:00 [info] <0.230.0> Running boot step rabbit_core_metrics defined by app rabbit
2023-11-23 13:17:35.271798+00:00 [info] <0.230.0> Running boot step rabbit_alarm defined by app rabbit
2023-11-23 13:17:35.275130+00:00 [info] <0.299.0> Memory high watermark set to 3165 MiB (3319506534 bytes) of 7914 MiB (8298766336 bytes) total
2023-11-23 13:17:35.278344+00:00 [info] <0.301.0> Enabling free disk space monitoring (disk free space: 812456804352, total memory: 8298766336)
2023-11-23 13:17:35.278398+00:00 [info] <0.301.0> Disk free limit set to 50MB
2023-11-23 13:17:35.280531+00:00 [info] <0.230.0> Running boot step code_server_cache defined by app rabbit
2023-11-23 13:17:35.280650+00:00 [info] <0.230.0> Running boot step file_handle_cache defined by app rabbit
2023-11-23 13:17:35.280796+00:00 [info] <0.304.0> Limiting to approx 1048479 file handles (943629 sockets)
2023-11-23 13:17:35.280885+00:00 [info] <0.305.0> FHC read buffering: OFF
2023-11-23 13:17:35.280916+00:00 [info] <0.305.0> FHC write buffering: ON
2023-11-23 13:17:35.281434+00:00 [info] <0.230.0> Running boot step worker_pool defined by app rabbit
2023-11-23 13:17:35.281528+00:00 [info] <0.283.0> Will use 16 processes for default worker pool
2023-11-23 13:17:35.281561+00:00 [info] <0.283.0> Starting worker pool 'worker_pool' with 16 processes in it
2023-11-23 13:17:35.282368+00:00 [info] <0.230.0> Running boot step database defined by app rabbit
2023-11-23 13:17:35.285810+00:00 [info] <0.230.0> Node database directory at /var/lib/rabbitmq/mnesia/rabbit@f148d28eaaee is empty. Assuming we need to join an existing cluster or initialise from scratch...
2023-11-23 13:17:35.285858+00:00 [info] <0.230.0> Configured peer discovery backend: rabbit_peer_discovery_classic_config
2023-11-23 13:17:35.285924+00:00 [info] <0.230.0> Will try to lock with peer discovery backend rabbit_peer_discovery_classic_config
2023-11-23 13:17:35.286016+00:00 [info] <0.230.0> All discovered existing cluster peers:
2023-11-23 13:17:35.286065+00:00 [info] <0.230.0> Discovered no peer nodes to cluster with. Some discovery backends can filter nodes out based on a readiness criteria. Enabling debug logging might help troubleshoot.
2023-11-23 13:17:35.289126+00:00 [notice] <0.44.0> Application mnesia exited with reason: stopped
2023-11-23 13:17:35.746152+00:00 [info] <0.230.0> Waiting for Mnesia tables for 30000 ms, 9 retries left
2023-11-23 13:17:35.746349+00:00 [info] <0.230.0> Successfully synced tables from a peer
2023-11-23 13:17:35.746770+00:00 [notice] <0.284.0> Feature flags: attempt to enable `stream_sac_coordinator_unblock_group`...
2023-11-23 13:17:35.777199+00:00 [notice] <0.284.0> Feature flags: `stream_sac_coordinator_unblock_group` enabled
2023-11-23 13:17:35.777359+00:00 [notice] <0.284.0> Feature flags: attempt to enable `restart_streams`...
2023-11-23 13:17:35.810651+00:00 [notice] <0.284.0> Feature flags: `restart_streams` enabled
2023-11-23 13:17:35.811022+00:00 [info] <0.230.0> Waiting for Mnesia tables for 30000 ms, 9 retries left
2023-11-23 13:17:35.811212+00:00 [info] <0.230.0> Successfully synced tables from a peer
2023-11-23 13:17:35.840786+00:00 [info] <0.230.0> Waiting for Mnesia tables for 30000 ms, 9 retries left
2023-11-23 13:17:35.841135+00:00 [info] <0.230.0> Successfully synced tables from a peer
2023-11-23 13:17:35.841187+00:00 [info] <0.230.0> Peer discovery backend rabbit_peer_discovery_classic_config does not support registration, skipping registration.
2023-11-23 13:17:35.841252+00:00 [info] <0.230.0> Will try to unlock with peer discovery backend rabbit_peer_discovery_classic_config
2023-11-23 13:17:35.841771+00:00 [info] <0.230.0> Running boot step tracking_metadata_store defined by app rabbit
2023-11-23 13:17:35.841888+00:00 [info] <0.494.0> Setting up a table for connection tracking on this node: tracked_connection
2023-11-23 13:17:35.841931+00:00 [info] <0.494.0> Setting up a table for per-vhost connection counting on this node: tracked_connection_per_vhost
2023-11-23 13:17:35.841983+00:00 [info] <0.494.0> Setting up a table for per-user connection counting on this node: tracked_connection_per_user
2023-11-23 13:17:35.842039+00:00 [info] <0.494.0> Setting up a table for channel tracking on this node: tracked_channel
2023-11-23 13:17:35.842150+00:00 [info] <0.494.0> Setting up a table for channel tracking on this node: tracked_channel_per_user
2023-11-23 13:17:35.842458+00:00 [info] <0.230.0> Running boot step networking_metadata_store defined by app rabbit
2023-11-23 13:17:35.842582+00:00 [info] <0.230.0> Running boot step feature_flags defined by app rabbit
2023-11-23 13:17:35.845136+00:00 [info] <0.230.0> Running boot step codec_correctness_check defined by app rabbit
2023-11-23 13:17:35.845204+00:00 [info] <0.230.0> Running boot step external_infrastructure defined by app rabbit
2023-11-23 13:17:35.845275+00:00 [info] <0.230.0> Running boot step rabbit_event defined by app rabbit
2023-11-23 13:17:35.845520+00:00 [info] <0.230.0> Running boot step rabbit_registry defined by app rabbit
2023-11-23 13:17:35.845676+00:00 [info] <0.230.0> Running boot step rabbit_auth_mechanism_amqplain defined by app rabbit
2023-11-23 13:17:35.845810+00:00 [info] <0.230.0> Running boot step rabbit_auth_mechanism_cr_demo defined by app rabbit
2023-11-23 13:17:35.845900+00:00 [info] <0.230.0> Running boot step rabbit_auth_mechanism_plain defined by app rabbit
2023-11-23 13:17:35.846020+00:00 [info] <0.230.0> Running boot step rabbit_exchange_type_direct defined by app rabbit
2023-11-23 13:17:35.846158+00:00 [info] <0.230.0> Running boot step rabbit_exchange_type_fanout defined by app rabbit
2023-11-23 13:17:35.846285+00:00 [info] <0.230.0> Running boot step rabbit_exchange_type_headers defined by app rabbit
2023-11-23 13:17:35.846365+00:00 [info] <0.230.0> Running boot step rabbit_exchange_type_topic defined by app rabbit
2023-11-23 13:17:35.846452+00:00 [info] <0.230.0> Running boot step rabbit_mirror_queue_mode_all defined by app rabbit
2023-11-23 13:17:35.846505+00:00 [info] <0.230.0> Running boot step rabbit_mirror_queue_mode_exactly defined by app rabbit
2023-11-23 13:17:35.846540+00:00 [info] <0.230.0> Running boot step rabbit_mirror_queue_mode_nodes defined by app rabbit
2023-11-23 13:17:35.846601+00:00 [info] <0.230.0> Running boot step rabbit_priority_queue defined by app rabbit
2023-11-23 13:17:35.846677+00:00 [info] <0.230.0> Priority queues enabled, real BQ is rabbit_variable_queue
2023-11-23 13:17:35.846760+00:00 [info] <0.230.0> Running boot step rabbit_queue_location_client_local defined by app rabbit
2023-11-23 13:17:35.846841+00:00 [info] <0.230.0> Running boot step rabbit_queue_location_min_masters defined by app rabbit
2023-11-23 13:17:35.846887+00:00 [info] <0.230.0> Running boot step rabbit_queue_location_random defined by app rabbit
2023-11-23 13:17:35.846912+00:00 [info] <0.230.0> Running boot step kernel_ready defined by app rabbit
2023-11-23 13:17:35.846927+00:00 [info] <0.230.0> Running boot step rabbit_sysmon_minder defined by app rabbit
2023-11-23 13:17:35.847020+00:00 [info] <0.230.0> Running boot step rabbit_epmd_monitor defined by app rabbit
2023-11-23 13:17:35.848385+00:00 [info] <0.502.0> epmd monitor knows us, inter-node communication (distribution) port: 25672
2023-11-23 13:17:35.848516+00:00 [info] <0.230.0> Running boot step guid_generator defined by app rabbit
2023-11-23 13:17:35.857979+00:00 [info] <0.230.0> Running boot step rabbit_node_monitor defined by app rabbit
2023-11-23 13:17:35.858203+00:00 [info] <0.506.0> Starting rabbit_node_monitor (in ignore mode)
2023-11-23 13:17:35.858437+00:00 [info] <0.230.0> Running boot step delegate_sup defined by app rabbit
2023-11-23 13:17:35.859013+00:00 [info] <0.230.0> Running boot step rabbit_memory_monitor defined by app rabbit
2023-11-23 13:17:35.859207+00:00 [info] <0.230.0> Running boot step rabbit_fifo_dlx_sup defined by app rabbit
2023-11-23 13:17:35.859318+00:00 [info] <0.230.0> Running boot step core_initialized defined by app rabbit
2023-11-23 13:17:35.859344+00:00 [info] <0.230.0> Running boot step rabbit_channel_tracking_handler defined by app rabbit
2023-11-23 13:17:35.859577+00:00 [info] <0.230.0> Running boot step rabbit_connection_tracking_handler defined by app rabbit
2023-11-23 13:17:35.859659+00:00 [info] <0.230.0> Running boot step rabbit_definitions_hashing defined by app rabbit
2023-11-23 13:17:35.859802+00:00 [info] <0.230.0> Running boot step rabbit_exchange_parameters defined by app rabbit
2023-11-23 13:17:35.860176+00:00 [info] <0.230.0> Running boot step rabbit_mirror_queue_misc defined by app rabbit
2023-11-23 13:17:35.861157+00:00 [info] <0.230.0> Running boot step rabbit_policies defined by app rabbit
2023-11-23 13:17:35.862338+00:00 [info] <0.230.0> Running boot step rabbit_policy defined by app rabbit
2023-11-23 13:17:35.862411+00:00 [info] <0.230.0> Running boot step rabbit_queue_location_validator defined by app rabbit
2023-11-23 13:17:35.862511+00:00 [info] <0.230.0> Running boot step rabbit_quorum_memory_manager defined by app rabbit
2023-11-23 13:17:35.862614+00:00 [info] <0.230.0> Running boot step rabbit_stream_coordinator defined by app rabbit
2023-11-23 13:17:35.863188+00:00 [info] <0.230.0> Running boot step rabbit_vhost_limit defined by app rabbit
2023-11-23 13:17:35.863284+00:00 [info] <0.230.0> Running boot step recovery defined by app rabbit
2023-11-23 13:17:35.864323+00:00 [info] <0.230.0> Running boot step empty_db_check defined by app rabbit
2023-11-23 13:17:35.864399+00:00 [info] <0.230.0> Will seed default virtual host and user...
2023-11-23 13:17:35.864506+00:00 [info] <0.230.0> Adding vhost '/' (description: 'Default virtual host', tags: [])
2023-11-23 13:17:35.870943+00:00 [info] <0.230.0> Inserted a virtual host record {vhost,<<"/">>,[],
2023-11-23 13:17:35.870943+00:00 [info] <0.230.0>                                       #{description =>
2023-11-23 13:17:35.870943+00:00 [info] <0.230.0>                                             <<"Default virtual host">>,
2023-11-23 13:17:35.870943+00:00 [info] <0.230.0>                                         tags => []}}
2023-11-23 13:17:35.891627+00:00 [info] <0.547.0> Making sure data directory '/var/lib/rabbitmq/mnesia/rabbit@f148d28eaaee/msg_stores/vhosts/628WB79CIFDYO9LJI6DKMI09L' for vhost '/' exists
2023-11-23 13:17:35.904287+00:00 [info] <0.547.0> Setting segment_entry_count for vhost '/' with 0 queues to '2048'
2023-11-23 13:17:35.932195+00:00 [info] <0.547.0> Starting message stores for vhost '/'
2023-11-23 13:17:35.932608+00:00 [info] <0.557.0> Message store "628WB79CIFDYO9LJI6DKMI09L/msg_store_transient": using rabbit_msg_store_ets_index to provide index
2023-11-23 13:17:35.942899+00:00 [info] <0.547.0> Started message store of type transient for vhost '/'
2023-11-23 13:17:35.943171+00:00 [info] <0.561.0> Message store "628WB79CIFDYO9LJI6DKMI09L/msg_store_persistent": using rabbit_msg_store_ets_index to provide index
2023-11-23 13:17:35.949437+00:00 [warning] <0.561.0> Message store "628WB79CIFDYO9LJI6DKMI09L/msg_store_persistent": rebuilding indices from scratch
2023-11-23 13:17:35.955860+00:00 [info] <0.547.0> Started message store of type persistent for vhost '/'
2023-11-23 13:17:35.956007+00:00 [info] <0.547.0> Recovering 0 queues of type rabbit_classic_queue took 47ms
2023-11-23 13:17:35.956039+00:00 [info] <0.547.0> Recovering 0 queues of type rabbit_quorum_queue took 0ms
2023-11-23 13:17:35.956072+00:00 [info] <0.547.0> Recovering 0 queues of type rabbit_stream_queue took 0ms
2023-11-23 13:17:35.961362+00:00 [info] <0.230.0> Created user 'default_user'
2023-11-23 13:17:35.964448+00:00 [info] <0.230.0> Successfully set user tags for user 'default_user' to [administrator]
2023-11-23 13:17:35.967488+00:00 [info] <0.230.0> Successfully set permissions for user 'default_user' in virtual host '/' to '.*', '.*', '.*'
2023-11-23 13:17:35.967592+00:00 [info] <0.230.0> Running boot step rabbit_observer_cli defined by app rabbit
2023-11-23 13:17:35.967678+00:00 [info] <0.230.0> Running boot step rabbit_looking_glass defined by app rabbit
2023-11-23 13:17:35.967739+00:00 [info] <0.230.0> Running boot step rabbit_core_metrics_gc defined by app rabbit
2023-11-23 13:17:35.968002+00:00 [info] <0.230.0> Running boot step background_gc defined by app rabbit
2023-11-23 13:17:35.968217+00:00 [info] <0.230.0> Running boot step routing_ready defined by app rabbit
2023-11-23 13:17:35.968277+00:00 [info] <0.230.0> Running boot step pre_flight defined by app rabbit
2023-11-23 13:17:35.968321+00:00 [info] <0.230.0> Running boot step notify_cluster defined by app rabbit
2023-11-23 13:17:35.968343+00:00 [info] <0.230.0> Running boot step networking defined by app rabbit
2023-11-23 13:17:35.968401+00:00 [info] <0.230.0> Running boot step definition_import_worker_pool defined by app rabbit
2023-11-23 13:17:35.968453+00:00 [info] <0.283.0> Starting worker pool 'definition_import_pool' with 16 processes in it
2023-11-23 13:17:35.969420+00:00 [info] <0.230.0> Running boot step cluster_name defined by app rabbit
2023-11-23 13:17:35.969494+00:00 [info] <0.230.0> Initialising internal cluster ID to 'rabbitmq-cluster-id-gmkxBCc5zOawhpcZPoalWQ'
2023-11-23 13:17:35.972656+00:00 [info] <0.230.0> Running boot step direct_client defined by app rabbit
2023-11-23 13:17:35.972852+00:00 [info] <0.230.0> Running boot step rabbit_maintenance_mode_state defined by app rabbit
2023-11-23 13:17:35.972891+00:00 [info] <0.230.0> Creating table rabbit_node_maintenance_states for maintenance mode status
2023-11-23 13:17:35.987204+00:00 [info] <0.613.0> Resetting node maintenance status
2023-11-23 13:17:35.987525+00:00 [info] <0.613.0> Ready to start client connection listeners
2023-11-23 13:17:35.990470+00:00 [info] <0.631.0> started TCP listener on [::]:5672
2023-11-23 13:17:36.104001+00:00 [info] <0.613.0> Server startup complete; 0 plugins started.
2023-11-23 13:17:36.187601+00:00 [info] <0.9.0> Time to start RabbitMQ: 8405640 us
2023-11-23 13:18:47.927409+00:00 [notice] <0.61.0> SIGTERM received - shutting down
2023-11-23 13:18:47.927409+00:00 [notice] <0.61.0> 
2023-11-23 13:18:47.930247+00:00 [info] <0.230.0> Peer discovery backend rabbit_peer_discovery_classic_config does not support registration, skipping unregistration.
2023-11-23 13:18:47.930548+00:00 [info] <0.631.0> stopped TCP listener on [::]:5672
2023-11-23 13:18:47.932047+00:00 [info] <0.632.0> Closing all connections in vhost '/' on node 'rabbit@f148d28eaaee' because the vhost is stopping
2023-11-23 13:18:47.932132+00:00 [info] <0.561.0> Stopping message store for directory '/var/lib/rabbitmq/mnesia/rabbit@f148d28eaaee/msg_stores/vhosts/628WB79CIFDYO9LJI6DKMI09L/msg_store_persistent'
2023-11-23 13:18:47.955969+00:00 [info] <0.561.0> Message store for directory '/var/lib/rabbitmq/mnesia/rabbit@f148d28eaaee/msg_stores/vhosts/628WB79CIFDYO9LJI6DKMI09L/msg_store_persistent' is stopped
2023-11-23 13:18:47.956180+00:00 [info] <0.557.0> Stopping message store for directory '/var/lib/rabbitmq/mnesia/rabbit@f148d28eaaee/msg_stores/vhosts/628WB79CIFDYO9LJI6DKMI09L/msg_store_transient'
2023-11-23 13:18:47.980609+00:00 [info] <0.557.0> Message store for directory '/var/lib/rabbitmq/mnesia/rabbit@f148d28eaaee/msg_stores/vhosts/628WB79CIFDYO9LJI6DKMI09L/msg_store_transient' is stopped
