2023-11-22 16:06:46.316751+00:00 [notice] <0.230.0> Logging: configured log handlers are now ACTIVE
2023-11-22 16:06:46.611980+00:00 [info] <0.230.0> ra: starting system quorum_queues
2023-11-22 16:06:46.612086+00:00 [info] <0.230.0> starting Ra system: quorum_queues in directory: /var/lib/rabbitmq/mnesia/rabbit@edd81833de9c/quorum/rabbit@edd81833de9c
2023-11-22 16:06:46.710466+00:00 [info] <0.262.0> ra system 'quorum_queues' running pre init for 0 registered servers
2023-11-22 16:06:46.725500+00:00 [info] <0.263.0> ra: meta data store initialised for system quorum_queues. 0 record(s) recovered
2023-11-22 16:06:46.742610+00:00 [notice] <0.268.0> WAL: ra_log_wal init, open tbls: ra_log_open_mem_tables, closed tbls: ra_log_closed_mem_tables
2023-11-22 16:06:46.761975+00:00 [info] <0.230.0> ra: starting system coordination
2023-11-22 16:06:46.762024+00:00 [info] <0.230.0> starting Ra system: coordination in directory: /var/lib/rabbitmq/mnesia/rabbit@edd81833de9c/coordination/rabbit@edd81833de9c
2023-11-22 16:06:46.773903+00:00 [info] <0.275.0> ra system 'coordination' running pre init for 0 registered servers
2023-11-22 16:06:46.777744+00:00 [info] <0.276.0> ra: meta data store initialised for system coordination. 0 record(s) recovered
2023-11-22 16:06:46.777941+00:00 [notice] <0.281.0> WAL: ra_coordination_log_wal init, open tbls: ra_coordination_log_open_mem_tables, closed tbls: ra_coordination_log_closed_mem_tables
2023-11-22 16:06:46.790647+00:00 [info] <0.230.0> 
2023-11-22 16:06:46.790647+00:00 [info] <0.230.0>  Starting RabbitMQ 3.12.9 on Erlang 25.3.2.7 [jit]
2023-11-22 16:06:46.790647+00:00 [info] <0.230.0>  Copyright (c) 2007-2023 VMware, Inc. or its affiliates.
2023-11-22 16:06:46.790647+00:00 [info] <0.230.0>  Licensed under the MPL 2.0. Website: https://rabbitmq.com
2023-11-22 16:06:46.792063+00:00 [info] <0.230.0> 
2023-11-22 16:06:46.792063+00:00 [info] <0.230.0>  node           : rabbit@edd81833de9c
2023-11-22 16:06:46.792063+00:00 [info] <0.230.0>  home dir       : /var/lib/rabbitmq
2023-11-22 16:06:46.792063+00:00 [info] <0.230.0>  config file(s) : (none)
2023-11-22 16:06:46.792063+00:00 [info] <0.230.0>  cookie hash    : A7u2l7Eimxq5wfbBRxA6WQ==
2023-11-22 16:06:46.792063+00:00 [info] <0.230.0>  log(s)         : /var/log/rabbitmq/rabbit@edd81833de9c.log
2023-11-22 16:06:46.792063+00:00 [info] <0.230.0>                 : <stdout>
2023-11-22 16:06:46.792063+00:00 [info] <0.230.0>  data dir       : /var/lib/rabbitmq/mnesia/rabbit@edd81833de9c
2023-11-22 16:06:49.824804+00:00 [info] <0.230.0> Running boot step pre_boot defined by app rabbit
2023-11-22 16:06:49.824861+00:00 [info] <0.230.0> Running boot step rabbit_global_counters defined by app rabbit
2023-11-22 16:06:49.825275+00:00 [info] <0.230.0> Running boot step rabbit_osiris_metrics defined by app rabbit
2023-11-22 16:06:49.825353+00:00 [info] <0.230.0> Running boot step rabbit_core_metrics defined by app rabbit
2023-11-22 16:06:49.825992+00:00 [info] <0.230.0> Running boot step rabbit_alarm defined by app rabbit
2023-11-22 16:06:49.829050+00:00 [info] <0.299.0> Memory high watermark set to 3165 MiB (3319504896 bytes) of 7914 MiB (8298762240 bytes) total
2023-11-22 16:06:49.832237+00:00 [info] <0.301.0> Enabling free disk space monitoring (disk free space: 813957902336, total memory: 8298762240)
2023-11-22 16:06:49.832270+00:00 [info] <0.301.0> Disk free limit set to 50MB
2023-11-22 16:06:49.834369+00:00 [info] <0.230.0> Running boot step code_server_cache defined by app rabbit
2023-11-22 16:06:49.834480+00:00 [info] <0.230.0> Running boot step file_handle_cache defined by app rabbit
2023-11-22 16:06:49.834604+00:00 [info] <0.304.0> Limiting to approx 1048479 file handles (943629 sockets)
2023-11-22 16:06:49.834686+00:00 [info] <0.305.0> FHC read buffering: OFF
2023-11-22 16:06:49.834719+00:00 [info] <0.305.0> FHC write buffering: ON
2023-11-22 16:06:49.835052+00:00 [info] <0.230.0> Running boot step worker_pool defined by app rabbit
2023-11-22 16:06:49.835118+00:00 [info] <0.283.0> Will use 16 processes for default worker pool
2023-11-22 16:06:49.835165+00:00 [info] <0.283.0> Starting worker pool 'worker_pool' with 16 processes in it
2023-11-22 16:06:49.835955+00:00 [info] <0.230.0> Running boot step database defined by app rabbit
2023-11-22 16:06:49.838912+00:00 [info] <0.230.0> Node database directory at /var/lib/rabbitmq/mnesia/rabbit@edd81833de9c is empty. Assuming we need to join an existing cluster or initialise from scratch...
2023-11-22 16:06:49.838958+00:00 [info] <0.230.0> Configured peer discovery backend: rabbit_peer_discovery_classic_config
2023-11-22 16:06:49.839025+00:00 [info] <0.230.0> Will try to lock with peer discovery backend rabbit_peer_discovery_classic_config
2023-11-22 16:06:49.839113+00:00 [info] <0.230.0> All discovered existing cluster peers:
2023-11-22 16:06:49.839181+00:00 [info] <0.230.0> Discovered no peer nodes to cluster with. Some discovery backends can filter nodes out based on a readiness criteria. Enabling debug logging might help troubleshoot.
2023-11-22 16:06:49.842848+00:00 [notice] <0.44.0> Application mnesia exited with reason: stopped
2023-11-22 16:06:50.254134+00:00 [info] <0.230.0> Waiting for Mnesia tables for 30000 ms, 9 retries left
2023-11-22 16:06:50.254312+00:00 [info] <0.230.0> Successfully synced tables from a peer
2023-11-22 16:06:50.254533+00:00 [notice] <0.284.0> Feature flags: attempt to enable `stream_sac_coordinator_unblock_group`...
2023-11-22 16:06:50.281353+00:00 [notice] <0.284.0> Feature flags: `stream_sac_coordinator_unblock_group` enabled
2023-11-22 16:06:50.281673+00:00 [notice] <0.284.0> Feature flags: attempt to enable `restart_streams`...
2023-11-22 16:06:50.310677+00:00 [notice] <0.284.0> Feature flags: `restart_streams` enabled
2023-11-22 16:06:50.311048+00:00 [info] <0.230.0> Waiting for Mnesia tables for 30000 ms, 9 retries left
2023-11-22 16:06:50.311197+00:00 [info] <0.230.0> Successfully synced tables from a peer
2023-11-22 16:06:50.339126+00:00 [info] <0.230.0> Waiting for Mnesia tables for 30000 ms, 9 retries left
2023-11-22 16:06:50.339419+00:00 [info] <0.230.0> Successfully synced tables from a peer
2023-11-22 16:06:50.339477+00:00 [info] <0.230.0> Peer discovery backend rabbit_peer_discovery_classic_config does not support registration, skipping registration.
2023-11-22 16:06:50.339541+00:00 [info] <0.230.0> Will try to unlock with peer discovery backend rabbit_peer_discovery_classic_config
2023-11-22 16:06:50.339736+00:00 [info] <0.230.0> Running boot step tracking_metadata_store defined by app rabbit
2023-11-22 16:06:50.339794+00:00 [info] <0.494.0> Setting up a table for connection tracking on this node: tracked_connection
2023-11-22 16:06:50.339863+00:00 [info] <0.494.0> Setting up a table for per-vhost connection counting on this node: tracked_connection_per_vhost
2023-11-22 16:06:50.339987+00:00 [info] <0.494.0> Setting up a table for per-user connection counting on this node: tracked_connection_per_user
2023-11-22 16:06:50.340013+00:00 [info] <0.494.0> Setting up a table for channel tracking on this node: tracked_channel
2023-11-22 16:06:50.340261+00:00 [info] <0.494.0> Setting up a table for channel tracking on this node: tracked_channel_per_user
2023-11-22 16:06:50.340420+00:00 [info] <0.230.0> Running boot step networking_metadata_store defined by app rabbit
2023-11-22 16:06:50.340688+00:00 [info] <0.230.0> Running boot step feature_flags defined by app rabbit
2023-11-22 16:06:50.343659+00:00 [info] <0.230.0> Running boot step codec_correctness_check defined by app rabbit
2023-11-22 16:06:50.343773+00:00 [info] <0.230.0> Running boot step external_infrastructure defined by app rabbit
2023-11-22 16:06:50.343877+00:00 [info] <0.230.0> Running boot step rabbit_event defined by app rabbit
2023-11-22 16:06:50.344176+00:00 [info] <0.230.0> Running boot step rabbit_registry defined by app rabbit
2023-11-22 16:06:50.344390+00:00 [info] <0.230.0> Running boot step rabbit_auth_mechanism_amqplain defined by app rabbit
2023-11-22 16:06:50.344510+00:00 [info] <0.230.0> Running boot step rabbit_auth_mechanism_cr_demo defined by app rabbit
2023-11-22 16:06:50.344617+00:00 [info] <0.230.0> Running boot step rabbit_auth_mechanism_plain defined by app rabbit
2023-11-22 16:06:50.344698+00:00 [info] <0.230.0> Running boot step rabbit_exchange_type_direct defined by app rabbit
2023-11-22 16:06:50.344793+00:00 [info] <0.230.0> Running boot step rabbit_exchange_type_fanout defined by app rabbit
2023-11-22 16:06:50.344879+00:00 [info] <0.230.0> Running boot step rabbit_exchange_type_headers defined by app rabbit
2023-11-22 16:06:50.344979+00:00 [info] <0.230.0> Running boot step rabbit_exchange_type_topic defined by app rabbit
2023-11-22 16:06:50.345019+00:00 [info] <0.230.0> Running boot step rabbit_mirror_queue_mode_all defined by app rabbit
2023-11-22 16:06:50.345044+00:00 [info] <0.230.0> Running boot step rabbit_mirror_queue_mode_exactly defined by app rabbit
2023-11-22 16:06:50.345063+00:00 [info] <0.230.0> Running boot step rabbit_mirror_queue_mode_nodes defined by app rabbit
2023-11-22 16:06:50.345119+00:00 [info] <0.230.0> Running boot step rabbit_priority_queue defined by app rabbit
2023-11-22 16:06:50.345176+00:00 [info] <0.230.0> Priority queues enabled, real BQ is rabbit_variable_queue
2023-11-22 16:06:50.345313+00:00 [info] <0.230.0> Running boot step rabbit_queue_location_client_local defined by app rabbit
2023-11-22 16:06:50.345465+00:00 [info] <0.230.0> Running boot step rabbit_queue_location_min_masters defined by app rabbit
2023-11-22 16:06:50.345614+00:00 [info] <0.230.0> Running boot step rabbit_queue_location_random defined by app rabbit
2023-11-22 16:06:50.345689+00:00 [info] <0.230.0> Running boot step kernel_ready defined by app rabbit
2023-11-22 16:06:50.345712+00:00 [info] <0.230.0> Running boot step rabbit_sysmon_minder defined by app rabbit
2023-11-22 16:06:50.345987+00:00 [info] <0.230.0> Running boot step rabbit_epmd_monitor defined by app rabbit
2023-11-22 16:06:50.347040+00:00 [info] <0.502.0> epmd monitor knows us, inter-node communication (distribution) port: 25672
2023-11-22 16:06:50.347156+00:00 [info] <0.230.0> Running boot step guid_generator defined by app rabbit
2023-11-22 16:06:50.357799+00:00 [info] <0.230.0> Running boot step rabbit_node_monitor defined by app rabbit
2023-11-22 16:06:50.358030+00:00 [info] <0.506.0> Starting rabbit_node_monitor (in ignore mode)
2023-11-22 16:06:50.358191+00:00 [info] <0.230.0> Running boot step delegate_sup defined by app rabbit
2023-11-22 16:06:50.359116+00:00 [info] <0.230.0> Running boot step rabbit_memory_monitor defined by app rabbit
2023-11-22 16:06:50.359403+00:00 [info] <0.230.0> Running boot step rabbit_fifo_dlx_sup defined by app rabbit
2023-11-22 16:06:50.359541+00:00 [info] <0.230.0> Running boot step core_initialized defined by app rabbit
2023-11-22 16:06:50.359572+00:00 [info] <0.230.0> Running boot step rabbit_channel_tracking_handler defined by app rabbit
2023-11-22 16:06:50.359640+00:00 [info] <0.230.0> Running boot step rabbit_connection_tracking_handler defined by app rabbit
2023-11-22 16:06:50.359722+00:00 [info] <0.230.0> Running boot step rabbit_definitions_hashing defined by app rabbit
2023-11-22 16:06:50.359820+00:00 [info] <0.230.0> Running boot step rabbit_exchange_parameters defined by app rabbit
2023-11-22 16:06:50.360228+00:00 [info] <0.230.0> Running boot step rabbit_mirror_queue_misc defined by app rabbit
2023-11-22 16:06:50.360762+00:00 [info] <0.230.0> Running boot step rabbit_policies defined by app rabbit
2023-11-22 16:06:50.361824+00:00 [info] <0.230.0> Running boot step rabbit_policy defined by app rabbit
2023-11-22 16:06:50.361876+00:00 [info] <0.230.0> Running boot step rabbit_queue_location_validator defined by app rabbit
2023-11-22 16:06:50.361967+00:00 [info] <0.230.0> Running boot step rabbit_quorum_memory_manager defined by app rabbit
2023-11-22 16:06:50.362045+00:00 [info] <0.230.0> Running boot step rabbit_stream_coordinator defined by app rabbit
2023-11-22 16:06:50.362446+00:00 [info] <0.230.0> Running boot step rabbit_vhost_limit defined by app rabbit
2023-11-22 16:06:50.362538+00:00 [info] <0.230.0> Running boot step recovery defined by app rabbit
2023-11-22 16:06:50.363451+00:00 [info] <0.230.0> Running boot step empty_db_check defined by app rabbit
2023-11-22 16:06:50.363515+00:00 [info] <0.230.0> Will seed default virtual host and user...
2023-11-22 16:06:50.363616+00:00 [info] <0.230.0> Adding vhost '/' (description: 'Default virtual host', tags: [])
2023-11-22 16:06:50.370739+00:00 [info] <0.230.0> Inserted a virtual host record {vhost,<<"/">>,[],
2023-11-22 16:06:50.370739+00:00 [info] <0.230.0>                                       #{description =>
2023-11-22 16:06:50.370739+00:00 [info] <0.230.0>                                             <<"Default virtual host">>,
2023-11-22 16:06:50.370739+00:00 [info] <0.230.0>                                         tags => []}}
2023-11-22 16:06:50.391081+00:00 [info] <0.547.0> Making sure data directory '/var/lib/rabbitmq/mnesia/rabbit@edd81833de9c/msg_stores/vhosts/628WB79CIFDYO9LJI6DKMI09L' for vhost '/' exists
2023-11-22 16:06:50.404346+00:00 [info] <0.547.0> Setting segment_entry_count for vhost '/' with 0 queues to '2048'
2023-11-22 16:06:50.430277+00:00 [info] <0.547.0> Starting message stores for vhost '/'
2023-11-22 16:06:50.430767+00:00 [info] <0.557.0> Message store "628WB79CIFDYO9LJI6DKMI09L/msg_store_transient": using rabbit_msg_store_ets_index to provide index
2023-11-22 16:06:50.441703+00:00 [info] <0.547.0> Started message store of type transient for vhost '/'
2023-11-22 16:06:50.442030+00:00 [info] <0.561.0> Message store "628WB79CIFDYO9LJI6DKMI09L/msg_store_persistent": using rabbit_msg_store_ets_index to provide index
2023-11-22 16:06:50.447736+00:00 [warning] <0.561.0> Message store "628WB79CIFDYO9LJI6DKMI09L/msg_store_persistent": rebuilding indices from scratch
2023-11-22 16:06:50.454176+00:00 [info] <0.547.0> Started message store of type persistent for vhost '/'
2023-11-22 16:06:50.454451+00:00 [info] <0.547.0> Recovering 0 queues of type rabbit_classic_queue took 46ms
2023-11-22 16:06:50.454508+00:00 [info] <0.547.0> Recovering 0 queues of type rabbit_quorum_queue took 0ms
2023-11-22 16:06:50.454604+00:00 [info] <0.547.0> Recovering 0 queues of type rabbit_stream_queue took 0ms
2023-11-22 16:06:50.459549+00:00 [info] <0.230.0> Created user 'default_user'
2023-11-22 16:06:50.462621+00:00 [info] <0.230.0> Successfully set user tags for user 'default_user' to [administrator]
2023-11-22 16:06:50.465721+00:00 [info] <0.230.0> Successfully set permissions for user 'default_user' in virtual host '/' to '.*', '.*', '.*'
2023-11-22 16:06:50.465818+00:00 [info] <0.230.0> Running boot step rabbit_observer_cli defined by app rabbit
2023-11-22 16:06:50.465889+00:00 [info] <0.230.0> Running boot step rabbit_looking_glass defined by app rabbit
2023-11-22 16:06:50.465934+00:00 [info] <0.230.0> Running boot step rabbit_core_metrics_gc defined by app rabbit
2023-11-22 16:06:50.466535+00:00 [info] <0.230.0> Running boot step background_gc defined by app rabbit
2023-11-22 16:06:50.466829+00:00 [info] <0.230.0> Running boot step routing_ready defined by app rabbit
2023-11-22 16:06:50.466860+00:00 [info] <0.230.0> Running boot step pre_flight defined by app rabbit
2023-11-22 16:06:50.466929+00:00 [info] <0.230.0> Running boot step notify_cluster defined by app rabbit
2023-11-22 16:06:50.467052+00:00 [info] <0.230.0> Running boot step networking defined by app rabbit
2023-11-22 16:06:50.467126+00:00 [info] <0.230.0> Running boot step definition_import_worker_pool defined by app rabbit
2023-11-22 16:06:50.467181+00:00 [info] <0.283.0> Starting worker pool 'definition_import_pool' with 16 processes in it
2023-11-22 16:06:50.468068+00:00 [info] <0.230.0> Running boot step cluster_name defined by app rabbit
2023-11-22 16:06:50.468142+00:00 [info] <0.230.0> Initialising internal cluster ID to 'rabbitmq-cluster-id-ovTEmcsee-U4HZ7m1wgqUQ'
2023-11-22 16:06:50.471336+00:00 [info] <0.230.0> Running boot step direct_client defined by app rabbit
2023-11-22 16:06:50.471526+00:00 [info] <0.230.0> Running boot step rabbit_maintenance_mode_state defined by app rabbit
2023-11-22 16:06:50.471554+00:00 [info] <0.230.0> Creating table rabbit_node_maintenance_states for maintenance mode status
2023-11-22 16:06:50.484785+00:00 [info] <0.613.0> Resetting node maintenance status
2023-11-22 16:06:50.485013+00:00 [info] <0.613.0> Ready to start client connection listeners
2023-11-22 16:06:50.487231+00:00 [info] <0.631.0> started TCP listener on [::]:5672
2023-11-22 16:06:50.598550+00:00 [info] <0.613.0> Server startup complete; 0 plugins started.
2023-11-22 16:06:50.685598+00:00 [info] <0.9.0> Time to start RabbitMQ: 7370807 us
2023-11-22 16:06:52.732042+00:00 [notice] <0.61.0> SIGTERM received - shutting down
2023-11-22 16:06:52.732042+00:00 [notice] <0.61.0> 
2023-11-22 16:06:52.734343+00:00 [info] <0.230.0> Peer discovery backend rabbit_peer_discovery_classic_config does not support registration, skipping unregistration.
2023-11-22 16:06:52.734614+00:00 [info] <0.631.0> stopped TCP listener on [::]:5672
2023-11-22 16:06:52.737047+00:00 [info] <0.561.0> Stopping message store for directory '/var/lib/rabbitmq/mnesia/rabbit@edd81833de9c/msg_stores/vhosts/628WB79CIFDYO9LJI6DKMI09L/msg_store_persistent'
2023-11-22 16:06:52.737009+00:00 [info] <0.632.0> Closing all connections in vhost '/' on node 'rabbit@edd81833de9c' because the vhost is stopping
2023-11-22 16:06:52.771546+00:00 [info] <0.561.0> Message store for directory '/var/lib/rabbitmq/mnesia/rabbit@edd81833de9c/msg_stores/vhosts/628WB79CIFDYO9LJI6DKMI09L/msg_store_persistent' is stopped
2023-11-22 16:06:52.771777+00:00 [info] <0.557.0> Stopping message store for directory '/var/lib/rabbitmq/mnesia/rabbit@edd81833de9c/msg_stores/vhosts/628WB79CIFDYO9LJI6DKMI09L/msg_store_transient'
2023-11-22 16:06:52.796560+00:00 [info] <0.557.0> Message store for directory '/var/lib/rabbitmq/mnesia/rabbit@edd81833de9c/msg_stores/vhosts/628WB79CIFDYO9LJI6DKMI09L/msg_store_transient' is stopped
2023-11-22 16:08:25.159095+00:00 [notice] <0.230.0> Logging: configured log handlers are now ACTIVE
2023-11-22 16:08:25.724748+00:00 [info] <0.230.0> ra: starting system quorum_queues
2023-11-22 16:08:25.724940+00:00 [info] <0.230.0> starting Ra system: quorum_queues in directory: /var/lib/rabbitmq/mnesia/rabbit@edd81833de9c/quorum/rabbit@edd81833de9c
2023-11-22 16:08:25.786750+00:00 [info] <0.318.0> ra system 'quorum_queues' running pre init for 0 registered servers
2023-11-22 16:08:25.807962+00:00 [info] <0.326.0> ra: meta data store initialised for system quorum_queues. 0 record(s) recovered
2023-11-22 16:08:25.828054+00:00 [notice] <0.350.0> WAL: ra_log_wal init, open tbls: ra_log_open_mem_tables, closed tbls: ra_log_closed_mem_tables
2023-11-22 16:08:25.853159+00:00 [info] <0.230.0> ra: starting system coordination
2023-11-22 16:08:25.853209+00:00 [info] <0.230.0> starting Ra system: coordination in directory: /var/lib/rabbitmq/mnesia/rabbit@edd81833de9c/coordination/rabbit@edd81833de9c
2023-11-22 16:08:25.870927+00:00 [info] <0.361.0> ra system 'coordination' running pre init for 0 registered servers
2023-11-22 16:08:25.876223+00:00 [info] <0.362.0> ra: meta data store initialised for system coordination. 0 record(s) recovered
2023-11-22 16:08:25.876439+00:00 [notice] <0.367.0> WAL: ra_coordination_log_wal init, open tbls: ra_coordination_log_open_mem_tables, closed tbls: ra_coordination_log_closed_mem_tables
2023-11-22 16:08:25.890441+00:00 [info] <0.230.0> 
2023-11-22 16:08:25.890441+00:00 [info] <0.230.0>  Starting RabbitMQ 3.12.9 on Erlang 25.3.2.7 [jit]
2023-11-22 16:08:25.890441+00:00 [info] <0.230.0>  Copyright (c) 2007-2023 VMware, Inc. or its affiliates.
2023-11-22 16:08:25.890441+00:00 [info] <0.230.0>  Licensed under the MPL 2.0. Website: https://rabbitmq.com
2023-11-22 16:08:25.891946+00:00 [info] <0.230.0> 
2023-11-22 16:08:25.891946+00:00 [info] <0.230.0>  node           : rabbit@edd81833de9c
2023-11-22 16:08:25.891946+00:00 [info] <0.230.0>  home dir       : /var/lib/rabbitmq
2023-11-22 16:08:25.891946+00:00 [info] <0.230.0>  config file(s) : (none)
2023-11-22 16:08:25.891946+00:00 [info] <0.230.0>  cookie hash    : A7u2l7Eimxq5wfbBRxA6WQ==
2023-11-22 16:08:25.891946+00:00 [info] <0.230.0>  log(s)         : /var/log/rabbitmq/rabbit@edd81833de9c.log
2023-11-22 16:08:25.891946+00:00 [info] <0.230.0>                 : <stdout>
2023-11-22 16:08:25.891946+00:00 [info] <0.230.0>  data dir       : /var/lib/rabbitmq/mnesia/rabbit@edd81833de9c
2023-11-22 16:08:28.899420+00:00 [info] <0.230.0> Running boot step pre_boot defined by app rabbit
2023-11-22 16:08:28.899478+00:00 [info] <0.230.0> Running boot step rabbit_global_counters defined by app rabbit
2023-11-22 16:08:28.899925+00:00 [info] <0.230.0> Running boot step rabbit_osiris_metrics defined by app rabbit
2023-11-22 16:08:28.900079+00:00 [info] <0.230.0> Running boot step rabbit_core_metrics defined by app rabbit
2023-11-22 16:08:28.900719+00:00 [info] <0.230.0> Running boot step rabbit_alarm defined by app rabbit
2023-11-22 16:08:28.903739+00:00 [info] <0.385.0> Memory high watermark set to 3165 MiB (3319504896 bytes) of 7914 MiB (8298762240 bytes) total
2023-11-22 16:08:28.906871+00:00 [info] <0.387.0> Enabling free disk space monitoring (disk free space: 813959622656, total memory: 8298762240)
2023-11-22 16:08:28.906903+00:00 [info] <0.387.0> Disk free limit set to 50MB
2023-11-22 16:08:28.908967+00:00 [info] <0.230.0> Running boot step code_server_cache defined by app rabbit
2023-11-22 16:08:28.909081+00:00 [info] <0.230.0> Running boot step file_handle_cache defined by app rabbit
2023-11-22 16:08:28.909273+00:00 [info] <0.390.0> Limiting to approx 1048479 file handles (943629 sockets)
2023-11-22 16:08:28.909385+00:00 [info] <0.391.0> FHC read buffering: OFF
2023-11-22 16:08:28.909418+00:00 [info] <0.391.0> FHC write buffering: ON
2023-11-22 16:08:28.909875+00:00 [info] <0.230.0> Running boot step worker_pool defined by app rabbit
2023-11-22 16:08:28.909973+00:00 [info] <0.369.0> Will use 16 processes for default worker pool
2023-11-22 16:08:28.910007+00:00 [info] <0.369.0> Starting worker pool 'worker_pool' with 16 processes in it
2023-11-22 16:08:28.910924+00:00 [info] <0.230.0> Running boot step database defined by app rabbit
2023-11-22 16:08:28.922304+00:00 [info] <0.230.0> Waiting for Mnesia tables for 30000 ms, 9 retries left
2023-11-22 16:08:28.927862+00:00 [info] <0.230.0> Successfully synced tables from a peer
2023-11-22 16:08:28.953936+00:00 [info] <0.230.0> Waiting for Mnesia tables for 30000 ms, 9 retries left
2023-11-22 16:08:28.954113+00:00 [info] <0.230.0> Successfully synced tables from a peer
2023-11-22 16:08:28.954146+00:00 [info] <0.230.0> Peer discovery backend rabbit_peer_discovery_classic_config does not support registration, skipping registration.
2023-11-22 16:08:28.954253+00:00 [info] <0.230.0> Running boot step tracking_metadata_store defined by app rabbit
2023-11-22 16:08:28.954356+00:00 [info] <0.417.0> Setting up a table for connection tracking on this node: tracked_connection
2023-11-22 16:08:28.954397+00:00 [info] <0.417.0> Setting up a table for per-vhost connection counting on this node: tracked_connection_per_vhost
2023-11-22 16:08:28.954514+00:00 [info] <0.417.0> Setting up a table for per-user connection counting on this node: tracked_connection_per_user
2023-11-22 16:08:28.954601+00:00 [info] <0.417.0> Setting up a table for channel tracking on this node: tracked_channel
2023-11-22 16:08:28.954645+00:00 [info] <0.417.0> Setting up a table for channel tracking on this node: tracked_channel_per_user
2023-11-22 16:08:28.954812+00:00 [info] <0.230.0> Running boot step networking_metadata_store defined by app rabbit
2023-11-22 16:08:28.954913+00:00 [info] <0.230.0> Running boot step feature_flags defined by app rabbit
2023-11-22 16:08:28.957509+00:00 [info] <0.230.0> Running boot step codec_correctness_check defined by app rabbit
2023-11-22 16:08:28.957541+00:00 [info] <0.230.0> Running boot step external_infrastructure defined by app rabbit
2023-11-22 16:08:28.957564+00:00 [info] <0.230.0> Running boot step rabbit_event defined by app rabbit
2023-11-22 16:08:28.957639+00:00 [info] <0.230.0> Running boot step rabbit_registry defined by app rabbit
2023-11-22 16:08:28.957679+00:00 [info] <0.230.0> Running boot step rabbit_auth_mechanism_amqplain defined by app rabbit
2023-11-22 16:08:28.957779+00:00 [info] <0.230.0> Running boot step rabbit_auth_mechanism_cr_demo defined by app rabbit
2023-11-22 16:08:28.957830+00:00 [info] <0.230.0> Running boot step rabbit_auth_mechanism_plain defined by app rabbit
2023-11-22 16:08:28.957855+00:00 [info] <0.230.0> Running boot step rabbit_exchange_type_direct defined by app rabbit
2023-11-22 16:08:28.957883+00:00 [info] <0.230.0> Running boot step rabbit_exchange_type_fanout defined by app rabbit
2023-11-22 16:08:28.957909+00:00 [info] <0.230.0> Running boot step rabbit_exchange_type_headers defined by app rabbit
2023-11-22 16:08:28.957966+00:00 [info] <0.230.0> Running boot step rabbit_exchange_type_topic defined by app rabbit
2023-11-22 16:08:28.958046+00:00 [info] <0.230.0> Running boot step rabbit_mirror_queue_mode_all defined by app rabbit
2023-11-22 16:08:28.958152+00:00 [info] <0.230.0> Running boot step rabbit_mirror_queue_mode_exactly defined by app rabbit
2023-11-22 16:08:28.958240+00:00 [info] <0.230.0> Running boot step rabbit_mirror_queue_mode_nodes defined by app rabbit
2023-11-22 16:08:28.958274+00:00 [info] <0.230.0> Running boot step rabbit_priority_queue defined by app rabbit
2023-11-22 16:08:28.958316+00:00 [info] <0.230.0> Priority queues enabled, real BQ is rabbit_variable_queue
2023-11-22 16:08:28.958395+00:00 [info] <0.230.0> Running boot step rabbit_queue_location_client_local defined by app rabbit
2023-11-22 16:08:28.958499+00:00 [info] <0.230.0> Running boot step rabbit_queue_location_min_masters defined by app rabbit
2023-11-22 16:08:28.958548+00:00 [info] <0.230.0> Running boot step rabbit_queue_location_random defined by app rabbit
2023-11-22 16:08:28.958580+00:00 [info] <0.230.0> Running boot step kernel_ready defined by app rabbit
2023-11-22 16:08:28.958628+00:00 [info] <0.230.0> Running boot step rabbit_sysmon_minder defined by app rabbit
2023-11-22 16:08:28.958856+00:00 [info] <0.230.0> Running boot step rabbit_epmd_monitor defined by app rabbit
2023-11-22 16:08:28.960008+00:00 [info] <0.425.0> epmd monitor knows us, inter-node communication (distribution) port: 25672
2023-11-22 16:08:28.960068+00:00 [info] <0.230.0> Running boot step guid_generator defined by app rabbit
2023-11-22 16:08:28.973427+00:00 [info] <0.230.0> Running boot step rabbit_node_monitor defined by app rabbit
2023-11-22 16:08:28.973699+00:00 [info] <0.429.0> Starting rabbit_node_monitor (in ignore mode)
2023-11-22 16:08:28.973813+00:00 [info] <0.230.0> Running boot step delegate_sup defined by app rabbit
2023-11-22 16:08:28.974468+00:00 [info] <0.230.0> Running boot step rabbit_memory_monitor defined by app rabbit
2023-11-22 16:08:28.974698+00:00 [info] <0.230.0> Running boot step rabbit_fifo_dlx_sup defined by app rabbit
2023-11-22 16:08:28.974886+00:00 [info] <0.230.0> Running boot step core_initialized defined by app rabbit
2023-11-22 16:08:28.974940+00:00 [info] <0.230.0> Running boot step rabbit_channel_tracking_handler defined by app rabbit
2023-11-22 16:08:28.975004+00:00 [info] <0.230.0> Running boot step rabbit_connection_tracking_handler defined by app rabbit
2023-11-22 16:08:28.975070+00:00 [info] <0.230.0> Running boot step rabbit_definitions_hashing defined by app rabbit
2023-11-22 16:08:28.975187+00:00 [info] <0.230.0> Running boot step rabbit_exchange_parameters defined by app rabbit
2023-11-22 16:08:28.975582+00:00 [info] <0.230.0> Running boot step rabbit_mirror_queue_misc defined by app rabbit
2023-11-22 16:08:28.975955+00:00 [info] <0.230.0> Running boot step rabbit_policies defined by app rabbit
2023-11-22 16:08:28.976443+00:00 [info] <0.230.0> Running boot step rabbit_policy defined by app rabbit
2023-11-22 16:08:28.976541+00:00 [info] <0.230.0> Running boot step rabbit_queue_location_validator defined by app rabbit
2023-11-22 16:08:28.976611+00:00 [info] <0.230.0> Running boot step rabbit_quorum_memory_manager defined by app rabbit
2023-11-22 16:08:28.976683+00:00 [info] <0.230.0> Running boot step rabbit_stream_coordinator defined by app rabbit
2023-11-22 16:08:28.976983+00:00 [info] <0.230.0> Running boot step rabbit_vhost_limit defined by app rabbit
2023-11-22 16:08:28.977080+00:00 [info] <0.230.0> Running boot step recovery defined by app rabbit
2023-11-22 16:08:28.977841+00:00 [info] <0.461.0> Making sure data directory '/var/lib/rabbitmq/mnesia/rabbit@edd81833de9c/msg_stores/vhosts/628WB79CIFDYO9LJI6DKMI09L' for vhost '/' exists
2023-11-22 16:08:29.020396+00:00 [info] <0.461.0> Starting message stores for vhost '/'
2023-11-22 16:08:29.020671+00:00 [info] <0.471.0> Message store "628WB79CIFDYO9LJI6DKMI09L/msg_store_transient": using rabbit_msg_store_ets_index to provide index
2023-11-22 16:08:29.055991+00:00 [info] <0.461.0> Started message store of type transient for vhost '/'
2023-11-22 16:08:29.056249+00:00 [info] <0.475.0> Message store "628WB79CIFDYO9LJI6DKMI09L/msg_store_persistent": using rabbit_msg_store_ets_index to provide index
2023-11-22 16:08:29.078836+00:00 [info] <0.461.0> Started message store of type persistent for vhost '/'
2023-11-22 16:08:29.078954+00:00 [info] <0.461.0> Recovering 0 queues of type rabbit_classic_queue took 85ms
2023-11-22 16:08:29.079014+00:00 [info] <0.461.0> Recovering 0 queues of type rabbit_quorum_queue took 0ms
2023-11-22 16:08:29.079070+00:00 [info] <0.461.0> Recovering 0 queues of type rabbit_stream_queue took 0ms
2023-11-22 16:08:29.081045+00:00 [info] <0.230.0> Running boot step empty_db_check defined by app rabbit
2023-11-22 16:08:29.081129+00:00 [info] <0.230.0> Will not seed default virtual host and user: have definitions to load...
2023-11-22 16:08:29.081170+00:00 [info] <0.230.0> Running boot step rabbit_observer_cli defined by app rabbit
2023-11-22 16:08:29.081206+00:00 [info] <0.230.0> Running boot step rabbit_looking_glass defined by app rabbit
2023-11-22 16:08:29.081222+00:00 [info] <0.230.0> Running boot step rabbit_core_metrics_gc defined by app rabbit
2023-11-22 16:08:29.081497+00:00 [info] <0.230.0> Running boot step background_gc defined by app rabbit
2023-11-22 16:08:29.081648+00:00 [info] <0.230.0> Running boot step routing_ready defined by app rabbit
2023-11-22 16:08:29.081673+00:00 [info] <0.230.0> Running boot step pre_flight defined by app rabbit
2023-11-22 16:08:29.081803+00:00 [info] <0.230.0> Running boot step notify_cluster defined by app rabbit
2023-11-22 16:08:29.081948+00:00 [info] <0.230.0> Running boot step networking defined by app rabbit
2023-11-22 16:08:29.081987+00:00 [info] <0.230.0> Running boot step definition_import_worker_pool defined by app rabbit
2023-11-22 16:08:29.082099+00:00 [info] <0.369.0> Starting worker pool 'definition_import_pool' with 16 processes in it
2023-11-22 16:08:29.083146+00:00 [info] <0.230.0> Running boot step cluster_name defined by app rabbit
2023-11-22 16:08:29.083187+00:00 [info] <0.230.0> Running boot step direct_client defined by app rabbit
2023-11-22 16:08:29.083310+00:00 [info] <0.230.0> Running boot step rabbit_maintenance_mode_state defined by app rabbit
2023-11-22 16:08:29.083368+00:00 [info] <0.230.0> Creating table rabbit_node_maintenance_states for maintenance mode status
2023-11-22 16:08:29.083727+00:00 [info] <0.525.0> Resetting node maintenance status
2023-11-22 16:08:29.083906+00:00 [info] <0.525.0> Ready to start client connection listeners
2023-11-22 16:08:29.086631+00:00 [info] <0.543.0> started TCP listener on [::]:5672
2023-11-22 16:08:29.202710+00:00 [info] <0.525.0> Server startup complete; 0 plugins started.
2023-11-22 16:08:29.284302+00:00 [info] <0.9.0> Time to start RabbitMQ: 7072403 us
2023-11-22 16:08:31.666040+00:00 [notice] <0.61.0> SIGTERM received - shutting down
2023-11-22 16:08:31.666040+00:00 [notice] <0.61.0> 
2023-11-22 16:08:31.668766+00:00 [info] <0.230.0> Peer discovery backend rabbit_peer_discovery_classic_config does not support registration, skipping unregistration.
2023-11-22 16:08:31.669020+00:00 [info] <0.543.0> stopped TCP listener on [::]:5672
2023-11-22 16:08:31.671110+00:00 [info] <0.544.0> Closing all connections in vhost '/' on node 'rabbit@edd81833de9c' because the vhost is stopping
2023-11-22 16:08:31.671148+00:00 [info] <0.475.0> Stopping message store for directory '/var/lib/rabbitmq/mnesia/rabbit@edd81833de9c/msg_stores/vhosts/628WB79CIFDYO9LJI6DKMI09L/msg_store_persistent'
2023-11-22 16:08:31.704307+00:00 [info] <0.475.0> Message store for directory '/var/lib/rabbitmq/mnesia/rabbit@edd81833de9c/msg_stores/vhosts/628WB79CIFDYO9LJI6DKMI09L/msg_store_persistent' is stopped
2023-11-22 16:08:31.704558+00:00 [info] <0.471.0> Stopping message store for directory '/var/lib/rabbitmq/mnesia/rabbit@edd81833de9c/msg_stores/vhosts/628WB79CIFDYO9LJI6DKMI09L/msg_store_transient'
2023-11-22 16:08:31.730113+00:00 [info] <0.471.0> Message store for directory '/var/lib/rabbitmq/mnesia/rabbit@edd81833de9c/msg_stores/vhosts/628WB79CIFDYO9LJI6DKMI09L/msg_store_transient' is stopped
