2023-11-23 13:19:04.437507+00:00 [notice] <0.230.0> Logging: configured log handlers are now ACTIVE
2023-11-23 13:19:04.728231+00:00 [info] <0.230.0> ra: starting system quorum_queues
2023-11-23 13:19:04.728347+00:00 [info] <0.230.0> starting Ra system: quorum_queues in directory: /var/lib/rabbitmq/mnesia/rabbit@3220a9a797ca/quorum/rabbit@3220a9a797ca
2023-11-23 13:19:04.825904+00:00 [info] <0.262.0> ra system 'quorum_queues' running pre init for 0 registered servers
2023-11-23 13:19:04.841216+00:00 [info] <0.263.0> ra: meta data store initialised for system quorum_queues. 0 record(s) recovered
2023-11-23 13:19:04.858187+00:00 [notice] <0.268.0> WAL: ra_log_wal init, open tbls: ra_log_open_mem_tables, closed tbls: ra_log_closed_mem_tables
2023-11-23 13:19:04.875769+00:00 [info] <0.230.0> ra: starting system coordination
2023-11-23 13:19:04.875817+00:00 [info] <0.230.0> starting Ra system: coordination in directory: /var/lib/rabbitmq/mnesia/rabbit@3220a9a797ca/coordination/rabbit@3220a9a797ca
2023-11-23 13:19:04.887065+00:00 [info] <0.275.0> ra system 'coordination' running pre init for 0 registered servers
2023-11-23 13:19:04.890733+00:00 [info] <0.276.0> ra: meta data store initialised for system coordination. 0 record(s) recovered
2023-11-23 13:19:04.890884+00:00 [notice] <0.281.0> WAL: ra_coordination_log_wal init, open tbls: ra_coordination_log_open_mem_tables, closed tbls: ra_coordination_log_closed_mem_tables
2023-11-23 13:19:04.903305+00:00 [info] <0.230.0> 
2023-11-23 13:19:04.903305+00:00 [info] <0.230.0>  Starting RabbitMQ 3.12.9 on Erlang 25.3.2.7 [jit]
2023-11-23 13:19:04.903305+00:00 [info] <0.230.0>  Copyright (c) 2007-2023 VMware, Inc. or its affiliates.
2023-11-23 13:19:04.903305+00:00 [info] <0.230.0>  Licensed under the MPL 2.0. Website: https://rabbitmq.com
2023-11-23 13:19:04.904842+00:00 [info] <0.230.0> 
2023-11-23 13:19:04.904842+00:00 [info] <0.230.0>  node           : rabbit@3220a9a797ca
2023-11-23 13:19:04.904842+00:00 [info] <0.230.0>  home dir       : /var/lib/rabbitmq
2023-11-23 13:19:04.904842+00:00 [info] <0.230.0>  config file(s) : (none)
2023-11-23 13:19:04.904842+00:00 [info] <0.230.0>  cookie hash    : A7u2l7Eimxq5wfbBRxA6WQ==
2023-11-23 13:19:04.904842+00:00 [info] <0.230.0>  log(s)         : /var/log/rabbitmq/rabbit@3220a9a797ca.log
2023-11-23 13:19:04.904842+00:00 [info] <0.230.0>                 : <stdout>
2023-11-23 13:19:04.904842+00:00 [info] <0.230.0>  data dir       : /var/lib/rabbitmq/mnesia/rabbit@3220a9a797ca
2023-11-23 13:19:08.063504+00:00 [info] <0.230.0> Running boot step pre_boot defined by app rabbit
2023-11-23 13:19:08.063586+00:00 [info] <0.230.0> Running boot step rabbit_global_counters defined by app rabbit
2023-11-23 13:19:08.064348+00:00 [info] <0.230.0> Running boot step rabbit_osiris_metrics defined by app rabbit
2023-11-23 13:19:08.064459+00:00 [info] <0.230.0> Running boot step rabbit_core_metrics defined by app rabbit
2023-11-23 13:19:08.065457+00:00 [info] <0.230.0> Running boot step rabbit_alarm defined by app rabbit
2023-11-23 13:19:08.068708+00:00 [info] <0.299.0> Memory high watermark set to 3165 MiB (3319506534 bytes) of 7914 MiB (8298766336 bytes) total
2023-11-23 13:19:08.071743+00:00 [info] <0.301.0> Enabling free disk space monitoring (disk free space: 812454768640, total memory: 8298766336)
2023-11-23 13:19:08.071775+00:00 [info] <0.301.0> Disk free limit set to 50MB
2023-11-23 13:19:08.074099+00:00 [info] <0.230.0> Running boot step code_server_cache defined by app rabbit
2023-11-23 13:19:08.074261+00:00 [info] <0.230.0> Running boot step file_handle_cache defined by app rabbit
2023-11-23 13:19:08.074458+00:00 [info] <0.304.0> Limiting to approx 1048479 file handles (943629 sockets)
2023-11-23 13:19:08.074608+00:00 [info] <0.305.0> FHC read buffering: OFF
2023-11-23 13:19:08.074638+00:00 [info] <0.305.0> FHC write buffering: ON
2023-11-23 13:19:08.075154+00:00 [info] <0.230.0> Running boot step worker_pool defined by app rabbit
2023-11-23 13:19:08.075236+00:00 [info] <0.283.0> Will use 16 processes for default worker pool
2023-11-23 13:19:08.075269+00:00 [info] <0.283.0> Starting worker pool 'worker_pool' with 16 processes in it
2023-11-23 13:19:08.076321+00:00 [info] <0.230.0> Running boot step database defined by app rabbit
2023-11-23 13:19:08.079369+00:00 [info] <0.230.0> Node database directory at /var/lib/rabbitmq/mnesia/rabbit@3220a9a797ca is empty. Assuming we need to join an existing cluster or initialise from scratch...
2023-11-23 13:19:08.079417+00:00 [info] <0.230.0> Configured peer discovery backend: rabbit_peer_discovery_classic_config
2023-11-23 13:19:08.079490+00:00 [info] <0.230.0> Will try to lock with peer discovery backend rabbit_peer_discovery_classic_config
2023-11-23 13:19:08.079543+00:00 [info] <0.230.0> All discovered existing cluster peers:
2023-11-23 13:19:08.079556+00:00 [info] <0.230.0> Discovered no peer nodes to cluster with. Some discovery backends can filter nodes out based on a readiness criteria. Enabling debug logging might help troubleshoot.
2023-11-23 13:19:08.083036+00:00 [notice] <0.44.0> Application mnesia exited with reason: stopped
2023-11-23 13:19:08.479135+00:00 [info] <0.230.0> Waiting for Mnesia tables for 30000 ms, 9 retries left
2023-11-23 13:19:08.479260+00:00 [info] <0.230.0> Successfully synced tables from a peer
2023-11-23 13:19:08.479775+00:00 [notice] <0.284.0> Feature flags: attempt to enable `stream_sac_coordinator_unblock_group`...
2023-11-23 13:19:08.508208+00:00 [notice] <0.284.0> Feature flags: `stream_sac_coordinator_unblock_group` enabled
2023-11-23 13:19:08.508424+00:00 [notice] <0.284.0> Feature flags: attempt to enable `restart_streams`...
2023-11-23 13:19:08.544512+00:00 [notice] <0.284.0> Feature flags: `restart_streams` enabled
2023-11-23 13:19:08.545107+00:00 [info] <0.230.0> Waiting for Mnesia tables for 30000 ms, 9 retries left
2023-11-23 13:19:08.545234+00:00 [info] <0.230.0> Successfully synced tables from a peer
2023-11-23 13:19:08.576666+00:00 [info] <0.230.0> Waiting for Mnesia tables for 30000 ms, 9 retries left
2023-11-23 13:19:08.576983+00:00 [info] <0.230.0> Successfully synced tables from a peer
2023-11-23 13:19:08.577038+00:00 [info] <0.230.0> Peer discovery backend rabbit_peer_discovery_classic_config does not support registration, skipping registration.
2023-11-23 13:19:08.577095+00:00 [info] <0.230.0> Will try to unlock with peer discovery backend rabbit_peer_discovery_classic_config
2023-11-23 13:19:08.577373+00:00 [info] <0.230.0> Running boot step tracking_metadata_store defined by app rabbit
2023-11-23 13:19:08.577610+00:00 [info] <0.494.0> Setting up a table for connection tracking on this node: tracked_connection
2023-11-23 13:19:08.577715+00:00 [info] <0.494.0> Setting up a table for per-vhost connection counting on this node: tracked_connection_per_vhost
2023-11-23 13:19:08.577933+00:00 [info] <0.494.0> Setting up a table for per-user connection counting on this node: tracked_connection_per_user
2023-11-23 13:19:08.578115+00:00 [info] <0.494.0> Setting up a table for channel tracking on this node: tracked_channel
2023-11-23 13:19:08.578236+00:00 [info] <0.494.0> Setting up a table for channel tracking on this node: tracked_channel_per_user
2023-11-23 13:19:08.578407+00:00 [info] <0.230.0> Running boot step networking_metadata_store defined by app rabbit
2023-11-23 13:19:08.578533+00:00 [info] <0.230.0> Running boot step feature_flags defined by app rabbit
2023-11-23 13:19:08.582251+00:00 [info] <0.230.0> Running boot step codec_correctness_check defined by app rabbit
2023-11-23 13:19:08.582313+00:00 [info] <0.230.0> Running boot step external_infrastructure defined by app rabbit
2023-11-23 13:19:08.582340+00:00 [info] <0.230.0> Running boot step rabbit_event defined by app rabbit
2023-11-23 13:19:08.582587+00:00 [info] <0.230.0> Running boot step rabbit_registry defined by app rabbit
2023-11-23 13:19:08.582727+00:00 [info] <0.230.0> Running boot step rabbit_auth_mechanism_amqplain defined by app rabbit
2023-11-23 13:19:08.582869+00:00 [info] <0.230.0> Running boot step rabbit_auth_mechanism_cr_demo defined by app rabbit
2023-11-23 13:19:08.582960+00:00 [info] <0.230.0> Running boot step rabbit_auth_mechanism_plain defined by app rabbit
2023-11-23 13:19:08.583040+00:00 [info] <0.230.0> Running boot step rabbit_exchange_type_direct defined by app rabbit
2023-11-23 13:19:08.583143+00:00 [info] <0.230.0> Running boot step rabbit_exchange_type_fanout defined by app rabbit
2023-11-23 13:19:08.583230+00:00 [info] <0.230.0> Running boot step rabbit_exchange_type_headers defined by app rabbit
2023-11-23 13:19:08.583320+00:00 [info] <0.230.0> Running boot step rabbit_exchange_type_topic defined by app rabbit
2023-11-23 13:19:08.583370+00:00 [info] <0.230.0> Running boot step rabbit_mirror_queue_mode_all defined by app rabbit
2023-11-23 13:19:08.583402+00:00 [info] <0.230.0> Running boot step rabbit_mirror_queue_mode_exactly defined by app rabbit
2023-11-23 13:19:08.583459+00:00 [info] <0.230.0> Running boot step rabbit_mirror_queue_mode_nodes defined by app rabbit
2023-11-23 13:19:08.583559+00:00 [info] <0.230.0> Running boot step rabbit_priority_queue defined by app rabbit
2023-11-23 13:19:08.583626+00:00 [info] <0.230.0> Priority queues enabled, real BQ is rabbit_variable_queue
2023-11-23 13:19:08.583734+00:00 [info] <0.230.0> Running boot step rabbit_queue_location_client_local defined by app rabbit
2023-11-23 13:19:08.583820+00:00 [info] <0.230.0> Running boot step rabbit_queue_location_min_masters defined by app rabbit
2023-11-23 13:19:08.583849+00:00 [info] <0.230.0> Running boot step rabbit_queue_location_random defined by app rabbit
2023-11-23 13:19:08.583904+00:00 [info] <0.230.0> Running boot step kernel_ready defined by app rabbit
2023-11-23 13:19:08.583927+00:00 [info] <0.230.0> Running boot step rabbit_sysmon_minder defined by app rabbit
2023-11-23 13:19:08.584124+00:00 [info] <0.230.0> Running boot step rabbit_epmd_monitor defined by app rabbit
2023-11-23 13:19:08.585398+00:00 [info] <0.502.0> epmd monitor knows us, inter-node communication (distribution) port: 25672
2023-11-23 13:19:08.585533+00:00 [info] <0.230.0> Running boot step guid_generator defined by app rabbit
2023-11-23 13:19:08.597942+00:00 [info] <0.230.0> Running boot step rabbit_node_monitor defined by app rabbit
2023-11-23 13:19:08.598365+00:00 [info] <0.506.0> Starting rabbit_node_monitor (in ignore mode)
2023-11-23 13:19:08.598515+00:00 [info] <0.230.0> Running boot step delegate_sup defined by app rabbit
2023-11-23 13:19:08.599383+00:00 [info] <0.230.0> Running boot step rabbit_memory_monitor defined by app rabbit
2023-11-23 13:19:08.599769+00:00 [info] <0.230.0> Running boot step rabbit_fifo_dlx_sup defined by app rabbit
2023-11-23 13:19:08.599933+00:00 [info] <0.230.0> Running boot step core_initialized defined by app rabbit
2023-11-23 13:19:08.599982+00:00 [info] <0.230.0> Running boot step rabbit_channel_tracking_handler defined by app rabbit
2023-11-23 13:19:08.600117+00:00 [info] <0.230.0> Running boot step rabbit_connection_tracking_handler defined by app rabbit
2023-11-23 13:19:08.600216+00:00 [info] <0.230.0> Running boot step rabbit_definitions_hashing defined by app rabbit
2023-11-23 13:19:08.600332+00:00 [info] <0.230.0> Running boot step rabbit_exchange_parameters defined by app rabbit
2023-11-23 13:19:08.600935+00:00 [info] <0.230.0> Running boot step rabbit_mirror_queue_misc defined by app rabbit
2023-11-23 13:19:08.601549+00:00 [info] <0.230.0> Running boot step rabbit_policies defined by app rabbit
2023-11-23 13:19:08.601939+00:00 [info] <0.230.0> Running boot step rabbit_policy defined by app rabbit
2023-11-23 13:19:08.602029+00:00 [info] <0.230.0> Running boot step rabbit_queue_location_validator defined by app rabbit
2023-11-23 13:19:08.602144+00:00 [info] <0.230.0> Running boot step rabbit_quorum_memory_manager defined by app rabbit
2023-11-23 13:19:08.602227+00:00 [info] <0.230.0> Running boot step rabbit_stream_coordinator defined by app rabbit
2023-11-23 13:19:08.602770+00:00 [info] <0.230.0> Running boot step rabbit_vhost_limit defined by app rabbit
2023-11-23 13:19:08.602854+00:00 [info] <0.230.0> Running boot step recovery defined by app rabbit
2023-11-23 13:19:08.604119+00:00 [info] <0.230.0> Running boot step empty_db_check defined by app rabbit
2023-11-23 13:19:08.604189+00:00 [info] <0.230.0> Will seed default virtual host and user...
2023-11-23 13:19:08.604302+00:00 [info] <0.230.0> Adding vhost '/' (description: 'Default virtual host', tags: [])
2023-11-23 13:19:08.612596+00:00 [info] <0.230.0> Inserted a virtual host record {vhost,<<"/">>,[],
2023-11-23 13:19:08.612596+00:00 [info] <0.230.0>                                       #{description =>
2023-11-23 13:19:08.612596+00:00 [info] <0.230.0>                                             <<"Default virtual host">>,
2023-11-23 13:19:08.612596+00:00 [info] <0.230.0>                                         tags => []}}
2023-11-23 13:19:08.633274+00:00 [info] <0.547.0> Making sure data directory '/var/lib/rabbitmq/mnesia/rabbit@3220a9a797ca/msg_stores/vhosts/628WB79CIFDYO9LJI6DKMI09L' for vhost '/' exists
2023-11-23 13:19:08.647207+00:00 [info] <0.547.0> Setting segment_entry_count for vhost '/' with 0 queues to '2048'
2023-11-23 13:19:08.671913+00:00 [info] <0.547.0> Starting message stores for vhost '/'
2023-11-23 13:19:08.672161+00:00 [info] <0.557.0> Message store "628WB79CIFDYO9LJI6DKMI09L/msg_store_transient": using rabbit_msg_store_ets_index to provide index
2023-11-23 13:19:08.680380+00:00 [info] <0.547.0> Started message store of type transient for vhost '/'
2023-11-23 13:19:08.680527+00:00 [info] <0.561.0> Message store "628WB79CIFDYO9LJI6DKMI09L/msg_store_persistent": using rabbit_msg_store_ets_index to provide index
2023-11-23 13:19:08.686463+00:00 [warning] <0.561.0> Message store "628WB79CIFDYO9LJI6DKMI09L/msg_store_persistent": rebuilding indices from scratch
2023-11-23 13:19:08.692414+00:00 [info] <0.547.0> Started message store of type persistent for vhost '/'
2023-11-23 13:19:08.692544+00:00 [info] <0.547.0> Recovering 0 queues of type rabbit_classic_queue took 41ms
2023-11-23 13:19:08.692602+00:00 [info] <0.547.0> Recovering 0 queues of type rabbit_quorum_queue took 0ms
2023-11-23 13:19:08.692661+00:00 [info] <0.547.0> Recovering 0 queues of type rabbit_stream_queue took 0ms
2023-11-23 13:19:08.697570+00:00 [info] <0.230.0> Created user 'default_user'
2023-11-23 13:19:08.700288+00:00 [info] <0.230.0> Successfully set user tags for user 'default_user' to [administrator]
2023-11-23 13:19:08.702998+00:00 [info] <0.230.0> Successfully set permissions for user 'default_user' in virtual host '/' to '.*', '.*', '.*'
2023-11-23 13:19:08.703068+00:00 [info] <0.230.0> Running boot step rabbit_observer_cli defined by app rabbit
2023-11-23 13:19:08.703189+00:00 [info] <0.230.0> Running boot step rabbit_looking_glass defined by app rabbit
2023-11-23 13:19:08.703222+00:00 [info] <0.230.0> Running boot step rabbit_core_metrics_gc defined by app rabbit
2023-11-23 13:19:08.703507+00:00 [info] <0.230.0> Running boot step background_gc defined by app rabbit
2023-11-23 13:19:08.703713+00:00 [info] <0.230.0> Running boot step routing_ready defined by app rabbit
2023-11-23 13:19:08.703767+00:00 [info] <0.230.0> Running boot step pre_flight defined by app rabbit
2023-11-23 13:19:08.703847+00:00 [info] <0.230.0> Running boot step notify_cluster defined by app rabbit
2023-11-23 13:19:08.703943+00:00 [info] <0.230.0> Running boot step networking defined by app rabbit
2023-11-23 13:19:08.704021+00:00 [info] <0.230.0> Running boot step definition_import_worker_pool defined by app rabbit
2023-11-23 13:19:08.704097+00:00 [info] <0.283.0> Starting worker pool 'definition_import_pool' with 16 processes in it
2023-11-23 13:19:08.705057+00:00 [info] <0.230.0> Running boot step cluster_name defined by app rabbit
2023-11-23 13:19:08.705168+00:00 [info] <0.230.0> Initialising internal cluster ID to 'rabbitmq-cluster-id-_ecrbic5rsu7EftNgGzqUQ'
2023-11-23 13:19:08.707912+00:00 [info] <0.230.0> Running boot step direct_client defined by app rabbit
2023-11-23 13:19:08.707992+00:00 [info] <0.230.0> Running boot step rabbit_maintenance_mode_state defined by app rabbit
2023-11-23 13:19:08.708023+00:00 [info] <0.230.0> Creating table rabbit_node_maintenance_states for maintenance mode status
2023-11-23 13:19:08.720950+00:00 [info] <0.613.0> Resetting node maintenance status
2023-11-23 13:19:08.721170+00:00 [info] <0.613.0> Ready to start client connection listeners
2023-11-23 13:19:08.723533+00:00 [info] <0.631.0> started TCP listener on [::]:5672
2023-11-23 13:19:08.836349+00:00 [info] <0.613.0> Server startup complete; 0 plugins started.
2023-11-23 13:19:08.921710+00:00 [info] <0.9.0> Time to start RabbitMQ: 7537313 us
2023-11-23 17:30:03.431721+00:00 [notice] <0.61.0> SIGTERM received - shutting down
2023-11-23 17:30:03.431721+00:00 [notice] <0.61.0> 
2023-11-23 17:30:03.437838+00:00 [info] <0.230.0> Peer discovery backend rabbit_peer_discovery_classic_config does not support registration, skipping unregistration.
2023-11-23 17:30:03.439905+00:00 [info] <0.631.0> stopped TCP listener on [::]:5672
2023-11-23 17:30:03.447052+00:00 [info] <0.1316.0> Closing all connections in vhost '/' on node 'rabbit@3220a9a797ca' because the vhost is stopping
2023-11-23 17:30:03.447708+00:00 [info] <0.561.0> Stopping message store for directory '/var/lib/rabbitmq/mnesia/rabbit@3220a9a797ca/msg_stores/vhosts/628WB79CIFDYO9LJI6DKMI09L/msg_store_persistent'
2023-11-23 17:30:03.479223+00:00 [info] <0.561.0> Message store for directory '/var/lib/rabbitmq/mnesia/rabbit@3220a9a797ca/msg_stores/vhosts/628WB79CIFDYO9LJI6DKMI09L/msg_store_persistent' is stopped
2023-11-23 17:30:03.479528+00:00 [info] <0.557.0> Stopping message store for directory '/var/lib/rabbitmq/mnesia/rabbit@3220a9a797ca/msg_stores/vhosts/628WB79CIFDYO9LJI6DKMI09L/msg_store_transient'
2023-11-23 17:30:03.504567+00:00 [info] <0.557.0> Message store for directory '/var/lib/rabbitmq/mnesia/rabbit@3220a9a797ca/msg_stores/vhosts/628WB79CIFDYO9LJI6DKMI09L/msg_store_transient' is stopped
